
Gurobi 9.0.2 (linux64, Python) logging started Fri Dec  4 08:49:56 2020

Using license file /share/apps/gurobi/9.0.2/gurobi_client.lic
Set parameter TokenServer to value 10.1.1.1
Set parameter LogFile to value /storage/users/anderhva/041220-084956/logs/O10-CL-V2-WS0.log
Set parameter LogToConsole to value 0
Changed value of parameter TimeLimit to 3600.0
   Prev: inf  Min: 0.0  Max: inf  Default: inf
Gurobi Optimizer version 9.0.2 build v9.0.2rc0 (linux64)
Optimize a model with 6791 rows, 49449 columns and 272010 nonzeros
Model fingerprint: 0x514e2026
Variable types: 72 continuous, 49377 integer (49377 binary)
Coefficient statistics:
  Matrix range     [1e+00, 1e+02]
  Objective range  [1e+00, 1e+04]
  Bounds range     [1e+00, 1e+00]
  RHS range        [1e+00, 1e+02]
Presolve removed 442 rows and 1005 columns
Presolve time: 0.83s
Presolved: 6349 rows, 48444 columns, 212298 nonzeros
Variable types: 60 continuous, 48384 integer (48381 binary)

Root simplex log...

Iteration    Objective       Primal Inf.    Dual Inf.      Time
    9524    1.0507668e+03   1.590480e+02   0.000000e+00      5s
   19369    1.2268238e+03   0.000000e+00   0.000000e+00      9s

Root relaxation: objective 1.226824e+03, 19369 iterations, 7.84 seconds

    Nodes    |    Current Node    |     Objective Bounds      |     Work
 Expl Unexpl |  Obj  Depth IntInf | Incumbent    BestBd   Gap | It/Node Time

     0     0 1226.82379    0  196          - 1226.82379      -     -   10s
     0     0 1751.96586    0  132          - 1751.96586      -     -   17s
     0     0 1769.12841    0   86          - 1769.12841      -     -   18s
     0     0 1772.77965    0   83          - 1772.77965      -     -   18s
H    0     0                    2317.6416667 1772.77965  23.5%     -   19s
     0     0 1790.73824    0  130 2317.64167 1790.73824  22.7%     -   20s
     0     0 1790.73824    0  216 2317.64167 1790.73824  22.7%     -   29s
H    0     0                    2151.6000000 1790.73824  16.8%     -   33s
     0     0 1790.73824    0  101 2151.60000 1790.73824  16.8%     -   33s
     0     0 1793.57642    0  125 2151.60000 1793.57642  16.6%     -   36s
     0     0 1794.26428    0  125 2151.60000 1794.26428  16.6%     -   36s
     0     0 1794.32182    0  125 2151.60000 1794.32182  16.6%     -   36s
     0     0 1808.02215    0  114 2151.60000 1808.02215  16.0%     -   37s
     0     0 1814.53956    0  129 2151.60000 1814.53956  15.7%     -   40s
     0     0 1818.28072    0  157 2151.60000 1818.28072  15.5%     -   41s
     0     0 1818.73260    0  143 2151.60000 1818.73260  15.5%     -   41s
     0     0 1818.73321    0  147 2151.60000 1818.73321  15.5%     -   41s
     0     0 1831.60740    0  177 2151.60000 1831.60740  14.9%     -   43s
     0     0 1832.12341    0  166 2151.60000 1832.12341  14.8%     -   44s
     0     0 1832.45066    0  193 2151.60000 1832.45066  14.8%     -   44s
     0     0 1832.55086    0  212 2151.60000 1832.55086  14.8%     -   45s
     0     0 1844.10996    0  220 2151.60000 1844.10996  14.3%     -   46s
     0     0 1844.90840    0  214 2151.60000 1844.90840  14.3%     -   47s
     0     0 1844.92685    0  225 2151.60000 1844.92685  14.3%     -   47s
     0     0 1850.95232    0  166 2151.60000 1850.95232  14.0%     -   47s
     0     0 1851.03239    0  214 2151.60000 1851.03239  14.0%     -   48s
     0     0 1858.02443    0  196 2151.60000 1858.02443  13.6%     -   49s
     0     0 1858.63489    0  228 2151.60000 1858.63489  13.6%     -   51s
     0     0 1862.80029    0  214 2151.60000 1862.80029  13.4%     -   51s
     0     0 1863.06020    0  236 2151.60000 1863.06020  13.4%     -   52s
     0     0 1866.58839    0  272 2151.60000 1866.58839  13.2%     -   53s
     0     0 1866.62792    0  278 2151.60000 1866.62792  13.2%     -   53s
     0     0 1868.14369    0  273 2151.60000 1868.14369  13.2%     -   54s
     0     0 1868.22214    0  311 2151.60000 1868.22214  13.2%     -   54s
     0     0 1869.24782    0  323 2151.60000 1869.24782  13.1%     -   55s
     0     0 1869.52823    0  340 2151.60000 1869.52823  13.1%     -   55s
     0     0 1870.36937    0  335 2151.60000 1870.36937  13.1%     -   55s
     0     0 1870.41395    0  334 2151.60000 1870.41395  13.1%     -   56s
     0     0 1871.90306    0  310 2151.60000 1871.90306  13.0%     -   56s
     0     0 1871.97489    0  375 2151.60000 1871.97489  13.0%     -   57s
     0     0 1873.59036    0  382 2151.60000 1873.59036  12.9%     -   58s
     0     0 1873.69207    0  377 2151.60000 1873.69207  12.9%     -   58s
     0     0 1874.30171    0  322 2151.60000 1874.30171  12.9%     -   59s
     0     0 1874.30171    0  318 2151.60000 1874.30171  12.9%     -   60s
     0     0 1874.30171    0  209 2151.60000 1874.30171  12.9%     -   69s
     0     0 1874.30171    0  131 2151.60000 1874.30171  12.9%     -   72s
     0     0 1874.30171    0  134 2151.60000 1874.30171  12.9%     -   74s
     0     0 1874.30171    0  271 2151.60000 1874.30171  12.9%     -   75s
     0     0 1875.21510    0  301 2151.60000 1875.21510  12.8%     -   76s
     0     0 1875.49873    0  287 2151.60000 1875.49873  12.8%     -   76s
     0     0 1875.52831    0  309 2151.60000 1875.52831  12.8%     -   76s
     0     0 1879.11209    0  385 2151.60000 1879.11209  12.7%     -   78s
     0     0 1880.65165    0  411 2151.60000 1880.65165  12.6%     -   78s
     0     0 1880.80085    0  400 2151.60000 1880.80085  12.6%     -   79s
     0     0 1881.87942    0  426 2151.60000 1881.87942  12.5%     -   80s
     0     0 1881.92743    0  389 2151.60000 1881.92743  12.5%     -   81s
     0     0 1882.81656    0  472 2151.60000 1882.81656  12.5%     -   82s
     0     0 1882.81913    0  473 2151.60000 1882.81913  12.5%     -   82s
     0     0 1883.92644    0  437 2151.60000 1883.92644  12.4%     -   83s
     0     0 1883.92644    0  437 2151.60000 1883.92644  12.4%     -   85s
     0     0 1883.92644    0  152 2151.60000 1883.92644  12.4%     -   91s
     0     0 1883.92644    0   27 2151.60000 1883.92644  12.4%     -   93s
     0     0 1883.92644    0  165 2151.60000 1883.92644  12.4%     -   95s
     0     0 1883.92644    0  415 2151.60000 1883.92644  12.4%     -   98s
     0     0 1884.94868    0  429 2151.60000 1884.94868  12.4%     -   99s
     0     0 1885.52976    0  385 2151.60000 1885.52976  12.4%     -  100s
     0     0 1885.58684    0  392 2151.60000 1885.58684  12.4%     -  100s
     0     0 1888.93772    0  450 2151.60000 1888.93772  12.2%     -  102s
     0     0 1889.30114    0  462 2151.60000 1889.30114  12.2%     -  103s
     0     0 1889.32478    0  465 2151.60000 1889.32478  12.2%     -  103s
     0     0 1891.41790    0  426 2151.60000 1891.41790  12.1%     -  104s
     0     0 1891.52679    0  426 2151.60000 1891.52679  12.1%     -  104s
     0     0 1893.74617    0  513 2151.60000 1893.74617  12.0%     -  106s
     0     0 1893.78670    0  408 2151.60000 1893.78670  12.0%     -  106s
     0     0 1894.73383    0  368 2151.60000 1894.73383  11.9%     -  107s
     0     0 1894.88911    0  382 2151.60000 1894.88911  11.9%     -  108s
     0     0 1895.72451    0  398 2151.60000 1895.72451  11.9%     -  108s
     0     0 1895.78292    0  504 2151.60000 1895.78292  11.9%     -  109s
     0     0 1896.67945    0  496 2151.60000 1896.67945  11.8%     -  110s
     0     0 1896.67945    0  492 2151.60000 1896.67945  11.8%     -  111s
     0     2 1896.67945    0  492 2151.60000 1896.67945  11.8%     -  113s
     3     6 1902.52817    2  223 2151.60000 1900.75011  11.7%   473  115s
    33    24 1920.00570    6  170 2151.60000 1910.30934  11.2%   330  121s
   167    84 1953.75460   10  103 2151.60000 1915.39601  11.0%   213  125s
   898   137 2082.90397   20  118 2151.60000 1915.39601  11.0%  92.6  130s
  1186    54 2039.99682    8   35 2151.60000 1944.37267  9.63%  81.2  138s
  1462     3     cutoff   30      2151.60000 2009.59661  6.60%  82.2  140s

Cutting planes:
  Cover: 6
  Implied bound: 113
  Clique: 8
  MIR: 25
  Flow cover: 11
  Zero half: 7
  RLT: 13
  Relax-and-lift: 138

Explored 1683 nodes (281298 simplex iterations) in 142.51 seconds
Thread count was 20 (of 40 available processors)

Solution count 2: 2151.6 2317.64 

Optimal solution found (tolerance 1.00e-04)
Best objective 2.151600000000e+03, best bound 2.151600000000e+03, gap 0.0000%
