
Gurobi 9.0.2 (linux64, Python) logging started Fri Dec  4 08:57:23 2020

Using license file /share/apps/gurobi/9.0.2/gurobi_client.lic
Set parameter TokenServer to value 10.1.1.1
Set parameter LogFile to value /storage/users/anderhva/041220-084956/logs/O14-CL-V2-WS0.log
Set parameter LogToConsole to value 0
Changed value of parameter TimeLimit to 3600.0
   Prev: inf  Min: 0.0  Max: inf  Default: inf
Gurobi Optimizer version 9.0.2 build v9.0.2rc0 (linux64)
Optimize a model with 9259 rows, 94479 columns and 533352 nonzeros
Model fingerprint: 0x5db7249a
Variable types: 96 continuous, 94383 integer (94383 binary)
Coefficient statistics:
  Matrix range     [1e+00, 1e+02]
  Objective range  [1e+00, 1e+04]
  Bounds range     [1e+00, 1e+00]
  RHS range        [1e+00, 1e+02]
Presolve removed 699 rows and 2523 columns
Presolve time: 1.73s
Presolved: 8560 rows, 91956 columns, 429228 nonzeros
Variable types: 84 continuous, 91872 integer (91866 binary)

Root simplex log...

Iteration    Objective       Primal Inf.    Dual Inf.      Time
    7266    1.4541572e+03   5.094266e+02   0.000000e+00      5s
   13146    1.4912368e+03   3.227610e+02   0.000000e+00     10s
   18965    1.5102285e+03   7.367037e+02   0.000000e+00     15s
   24934    1.5330390e+03   1.845963e+03   0.000000e+00     20s
   32275    1.5598430e+03   1.691209e+05   0.000000e+00     25s
   40390    1.7416818e+03   2.515527e+03   0.000000e+00     30s
   42984    1.7666410e+03   0.000000e+00   0.000000e+00     32s

Root relaxation: objective 1.766641e+03, 42984 iterations, 29.39 seconds

    Nodes    |    Current Node    |     Objective Bounds      |     Work
 Expl Unexpl |  Obj  Depth IntInf | Incumbent    BestBd   Gap | It/Node Time

     0     0 1766.64098    0  251          - 1766.64098      -     -   33s
     0     0 2714.03611    0  191          - 2714.03611      -     -   42s
H    0     0                    13940.202708 2714.03611  80.5%     -   43s
     0     0 2738.23318    0  212 13940.2027 2738.23318  80.4%     -   51s
     0     0 2738.55186    0  186 13940.2027 2738.55186  80.4%     -   52s
     0     0 2738.58481    0  231 13940.2027 2738.58481  80.4%     -   52s
H    0     0                    13153.839792 2738.58481  79.2%     -   56s
     0     0 2779.28527    0  190 13153.8398 2779.28527  78.9%     -   57s
H    0     0                    5339.1781250 2779.28527  47.9%     -   76s
     0     0 2789.44240    0  218 5339.17813 2789.44240  47.8%     -   77s
     0     0 2790.34472    0  208 5339.17813 2790.34472  47.7%     -   78s
     0     0 2790.35013    0  202 5339.17813 2790.35013  47.7%     -   78s
     0     0 2830.53022    0  202 5339.17813 2830.53022  47.0%     -   81s
     0     0 2913.14994    0   95 5339.17813 2913.14994  45.4%     -  102s
     0     0 3086.53558    0  118 5339.17813 3086.53558  42.2%     -  110s
H    0     0                    3935.9316667 3086.53558  21.6%     -  110s
     0     0 3115.54249    0  118 3935.93167 3115.54249  20.8%     -  115s
     0     0 3124.59095    0  115 3935.93167 3124.59095  20.6%     -  115s
     0     0 3124.59095    0  113 3935.93167 3124.59095  20.6%     -  115s
     0     0 3185.81726    0  123 3935.93167 3185.81726  19.1%     -  119s
H    0     0                    3674.9383333 3185.81726  13.3%     -  149s
     0     0 3192.35847    0  138 3674.93833 3192.35847  13.1%     -  151s
     0     0 3192.41478    0  137 3674.93833 3192.41478  13.1%     -  151s
     0     0 3192.84339    0  154 3674.93833 3192.84339  13.1%     -  151s
     0     0 3192.99998    0  104 3674.93833 3192.99998  13.1%     -  151s
     0     0 3193.09824    0  152 3674.93833 3193.09824  13.1%     -  151s
     0     0 3226.11733    0  199 3674.93833 3226.11733  12.2%     -  153s
     0     0 3226.37382    0  203 3674.93833 3226.37382  12.2%     -  154s
     0     0 3239.09719    0  177 3674.93833 3239.09719  11.9%     -  155s
     0     0 3239.30774    0  154 3674.93833 3239.30774  11.9%     -  155s
     0     0 3239.71726    0  158 3674.93833 3239.71726  11.8%     -  156s
     0     0 3242.33113    0  165 3674.93833 3242.33113  11.8%     -  156s
     0     0 3242.84356    0  140 3674.93833 3242.84356  11.8%     -  156s
     0     0 3242.84515    0  167 3674.93833 3242.84515  11.8%     -  156s
     0     0 3248.45052    0  146 3674.93833 3248.45052  11.6%     -  157s
     0     0 3248.94979    0  145 3674.93833 3248.94979  11.6%     -  158s
     0     0 3248.96227    0  135 3674.93833 3248.96227  11.6%     -  158s
     0     0 3255.00305    0  167 3674.93833 3255.00305  11.4%     -  159s
     0     0 3255.23061    0  171 3674.93833 3255.23061  11.4%     -  159s
     0     0 3255.25180    0  182 3674.93833 3255.25180  11.4%     -  159s
     0     0 3259.51804    0  182 3674.93833 3259.51804  11.3%     -  160s
     0     0 3259.61030    0  189 3674.93833 3259.61030  11.3%     -  161s
     0     0 3259.69227    0  186 3674.93833 3259.69227  11.3%     -  161s
     0     0 3259.80571    0  185 3674.93833 3259.80571  11.3%     -  161s
     0     0 3259.81567    0  187 3674.93833 3259.81567  11.3%     -  161s
     0     0 3262.16153    0  190 3674.93833 3262.16153  11.2%     -  162s
     0     0 3262.38286    0  203 3674.93833 3262.38286  11.2%     -  162s
     0     0 3262.58586    0  199 3674.93833 3262.58586  11.2%     -  163s
     0     0 3263.05184    0  220 3674.93833 3263.05184  11.2%     -  163s
     0     0 3263.70030    0  201 3674.93833 3263.70030  11.2%     -  163s
     0     0 3263.72968    0  202 3674.93833 3263.72968  11.2%     -  163s
H    0     0                    3674.9377952 3263.72968  11.2%     -  164s
     0     0 3266.15939    0  194 3674.93780 3266.15939  11.1%     -  164s
     0     0 3266.28718    0  210 3674.93780 3266.28718  11.1%     -  165s
     0     0 3266.28785    0  211 3674.93780 3266.28785  11.1%     -  165s
     0     0 3267.05974    0  191 3674.93780 3267.05974  11.1%     -  166s
     0     0 3267.14829    0  194 3674.93780 3267.14829  11.1%     -  166s
     0     0 3267.28248    0  232 3674.93780 3267.28248  11.1%     -  167s
     0     0 3267.28347    0  233 3674.93780 3267.28347  11.1%     -  167s
     0     0 3267.60618    0  201 3674.93780 3267.60618  11.1%     -  167s
     0     0 3267.76889    0  200 3674.93780 3267.76889  11.1%     -  168s
     0     0 3268.15229    0  221 3674.93780 3268.15229  11.1%     -  168s
     0     0 3268.15229    0  221 3674.93780 3268.15229  11.1%     -  171s
H    0     0                    3674.9376838 3268.15229  11.1%     -  178s
H    0     0                    3674.9376673 3268.15229  11.1%     -  189s
     0     2 3336.56256    0  221 3674.93767 3336.56256  9.21%     -  189s
     1     4 3336.56256    1  142 3674.93767 3336.56256  9.21%  1398  196s
     3     8 3336.56256    2  153 3674.93767 3336.56256  9.21%   997  203s
     7    16 3336.56256    3  114 3674.93767 3336.56256  9.21%  1112  213s
    15    30 3375.09981    4   90 3674.93767 3336.56256  9.21%  1500  222s
    31    46 3403.79073    5  103 3674.93767 3336.56256  9.21%  1197  228s
    51    64 3416.24556    6  113 3674.93767 3336.56256  9.21%  1059  234s
    71    79 3422.21793    6   84 3674.93767 3336.56256  9.21%   940  236s
   143   131 3483.56714   10   50 3674.93767 3336.56256  9.21%   673  241s
   256   197 3531.84777   17   94 3674.93767 3336.56256  9.21%   455  245s
   425   244 3350.02727    6   98 3674.93767 3336.56256  9.21%   307  253s
   481   257 3352.41243    7  112 3674.93767 3336.56256  9.21%   289  255s
   632   281 3391.61516    9   64 3674.93767 3336.56256  9.21%   248  268s
H  647   281                    3674.9376245 3336.56256  9.21%   248  268s
H  650   281                    3674.9373990 3336.56256  9.21%   248  268s
   663   298 3399.57001   10   48 3674.93740 3336.56256  9.21%   247  271s
   811   352 3610.54781   19   15 3674.93740 3336.56256  9.21%   235  277s
   901   385     cutoff   25      3674.93740 3350.06826  8.84%   229  285s
  1430   560 3509.07317   11   72 3674.93740 3350.06826  8.84%   186  290s
  1989   730 3503.24895   21   44 3674.93740 3379.39289  8.04%   160  297s
  2439   867 infeasible   41      3674.93740 3425.73991  6.78%   149  300s
  3158  1005 3622.86867   20   42 3674.93740 3459.05755  5.87%   135  306s
  3691  1061 3522.61787   20   78 3674.93740 3477.35910  5.38%   127  310s
  4693  1053 3541.55870    7  126 3674.93740 3497.76492  4.82%   114  315s
  5638   870 3567.61001   21   66 3674.93740 3525.80201  4.06%   110  321s
  6765   313     cutoff   38      3674.93740 3556.20432  3.23%   102  326s
  7519    14     cutoff   66      3674.93740 3595.99940  2.15%  95.3  330s

Cutting planes:
  Cover: 12
  Implied bound: 354
  Clique: 2
  MIR: 30
  Flow cover: 22
  Zero half: 8
  RLT: 19
  Relax-and-lift: 207

Explored 7676 nodes (825024 simplex iterations) in 334.43 seconds
Thread count was 20 (of 40 available processors)

Solution count 6: 3674.94 3674.94 3935.93 ... 13940.2
No other solutions better than 3674.94

Optimal solution found (tolerance 1.00e-04)
Best objective 3.674937163537e+03, best bound 3.674937163537e+03, gap 0.0000%
