
Gurobi 9.0.2 (linux64, Python) logging started Fri Dec  4 09:03:11 2020

Using license file /share/apps/gurobi/9.0.2/gurobi_client.lic
Set parameter TokenServer to value 10.1.1.1
Set parameter LogFile to value /storage/users/anderhva/041220-084956/logs/O14-ES-V2-WS0.log
Set parameter LogToConsole to value 0
Changed value of parameter TimeLimit to 3600.0
   Prev: inf  Min: 0.0  Max: inf  Default: inf
Gurobi Optimizer version 9.0.2 build v9.0.2rc0 (linux64)
Optimize a model with 8539 rows, 164190 columns and 950901 nonzeros
Model fingerprint: 0x87c05c38
Variable types: 96 continuous, 164094 integer (164094 binary)
Coefficient statistics:
  Matrix range     [1e+00, 1e+02]
  Objective range  [1e+00, 1e+04]
  Bounds range     [1e+00, 1e+00]
  RHS range        [1e+00, 1e+02]
Presolve removed 743 rows and 5838 columns
Presolve time: 3.12s
Presolved: 7796 rows, 158352 columns, 760533 nonzeros
Variable types: 84 continuous, 158268 integer (158265 binary)

Root simplex log...

Iteration    Objective       Primal Inf.    Dual Inf.      Time
       0    3.5625000e+01   1.497656e+02   0.000000e+00      6s
    8366    2.2038776e+03   6.370917e+02   0.000000e+00     10s
   12653    2.5162199e+03   5.408554e+03   0.000000e+00     15s
   16944    2.9604980e+03   2.431429e+00   0.000000e+00     20s
   17065    2.9606094e+03   0.000000e+00   0.000000e+00     20s

Root relaxation: objective 2.960609e+03, 17065 iterations, 14.80 seconds

    Nodes    |    Current Node    |     Objective Bounds      |     Work
 Expl Unexpl |  Obj  Depth IntInf | Incumbent    BestBd   Gap | It/Node Time

     0     0 2960.60944    0  201          - 2960.60944      -     -   22s
     0     0 3934.01782    0  177          - 3934.01782      -     -   31s
     0     0 3934.06474    0  180          - 3934.06474      -     -   31s
     0     0 3958.39260    0  193          - 3958.39260      -     -   36s
     0     0 3968.32675    0  221          - 3968.32675      -     -   38s
     0     0 3969.20307    0  243          - 3969.20307      -     -   38s
     0     0 3989.13546    0  234          - 3989.13546      -     -   43s
     0     0 3990.56215    0  245          - 3990.56215      -     -   44s
     0     0 3990.56215    0  245          - 3990.56215      -     -   44s
     0     0 3998.74910    0  238          - 3998.74910      -     -   48s
     0     0 4012.24321    0  140          - 4012.24321      -     -   49s
     0     0 4012.75560    0  208          - 4012.75560      -     -   50s
     0     0 4012.83757    0  232          - 4012.83757      -     -   51s
     0     0 4024.40886    0  253          - 4024.40886      -     -   55s
H    0     0                    20762.904583 4024.40886  80.6%     -   61s
H    0     0                    5251.0000000 4024.40886  23.4%     -   68s
     0     0 4024.92276    0  239 5251.00000 4024.92276  23.3%     -   69s
     0     0 4035.72725    0  244 5251.00000 4035.72725  23.1%     -   69s
     0     0 4039.35145    0  307 5251.00000 4039.35145  23.1%     -   71s
     0     0 4039.37956    0  312 5251.00000 4039.37956  23.1%     -   71s
     0     0 4050.27004    0  260 5251.00000 4050.27004  22.9%     -   73s
     0     0 4283.09117    0  135 5251.00000 4283.09117  18.4%     -   83s
     0     0 4350.05421    0  149 5251.00000 4350.05421  17.2%     -   89s
     0     0 4390.29218    0  185 5251.00000 4390.29218  16.4%     -   95s
     0     0 4394.22102    0  169 5251.00000 4394.22102  16.3%     -   96s
     0     0 4397.16990    0  173 5251.00000 4397.16990  16.3%     -   96s
     0     0 4397.51522    0  221 5251.00000 4397.51522  16.3%     -   96s
     0     0 4422.27645    0  211 5251.00000 4422.27645  15.8%     -   97s
     0     0 4422.30481    0  191 5251.00000 4422.30481  15.8%     -   97s
     0     0 4469.49861    0  155 5251.00000 4469.49861  14.9%     -   99s
     0     0 4469.49861    0  135 5251.00000 4469.49861  14.9%     -  107s
     0     0 4469.49861    0  144 5251.00000 4469.49861  14.9%     -  112s
     0     0 4469.49861    0  230 5251.00000 4469.49861  14.9%     -  116s
     0     0 4469.49861    0  154 5251.00000 4469.49861  14.9%     -  117s
     0     0 4469.73299    0  156 5251.00000 4469.73299  14.9%     -  117s
     0     0 4479.78882    0  247 5251.00000 4479.78882  14.7%     -  119s
H    0     0                    5250.9998728 4479.78882  14.7%     -  121s
     0     0 4480.07258    0  260 5250.99987 4480.07258  14.7%     -  121s
     0     0 4480.15855    0  261 5250.99987 4480.15855  14.7%     -  122s
     0     0 4480.43168    0  327 5250.99987 4480.43168  14.7%     -  122s
     0     0 4490.34392    0  292 5250.99987 4490.34392  14.5%     -  123s
     0     0 4493.85224    0  227 5250.99987 4493.85224  14.4%     -  124s
     0     0 4494.52150    0  225 5250.99987 4494.52150  14.4%     -  124s
     0     0 4494.55098    0  232 5250.99987 4494.55098  14.4%     -  124s
     0     0 4495.98214    0  267 5250.99987 4495.98214  14.4%     -  125s
     0     0 4495.98214    0  268 5250.99987 4495.98214  14.4%     -  126s
     0     0 4496.80751    0  311 5250.99987 4496.80751  14.4%     -  127s
     0     0 4496.92143    0  269 5250.99987 4496.92143  14.4%     -  127s
     0     0 4497.00068    0  324 5250.99987 4497.00068  14.4%     -  127s
     0     0 4497.02450    0  336 5250.99987 4497.02450  14.4%     -  127s
     0     0 4500.09162    0  322 5250.99987 4500.09162  14.3%     -  128s
     0     0 4500.14919    0  328 5250.99987 4500.14919  14.3%     -  129s
     0     0 4500.78786    0  271 5250.99987 4500.78786  14.3%     -  129s
     0     0 4500.86244    0  271 5250.99987 4500.86244  14.3%     -  129s
     0     0 4501.40193    0  292 5250.99987 4501.40193  14.3%     -  129s
     0     0 4501.43898    0  317 5250.99987 4501.43898  14.3%     -  130s
     0     0 4504.42926    0  243 5250.99987 4504.42926  14.2%     -  130s
     0     0 4504.48664    0  245 5250.99987 4504.48664  14.2%     -  131s
     0     0 4505.13362    0  281 5250.99987 4505.13362  14.2%     -  132s
     0     0 4505.19316    0  312 5250.99987 4505.19316  14.2%     -  132s
     0     0 4505.20915    0  340 5250.99987 4505.20915  14.2%     -  132s
     0     0 4506.68777    0  246 5250.99987 4506.68777  14.2%     -  133s
     0     0 4506.73966    0  325 5250.99987 4506.73966  14.2%     -  134s
     0     0 4510.63280    0  240 5250.99987 4510.63280  14.1%     -  135s
H    0     0                    5250.9998294 4510.63280  14.1%     -  137s
     0     0 4510.63280    0  240 5250.99983 4510.63280  14.1%     -  137s
     0     0 4511.80301    0  261 5250.99983 4511.80301  14.1%     -  138s
     0     0 4511.82365    0  287 5250.99983 4511.82365  14.1%     -  138s
     0     0 4513.60611    0  296 5250.99983 4513.60611  14.0%     -  139s
     0     0 4513.64205    0  327 5250.99983 4513.64205  14.0%     -  139s
     0     0 4513.88289    0  384 5250.99983 4513.88289  14.0%     -  139s
     0     0 4513.91536    0  387 5250.99983 4513.91536  14.0%     -  140s
     0     0 4514.38401    0  336 5250.99983 4514.38401  14.0%     -  141s
     0     0 4514.38401    0  336 5250.99983 4514.38401  14.0%     -  144s
     0     0 4514.38401    0  138 5250.99983 4514.38401  14.0%     -  151s
H    0     0                    5250.9995673 4514.38401  14.0%     -  152s
     0     0 4514.38401    0  160 5250.99957 4514.38401  14.0%     -  156s
     0     0 4514.38401    0  221 5250.99957 4514.38401  14.0%     -  159s
     0     0 4514.38401    0  252 5250.99957 4514.38401  14.0%     -  160s
     0     0 4514.38401    0  283 5250.99957 4514.38401  14.0%     -  161s
     0     0 4514.38401    0  255 5250.99957 4514.38401  14.0%     -  161s
     0     0 4514.38401    0  241 5250.99957 4514.38401  14.0%     -  162s
     0     0 4514.38401    0  193 5250.99957 4514.38401  14.0%     -  163s
     0     0 4514.38401    0  223 5250.99957 4514.38401  14.0%     -  163s
     0     0 4514.38401    0  222 5250.99957 4514.38401  14.0%     -  163s
     0     0 4514.38401    0  222 5250.99957 4514.38401  14.0%     -  163s
     0     0 4514.38401    0  292 5250.99957 4514.38401  14.0%     -  163s
     0     0 4514.40962    0  310 5250.99957 4514.40962  14.0%     -  163s
     0     0 4514.94768    0  412 5250.99957 4514.94768  14.0%     -  165s
     0     0 4515.00071    0  428 5250.99957 4515.00071  14.0%     -  167s
     0     0 4515.90376    0  412 5250.99957 4515.90376  14.0%     -  167s
     0     0 4519.31130    0  402 5250.99957 4519.31130  13.9%     -  168s
     0     0 4519.35575    0  436 5250.99957 4519.35575  13.9%     -  168s
     0     0 4524.42497    0  355 5250.99957 4524.42497  13.8%     -  169s
     0     0 4524.53297    0  415 5250.99957 4524.53297  13.8%     -  171s
     0     0 4526.07346    0  239 5250.99957 4526.07346  13.8%     -  171s
     0     0 4526.35197    0  243 5250.99957 4526.35197  13.8%     -  171s
     0     0 4527.19061    0  269 5250.99957 4527.19061  13.8%     -  172s
     0     0 4528.00522    0  391 5250.99957 4528.00522  13.8%     -  172s
     0     0 4528.10403    0  332 5250.99957 4528.10403  13.8%     -  172s
     0     0 4528.10673    0  279 5250.99957 4528.10673  13.8%     -  172s
     0     0 4530.34801    0  387 5250.99957 4530.34801  13.7%     -  173s
     0     0 4531.61649    0  357 5250.99957 4531.61649  13.7%     -  174s
     0     0 4531.79564    0  297 5250.99957 4531.79564  13.7%     -  174s
     0     0 4533.02733    0  352 5250.99957 4533.02733  13.7%     -  175s
     0     0 4533.14746    0  357 5250.99957 4533.14746  13.7%     -  175s
     0     0 4534.27637    0  358 5250.99957 4534.27637  13.6%     -  176s
     0     0 4534.28171    0  373 5250.99957 4534.28171  13.6%     -  176s
     0     0 4535.06737    0  384 5250.99957 4535.06737  13.6%     -  177s
     0     0 4535.12417    0  418 5250.99957 4535.12417  13.6%     -  177s
     0     0 4535.59705    0  437 5250.99957 4535.59705  13.6%     -  178s
     0     0 4536.89825    0  460 5250.99957 4536.89825  13.6%     -  179s
     0     0 4537.59709    0  414 5250.99957 4537.59709  13.6%     -  180s
     0     0 4539.40583    0  315 5250.99957 4539.40583  13.6%     -  181s
     0     0 4539.42717    0  336 5250.99957 4539.42717  13.6%     -  181s
     0     0 4540.55392    0  360 5250.99957 4540.55392  13.5%     -  182s
     0     0 4541.18703    0  363 5250.99957 4541.18703  13.5%     -  185s
     0     0 4541.75632    0  373 5250.99957 4541.75632  13.5%     -  185s
     0     0 4541.75632    0  369 5250.99957 4541.75632  13.5%     -  187s
     0     0 4541.75632    0  149 5250.99957 4541.75632  13.5%     -  194s
     0     0 4541.75632    0  183 5250.99957 4541.75632  13.5%     -  197s
     0     0 4570.51459    0  243 5250.99957 4570.51459  13.0%     -  200s
     0     0 4573.82121    0  299 5250.99957 4573.82121  12.9%     -  201s
     0     0 4575.41041    0  215 5250.99957 4575.41041  12.9%     -  201s
     0     0 4575.95997    0  243 5250.99957 4575.95997  12.9%     -  201s
     0     0 4576.03274    0  279 5250.99957 4576.03274  12.9%     -  201s
     0     0 4578.25061    0  225 5250.99957 4578.25061  12.8%     -  201s
     0     0 4578.39951    0  221 5250.99957 4578.39951  12.8%     -  202s
     0     0 4578.58025    0  237 5250.99957 4578.58025  12.8%     -  202s
     0     0 4578.58442    0  251 5250.99957 4578.58442  12.8%     -  202s
     0     0 4597.54554    0  312 5250.99957 4597.54554  12.4%     -  203s
H    0     0                    5250.9992890 4597.54554  12.4%     -  204s
     0     0 4598.02673    0  366 5250.99929 4598.02673  12.4%     -  204s
     0     0 4598.02863    0  366 5250.99929 4598.02863  12.4%     -  204s
     0     0 4610.26963    0  306 5250.99929 4610.26963  12.2%     -  205s
     0     0 4611.08144    0  393 5250.99929 4611.08144  12.2%     -  206s
     0     0 4611.12924    0  389 5250.99929 4611.12924  12.2%     -  206s
     0     0 4617.55540    0  207 5250.99929 4617.55540  12.1%     -  207s
     0     0 4618.87788    0  313 5250.99929 4618.87788  12.0%     -  207s
     0     0 4619.06406    0  325 5250.99929 4619.06406  12.0%     -  207s
     0     0 4619.06408    0  340 5250.99929 4619.06408  12.0%     -  207s
     0     0 4621.66347    0  308 5250.99929 4621.66347  12.0%     -  208s
     0     0 4621.69838    0  333 5250.99929 4621.69838  12.0%     -  209s
     0     0 4628.81408    0  388 5250.99929 4628.81408  11.8%     -  209s
     0     0 4628.84538    0  390 5250.99929 4628.84538  11.8%     -  210s
     0     0 4630.33215    0  369 5250.99929 4630.33215  11.8%     -  210s
     0     0 4630.50255    0  387 5250.99929 4630.50255  11.8%     -  211s
     0     0 4630.52906    0  410 5250.99929 4630.52906  11.8%     -  211s
     0     0 4632.14973    0  470 5250.99929 4632.14973  11.8%     -  211s
     0     0 4632.29890    0  448 5250.99929 4632.29890  11.8%     -  212s
     0     0 4632.41976    0  516 5250.99929 4632.41976  11.8%     -  212s
     0     0 4632.52900    0  489 5250.99929 4632.52900  11.8%     -  212s
     0     0 4636.54953    0  456 5250.99929 4636.54953  11.7%     -  212s
     0     0 4636.96649    0  446 5250.99929 4636.96649  11.7%     -  213s
     0     0 4637.18257    0  435 5250.99929 4637.18257  11.7%     -  213s
     0     0 4637.23516    0  449 5250.99929 4637.23516  11.7%     -  213s
     0     0 4641.57287    0  357 5250.99929 4641.57287  11.6%     -  213s
     0     0 4641.71424    0  422 5250.99929 4641.71424  11.6%     -  215s
     0     0 4641.75351    0  431 5250.99929 4641.75351  11.6%     -  215s
     0     0 4642.44154    0  462 5250.99929 4642.44154  11.6%     -  215s
     0     0 4642.53860    0  500 5250.99929 4642.53860  11.6%     -  216s
     0     0 4644.34970    0  444 5250.99929 4644.34970  11.6%     -  216s
     0     0 4645.00523    0  447 5250.99929 4645.00523  11.5%     -  216s
     0     0 4645.16341    0  426 5250.99929 4645.16341  11.5%     -  216s
     0     0 4645.77971    0  383 5250.99929 4645.77971  11.5%     -  216s
     0     0 4646.15364    0  400 5250.99929 4646.15364  11.5%     -  217s
     0     0 4646.20083    0  426 5250.99929 4646.20083  11.5%     -  217s
     0     0 4650.28559    0  422 5250.99929 4650.28559  11.4%     -  217s
     0     0 4650.54296    0  336 5250.99929 4650.54296  11.4%     -  218s
     0     0 4650.55328    0  340 5250.99929 4650.55328  11.4%     -  218s
H    0     0                    5186.2083333 4650.55328  10.3%     -  218s
     0     0 4658.00397    0  389 5186.20833 4658.00397  10.2%     -  219s
     0     0 4658.06881    0  373 5186.20833 4658.06881  10.2%     -  219s
     0     0 4659.29593    0  414 5186.20833 4659.29593  10.2%     -  219s
     0     0 4659.29593    0   98 5186.20833 4659.29593  10.2%     -  222s
     0     0 4659.29593    0  289 5186.20833 4659.29593  10.2%     -  226s
     0     0 4659.29593    0  321 5186.20833 4659.29593  10.2%     -  227s
     0     0 4659.29593    0  229 5186.20833 4659.29593  10.2%     -  228s
     0     0 4659.29593    0  228 5186.20833 4659.29593  10.2%     -  228s
     0     0 4659.29593    0  278 5186.20833 4659.29593  10.2%     -  228s
     0     0 4659.29593    0  285 5186.20833 4659.29593  10.2%     -  228s
     0     0 4659.29593    0  261 5186.20833 4659.29593  10.2%     -  229s
     0     0 4659.29593    0  273 5186.20833 4659.29593  10.2%     -  229s
     0     0 4659.29593    0  276 5186.20833 4659.29593  10.2%     -  229s
     0     0 4659.29593    0  301 5186.20833 4659.29593  10.2%     -  229s
     0     0 4659.29593    0  211 5186.20833 4659.29593  10.2%     -  229s
     0     0 4664.00680    0  358 5186.20833 4664.00680  10.1%     -  230s
     0     0 4664.13060    0  371 5186.20833 4664.13060  10.1%     -  230s
     0     0 4673.29326    0  254 5186.20833 4673.29326  9.89%     -  231s
     0     0 4673.38691    0  265 5186.20833 4673.38691  9.89%     -  232s
     0     0 4673.40878    0  280 5186.20833 4673.40878  9.89%     -  232s
     0     0 4679.05921    0  214 5186.20833 4679.05921  9.78%     -  232s
     0     0 4679.45648    0  258 5186.20833 4679.45648  9.77%     -  233s
     0     0 4682.96338    0  350 5186.20833 4682.96338  9.70%     -  234s
     0     0 4684.48686    0  350 5186.20833 4684.48686  9.67%     -  234s
     0     0 4684.50103    0  357 5186.20833 4684.50103  9.67%     -  234s
     0     0 4686.54287    0  269 5186.20833 4686.54287  9.63%     -  235s
     0     0 4687.81543    0  346 5186.20833 4687.81543  9.61%     -  236s
     0     0 4687.81543    0  351 5186.20833 4687.81543  9.61%     -  236s
     0     0 4691.82236    0  420 5186.20833 4691.82236  9.53%     -  236s
     0     0 4693.01221    0  407 5186.20833 4693.01221  9.51%     -  236s
     0     0 4693.72584    0  411 5186.20833 4693.72584  9.50%     -  237s
     0     0 4693.72584    0  412 5186.20833 4693.72584  9.50%     -  237s
     0     0 4698.47104    0  345 5186.20833 4698.47104  9.40%     -  238s
     0     0 4699.76555    0  455 5186.20833 4699.76555  9.38%     -  238s
     0     0 4699.76950    0  460 5186.20833 4699.76950  9.38%     -  238s
     0     0 4706.91128    0  327 5186.20833 4706.91128  9.24%     -  239s
     0     0 4706.96429    0  339 5186.20833 4706.96429  9.24%     -  240s
     0     0 4712.64086    0  427 5186.20833 4712.64086  9.13%     -  241s
     0     0 4712.87697    0  428 5186.20833 4712.87697  9.13%     -  241s
     0     0 4714.80691    0  372 5186.20833 4714.80691  9.09%     -  241s
     0     0 4715.41162    0  403 5186.20833 4715.41162  9.08%     -  242s
     0     0 4715.41714    0  429 5186.20833 4715.41714  9.08%     -  242s
     0     0 4719.25833    0  423 5186.20833 4719.25833  9.00%     -  242s
     0     0 4719.49193    0  450 5186.20833 4719.49193  9.00%     -  242s
     0     0 4719.68898    0  474 5186.20833 4719.68898  9.00%     -  243s
     0     0 4719.74491    0  463 5186.20833 4719.74491  8.99%     -  243s
     0     0 4723.66454    0  489 5186.20833 4723.66454  8.92%     -  243s
     0     0 4724.65790    0  466 5186.20833 4724.65790  8.90%     -  244s
     0     0 4724.66363    0  478 5186.20833 4724.66363  8.90%     -  244s
     0     0 4726.67875    0  462 5186.20833 4726.67875  8.86%     -  244s
     0     0 4726.89300    0  459 5186.20833 4726.89300  8.86%     -  244s
     0     0 4726.92845    0  500 5186.20833 4726.92845  8.86%     -  244s
     0     0 4727.42439    0  500 5186.20833 4727.42439  8.85%     -  245s
     0     0 4727.42439    0  497 5186.20833 4727.42439  8.85%     -  246s
     0     0 4727.42439    0  118 5186.20833 4727.42439  8.85%     -  249s
     0     0 4727.42439    0  139 5186.20833 4727.42439  8.85%     -  252s
     0     0 4727.42439    0  246 5186.20833 4727.42439  8.85%     -  254s
     0     0 4727.42439    0  255 5186.20833 4727.42439  8.85%     -  255s
     0     0 4727.42439    0  305 5186.20833 4727.42439  8.85%     -  256s
     0     0 4727.42439    0  368 5186.20833 4727.42439  8.85%     -  256s
     0     0 4727.42439    0  389 5186.20833 4727.42439  8.85%     -  256s
     0     0 4727.42439    0  354 5186.20833 4727.42439  8.85%     -  256s
     0     0 4727.42439    0  379 5186.20833 4727.42439  8.85%     -  257s
     0     0 4727.42439    0  392 5186.20833 4727.42439  8.85%     -  257s
     0     0 4727.42439    0  459 5186.20833 4727.42439  8.85%     -  258s
     0     0 4727.42439    0  513 5186.20833 4727.42439  8.85%     -  258s
     0     0 4727.42439    0  501 5186.20833 4727.42439  8.85%     -  258s
     0     0 4727.42439    0  511 5186.20833 4727.42439  8.85%     -  259s
     0     0 4729.19118    0  496 5186.20833 4729.19118  8.81%     -  259s
     0     0 4729.77900    0  481 5186.20833 4729.77900  8.80%     -  260s
     0     0 4729.89532    0  500 5186.20833 4729.89532  8.80%     -  260s
     0     0 4734.83736    0  462 5186.20833 4734.83736  8.70%     -  261s
     0     0 4734.84525    0  486 5186.20833 4734.84525  8.70%     -  261s
     0     0 4739.94590    0  437 5186.20833 4739.94590  8.60%     -  262s
     0     0 4740.26668    0  439 5186.20833 4740.26668  8.60%     -  262s
     0     0 4740.54040    0  437 5186.20833 4740.54040  8.59%     -  262s
     0     0 4740.56963    0  436 5186.20833 4740.56963  8.59%     -  262s
     0     0 4747.39442    0  480 5186.20833 4747.39442  8.46%     -  263s
     0     0 4747.66132    0  559 5186.20833 4747.66132  8.46%     -  264s
     0     0 4748.03486    0  578 5186.20833 4748.03486  8.45%     -  264s
     0     0 4748.10007    0  500 5186.20833 4748.10007  8.45%     -  264s
     0     0 4748.79859    0  528 5186.20833 4748.79859  8.43%     -  265s
     0     0 4748.80231    0  585 5186.20833 4748.80231  8.43%     -  265s
     0     0 4749.50943    0  487 5186.20833 4749.50943  8.42%     -  265s
     0     0 4749.50943    0  487 5186.20833 4749.50943  8.42%     -  266s
     0     2 4749.50943    0  482 5186.20833 4749.50943  8.42%     -  267s
     1     5 4786.01733    1  242 5186.20833 4749.51679  8.42%   858  270s
    27    34 4886.36342    5   79 5186.20833 4847.99933  6.52%   409  275s
   442    66 4963.75737    7  180 5186.20833 4946.21472  4.63%   110  280s

Cutting planes:
  Cover: 10
  Implied bound: 73
  Clique: 36
  MIR: 13
  Flow cover: 7
  Inf proof: 1
  Zero half: 34
  RLT: 10
  Relax-and-lift: 102

Explored 723 nodes (193672 simplex iterations) in 282.59 seconds
Thread count was 20 (of 40 available processors)

Solution count 3: 5186.21 5251 20762.9 

Optimal solution found (tolerance 1.00e-04)
Best objective 5.186208333333e+03, best bound 5.186208333333e+03, gap 0.0000%
