
Gurobi 9.0.2 (linux64, Python) logging started Sat Dec  5 00:25:43 2020

Using license file /share/apps/gurobi/9.0.2/gurobi_client.lic
Set parameter TokenServer to value 10.1.1.1
Set parameter LogFile to value /storage/users/anderhva/041220-222659/logs/O18-CL-V3-WS0.log
Set parameter LogToConsole to value 0
Changed value of parameter TimeLimit to 3600.0
   Prev: inf  Min: 0.0  Max: inf  Default: inf
Gurobi Optimizer version 9.0.2 build v9.0.2rc0 (linux64)
Optimize a model with 15860 rows, 226360 columns and 1302356 nonzeros
Model fingerprint: 0xa762844e
Variable types: 160 continuous, 226200 integer (226200 binary)
Coefficient statistics:
  Matrix range     [1e+00, 1e+02]
  Objective range  [1e+00, 1e+04]
  Bounds range     [1e+00, 1e+00]
  RHS range        [1e+00, 1e+02]
Presolve removed 1214 rows and 5288 columns
Presolve time: 4.29s
Presolved: 14646 rows, 221072 columns, 1053684 nonzeros
Variable types: 144 continuous, 220928 integer (220920 binary)

Deterministic concurrent LP optimizer: primal and dual simplex
Showing first log only...


Root simplex log...

Iteration    Objective       Primal Inf.    Dual Inf.      Time
       0    1.8903483e+04   7.925000e+01   6.742586e+09      8s
   28063    1.8727419e+04   0.000000e+00   2.077163e+08     10s
   50348    7.8653294e+03   0.000000e+00   8.843472e+07     15s
   68034    2.5293404e+03   0.000000e+00   6.559505e+07     20s
   86454    2.0654045e+03   0.000000e+00   1.165994e+06     25s
  103001    1.9542768e+03   0.000000e+00   4.024268e+05     30s
  117878    1.9164109e+03   0.000000e+00   2.725979e+05     35s
  132755    1.8958323e+03   0.000000e+00   5.926253e+03     40s
  140391    1.9676956e+03   3.562483e+03   0.000000e+00     45s
  142381    1.9829906e+03   1.229451e+04   0.000000e+00     50s
  143751    1.9829907e+03   3.348905e+03   0.000000e+00     55s
  145606    1.9933498e+03   1.072225e+04   0.000000e+00     60s
  148223    2.0049525e+03   2.094662e+04   0.000000e+00     65s
  150808    2.0094028e+03   9.165391e+03   0.000000e+00     70s
  153308    2.0250498e+03   2.535259e+03   0.000000e+00     75s
  155738    2.0285409e+03   2.352148e+04   0.000000e+00     80s
  158248    2.0394709e+03   1.326946e+05   0.000000e+00     85s
  161613    2.0754110e+03   1.663038e+05   0.000000e+00     90s
  166612    2.1169670e+03   1.370158e+04   0.000000e+00     95s
  171119    2.1606347e+03   5.530066e+04   0.000000e+00    100s
  175015    2.1961988e+03   6.405691e+03   0.000000e+00    105s
Concurrent spin time: 0.00s

Solved with dual simplex

Root relaxation: objective 2.421426e+03, 67960 iterations, 98.16 seconds

    Nodes    |    Current Node    |     Objective Bounds      |     Work
 Expl Unexpl |  Obj  Depth IntInf | Incumbent    BestBd   Gap | It/Node Time

     0     0 2421.42646    0  286          - 2421.42646      -     -  108s
     0     0 3554.35963    0  210          - 3554.35963      -     -  139s
H    0     0                    6292.0047917 3554.35963  43.5%     -  153s
H    0     0                    4839.0681250 3554.35963  26.5%     -  210s
     0     0 3565.70766    0  208 4839.06813 3565.70766  26.3%     -  214s
     0     0 3654.07643    0  249 4839.06813 3654.07643  24.5%     -  225s
     0     0 3654.07643    0  283 4839.06812 3654.07643  24.5%     -  326s
     0     0 3654.07643    0  215 4839.06812 3654.07643  24.5%     -  379s
     0     0 3654.07643    0  231 4839.06812 3654.07643  24.5%     -  469s
     0     0 3654.07643    0  232 4839.06812 3654.07643  24.5%     -  476s
     0     0 3654.07643    0  239 4839.06812 3654.07643  24.5%     -  480s
     0     0 3654.07643    0  235 4839.06812 3654.07643  24.5%     -  480s
     0     0 3689.50720    0  216 4839.06812 3689.50720  23.8%     -  496s
     0     0 3703.80234    0  243 4839.06812 3703.80234  23.5%     -  506s
     0     0 3704.25263    0  357 4839.06812 3704.25263  23.5%     -  510s
     0     0 3704.30239    0  381 4839.06812 3704.30239  23.5%     -  511s
     0     0 3729.50869    0  311 4839.06812 3729.50869  22.9%     -  524s
     0     0 3731.24909    0  365 4839.06812 3731.24909  22.9%     -  529s
     0     0 3731.43170    0  338 4839.06812 3731.43170  22.9%     -  531s
     0     0 3759.69427    0  375 4839.06812 3759.69427  22.3%     -  549s
     0     0 3762.62175    0  407 4839.06812 3762.62175  22.2%     -  555s
     0     0 3763.08599    0  445 4839.06812 3763.08599  22.2%     -  559s
     0     0 3763.26796    0  448 4839.06812 3763.26796  22.2%     -  560s
     0     0 3785.60730    0  343 4839.06812 3785.60730  21.8%     -  575s
     0     0 3789.36519    0  342 4839.06812 3789.36519  21.7%     -  584s
     0     0 3789.62708    0  382 4839.06812 3789.62708  21.7%     -  587s
     0     0 3789.70616    0  403 4839.06812 3789.70616  21.7%     -  588s
     0     0 3824.70361    0  408 4839.06812 3824.70361  21.0%     -  603s
     0     0 3827.90417    0  429 4839.06812 3827.90417  20.9%     -  609s
     0     0 3828.07579    0  457 4839.06812 3828.07579  20.9%     -  610s
     0     0 3840.55890    0  330 4839.06812 3840.55890  20.6%     -  623s
     0     0 3842.22132    0  346 4839.06812 3842.22132  20.6%     -  628s
     0     0 3842.38216    0  350 4839.06812 3842.38216  20.6%     -  628s
     0     0 3850.90514    0  561 4839.06812 3850.90514  20.4%     -  639s
     0     0 3852.29842    0  668 4839.06812 3852.29842  20.4%     -  646s
     0     0 3852.98290    0  633 4839.06812 3852.98290  20.4%     -  649s
     0     0 3853.06292    0  662 4839.06812 3853.06292  20.4%     -  651s
     0     0 3860.87021    0  618 4839.06812 3860.87021  20.2%     -  662s
     0     0 3861.78057    0  601 4839.06812 3861.78057  20.2%     -  668s
     0     0 3861.96814    0  697 4839.06812 3861.96814  20.2%     -  670s
     0     0 3866.28564    0  453 4839.06812 3866.28564  20.1%     -  678s
     0     0 3867.55373    0  714 4839.06812 3867.55373  20.1%     -  685s
     0     0 3867.71380    0  638 4839.06812 3867.71380  20.1%     -  687s
     0     0 3870.61297    0  792 4839.06812 3870.61297  20.0%     -  696s
     0     0 3870.94500    0  859 4839.06812 3870.94500  20.0%     -  700s
     0     0 3871.05835    0  893 4839.06812 3871.05835  20.0%     -  703s
     0     0 3875.49698    0  848 4839.06812 3875.49698  19.9%     -  714s
     0     0 3875.93860    0  841 4839.06812 3875.93860  19.9%     -  717s
     0     0 3876.16862    0  810 4839.06812 3876.16862  19.9%     -  719s
     0     0 3879.28376    0  926 4839.06812 3879.28376  19.8%     -  729s
     0     0 3879.66039    0 1054 4839.06812 3879.66039  19.8%     -  733s
     0     0 3879.84122    0 1021 4839.06812 3879.84122  19.8%     -  735s
     0     0 3882.33237    0  558 4839.06812 3882.33237  19.8%     -  743s
     0     0 3882.62422    0  953 4839.06812 3882.62422  19.8%     -  749s
     0     0 3882.66654    0  949 4839.06812 3882.66654  19.8%     -  751s
     0     0 3884.25964    0 1127 4839.06812 3884.25964  19.7%     -  760s
     0     0 3884.61152    0 1053 4839.06812 3884.61152  19.7%     -  765s
     0     0 3884.66268    0 1141 4839.06812 3884.66268  19.7%     -  767s
     0     0 3886.36075    0  978 4839.06812 3886.36075  19.7%     -  776s
     0     0 3886.36075    0  978 4839.06812 3886.36075  19.7%     -  802s
     0     2 3927.94997    0  974 4839.06812 3927.94997  18.8%     -  886s
     1     5 3927.94997    1 1070 4839.06812 3927.94997  18.8%  2157  987s
     3     8 3927.94997    2  836 4839.06812 3927.94997  18.8%  1793 1054s
     7    15 3927.94997    3  853 4839.06812 3927.94997  18.8%  2232 1118s
    15    30 3942.35626    4  439 4839.06812 3927.94997  18.8%  2812 1170s
    30    48 3967.37598    5  462 4839.06812 3927.94997  18.8%  2810 1536s
H   31    48                    4839.0651691 3927.94997  18.8%  2719 1536s
H   34    48                    4809.0789583 3927.94997  18.3%  2725 1536s
H   42    48                    4722.0427819 3927.94997  16.8%  2707 1536s
    50    64 3974.06402    6  438 4722.04278 3927.94997  16.8%  2779 1559s
    70    80 3979.08420    7  344 4722.04278 3927.94997  16.8%  2586 1584s
    90    91 3980.20281    8  338 4722.04278 3927.94997  16.8%  2389 1604s
   110   116 3981.47891    9  304 4722.04278 3927.94997  16.8%  2207 1620s
   140   135 4012.36286   10  265 4722.04278 3927.94997  16.8%  2062 1634s
   173   151 4006.82830   12  269 4722.04278 3927.94997  16.8%  1862 1647s
   206   180 4178.47650   13  100 4722.04278 3927.94997  16.8%  1695 1662s
   252   211 4272.27531   14  132 4722.04278 3927.94997  16.8%  1548 1673s
   298   249 4107.26499   16  247 4722.04278 3927.94997  16.8%  1400 1826s
H  300   249                    4722.0424108 3927.94997  16.8%  1390 1826s
   348   300 4207.77879   19  164 4722.04241 3927.94997  16.8%  1273 1840s
   418   365 4259.46251   22  164 4722.04241 3932.15976  16.7%  1104 1854s
   507   425 3959.58707    6  463 4722.04241 3932.15976  16.7%   965 1870s
   599   488 infeasible    7      4722.04241 3932.15976  16.7%   855 1889s
   688   556     cutoff    8      4722.04241 3932.15976  16.7%   790 1900s
   791   653     cutoff    9      4722.04241 3932.15976  16.7%   724 1918s
   916   759     cutoff   10      4722.04241 3932.15976  16.7%   655 1930s
  1070   829 4222.44228   11  179 4722.04241 3932.15976  16.7%   587 1948s
  1208   910 4270.04561   15  206 4722.04241 3944.44150  16.5%   549 1963s
  1330   961 4042.96847    6  398 4722.04241 3944.44150  16.5%   532 1979s
  1448  1044 4066.27552    7  454 4722.04241 3944.44150  16.5%   523 1993s
  1585  1113 4082.89778    8  372 4722.04241 3947.39494  16.4%   504 2011s
  1715  1188     cutoff   12      4722.04241 3949.34550  16.4%   495 2054s
  1866  1300 4083.23982    8  177 4722.04241 3950.47339  16.3%   497 2071s
  2048  1426 4117.90917   10  164 4722.04241 3950.47339  16.3%   485 2088s
  2264  1573 4150.99606   11  188 4722.04241 3950.47339  16.3%   465 2102s
  2526  1574 4250.94603   16  249 4722.04241 3950.47339  16.3%   437 2196s
  2528  1575 4332.24988   67  215 4722.04241 3950.47339  16.3%   437 2239s
  2529  1576 4560.88808   77  385 4722.04241 3950.47339  16.3%   437 2296s
  2530  1577 4328.33901   53  471 4722.04241 3950.47339  16.3%   437 2320s
  2531  1577 4179.89445   15  518 4722.04241 3950.47339  16.3%   436 2335s
  2532  1578 4352.21845   22  622 4722.04241 3950.47339  16.3%   436 2344s
  2533  1579 4183.47716   22  647 4722.04241 3950.47339  16.3%   436 2348s
  2535  1580 4376.63306   36  629 4722.04241 3950.47339  16.3%   436 2354s
  2536  1581 4145.96820   16  595 4722.04241 3950.47339  16.3%   436 2368s
  2537  1581 4214.88168   11  603 4722.04241 3950.47339  16.3%   435 2373s
  2538  1582 4416.17049   29  607 4722.04241 3950.47339  16.3%   435 2376s
  2541  1584 4581.95271   88  687 4722.04241 3950.47339  16.3%   435 2383s
  2542  1585 4301.41251   37  595 4722.04241 3950.47339  16.3%   435 2392s
  2544  1586 4359.93866   28  599 4722.04241 3950.47339  16.3%   434 2395s
  2548  1589 4573.15915   16  693 4722.04241 3950.47339  16.3%   433 2401s
  2549  1589 4570.73132   59  478 4722.04241 3950.47339  16.3%   433 2407s
  2550  1590 4612.38966   57  547 4722.04241 3950.47339  16.3%   433 2411s
  2551  1591 4608.68766   47  533 4722.04241 3950.47339  16.3%   433 2415s
  2552  1591 4554.46823   62  544 4722.04241 3950.47339  16.3%   433 2423s
  2553  1592 4684.48996  117  590 4722.04241 3950.47339  16.3%   433 2428s
  2555  1593 4672.31775  112  655 4722.04241 3950.47339  16.3%   432 2431s
  2557  1595 4352.47810   24  645 4722.04241 3950.47339  16.3%   432 2437s
  2558  1595 4629.72521   18  522 4722.04241 3950.47339  16.3%   432 2443s
  2560  1597 4626.32117   69  501 4722.04241 3950.47339  16.3%   431 2448s
  2561  1597 4690.82913   11  663 4722.04241 3950.47339  16.3%   431 2455s
  2564  1599 4578.96540   61  684 4722.04241 3950.47339  16.3%   431 2463s
  2565  1600 4678.72846   61  503 4722.04241 3950.47339  16.3%   431 2469s
  2566  1601 4472.07938   45  622 4722.04241 3950.47339  16.3%   430 2473s
  2567  1601 4584.46634   92  673 4722.04241 3950.47339  16.3%   430 2475s
  2568  1602 4333.50562   34  706 4722.04241 3950.47339  16.3%   430 2480s
  2569  1603 4146.64987   25  656 4722.04241 3950.47339  16.3%   430 2487s
  2570  1603 4437.20157   14  740 4722.04241 3950.47339  16.3%   430 2495s
  2571  1604 4629.27126   40  627 4722.04241 3950.47339  16.3%   430 2501s
  2573  1605 4075.89523   17  692 4722.04241 3950.47339  16.3%   429 2507s
  2576  1607 4629.93496   75  629 4722.04241 3950.47339  16.3%   429 2515s
  2578  1609 4286.92231   18  560 4722.04241 3950.47339  16.3%   428 2522s
  2581  1611 4553.28545   52  589 4722.04241 3950.47339  16.3%   428 2526s
  2584  1613 4176.32754   15  612 4722.04241 3950.47339  16.3%   427 2533s
  2585  1613 4243.24324   33  565 4722.04241 3950.47339  16.3%   427 2539s
  2586  1614 4458.40208   72  524 4722.04241 3950.47339  16.3%   427 2542s
  2588  1615 4177.95944   26  662 4722.04241 3950.47339  16.3%   427 2545s
  2589  1616 4489.00956   56  681 4722.04241 3950.47339  16.3%   427 2552s
  2590  1617 4218.76367   23  574 4722.04241 3950.47339  16.3%   426 2555s
  2593  1619 4109.08734   12  608 4722.04241 3950.47339  16.3%   426 2562s
  2598  1622 4685.07781   30  568 4722.04241 3950.47339  16.3%   425 2565s
  2599  1623 4411.79696   26  575 4722.04241 3950.47339  16.3%   425 2573s
  2600  1623 4135.85254   20  515 4722.04241 3950.47339  16.3%   425 2575s
  2603  1625 4225.16591   50  625 4722.04241 3950.47339  16.3%   424 2581s
  2606  1627 4549.69428   40  624 4722.04241 3950.47339  16.3%   424 2585s
  2607  1628 4121.38108   13  608 4722.04241 3950.47339  16.3%   424 2591s
  2609  1629 4037.45796    8  526 4722.04241 3950.47339  16.3%   423 2596s
  2612  1631 4265.80819   24  568 4722.04241 3950.47339  16.3%   423 2600s
  2614  1633 4048.76486   11  597 4722.04241 3950.47339  16.3%   423 2607s
  2616  1634 4362.43275   45  593 4722.04241 3950.47339  16.3%   422 2610s
  2620  1637 4215.86366   22  636 4722.04241 3950.47339  16.3%   422 2618s
  2621  1637 4127.83815   14  628 4722.04241 3950.47339  16.3%   421 2631s
  2623  1639 4306.13806   28  734 4722.04241 3950.47339  16.3%   421 2635s
  2624  1639 4108.31135   13  745 4722.04241 3950.47339  16.3%   421 2640s
  2626  1641 4250.94603   16  625 4722.04241 3950.47339  16.3%   421 2648s
  2627  1641 4629.59005   72  691 4722.04241 3950.47339  16.3%   420 2652s
  2629  1643 4560.88808   77  592 4722.04241 3950.47339  16.3%   420 2658s
  2630  1643 4328.33901   53  685 4722.04241 3950.47339  16.3%   420 2661s
  2631  1644 4179.89445   15  642 4722.04241 3950.47339  16.3%   420 2666s
  2634  1646 4411.18159   24  691 4722.04241 3950.47339  16.3%   419 2670s
  2635  1647 4376.63306   36  711 4722.04241 3950.47339  16.3%   419 2675s
  2637  1648 4214.88168   11  572 4722.04241 3950.47339  16.3%   419 2680s
  2639  1649 4426.27690   29  571 4722.04241 3950.47339  16.3%   419 2687s
  2640  1650 4195.89140   17  552 4722.04241 3950.47339  16.3%   418 2690s
  2642  1651 4301.41251   37  516 4722.04241 3950.47339  16.3%   418 2696s
  2647  1655 4152.82657   21  587 4722.04241 3950.47339  16.3%   417 2704s
  2648  1655 4573.15915   16  562 4722.04241 3950.47339  16.3%   417 2718s
  2649  1656 4570.73132   59  557 4722.04241 3950.47339  16.3%   417 2722s
  2650  1657 4612.38966   57  557 4722.04241 3981.83463  15.7%   417 3010s
  2651  1660 3981.83463   16  352 4722.04241 3981.83463  15.7%   508 3148s
  2653  1664 3981.83463   17  226 4722.04241 3981.83463  15.7%   511 3253s
  2657  1668 3981.83463   18  205 4722.04241 3981.83463  15.7%   514 3329s
  2665  1680 3992.64203   19  311 4722.04241 3981.83463  15.7%   524 3403s
  2679  1695 4503.43448   20  269 4722.04241 3981.83463  15.7%   548 3455s
  2699  1708 4512.47234   21  266 4722.04241 3981.83463  15.7%   568 3513s
  2719  1722 4604.91239   21  183 4722.04241 3981.83463  15.7%   582 3547s
  2739  1734 4545.15790   22  271 4722.04241 3981.83463  15.7%   595 3572s
  2759  1754 4517.85265   22  282 4722.04241 3981.83463  15.7%   600 3584s
  2789  1773 4599.34842   23  159 4722.04241 3981.83463  15.7%   607 3600s

Cutting planes:
  Cover: 9
  Implied bound: 102
  Projected implied bound: 3
  Clique: 1
  MIR: 40
  Flow cover: 119
  RLT: 3
  Relax-and-lift: 4090

Explored 2819 nodes (1814484 simplex iterations) in 3600.13 seconds
Thread count was 20 (of 40 available processors)

Solution count 4: 4722.04 4809.08 4839.07 6292 

Time limit reached
Best objective 4.722041939027e+03, best bound 3.981834633207e+03, gap 15.6756%
