
Gurobi 9.0.2 (linux64, Python) logging started Fri Dec  4 11:00:50 2020

Using license file /share/apps/gurobi/9.0.2/gurobi_client.lic
Set parameter TokenServer to value 10.1.1.1
Set parameter LogFile to value /storage/users/anderhva/041220-084956/logs/O4-ES-V1-WS0.log
Set parameter LogToConsole to value 0
Changed value of parameter TimeLimit to 3600.0
   Prev: inf  Min: 0.0  Max: inf  Default: inf
Gurobi Optimizer version 9.0.2 build v9.0.2rc0 (linux64)
Optimize a model with 1084 rows, 5646 columns and 27686 nonzeros
Model fingerprint: 0xe55ae918
Variable types: 24 continuous, 5622 integer (5622 binary)
Coefficient statistics:
  Matrix range     [1e+00, 1e+02]
  Objective range  [1e+00, 1e+04]
  Bounds range     [1e+00, 1e+00]
  RHS range        [1e+00, 1e+02]
Presolve removed 174 rows and 1126 columns
Presolve time: 0.09s
Presolved: 910 rows, 4520 columns, 18494 nonzeros
Variable types: 16 continuous, 4504 integer (4504 binary)
Found heuristic solution: objective 16288.185000

Root relaxation: objective 2.016169e+03, 858 iterations, 0.03 seconds

    Nodes    |    Current Node    |     Objective Bounds      |     Work
 Expl Unexpl |  Obj  Depth IntInf | Incumbent    BestBd   Gap | It/Node Time

     0     0 2303.06636    0   10 16288.1850 2303.06636  85.9%     -    0s
H    0     0                    2309.7450000 2303.06636  0.29%     -    0s
     0     0 2303.06636    0   10 2309.74500 2303.06636  0.29%     -    0s

Explored 1 nodes (1016 simplex iterations) in 0.24 seconds
Thread count was 20 (of 40 available processors)

Solution count 2: 2309.74 16288.2 

Optimal solution found (tolerance 1.00e-04)
Best objective 2.309745000000e+03, best bound 2.309745000000e+03, gap 0.0000%
