
Gurobi 9.0.3 (mac64, Python) logging started Wed Nov 11 19:22:52 2020

Using license file /Users/andersvandvik/gurobi.lic
Set parameter LogFile to value /Users/andersvandvik/Repositories/project-thesis/output/5.log
Academic license - for non-commercial use only
Changed value of parameter TimeLimit to 3600.0
   Prev: inf  Min: 0.0  Max: inf  Default: inf
Gurobi Optimizer version 9.0.3 build v9.0.3rc0 (mac64)
Optimize a model with 2208 rows, 38822 columns and 227956 nonzeros
Model fingerprint: 0x5968a5fb
Variable types: 52 continuous, 38770 integer (38770 binary)
Coefficient statistics:
  Matrix range     [1e+00, 1e+02]
  Objective range  [1e-05, 1e+04]
  Bounds range     [1e+00, 1e+00]
  RHS range        [1e+00, 1e+02]
Presolve removed 282 rows and 409 columns
Presolve time: 0.89s
Presolved: 1926 rows, 38413 columns, 180120 nonzeros
Variable types: 44 continuous, 38369 integer (38365 binary)
Found heuristic solution: objective 16081.846870
Found heuristic solution: objective 15298.731913

Root relaxation: objective 4.604022e+03, 2992 iterations, 0.56 seconds

    Nodes    |    Current Node    |     Objective Bounds      |     Work
 Expl Unexpl |  Obj  Depth IntInf | Incumbent    BestBd   Gap | It/Node Time

     0     0 4604.02210    0   42 15298.7319 4604.02210  69.9%     -    2s
H    0     0                    5165.7498039 4604.02210  10.9%     -    4s
     0     0 4728.05729    0   62 5165.74980 4728.05729  8.47%     -    4s
     0     0 4728.05729    0   36 5165.74980 4728.05729  8.47%     -    5s
     0     0 4728.05729    0   60 5165.74980 4728.05729  8.47%     -    5s
     0     0 4747.38089    0   47 5165.74980 4747.38089  8.10%     -    5s
     0     0 4749.49510    0   38 5165.74980 4749.49510  8.06%     -    5s
     0     0 4794.99421    0   27 5165.74980 4794.99421  7.18%     -    5s
     0     0 4850.77956    0   44 5165.74980 4850.77956  6.10%     -    5s
     0     0 4880.70644    0   78 5165.74980 4880.70644  5.52%     -    5s
     0     0 4882.23607    0   71 5165.74980 4882.23607  5.49%     -    5s
     0     0 4886.70659    0   65 5165.74980 4886.70659  5.40%     -    5s
     0     0 4886.70659    0   35 5165.74980 4886.70659  5.40%     -    5s
     0     0 4886.70659    0   39 5165.74980 4886.70659  5.40%     -    6s
     0     0 4886.70659    0   38 5165.74980 4886.70659  5.40%     -    6s
     0     0 4886.70659    0   40 5165.74980 4886.70659  5.40%     -    6s
     0     0 4886.70659    0   51 5165.74980 4886.70659  5.40%     -    6s
     0     0 4886.70659    0   59 5165.74980 4886.70659  5.40%     -    6s
     0     0 4886.70659    0   62 5165.74980 4886.70659  5.40%     -    6s
     0     0 4888.74330    0   60 5165.74980 4888.74330  5.36%     -    6s
     0     0 4891.12150    0   68 5165.74980 4891.12150  5.32%     -    6s
     0     0 4897.55798    0   75 5165.74980 4897.55798  5.19%     -    6s
     0     0 4898.03791    0  102 5165.74980 4898.03791  5.18%     -    6s
     0     0 4898.06483    0   78 5165.74980 4898.06483  5.18%     -    6s
     0     0 4905.17550    0   94 5165.74980 4905.17550  5.04%     -    6s
     0     0 4905.47681    0   99 5165.74980 4905.47681  5.04%     -    6s
     0     0 4905.47871    0  104 5165.74980 4905.47871  5.04%     -    6s
     0     0 4907.55081    0   76 5165.74980 4907.55081  5.00%     -    6s
     0     0 4907.92576    0   88 5165.74980 4907.92576  4.99%     -    6s
     0     0 4907.95573    0   90 5165.74980 4907.95573  4.99%     -    6s
     0     0 4911.07717    0   85 5165.74980 4911.07717  4.93%     -    6s
     0     0 4911.14197    0   97 5165.74980 4911.14197  4.93%     -    6s
     0     0 4912.62713    0   87 5165.74980 4912.62713  4.90%     -    6s
     0     0 4912.64698    0   92 5165.74980 4912.64698  4.90%     -    6s
     0     0 4913.61438    0  103 5165.74980 4913.61438  4.88%     -    6s
     0     0 4913.64192    0   89 5165.74980 4913.64192  4.88%     -    6s
     0     0 4914.42022    0  117 5165.74980 4914.42022  4.87%     -    7s
     0     0 4914.42022    0  116 5165.74980 4914.42022  4.87%     -    7s
     0     0 4914.42022    0   35 5165.74980 4914.42022  4.87%     -    7s
     0     0 4914.42022    0   41 5165.74980 4914.42022  4.87%     -    7s
     0     0 4914.42022    0   62 5165.74980 4914.42022  4.87%     -    7s
     0     0 4914.42022    0   57 5165.74980 4914.42022  4.87%     -    7s
     0     0 4914.42022    0   71 5165.74980 4914.42022  4.87%     -    7s
     0     0 4914.42022    0   99 5165.74980 4914.42022  4.87%     -    7s
     0     0 4914.42022    0  103 5165.74980 4914.42022  4.87%     -    7s
     0     0 4914.42022    0  111 5165.74980 4914.42022  4.87%     -    7s
     0     0 4914.42022    0  114 5165.74980 4914.42022  4.87%     -    7s
     0     0 4916.34498    0  125 5165.74980 4916.34498  4.83%     -    7s
     0     0 4916.38725    0  121 5165.74980 4916.38725  4.83%     -    7s
     0     0 4916.91447    0  113 5165.74980 4916.91447  4.82%     -    7s
     0     0 4916.95300    0  113 5165.74980 4916.95300  4.82%     -    7s
     0     0 4917.31043    0  129 5165.74980 4917.31043  4.81%     -    7s
     0     0 4917.31043    0  129 5165.74980 4917.31043  4.81%     -    7s
     0     0 4917.31043    0   34 5165.74980 4917.31043  4.81%     -    8s
     0     0 4917.31043    0   49 5165.74980 4917.31043  4.81%     -    8s
     0     0 4917.31043    0   77 5165.74980 4917.31043  4.81%     -    8s
     0     0 4917.31043    0   78 5165.74980 4917.31043  4.81%     -    8s
     0     0 4917.31043    0   95 5165.74980 4917.31043  4.81%     -    8s
     0     0 4917.31043    0  127 5165.74980 4917.31043  4.81%     -    8s
     0     0 4917.31043    0  129 5165.74980 4917.31043  4.81%     -    8s
     0     0 4917.63147    0  106 5165.74980 4917.63147  4.80%     -    8s
     0     0 4917.64369    0  101 5165.74980 4917.64369  4.80%     -    8s
     0     0 4917.65069    0  105 5165.74980 4917.65069  4.80%     -    8s
     0     0 4917.92108    0  105 5165.74980 4917.92108  4.80%     -    8s
     0     0 4917.92108    0  105 5165.74980 4917.92108  4.80%     -    8s
     0     2 4917.92108    0  104 5165.74980 4917.92108  4.80%     -    8s

Cutting planes:
  Gomory: 2
  Implied bound: 2
  MIR: 8
  Flow cover: 6
  Relax-and-lift: 15

Explored 17 nodes (11308 simplex iterations) in 8.67 seconds
Thread count was 4 (of 4 available processors)

Solution count 3: 5165.75 15298.7 16081.8 

Optimal solution found (tolerance 1.00e-04)
Best objective 5.165749803877e+03, best bound 5.165749803877e+03, gap 0.0000%
