
Gurobi 9.0.3 (mac64, Python) logging started Wed Nov 11 19:19:24 2020

Using license file /Users/andersvandvik/gurobi.lic
Set parameter LogFile to value /Users/andersvandvik/Repositories/project-thesis/output/CS-I2-V1-WS0.log
Academic license - for non-commercial use only
Changed value of parameter TimeLimit to 3600.0
   Prev: inf  Min: 0.0  Max: inf  Default: inf
Gurobi Optimizer version 9.0.3 build v9.0.3rc0 (mac64)
Optimize a model with 202 rows, 398 columns and 1864 nonzeros
Model fingerprint: 0xcc6942ea
Variable types: 20 continuous, 378 integer (378 binary)
Coefficient statistics:
  Matrix range     [1e+00, 1e+02]
  Objective range  [1e-05, 5e+03]
  Bounds range     [1e+00, 1e+00]
  RHS range        [1e+00, 1e+02]
Found heuristic solution: objective 8347.5127129
Presolve removed 108 rows and 205 columns
Presolve time: 0.03s
Presolved: 94 rows, 193 columns, 1569 nonzeros
Variable types: 12 continuous, 181 integer (179 binary)

Root relaxation: objective 1.103396e+03, 42 iterations, 0.00 seconds

    Nodes    |    Current Node    |     Objective Bounds      |     Work
 Expl Unexpl |  Obj  Depth IntInf | Incumbent    BestBd   Gap | It/Node Time

     0     0 1103.39637    0    7 8347.51271 1103.39637  86.8%     -    0s
H    0     0                    1569.3922797 1103.39637  29.7%     -    0s
H    0     0                    1120.5969135 1103.39637  1.53%     -    0s

Explored 1 nodes (42 simplex iterations) in 0.04 seconds
Thread count was 4 (of 4 available processors)

Solution count 3: 1120.6 1569.39 8347.51 

Optimal solution found (tolerance 1.00e-04)
Best objective 1.120596913541e+03, best bound 1.120596913541e+03, gap 0.0000%

    Variable            x 
-------------------------
x_0_63_1_87_0            1 
x_1_87_2_95_0            1 
x_2_95_3_101_0            1 
x_3_101_4_119_0            1 
x_0_63_4_63_1            1 
       u_0_0            1 
       u_1_0            1 
       u_2_0            1 
       u_3_0            1 
       u_4_0            1 
       u_0_1            1 
       u_4_1            1 
     l_D_0_0         47.5 
     l_D_1_0        28.75 
     l_D_2_0           10 

Gurobi 9.0.3 (mac64, Python) logging started Wed Nov 11 19:19:47 2020

Using license file /Users/andersvandvik/gurobi.lic
Set parameter LogFile to value /Users/andersvandvik/Repositories/project-thesis/output/CS-I2-V1-WS0.log
Academic license - for non-commercial use only
Changed value of parameter TimeLimit to 3600.0
   Prev: inf  Min: 0.0  Max: inf  Default: inf
Gurobi Optimizer version 9.0.3 build v9.0.3rc0 (mac64)
Optimize a model with 202 rows, 398 columns and 1864 nonzeros
Model fingerprint: 0xcc6942ea
Variable types: 20 continuous, 378 integer (378 binary)
Coefficient statistics:
  Matrix range     [1e+00, 1e+02]
  Objective range  [1e-05, 5e+03]
  Bounds range     [1e+00, 1e+00]
  RHS range        [1e+00, 1e+02]
Found heuristic solution: objective 8347.5127129
Presolve removed 108 rows and 205 columns
Presolve time: 0.04s
Presolved: 94 rows, 193 columns, 1569 nonzeros
Variable types: 12 continuous, 181 integer (179 binary)

Root relaxation: objective 1.103396e+03, 42 iterations, 0.00 seconds

    Nodes    |    Current Node    |     Objective Bounds      |     Work
 Expl Unexpl |  Obj  Depth IntInf | Incumbent    BestBd   Gap | It/Node Time

     0     0 1103.39637    0    7 8347.51271 1103.39637  86.8%     -    0s
H    0     0                    1569.3922797 1103.39637  29.7%     -    0s
H    0     0                    1120.5969135 1103.39637  1.53%     -    0s

Explored 1 nodes (42 simplex iterations) in 0.05 seconds
Thread count was 4 (of 4 available processors)

Solution count 3: 1120.6 1569.39 8347.51 

Optimal solution found (tolerance 1.00e-04)
Best objective 1.120596913541e+03, best bound 1.120596913541e+03, gap 0.0000%
