
Gurobi 9.0.2 (linux64, Python) logging started Fri Dec  4 19:48:54 2020

Using license file /share/apps/gurobi/9.0.2/gurobi_client.lic
Set parameter TokenServer to value 10.1.1.1
Set parameter LogFile to value /storage/users/anderhva/041220-194853/logs/O10-C4-V2-WS0.log
Set parameter LogToConsole to value 0
Changed value of parameter TimeLimit to 3600.0
   Prev: inf  Min: 0.0  Max: inf  Default: inf
Gurobi Optimizer version 9.0.2 build v9.0.2rc0 (linux64)
Optimize a model with 6857 rows, 94566 columns and 540933 nonzeros
Model fingerprint: 0xda0c2974
Variable types: 72 continuous, 94494 integer (94494 binary)
Coefficient statistics:
  Matrix range     [1e+00, 1e+02]
  Objective range  [1e+00, 8e+03]
  Bounds range     [1e+00, 1e+00]
  RHS range        [1e+00, 1e+02]
Presolve removed 466 rows and 2337 columns
Presolve time: 1.61s
Presolved: 6391 rows, 92229 columns, 435714 nonzeros
Variable types: 60 continuous, 92169 integer (92166 binary)

Root simplex log...

Iteration    Objective       Primal Inf.    Dual Inf.      Time
    4955    1.2031105e+03   2.840338e+02   0.000000e+00      5s
   13449    1.7022181e+03   0.000000e+00   0.000000e+00     10s

Root relaxation: objective 1.702218e+03, 13449 iterations, 6.06 seconds
Total elapsed time = 10.09s

    Nodes    |    Current Node    |     Objective Bounds      |     Work
 Expl Unexpl |  Obj  Depth IntInf | Incumbent    BestBd   Gap | It/Node Time

     0     0 1702.60373    0  203          - 1702.60373      -     -   12s
     0     0 2638.07160    0  181          - 2638.07160      -     -   18s
     0     0 2641.24472    0  141          - 2641.24472      -     -   19s
     0     0 2641.82154    0  178          - 2641.82154      -     -   20s
     0     0 2696.79544    0  173          - 2696.79544      -     -   24s
     0     0 2707.82202    0  193          - 2707.82202      -     -   25s
     0     0 2717.61904    0  283          - 2717.61904      -     -   29s
     0     0 2718.44419    0  275          - 2718.44419      -     -   30s
     0     0 2719.02242    0  298          - 2719.02242      -     -   31s
     0     0 2719.02242    0  299          - 2719.02242      -     -   31s
H    0     0                    6865.5034325 2719.02242  60.4%     -   33s
H    0     0                    6865.5028939 2719.02242  60.4%     -   33s
     0     0 2726.30471    0  265 6865.50289 2726.30471  60.3%     -   34s
H    0     0                    6865.5027758 2726.30471  60.3%     -   36s
     0     0 2731.33864    0  268 6865.50278 2731.33864  60.2%     -   37s
     0     0 2732.84508    0  276 6865.50278 2732.84508  60.2%     -   38s
     0     0 2733.09245    0  290 6865.50278 2733.09245  60.2%     -   38s
     0     0 2733.14909    0  285 6865.50278 2733.14909  60.2%     -   38s
     0     0 2764.92902    0  270 6865.50278 2764.92902  59.7%     -   40s
     0     0 2764.92902    0  194 6865.50278 2764.92902  59.7%     -   48s
H    0     0                    6865.5027202 2764.92902  59.7%     -   53s
     0     0 2764.92902    0  170 6865.50272 2764.92902  59.7%     -   54s
H    0     0                    6865.5026734 2764.92902  59.7%     -   57s
H    0     0                    6842.2520833 2764.92902  59.6%     -   58s
     0     0 2764.92902    0  274 6842.25208 2764.92902  59.6%     -   59s
     0     0 2764.92902    0  274 6842.25208 2764.92902  59.6%     -   59s
     0     0 2764.92902    0  316 6842.25208 2764.92902  59.6%     -   60s
     0     0 2765.14255    0  281 6842.25208 2765.14255  59.6%     -   61s
     0     0 2766.40499    0  284 6842.25208 2766.40499  59.6%     -   61s
     0     0 2783.58798    0  194 6842.25208 2783.58798  59.3%     -   63s
     0     0 2783.75747    0  342 6842.25208 2783.75747  59.3%     -   66s
     0     0 2785.21434    0  404 6842.25208 2785.21434  59.3%     -   69s
     0     0 2785.22185    0  406 6842.25208 2785.22185  59.3%     -   72s
     0     0 2786.69822    0  231 6842.25208 2786.69822  59.3%     -   73s
H    0     0                    4949.8366667 2786.69822  43.7%     -   74s
     0     0 2787.08352    0  409 4949.83667 2787.08352  43.7%     -   75s
     0     0 2787.19744    0  421 4949.83667 2787.19744  43.7%     -   76s
     0     0 2788.77512    0  242 4949.83667 2788.77512  43.7%     -   77s
     0     0 2788.78512    0  256 4949.83667 2788.78512  43.7%     -   79s
     0     0 2789.83947    0  380 4949.83667 2789.83947  43.6%     -   81s
H    0     0                    4879.9450000 2789.83947  42.8%     -   82s
     0     0 2789.92519    0  497 4879.94500 2789.92519  42.8%     -   83s
     0     0 2790.77165    0  306 4879.94500 2790.77165  42.8%     -   84s
     0     0 2790.89968    0  393 4879.94500 2790.89968  42.8%     -   85s
     0     0 2792.74222    0  300 4879.94500 2792.74222  42.8%     -   87s
     0     0 2792.74222    0  300 4879.94500 2792.74222  42.8%     -   90s
     0     2 2792.74222    0  300 4879.94500 2792.74222  42.8%     -   96s
     1     4 2796.94013    1  322 4879.94500 2795.59170  42.7%  1192  111s
     3     8 2808.46443    2  196 4879.94500 2802.79298  42.6%   945  119s
     7    13 3305.90157    3  103 4879.94500 2808.51780  42.4%  1894  125s
    15    20 3623.67693    4   68 4879.94500 2874.57521  41.1%  1361  130s
    28    38 3657.55396    5   84 4879.94500 3101.26999  36.4%  1141  137s
H   29    38                    4243.8054167 3101.26999  26.9%  1101  137s
    68    21 3737.23766    7   84 4243.80542 3502.87528  17.5%   698  140s
   169     6     cutoff   12      4243.80542 3924.56356  7.52%   377  145s

Cutting planes:
  Cover: 10
  Implied bound: 59
  Clique: 6
  MIR: 8
  StrongCG: 1
  Flow cover: 6
  GUB cover: 1
  Zero half: 15
  RLT: 10
  Relax-and-lift: 76

Explored 199 nodes (127546 simplex iterations) in 149.34 seconds
Thread count was 20 (of 40 available processors)

Solution count 5: 4243.81 4879.94 4949.84 ... 6865.5

Optimal solution found (tolerance 1.00e-04)
Best objective 4.243805416667e+03, best bound 4.243805416667e+03, gap 0.0000%
