
Gurobi 9.0.2 (linux64, Python) logging started Thu Dec  3 15:36:05 2020

Using license file /share/apps/gurobi/9.0.2/gurobi_client.lic
Set parameter TokenServer to value 10.1.1.1
Set parameter LogFile to value /storage/users/anderhva/031220-153353/logs/O10-C3-V2-WS0.log
Set parameter LogToConsole to value 0
Changed value of parameter TimeLimit to 3600.0
   Prev: inf  Min: 0.0  Max: inf  Default: inf
Gurobi Optimizer version 9.0.2 build v9.0.2rc0 (linux64)
Optimize a model with 6263 rows, 91950 columns and 525966 nonzeros
Model fingerprint: 0x42c60a07
Variable types: 72 continuous, 91878 integer (91878 binary)
Coefficient statistics:
  Matrix range     [1e+00, 1e+02]
  Objective range  [1e+00, 1e+04]
  Bounds range     [1e+00, 1e+00]
  RHS range        [1e+00, 1e+02]
Presolve removed 514 rows and 3564 columns
Presolve time: 1.57s
Presolved: 5749 rows, 88386 columns, 418944 nonzeros
Variable types: 60 continuous, 88326 integer (88323 binary)

Root simplex log...

Iteration    Objective       Primal Inf.    Dual Inf.      Time
    6510    1.9136743e+03   7.916119e+02   0.000000e+00      5s
   13840    2.3317484e+03   2.184015e+02   0.000000e+00     10s
   14253    2.3392629e+03   0.000000e+00   0.000000e+00     10s

Root relaxation: objective 2.339263e+03, 14253 iterations, 7.37 seconds

    Nodes    |    Current Node    |     Objective Bounds      |     Work
 Expl Unexpl |  Obj  Depth IntInf | Incumbent    BestBd   Gap | It/Node Time

     0     0 2339.26292    0  102          - 2339.26292      -     -   11s
     0     0 2896.65379    0  147          - 2896.65379      -     -   16s
     0     0 2923.99591    0  164          - 2923.99591      -     -   17s
     0     0 2924.72641    0  139          - 2924.72641      -     -   17s
     0     0 3003.11877    0  125          - 3003.11877      -     -   20s
     0     0 3014.46785    0  136          - 3014.46785      -     -   22s
     0     0 3014.57865    0  152          - 3014.57865      -     -   22s
     0     0 3060.79226    0  130          - 3060.79226      -     -   24s
     0     0 3069.59724    0  146          - 3069.59724      -     -   25s
     0     0 3070.53357    0  138          - 3070.53357      -     -   26s
     0     0 3073.04763    0  136          - 3073.04763      -     -   27s
H    0     0                    4597.8720833 3073.04763  33.2%     -   28s
H    0     0                    4443.0054167 3073.04763  30.8%     -   30s
     0     0 3074.25833    0  173 4443.00542 3074.25833  30.8%     -   30s
     0     0 3074.36778    0  168 4443.00542 3074.36778  30.8%     -   30s
     0     0 3077.63508    0  153 4443.00542 3077.63508  30.7%     -   31s
     0     0 3485.49930    0   96 4443.00542 3485.49930  21.6%     -   38s
     0     0 3593.83450    0  109 4443.00542 3593.83450  19.1%     -   41s
     0     0 3630.32760    0  106 4443.00542 3630.32760  18.3%     -   43s
     0     0 3630.94673    0   79 4443.00542 3630.94673  18.3%     -   43s
     0     0 3635.32585    0  137 4443.00542 3635.32585  18.2%     -   44s
     0     0 3635.32585    0   93 4443.00542 3635.32585  18.2%     -   49s
     0     0 3635.32585    0  111 4443.00542 3635.32585  18.2%     -   52s
     0     0 3635.32585    0  134 4443.00542 3635.32585  18.2%     -   54s
     0     0 3655.02163    0  115 4443.00542 3655.02163  17.7%     -   55s
H    0     0                    4431.8500000 3655.02163  17.5%     -   55s
     0     0 3655.67896    0  134 4431.85000 3655.67896  17.5%     -   56s
     0     0 3655.67896    0  134 4431.85000 3655.67896  17.5%     -   56s
     0     0 3657.05801    0  211 4431.85000 3657.05801  17.5%     -   57s
     0     0 3658.83933    0  148 4431.85000 3658.83933  17.4%     -   58s
     0     0 3658.84691    0  207 4431.85000 3658.84691  17.4%     -   58s
     0     0 3659.72929    0  202 4431.85000 3659.72929  17.4%     -   59s
     0     0 3659.77457    0  226 4431.85000 3659.77457  17.4%     -   61s
     0     0 3661.29275    0  234 4431.85000 3661.29275  17.4%     -   61s
     0     0 3662.34758    0  227 4431.85000 3662.34758  17.4%     -   62s
     0     0 3664.85615    0  194 4431.85000 3664.85615  17.3%     -   63s
     0     0 3666.09938    0  134 4431.85000 3666.09938  17.3%     -   63s
     0     0 3666.28219    0  151 4431.85000 3666.28219  17.3%     -   64s
     0     0 3666.34158    0  214 4431.85000 3666.34158  17.3%     -   64s
     0     0 3666.44393    0  239 4431.85000 3666.44393  17.3%     -   64s
     0     0 3666.71322    0  184 4431.85000 3666.71322  17.3%     -   65s
     0     0 3666.73442    0  209 4431.85000 3666.73442  17.3%     -   65s
     0     0 3667.04622    0  255 4431.85000 3667.04622  17.3%     -   66s
     0     0 3667.04622    0  255 4431.85000 3667.04622  17.3%     -   68s
     0     0 3667.04622    0   93 4431.85000 3667.04622  17.3%     -   72s
     0     0 3667.04622    0   92 4431.85000 3667.04622  17.3%     -   75s
H    0     0                    4417.6833333 3667.04622  17.0%     -   76s
     0     0 3667.04622    0  126 4417.68333 3667.04622  17.0%     -   77s
     0     0 3667.04622    0  134 4417.68333 3667.04622  17.0%     -   78s
     0     0 3667.04622    0   99 4417.68333 3667.04622  17.0%     -   78s
     0     0 3667.04622    0  186 4417.68333 3667.04622  17.0%     -   78s
     0     0 3667.04622    0  161 4417.68333 3667.04622  17.0%     -   79s
     0     0 3667.04622    0  218 4417.68333 3667.04622  17.0%     -   79s
     0     0 3667.06151    0  211 4417.68333 3667.06151  17.0%     -   79s
     0     0 3667.06151    0  216 4417.68333 3667.06151  17.0%     -   79s
     0     0 3667.43301    0  241 4417.68333 3667.43301  17.0%     -   80s
     0     0 3667.76206    0  134 4417.68333 3667.76206  17.0%     -   81s
     0     0 3667.76206    0  134 4417.68333 3667.76206  17.0%     -   81s
     0     0 3669.41850    0  212 4417.68333 3669.41850  16.9%     -   82s
     0     0 3669.53463    0  277 4417.68333 3669.53463  16.9%     -   83s
     0     0 3670.66695    0  239 4417.68333 3670.66695  16.9%     -   83s
     0     0 3671.00616    0  298 4417.68333 3671.00616  16.9%     -   83s
     0     0 3671.06476    0  298 4417.68333 3671.06476  16.9%     -   83s
     0     0 3671.51719    0  288 4417.68333 3671.51719  16.9%     -   84s
     0     0 3671.61958    0  271 4417.68333 3671.61958  16.9%     -   84s
     0     0 3672.04449    0  283 4417.68333 3672.04449  16.9%     -   84s
     0     0 3672.07305    0  283 4417.68333 3672.07305  16.9%     -   84s
     0     0 3672.55689    0  246 4417.68333 3672.55689  16.9%     -   85s
     0     0 3672.89354    0  297 4417.68333 3672.89354  16.9%     -   86s
     0     0 3672.89510    0  331 4417.68333 3672.89510  16.9%     -   86s
     0     0 3673.69647    0  260 4417.68333 3673.69647  16.8%     -   87s
     0     0 3673.72390    0  295 4417.68333 3673.72390  16.8%     -   87s
     0     0 3674.09568    0  261 4417.68333 3674.09568  16.8%     -   88s
     0     0 3674.20752    0  306 4417.68333 3674.20752  16.8%     -   88s
     0     0 3674.82422    0  330 4417.68333 3674.82422  16.8%     -   89s
     0     0 3675.49743    0  332 4417.68333 3675.49743  16.8%     -   89s
     0     0 3675.49765    0  335 4417.68333 3675.49765  16.8%     -   89s
     0     0 3675.66959    0  372 4417.68333 3675.66959  16.8%     -   89s
     0     0 3676.35863    0  400 4417.68333 3676.35863  16.8%     -   90s
     0     0 3677.08306    0  308 4417.68333 3677.08306  16.8%     -   90s
     0     0 3677.09611    0  329 4417.68333 3677.09611  16.8%     -   90s
     0     0 3684.10929    0  276 4417.68333 3684.10929  16.6%     -   90s
     0     0 3703.76945    0  301 4417.68333 3703.76945  16.2%     -   91s
     0     0 3721.75501    0  307 4417.68333 3721.75501  15.8%     -   91s
     0     0 3733.17432    0  285 4417.68333 3733.17432  15.5%     -   91s
     0     0 3733.17432    0  339 4417.68333 3733.17432  15.5%     -   92s
     0     0 3736.89642    0  366 4417.68333 3736.89642  15.4%     -   92s
     0     0 3738.13669    0  355 4417.68333 3738.13669  15.4%     -   92s
     0     0 3741.87719    0  336 4417.68333 3741.87719  15.3%     -   93s
     0     0 3741.87719    0  336 4417.68333 3741.87719  15.3%     -   94s
     0     2 3741.87719    0  336 4417.68333 3741.87719  15.3%     -   96s
     1     4 3781.46048    1  127 4417.68333 3741.87719  15.3%  1297  100s
H   27    29                    4326.4333333 3821.12009  11.7%   520  105s
   344   117 infeasible   16      4326.43333 3873.60634  10.5%   122  110s

Cutting planes:
  Cover: 2
  Implied bound: 53
  Clique: 1
  MIR: 3
  Flow cover: 4
  Inf proof: 2
  Zero half: 24
  RLT: 1
  Relax-and-lift: 39

Explored 966 nodes (133391 simplex iterations) in 113.89 seconds
Thread count was 20 (of 40 available processors)

Solution count 5: 4326.43 4417.68 4431.85 ... 4597.87

Optimal solution found (tolerance 1.00e-04)
Best objective 4.326433333333e+03, best bound 4.326433333333e+03, gap 0.0000%
