
Gurobi 9.0.2 (linux64, Python) logging started Thu Dec  3 15:33:54 2020

Using license file /share/apps/gurobi/9.0.2/gurobi_client.lic
Set parameter TokenServer to value 10.1.1.1
Set parameter LogFile to value /storage/users/anderhva/031220-153353/logs/O10-C1-V2-WS0.log
Set parameter LogToConsole to value 0
Changed value of parameter TimeLimit to 3600.0
   Prev: inf  Min: 0.0  Max: inf  Default: inf
Gurobi Optimizer version 9.0.2 build v9.0.2rc0 (linux64)
Optimize a model with 6401 rows, 83721 columns and 476607 nonzeros
Model fingerprint: 0x0281da8c
Variable types: 72 continuous, 83649 integer (83649 binary)
Coefficient statistics:
  Matrix range     [1e+00, 1e+02]
  Objective range  [1e+00, 1e+04]
  Bounds range     [1e+00, 1e+00]
  RHS range        [1e+00, 1e+02]
Presolve removed 493 rows and 3123 columns
Presolve time: 1.45s
Presolved: 5908 rows, 80598 columns, 379731 nonzeros
Variable types: 60 continuous, 80538 integer (80535 binary)

Root simplex log...

Iteration    Objective       Primal Inf.    Dual Inf.      Time
    6119    1.5600928e+03   1.330169e+02   0.000000e+00      5s
   14228    1.6958332e+03   2.754377e+03   0.000000e+00     10s
   20389    1.8766230e+03   0.000000e+00   0.000000e+00     14s

Root relaxation: objective 1.876623e+03, 20389 iterations, 10.96 seconds

    Nodes    |    Current Node    |     Objective Bounds      |     Work
 Expl Unexpl |  Obj  Depth IntInf | Incumbent    BestBd   Gap | It/Node Time

     0     0 1876.62302    0   88          - 1876.62302      -     -   14s
     0     0 2421.65921    0  182          - 2421.65921      -     -   20s
     0     0 2422.48859    0  127          - 2422.48859      -     -   21s
     0     0 2422.50704    0  144          - 2422.50704      -     -   21s
H    0     0                    13913.299792 2422.50704  82.6%     -   24s
     0     0 2447.97149    0  139 13913.2998 2447.97149  82.4%     -   25s
H    0     0                    3483.2387500 2447.97149  29.7%     -   33s
     0     0 2464.02831    0  136 3483.23875 2464.02831  29.3%     -   34s
     0     0 2466.94021    0  147 3483.23875 2466.94021  29.2%     -   35s
     0     0 2466.96082    0  148 3483.23875 2466.96082  29.2%     -   35s
     0     0 2478.09687    0  126 3483.23875 2478.09687  28.9%     -   36s
     0     0 3054.05771    0   55 3483.23875 3054.05771  12.3%     -   40s
     0     0 3076.27946    0   56 3483.23875 3076.27946  11.7%     -   41s
     0     0 3076.27946    0   79 3483.23875 3076.27946  11.7%     -   44s
     0     0 3076.36837    0   86 3483.23875 3076.36837  11.7%     -   45s
     0     0 3107.24244    0   93 3483.23875 3107.24244  10.8%     -   46s
     0     0 3107.24244    0  108 3483.23875 3107.24244  10.8%     -   46s
     0     0 3143.81282    0   73 3483.23875 3143.81282  9.74%     -   47s
     0     0 3146.62981    0  152 3483.23875 3146.62981  9.66%     -   47s
     0     0 3147.91455    0  160 3483.23875 3147.91455  9.63%     -   48s
     0     0 3160.41331    0  180 3483.23875 3160.41331  9.27%     -   48s
     0     0 3160.86668    0  181 3483.23875 3160.86668  9.25%     -   48s
     0     0 3160.86668    0  179 3483.23875 3160.86668  9.25%     -   48s
     0     0 3164.87096    0  224 3483.23875 3164.87096  9.14%     -   49s
     0     0 3164.87096    0   52 3483.23875 3164.87096  9.14%     -   51s
     0     0 3164.87096    0  117 3483.23875 3164.87096  9.14%     -   54s
     0     0 3164.87096    0   85 3483.23875 3164.87096  9.14%     -   55s
     0     0 3164.87096    0  110 3483.23875 3164.87096  9.14%     -   55s
     0     0 3164.87096    0  115 3483.23875 3164.87096  9.14%     -   55s
     0     0 3180.01663    0  149 3483.23875 3180.01663  8.71%     -   56s
     0     0 3185.55130    0  125 3483.23875 3185.55130  8.55%     -   57s
     0     0 3187.03483    0  146 3483.23875 3187.03483  8.50%     -   57s
     0     0 3189.13207    0  160 3483.23875 3189.13207  8.44%     -   57s
     0     0 3189.27455    0  145 3483.23875 3189.27455  8.44%     -   57s
     0     0 3189.34227    0  205 3483.23875 3189.34227  8.44%     -   58s
     0     0 3201.85230    0  168 3483.23875 3201.85230  8.08%     -   58s
     0     0 3203.71427    0  151 3483.23875 3203.71427  8.02%     -   58s
     0     0 3204.13091    0  175 3483.23875 3204.13091  8.01%     -   59s
     0     0 3204.13393    0  180 3483.23875 3204.13393  8.01%     -   59s
     0     0 3217.25917    0  200 3483.23875 3217.25917  7.64%     -   59s
     0     0 3217.25917    0   11 3483.23875 3217.25917  7.64%     -   61s
     0     0 3217.25917    0   11 3483.23875 3217.25917  7.64%     -   61s
     0     0 3244.08459    0   35 3483.23875 3244.08459  6.87%     -   61s
     0     0 3245.51134    0   43 3483.23875 3245.51134  6.82%     -   61s
     0     0 3245.51134    0   43 3483.23875 3245.51134  6.82%     -   61s
     0     0 3245.52796    0   43 3483.23875 3245.52796  6.82%     -   61s
     0     0 3298.66687    0   18 3483.23875 3298.66687  5.30%     -   61s
     0     0 3316.95214    0   47 3483.23875 3316.95214  4.77%     -   61s
     0     0 3324.13836    0   49 3483.23875 3324.13836  4.57%     -   61s
     0     0 3324.13836    0   49 3483.23875 3324.13836  4.57%     -   61s
     0     0 3416.67287    0   17 3483.23875 3416.67287  1.91%     -   61s
     0     0 3418.66961    0   14 3483.23875 3418.66961  1.85%     -   61s
     0     0 3418.66961    0   31 3483.23875 3418.66961  1.85%     -   61s
     0     0 3418.66961    0   10 3483.23875 3418.66961  1.85%     -   61s
     0     0 infeasible    0      3483.23875 3483.23875  0.00%     -   61s

Cutting planes:
  Implied bound: 3
  MIR: 5
  Flow cover: 5
  Relax-and-lift: 11

Explored 1 nodes (72507 simplex iterations) in 61.68 seconds
Thread count was 20 (of 40 available processors)

Solution count 2: 3483.24 13913.3 

Optimal solution found (tolerance 1.00e-04)
Best objective 3.483238750000e+03, best bound 3.483238750000e+03, gap 0.0000%
