
Gurobi 9.0.2 (linux64, Python) logging started Thu Dec  3 15:50:02 2020

Using license file /share/apps/gurobi/9.0.2/gurobi_client.lic
Set parameter TokenServer to value 10.1.1.1
Set parameter LogFile to value /storage/users/anderhva/031220-153353/logs/O12-C4-V2-WS0.log
Set parameter LogToConsole to value 0
Changed value of parameter TimeLimit to 3600.0
   Prev: inf  Min: 0.0  Max: inf  Default: inf
Gurobi Optimizer version 9.0.2 build v9.0.2rc0 (linux64)
Optimize a model with 8505 rows, 148320 columns and 856995 nonzeros
Model fingerprint: 0x6c994af3
Variable types: 84 continuous, 148236 integer (148236 binary)
Coefficient statistics:
  Matrix range     [1e+00, 1e+02]
  Objective range  [1e+00, 8e+03]
  Bounds range     [1e+00, 1e+00]
  RHS range        [1e+00, 1e+02]
Presolve removed 588 rows and 3504 columns
Presolve time: 2.46s
Presolved: 7917 rows, 144816 columns, 692361 nonzeros
Variable types: 72 continuous, 144744 integer (144741 binary)

Root simplex log...

Iteration    Objective       Primal Inf.    Dual Inf.      Time
       0    4.3750000e+01   1.252500e+02   0.000000e+00      5s
    9193    1.7102905e+03   1.345968e+02   0.000000e+00     10s
   14912    1.7614657e+03   6.579276e+02   0.000000e+00     15s
   20300    1.9183349e+03   3.012851e+03   0.000000e+00     20s
   21709    1.9463384e+03   0.000000e+00   0.000000e+00     22s

Root relaxation: objective 1.946338e+03, 21709 iterations, 16.70 seconds

    Nodes    |    Current Node    |     Objective Bounds      |     Work
 Expl Unexpl |  Obj  Depth IntInf | Incumbent    BestBd   Gap | It/Node Time

     0     0 1946.33844    0  196          - 1946.33844      -     -   23s
     0     0 2593.60052    0  313          - 2593.60052      -     -   40s
     0     0 2650.11629    0  255          - 2650.11629      -     -   50s
H    0     0                    17767.690417 2650.11629  85.1%     -   65s
     0     0 2657.96819    0  261 17767.6904 2657.96819  85.0%     -   76s
     0     0 2685.29777    0  315 17767.6904 2685.29777  84.9%     -   85s
H    0     0                    7844.2387500 2685.29777  65.8%     -  106s
     0     0 2698.03145    0  293 7844.23875 2698.03145  65.6%     -  107s
     0     0 2698.04692    0  390 7844.23875 2698.04692  65.6%     -  107s
     0     0 2744.46572    0  357 7844.23875 2744.46572  65.0%     -  118s
     0     0 2751.97578    0  380 7844.23875 2751.97578  64.9%     -  121s
     0     0 2754.28513    0  322 7844.23875 2754.28513  64.9%     -  123s
     0     0 2754.36208    0  320 7844.23875 2754.36208  64.9%     -  123s
     0     0 2794.47642    0  374 7844.23875 2794.47642  64.4%     -  132s
     0     0 2807.29693    0  373 7844.23875 2807.29693  64.2%     -  136s
     0     0 2808.45839    0  395 7844.23875 2808.45839  64.2%     -  137s
     0     0 2808.47628    0  397 7844.23875 2808.47628  64.2%     -  138s
H    0     0                    4700.0768750 2808.47628  40.2%     -  143s
     0     0 2883.04795    0  296 4700.07688 2883.04795  38.7%     -  149s
     0     0 2888.00081    0  438 4700.07688 2888.00081  38.6%     -  152s
     0     0 2900.77281    0  391 4700.07688 2900.77281  38.3%     -  154s
     0     0 2900.77302    0  386 4700.07688 2900.77302  38.3%     -  155s
     0     0 2972.22110    0  310 4700.07688 2972.22110  36.8%     -  158s
     0     0 3855.35188    0   86 4700.07688 3855.35188  18.0%     -  179s
H    0     0                    4671.0966667 3855.35188  17.5%     -  181s
     0     0 3926.23251    0  167 4671.09667 3926.23251  15.9%     -  183s
     0     0 3926.23251    0   69 4671.09667 3926.23251  15.9%     -  187s
     0     0 3926.23251    0  114 4671.09667 3926.23251  15.9%     -  190s
     0     0 3940.09378    0  119 4671.09667 3940.09378  15.6%     -  191s
     0     0 3952.67521    0  122 4671.09667 3952.67521  15.4%     -  192s
     0     0 4033.46534    0  104 4671.09667 4033.46534  13.7%     -  193s
     0     0 4036.21438    0   56 4671.09667 4036.21438  13.6%     -  193s
     0     0 4036.93721    0  140 4671.09667 4036.93721  13.6%     -  194s
     0     0 4037.09058    0  139 4671.09667 4037.09058  13.6%     -  194s
     0     0 4037.09058    0  157 4671.09667 4037.09058  13.6%     -  194s
     0     0 4065.58045    0  129 4671.09667 4065.58045  13.0%     -  194s
H    0     0                    4590.5300000 4065.58045  11.4%     -  195s
     0     0 4075.66745    0  126 4590.53000 4075.66745  11.2%     -  195s
     0     0 4076.82998    0  148 4590.53000 4076.82998  11.2%     -  196s
     0     0 4077.23095    0  151 4590.53000 4077.23095  11.2%     -  196s
     0     0 4077.24757    0  188 4590.53000 4077.24757  11.2%     -  196s
     0     0 4081.56959    0  137 4590.53000 4081.56959  11.1%     -  196s
     0     0 4081.56959    0   63 4590.53000 4081.56959  11.1%     -  199s
     0     0 4081.56959    0  116 4590.53000 4081.56959  11.1%     -  200s
     0     0 4081.56959    0  115 4590.53000 4081.56959  11.1%     -  201s
     0     0 4081.56959    0  109 4590.53000 4081.56959  11.1%     -  201s
H    0     0                    4496.5404167 4081.56959  9.23%     -  201s
     0     0 4085.28259    0  140 4496.54042 4085.28259  9.15%     -  202s
H    0     0                    4471.5404167 4085.28259  8.64%     -  202s
     0     0 4086.22009    0  115 4471.54042 4086.22009  8.62%     -  203s
     0     0 4086.24043    0  130 4471.54042 4086.24043  8.62%     -  203s
     0     0 4086.30939    0  158 4471.54042 4086.30939  8.62%     -  203s
     0     0 4089.36730    0  169 4471.54042 4089.36730  8.55%     -  203s
     0     0 4089.36730    0   57 4471.54042 4089.36730  8.55%     -  206s
     0     0 4089.36730    0  131 4471.54042 4089.36730  8.55%     -  208s
     0     0 4097.96326    0   89 4471.54042 4097.96326  8.35%     -  210s
     0     0 4144.58172    0   59 4471.54042 4144.58172  7.31%     -  210s
     0     0 4191.99349    0   65 4471.54042 4191.99349  6.25%     -  211s
     0     0 4193.83102    0   74 4471.54042 4193.83102  6.21%     -  211s
     0     0 4194.63965    0   84 4471.54042 4194.63965  6.19%     -  211s
     0     0 4197.42464    0   83 4471.54042 4197.42464  6.13%     -  211s
     0     0 4224.09884    0   89 4471.54042 4224.09884  5.53%     -  211s
     0     0 4227.68054    0   76 4471.54042 4227.68054  5.45%     -  211s
     0     0 4228.49719    0   83 4471.54042 4228.49719  5.44%     -  211s
     0     0 4257.77243    0  109 4471.54042 4257.77243  4.78%     -  212s
     0     0 4257.77243    0   31 4471.54042 4257.77243  4.78%     -  213s
     0     0 4257.77243    0   35 4471.54042 4257.77243  4.78%     -  213s
     0     0 4257.77243    0   56 4471.54042 4257.77243  4.78%     -  213s
     0     0 4267.13833    0   23 4471.54042 4267.13833  4.57%     -  213s
     0     0 4268.17384    0   26 4471.54042 4268.17384  4.55%     -  213s
     0     0 4303.52470    0   88 4471.54042 4303.52470  3.76%     -  213s
     0     0 4308.58906    0   26 4471.54042 4308.58906  3.64%     -  213s
     0     0 4313.98127    0   44 4471.54042 4313.98127  3.52%     -  213s
     0     0 4315.15995    0   47 4471.54042 4315.15995  3.50%     -  213s
     0     0 4315.84692    0   43 4471.54042 4315.84692  3.48%     -  213s
     0     0 4316.11133    0   52 4471.54042 4316.11133  3.48%     -  213s
     0     0 4322.92152    0  124 4471.54042 4322.92152  3.32%     -  213s
     0     0 4322.92152    0   38 4471.54042 4322.92152  3.32%     -  214s
     0     0 4322.92152    0   53 4471.54042 4322.92152  3.32%     -  214s
     0     0 4322.92152    0   75 4471.54042 4322.92152  3.32%     -  214s
     0     0 4322.92152    0   68 4471.54042 4322.92152  3.32%     -  214s
     0     0 4322.94642    0   81 4471.54042 4322.94642  3.32%     -  214s
     0     0 4323.28824    0   79 4471.54042 4323.28824  3.32%     -  214s
     0     0 4352.47443    0   43 4471.54042 4352.47443  2.66%     -  214s
     0     0 4354.70824    0   48 4471.54042 4354.70824  2.61%     -  214s
     0     0 4368.34797    0   29 4471.54042 4368.34797  2.31%     -  214s
     0     0 4370.81761    0   31 4471.54042 4370.81761  2.25%     -  214s
     0     0 4371.88701    0  101 4471.54042 4371.88701  2.23%     -  214s
     0     0 4372.07875    0   31 4471.54042 4372.07875  2.22%     -  214s
     0     0 4381.58468    0  103 4471.54042 4381.58468  2.01%     -  214s
     0     0 4388.17277    0  114 4471.54042 4388.17277  1.86%     -  215s
     0     0 4397.60292    0  117 4471.54042 4397.60292  1.65%     -  215s
     0     0 4407.06485    0  105 4471.54042 4407.06485  1.44%     -  215s
     0     0 4424.90708    0   98 4471.54042 4424.90708  1.04%     -  215s
     0     0 4424.90708    0   29 4471.54042 4424.90708  1.04%     -  215s
     0     0 4424.90708    0   30 4471.54042 4424.90708  1.04%     -  215s
     0     0 4424.90708    0   40 4471.54042 4424.90708  1.04%     -  215s
     0     0 4427.39229    0   34 4471.54042 4427.39229  0.99%     -  215s
     0     0 4428.16638    0   43 4471.54042 4428.16638  0.97%     -  215s
     0     0 4428.48056    0   41 4471.54042 4428.48056  0.96%     -  215s
     0     0 4437.39161    0   21 4471.54042 4437.39161  0.76%     -  215s
     0     0 4437.39161    0   24 4471.54042 4437.39161  0.76%     -  215s

Cutting planes:
  Gomory: 8
  Implied bound: 14
  MIR: 14
  Flow cover: 15
  RLT: 11
  Relax-and-lift: 35

Explored 1 nodes (119106 simplex iterations) in 215.46 seconds
Thread count was 20 (of 40 available processors)

Solution count 7: 4471.54 4496.54 4590.53 ... 17767.7

Optimal solution found (tolerance 1.00e-04)
Best objective 4.471540416667e+03, best bound 4.471540416667e+03, gap 0.0000%
