
Gurobi 9.0.2 (linux64, Python) logging started Thu Dec  3 15:53:53 2020

Using license file /share/apps/gurobi/9.0.2/gurobi_client.lic
Set parameter TokenServer to value 10.1.1.1
Set parameter LogFile to value /storage/users/anderhva/031220-153353/logs/O14-C1-V2-WS0.log
Set parameter LogToConsole to value 0
Changed value of parameter TimeLimit to 3600.0
   Prev: inf  Min: 0.0  Max: inf  Default: inf
Gurobi Optimizer version 9.0.2 build v9.0.2rc0 (linux64)
Optimize a model with 9664 rows, 179541 columns and 1039395 nonzeros
Model fingerprint: 0xc58ab45c
Variable types: 96 continuous, 179445 integer (179445 binary)
Coefficient statistics:
  Matrix range     [1e+00, 1e+02]
  Objective range  [1e+00, 1e+04]
  Bounds range     [1e+00, 1e+00]
  RHS range        [1e+00, 1e+02]
Presolve removed 674 rows and 5169 columns
Presolve time: 3.08s
Presolved: 8990 rows, 174372 columns, 836904 nonzeros
Variable types: 84 continuous, 174288 integer (174285 binary)

Root simplex log...

Iteration    Objective       Primal Inf.    Dual Inf.      Time
       0    5.7500000e+01   1.523750e+02   0.000000e+00      6s
    8480    2.1243784e+03   2.581557e+03   0.000000e+00     10s
   12020    2.1322530e+03   5.656389e+02   0.000000e+00     15s
   15260    2.1985656e+03   8.245123e+02   0.000000e+00     20s
   20196    2.4920854e+03   3.056374e+04   0.000000e+00     25s
   23784    2.5471338e+03   5.264050e+02   0.000000e+00     30s
   25591    2.5859699e+03   0.000000e+00   0.000000e+00     33s

Root relaxation: objective 2.585970e+03, 25591 iterations, 27.51 seconds

    Nodes    |    Current Node    |     Objective Bounds      |     Work
 Expl Unexpl |  Obj  Depth IntInf | Incumbent    BestBd   Gap | It/Node Time

     0     0 2585.96990    0  196          - 2585.96990      -     -   35s
     0     0 3434.06372    0  183          - 3434.06372      -     -   51s
     0     0 3465.48570    0  153          - 3465.48570      -     -   78s
     0     0 3519.03567    0  137          - 3519.03567      -     -   83s
     0     0 3535.47780    0  133          - 3535.47780      -     -   85s
     0     0 3542.61273    0  155          - 3542.61273      -     -   86s
     0     0 3543.48134    0  158          - 3543.48134      -     -   87s
     0     0 3543.51586    0  167          - 3543.51586      -     -   87s
     0     0 3583.35126    0  160          - 3583.35126      -     -   92s
     0     0 3587.27842    0  156          - 3587.27842      -     -   94s
     0     0 3590.31801    0  159          - 3590.31801      -     -   95s
     0     0 3590.37264    0  180          - 3590.37264      -     -   95s
     0     0 3606.70236    0  158          - 3606.70236      -     -   99s
     0     0 3608.80757    0  180          - 3608.80757      -     -  101s
     0     0 3608.91269    0  192          - 3608.91269      -     -  101s
     0     0 3641.44070    0  205          - 3641.44070      -     -  106s
     0     0 3641.46466    0  187          - 3641.46466      -     -  106s
     0     0 3650.43048    0  191          - 3650.43048      -     -  109s
     0     0 3651.72026    0  224          - 3651.72026      -     -  111s
     0     0 3651.77325    0  246          - 3651.77325      -     -  111s
H    0     0                    5111.7512500 3651.77325  28.6%     -  114s
     0     0 3679.93871    0  163 5111.75125 3679.93871  28.0%     -  115s
H    0     0                    5110.1929167 3679.93871  28.0%     -  126s
     0     0 3680.54746    0  178 5110.19292 3680.54746  28.0%     -  127s
     0     0 3680.54989    0  185 5110.19292 3680.54989  28.0%     -  127s
     0     0 3689.09014    0  244 5110.19292 3689.09014  27.8%     -  129s
     0     0 3842.95878    0  161 5110.19292 3842.95878  24.8%     -  155s
H    0     0                    4817.3762500 3842.95878  20.2%     -  161s
H    0     0                    4780.8366667 3842.95878  19.6%     -  179s
H    0     0                    4761.3962500 3842.95878  19.3%     -  183s
     0     0 4100.86419    0  134 4761.39625 4100.86419  13.9%     -  191s
     0     0 4105.37886    0  105 4761.39625 4105.37886  13.8%     -  192s
     0     0 4106.00811    0  139 4761.39625 4106.00811  13.8%     -  193s
     0     0 4152.55023    0  183 4761.39625 4152.55023  12.8%     -  195s
     0     0 4152.55023    0  109 4761.39625 4152.55023  12.8%     -  208s
H    0     0                    4691.9650000 4152.55023  11.5%     -  208s
H    0     0                    4662.6704167 4152.55023  10.9%     -  212s
     0     0 4152.55023    0  149 4662.67042 4152.55023  10.9%     -  213s
H    0     0                    4604.4920833 4152.55023  9.82%     -  215s
     0     0 4180.35947    0  115 4604.49208 4180.35947  9.21%     -  216s
     0     0 4190.03223    0  143 4604.49208 4190.03223  9.00%     -  217s
     0     0 4195.67896    0  134 4604.49208 4195.67896  8.88%     -  217s
     0     0 4227.56093    0  211 4604.49208 4227.56093  8.19%     -  219s
     0     0 4227.56093    0  106 4604.49208 4227.56093  8.19%     -  228s
     0     0 4227.56093    0  159 4604.49208 4227.56093  8.19%     -  231s
     0     0 4227.56093    0  230 4604.49208 4227.56093  8.19%     -  234s
     0     0 4227.56093    0  164 4604.49208 4227.56093  8.19%     -  234s
     0     0 4227.90202    0  188 4604.49208 4227.90202  8.18%     -  235s
     0     0 4228.74718    0  194 4604.49208 4228.74718  8.16%     -  235s
     0     0 4248.98031    0  251 4604.49208 4248.98031  7.72%     -  238s
H    0     0                    4604.4919822 4248.98031  7.72%     -  239s
     0     0 4253.80766    0  296 4604.49198 4253.80766  7.62%     -  240s
     0     0 4254.84388    0  236 4604.49198 4254.84388  7.59%     -  240s
     0     0 4255.11860    0  253 4604.49198 4255.11860  7.59%     -  240s
     0     0 4255.13171    0  246 4604.49198 4255.13171  7.59%     -  240s
     0     0 4272.68208    0  362 4604.49198 4272.68208  7.21%     -  242s
     0     0 4275.84813    0  288 4604.49198 4275.84813  7.14%     -  244s
     0     0 4276.16640    0  408 4604.49198 4276.16640  7.13%     -  244s
     0     0 4276.17405    0  382 4604.49198 4276.17405  7.13%     -  244s
     0     0 4284.11182    0  432 4604.49198 4284.11182  6.96%     -  246s
     0     0 4284.45724    0  403 4604.49198 4284.45724  6.95%     -  247s
     0     0 4284.57794    0  474 4604.49198 4284.57794  6.95%     -  248s
     0     0 4284.58164    0  470 4604.49198 4284.58164  6.95%     -  248s
     0     0 4293.41220    0  399 4604.49198 4293.41220  6.76%     -  250s
H    0     0                    4604.4919816 4293.41220  6.76%     -  251s
     0     0 4294.27547    0  448 4604.49198 4294.27547  6.74%     -  251s
     0     0 4294.28552    0  403 4604.49198 4294.28552  6.74%     -  251s
     0     0 4298.45722    0  323 4604.49198 4298.45722  6.65%     -  253s
     0     0 4299.75218    0  461 4604.49198 4299.75218  6.62%     -  255s
     0     0 4299.82767    0  477 4604.49198 4299.82767  6.62%     -  255s
     0     0 4299.83090    0  491 4604.49198 4299.83090  6.62%     -  255s
     0     0 4303.31749    0  548 4604.49198 4303.31749  6.54%     -  257s
     0     0 4303.41065    0  566 4604.49198 4303.41065  6.54%     -  258s
     0     0 4303.41888    0  590 4604.49198 4303.41888  6.54%     -  258s
     0     0 4306.92231    0  374 4604.49198 4306.92231  6.46%     -  259s
     0     0 4307.97110    0  532 4604.49198 4307.97110  6.44%     -  260s
     0     0 4308.04552    0  513 4604.49198 4308.04552  6.44%     -  261s
     0     0 4308.57904    0  407 4604.49198 4308.57904  6.43%     -  261s
     0     0 4308.74082    0  400 4604.49198 4308.74082  6.42%     -  261s
     0     0 4308.75035    0  438 4604.49198 4308.75035  6.42%     -  262s
     0     0 4312.59128    0  468 4604.49198 4312.59128  6.34%     -  263s
     0     0 4313.51385    0  469 4604.49198 4313.51385  6.32%     -  264s
     0     0 4313.57956    0  486 4604.49198 4313.57956  6.32%     -  264s
     0     0 4315.20312    0  494 4604.49198 4315.20312  6.28%     -  265s
     0     0 4315.29571    0  473 4604.49198 4315.29571  6.28%     -  267s
     0     0 4315.35843    0  468 4604.49198 4315.35843  6.28%     -  267s
     0     0 4318.55261    0  461 4604.49198 4318.55261  6.21%     -  268s
     0     0 4318.82549    0  542 4604.49198 4318.82549  6.20%     -  269s
     0     0 4318.92400    0  572 4604.49198 4318.92400  6.20%     -  270s
     0     0 4319.01652    0  459 4604.49198 4319.01652  6.20%     -  270s
     0     0 4319.01934    0  526 4604.49198 4319.01934  6.20%     -  270s
     0     0 4320.60563    0  389 4604.49198 4320.60563  6.17%     -  271s
     0     0 4321.09241    0  570 4604.49198 4321.09241  6.15%     -  272s
     0     0 4321.10552    0  548 4604.49198 4321.10552  6.15%     -  272s
     0     0 4322.48200    0  548 4604.49198 4322.48200  6.12%     -  273s
     0     0 4322.65367    0  557 4604.49198 4322.65367  6.12%     -  274s
     0     0 4322.65384    0  562 4604.49198 4322.65384  6.12%     -  274s
     0     0 4324.19850    0  525 4604.49198 4324.19850  6.09%     -  275s
     0     0 4324.36460    0  618 4604.49198 4324.36460  6.08%     -  276s
     0     0 4325.28062    0  685 4604.49198 4325.28062  6.06%     -  276s
     0     0 4325.28280    0  694 4604.49198 4325.28280  6.06%     -  276s
     0     0 4326.84035    0  570 4604.49198 4326.84035  6.03%     -  278s
     0     0 4326.92183    0  613 4604.49198 4326.92183  6.03%     -  278s
     0     0 4327.37107    0  546 4604.49198 4327.37107  6.02%     -  279s
     0     0 4327.40636    0  586 4604.49198 4327.40636  6.02%     -  279s
     0     0 4328.31415    0  680 4604.49198 4328.31415  6.00%     -  280s
     0     0 4328.31415    0  680 4604.49198 4328.31415  6.00%     -  283s
H    0     0                    4604.4903157 4328.31415  6.00%     -  288s
     0     0 4328.31415    0  100 4604.49032 4328.31415  6.00%     -  295s
H    0     0                    4604.4900174 4328.31415  6.00%     -  296s
     0     0 4328.31415    0  148 4604.49002 4328.31415  6.00%     -  298s
     0     0 4328.31415    0  262 4604.49002 4328.31415  6.00%     -  302s
     0     0 4328.31415    0  419 4604.49002 4328.31415  6.00%     -  305s
     0     0 4328.31415    0  389 4604.49002 4328.31415  6.00%     -  306s
     0     0 4328.31415    0  421 4604.49002 4328.31415  6.00%     -  307s
     0     0 4328.31415    0  511 4604.49002 4328.31415  6.00%     -  308s
     0     0 4328.31415    0  519 4604.49002 4328.31415  6.00%     -  309s
H    0     0                    4604.4898851 4328.31415  6.00%     -  309s
     0     0 4328.31415    0  561 4604.48989 4328.31415  6.00%     -  310s
     0     0 4328.31415    0  560 4604.48989 4328.31415  6.00%     -  311s
     0     0 4328.31415    0  581 4604.48989 4328.31415  6.00%     -  312s
     0     0 4328.31415    0  610 4604.48989 4328.31415  6.00%     -  312s
     0     0 4328.31415    0  610 4604.48989 4328.31415  6.00%     -  313s
     0     0 4329.57922    0  547 4604.48989 4329.57922  5.97%     -  315s
     0     0 4329.64055    0  616 4604.48989 4329.64055  5.97%     -  316s
H    0     0                    4604.4898145 4329.64055  5.97%     -  317s
     0     0 4330.91090    0  515 4604.48981 4330.91090  5.94%     -  317s
     0     0 4330.92256    0  538 4604.48981 4330.92256  5.94%     -  318s
     0     0 4331.08425    0  640 4604.48981 4331.08425  5.94%     -  319s
     0     0 4331.08582    0  683 4604.48981 4331.08582  5.94%     -  321s
     0     0 4331.70827    0  467 4604.48981 4331.70827  5.92%     -  321s
     0     0 4331.70827    0  467 4604.48981 4331.70827  5.92%     -  324s
     0     2 4331.70827    0  467 4604.48981 4331.70827  5.92%     -  327s
     1     4 4333.21052    1  531 4604.48981 4332.34517  5.91%   679  339s
     3     6 4334.83794    2  543 4604.48981 4333.21052  5.89%  1236  351s
     7    12 4341.93286    3  429 4604.48981 4334.84508  5.86%  1277  358s
    13    24 4344.77619    4  552 4604.48981 4341.99516  5.70%  1485  365s
    45    51 4364.38293    6  292 4604.48981 4356.82290  5.38%  1249  373s
    65    60 4372.00135    7  158 4604.48981 4356.82290  5.38%  1098  375s
   133   120 4378.61862   10  172 4604.48981 4356.82290  5.38%   760  380s
   287   189 4389.73073   14   99 4604.48981 4356.82290  5.38%   485  385s
   498   292 4406.09288   20  132 4604.48981 4356.82290  5.38%   347  390s
   689   314 4418.37456   26   81 4604.48981 4356.82290  5.38%   299  395s
  1016   416 4480.50057   40   69 4604.48981 4356.82290  5.38%   265  427s
  1195   484 4543.37464   43   51 4604.48981 4356.82290  5.38%   244  430s
  1585   494 4470.84748    7  114 4604.48981 4378.00281  4.92%   232  436s
  2088   476 4426.53634    9  226 4604.48981 4382.26542  4.83%   214  440s
  3279     0     cutoff   22      4604.48981 4523.41038  1.76%   173  445s

Cutting planes:
  Cover: 2
  Implied bound: 207
  MIR: 18
  StrongCG: 1
  Flow cover: 12
  Zero half: 32
  RLT: 19
  Relax-and-lift: 156

Explored 3310 nodes (733886 simplex iterations) in 445.53 seconds
Thread count was 20 (of 40 available processors)

Solution count 8: 4604.49 4662.67 4691.97 ... 5111.75
No other solutions better than 4604.49

Optimal solution found (tolerance 1.00e-04)
Best objective 4.604489101563e+03, best bound 4.604489101563e+03, gap 0.0000%
