
Gurobi 9.0.2 (linux64, Python) logging started Thu Dec  3 16:18:31 2020

Using license file /share/apps/gurobi/9.0.2/gurobi_client.lic
Set parameter TokenServer to value 10.1.1.1
Set parameter LogFile to value /storage/users/anderhva/031220-153353/logs/O14-C4-V2-WS0.log
Set parameter LogToConsole to value 0
Changed value of parameter TimeLimit to 3600.0
   Prev: inf  Min: 0.0  Max: inf  Default: inf
Gurobi Optimizer version 9.0.2 build v9.0.2rc0 (linux64)
Optimize a model with 10102 rows, 203064 columns and 1179444 nonzeros
Model fingerprint: 0x3110f5f7
Variable types: 96 continuous, 202968 integer (202968 binary)
Coefficient statistics:
  Matrix range     [1e+00, 1e+02]
  Objective range  [1e+00, 9e+03]
  Bounds range     [1e+00, 1e+00]
  RHS range        [1e+00, 1e+02]
Presolve removed 713 rows and 4773 columns
Presolve time: 3.69s
Presolved: 9389 rows, 198291 columns, 954021 nonzeros
Variable types: 84 continuous, 198207 integer (198204 binary)

Root simplex log...

Iteration    Objective       Primal Inf.    Dual Inf.      Time
       0    6.1250000e+01   1.431250e+02   0.000000e+00      8s
    5837    1.8255435e+03   5.246291e+02   0.000000e+00     10s
   10849    1.8562992e+03   9.858371e+01   0.000000e+00     15s
   15058    1.9172691e+03   3.001501e+02   0.000000e+00     20s
   18231    1.9670462e+03   1.677403e+03   0.000000e+00     25s
   21110    2.1647196e+03   2.973395e+04   0.000000e+00     30s
   22261    2.2091717e+03   0.000000e+00   0.000000e+00     32s

Root relaxation: objective 2.209172e+03, 22261 iterations, 24.35 seconds

    Nodes    |    Current Node    |     Objective Bounds      |     Work
 Expl Unexpl |  Obj  Depth IntInf | Incumbent    BestBd   Gap | It/Node Time

     0     0 2209.17174    0  237          - 2209.17174      -     -   34s
     0     0 3145.89829    0  235          - 3145.89829      -     -   56s
     0     0 3145.89829    0  205          - 3145.89829      -     -   57s
     0     0 3187.52095    0  229          - 3187.52095      -     -   69s
     0     0 3188.68374    0  246          - 3188.68374      -     -   80s
     0     0 3226.36917    0  240          - 3226.36917      -     -   92s
     0     0 3227.26620    0  330          - 3227.26620      -     -   96s
     0     0 3227.30804    0  321          - 3227.30804      -     -   99s
     0     0 3280.45845    0  247          - 3280.45845      -     -  112s
     0     0 3282.25404    0  272          - 3282.25404      -     -  115s
     0     0 3284.13575    0  327          - 3284.13575      -     -  118s
     0     0 3284.15861    0  328          - 3284.15861      -     -  119s
     0     0 3338.98013    0  306          - 3338.98013      -     -  128s
     0     0 3340.08042    0  317          - 3340.08042      -     -  130s
     0     0 3341.30795    0  351          - 3341.30795      -     -  133s
     0     0 3341.57890    0  358          - 3341.57890      -     -  134s
     0     0 3391.61739    0  302          - 3391.61739      -     -  145s
     0     0 3396.21895    0  396          - 3396.21895      -     -  152s
     0     0 3396.86395    0  441          - 3396.86395      -     -  154s
     0     0 3449.29042    0  280          - 3449.29042      -     -  162s
     0     0 3450.83155    0  251          - 3450.83155      -     -  163s
     0     0 3452.23021    0  295          - 3452.23021      -     -  165s
     0     0 3452.69703    0  360          - 3452.69703      -     -  167s
     0     0 3452.74406    0  362          - 3452.74406      -     -  168s
     0     0 3490.95740    0  353          - 3490.95740      -     -  175s
     0     0 3491.24697    0  350          - 3491.24697      -     -  176s
     0     0 3506.14351    0  253          - 3506.14351      -     -  182s
     0     0 3511.24737    0  245          - 3511.24737      -     -  185s
     0     0 3549.41128    0  319          - 3549.41128      -     -  192s
H    0     0                    33344.082708 3549.41128  89.4%     -  193s
H    0     0                    4862.2370833 3549.41128  27.0%     -  222s
     0     0 3551.67781    0  329 4862.23708 3551.67781  27.0%     -  224s
     0     0 3554.38491    0  330 4862.23708 3554.38491  26.9%     -  226s
     0     0 3554.58566    0  359 4862.23708 3554.58566  26.9%     -  226s
     0     0 3573.21252    0  241 4862.23708 3573.21252  26.5%     -  230s
     0     0 3996.01197    0  140 4862.23708 3996.01197  17.8%     -  253s
     0     0 4095.35928    0  178 4862.23708 4095.35928  15.8%     -  260s
     0     0 4095.35928    0  167 4862.23708 4095.35928  15.8%     -  273s
     0     0 4095.35928    0  281 4862.23708 4095.35928  15.8%     -  280s
     0     0 4130.16471    0  254 4862.23708 4130.16471  15.1%     -  285s
     0     0 4187.91089    0  254 4862.23708 4187.91089  13.9%     -  289s
     0     0 4190.40064    0  224 4862.23708 4190.40064  13.8%     -  292s
     0     0 4190.51016    0  245 4862.23708 4190.51016  13.8%     -  292s
     0     0 4203.56297    0  194 4862.23708 4203.56297  13.5%     -  293s
     0     0 4206.04606    0  194 4862.23708 4206.04606  13.5%     -  293s
     0     0 4209.07745    0  155 4862.23708 4209.07745  13.4%     -  294s
     0     0 4209.48302    0  196 4862.23708 4209.48302  13.4%     -  294s
     0     0 4217.59530    0  275 4862.23708 4217.59530  13.3%     -  297s
     0     0 4225.27050    0  322 4862.23708 4225.27050  13.1%     -  298s
     0     0 4227.43330    0  330 4862.23708 4227.43330  13.1%     -  299s
     0     0 4227.44073    0  359 4862.23708 4227.44073  13.1%     -  300s
     0     0 4233.17298    0  330 4862.23708 4233.17298  12.9%     -  301s
     0     0 4233.93688    0  353 4862.23708 4233.93688  12.9%     -  302s
     0     0 4234.00091    0  379 4862.23708 4234.00091  12.9%     -  303s
     0     0 4246.37337    0  237 4862.23708 4246.37337  12.7%     -  305s
     0     0 4247.39754    0  183 4862.23708 4247.39754  12.6%     -  307s
     0     0 4247.40429    0  242 4862.23708 4247.40429  12.6%     -  307s
     0     0 4251.70369    0  386 4862.23708 4251.70369  12.6%     -  309s
     0     0 4252.12289    0  386 4862.23708 4252.12289  12.5%     -  310s
     0     0 4252.36144    0  422 4862.23708 4252.36144  12.5%     -  310s
     0     0 4252.69894    0  425 4862.23708 4252.69894  12.5%     -  310s
     0     0 4254.33438    0  185 4862.23708 4254.33438  12.5%     -  311s
     0     0 4254.83113    0  326 4862.23708 4254.83113  12.5%     -  313s
     0     0 4254.95647    0  391 4862.23708 4254.95647  12.5%     -  313s
     0     0 4257.45906    0  301 4862.23708 4257.45906  12.4%     -  315s
     0     0 4257.55361    0  343 4862.23708 4257.55361  12.4%     -  316s
     0     0 4257.57619    0  351 4862.23708 4257.57619  12.4%     -  316s
     0     0 4259.73998    0  213 4862.23708 4259.73998  12.4%     -  317s
     0     0 4259.94314    0  262 4862.23708 4259.94314  12.4%     -  318s
     0     0 4259.96969    0  268 4862.23708 4259.96969  12.4%     -  318s
     0     0 4261.85544    0  239 4862.23708 4261.85544  12.3%     -  319s
     0     0 4262.43734    0  341 4862.23708 4262.43734  12.3%     -  320s
     0     0 4262.52200    0  340 4862.23708 4262.52200  12.3%     -  321s
     0     0 4262.52200    0  340 4862.23708 4262.52200  12.3%     -  321s
     0     0 4265.29206    0  299 4862.23708 4265.29206  12.3%     -  322s
     0     0 4265.37329    0  363 4862.23708 4265.37329  12.3%     -  323s
     0     0 4265.50261    0  305 4862.23708 4265.50261  12.3%     -  323s
     0     0 4265.53478    0  319 4862.23708 4265.53478  12.3%     -  323s
     0     0 4266.49419    0  356 4862.23708 4266.49419  12.3%     -  324s
H    0     0                    4862.2370334 4266.49419  12.3%     -  326s
     0     0 4266.74774    0  370 4862.23703 4266.74774  12.2%     -  327s
     0     0 4267.01063    0  390 4862.23703 4267.01063  12.2%     -  327s
     0     0 4267.04530    0  375 4862.23703 4267.04530  12.2%     -  327s
     0     0 4269.30630    0  437 4862.23703 4269.30630  12.2%     -  329s
     0     0 4269.44997    0  469 4862.23703 4269.44997  12.2%     -  330s
     0     0 4269.56677    0  453 4862.23703 4269.56677  12.2%     -  330s
     0     0 4269.63905    0  500 4862.23703 4269.63905  12.2%     -  330s
     0     0 4270.11000    0  361 4862.23703 4270.11000  12.2%     -  331s
     0     0 4270.22460    0  530 4862.23703 4270.22460  12.2%     -  331s
     0     0 4270.25218    0  513 4862.23703 4270.25218  12.2%     -  332s
     0     0 4272.56518    0  401 4862.23703 4272.56518  12.1%     -  333s
     0     0 4272.61246    0  360 4862.23703 4272.61246  12.1%     -  334s
     0     0 4274.74423    0  476 4862.23703 4274.74423  12.1%     -  336s
     0     0 4274.76587    0  463 4862.23703 4274.76587  12.1%     -  337s
     0     0 4276.78661    0  428 4862.23703 4276.78661  12.0%     -  338s
     0     0 4276.91322    0  426 4862.23703 4276.91322  12.0%     -  339s
     0     0 4277.73372    0  433 4862.23703 4277.73372  12.0%     -  340s
     0     0 4277.80335    0  476 4862.23703 4277.80335  12.0%     -  340s
     0     0 4278.98782    0  515 4862.23703 4278.98782  12.0%     -  341s
     0     0 4278.98782    0  137 4862.23703 4278.98782  12.0%     -  355s
H    0     0                    4862.2367881 4278.98782  12.0%     -  357s
     0     0 4278.98782    0  115 4862.23679 4278.98782  12.0%     -  360s
H    0     0                    4862.2367705 4278.98782  12.0%     -  361s
H    0     0                    4862.2367610 4278.98782  12.0%     -  364s
     0     0 4284.63992    0  282 4862.23676 4284.63992  11.9%     -  365s
     0     0 4301.86624    0  223 4862.23676 4301.86624  11.5%     -  367s
     0     0 4306.92302    0  231 4862.23676 4306.92302  11.4%     -  368s
     0     0 4307.18485    0  333 4862.23676 4307.18485  11.4%     -  369s
     0     0 4307.23921    0  277 4862.23676 4307.23921  11.4%     -  369s
     0     0 4307.98946    0  293 4862.23676 4307.98946  11.4%     -  370s
     0     0 4308.35660    0  346 4862.23676 4308.35660  11.4%     -  370s
     0     0 4308.49687    0  341 4862.23676 4308.49687  11.4%     -  371s
     0     0 4308.49687    0  341 4862.23676 4308.49687  11.4%     -  371s
     0     0 4324.77674    0  443 4862.23676 4324.77674  11.1%     -  374s
H    0     0                    4862.2365979 4324.77674  11.1%     -  375s
     0     0 4325.40074    0  426 4862.23660 4325.40074  11.0%     -  376s
     0     0 4325.77554    0  460 4862.23660 4325.77554  11.0%     -  376s
     0     0 4325.80308    0  460 4862.23660 4325.80308  11.0%     -  376s
     0     0 4330.90909    0  446 4862.23660 4330.90909  10.9%     -  378s
     0     0 4331.42931    0  461 4862.23660 4331.42931  10.9%     -  381s
     0     0 4331.81869    0  387 4862.23660 4331.81869  10.9%     -  381s
     0     0 4331.84578    0  485 4862.23660 4331.84578  10.9%     -  382s
     0     0 4336.09217    0  533 4862.23660 4336.09217  10.8%     -  384s
     0     0 4338.11895    0  509 4862.23660 4338.11895  10.8%     -  385s
     0     0 4338.22360    0  539 4862.23660 4338.22360  10.8%     -  385s
     0     0 4338.22489    0  525 4862.23660 4338.22489  10.8%     -  386s
     0     0 4341.01915    0  443 4862.23660 4341.01915  10.7%     -  387s
     0     0 4341.20151    0  466 4862.23660 4341.20151  10.7%     -  388s
     0     0 4341.24253    0  436 4862.23660 4341.24253  10.7%     -  388s
     0     0 4342.04475    0  500 4862.23660 4342.04475  10.7%     -  390s
     0     0 4342.30020    0  527 4862.23660 4342.30020  10.7%     -  392s
     0     0 4342.30441    0  535 4862.23660 4342.30441  10.7%     -  392s
     0     0 4344.70877    0  420 4862.23660 4344.70877  10.6%     -  394s
     0     0 4345.06682    0  456 4862.23660 4345.06682  10.6%     -  394s
     0     0 4345.30691    0  480 4862.23660 4345.30691  10.6%     -  395s
     0     0 4345.38019    0  451 4862.23660 4345.38019  10.6%     -  395s
     0     0 4347.31794    0  428 4862.23660 4347.31794  10.6%     -  397s
     0     0 4347.86958    0  483 4862.23660 4347.86958  10.6%     -  398s
     0     0 4347.91235    0  462 4862.23660 4347.91235  10.6%     -  398s
     0     0 4349.11738    0  502 4862.23660 4349.11738  10.6%     -  400s
     0     0 4349.32845    0  547 4862.23660 4349.32845  10.5%     -  400s
     0     0 4349.47973    0  533 4862.23660 4349.47973  10.5%     -  401s
     0     0 4349.48600    0  578 4862.23660 4349.48600  10.5%     -  401s
     0     0 4350.13599    0  534 4862.23660 4350.13599  10.5%     -  402s
     0     0 4350.22020    0  528 4862.23660 4350.22020  10.5%     -  403s
     0     0 4350.63855    0  528 4862.23660 4350.63855  10.5%     -  404s
     0     0 4350.63855    0  528 4862.23660 4350.63855  10.5%     -  407s
     0     0 4350.63855    0  123 4862.23660 4350.63855  10.5%     -  422s
     0     0 4350.63855    0  204 4862.23660 4350.63855  10.5%     -  428s
     0     0 4350.63855    0  203 4862.23660 4350.63855  10.5%     -  434s
     0     0 4350.63855    0  273 4862.23660 4350.63855  10.5%     -  437s
     0     0 4350.63855    0  251 4862.23660 4350.63855  10.5%     -  438s
     0     0 4350.63855    0  364 4862.23660 4350.63855  10.5%     -  440s
     0     0 4351.25168    0  451 4862.23660 4351.25168  10.5%     -  441s
     0     0 4351.26949    0  469 4862.23660 4351.26949  10.5%     -  442s
     0     0 4353.96084    0  521 4862.23660 4353.96084  10.5%     -  444s
     0     0 4354.32548    0  531 4862.23660 4354.32548  10.4%     -  446s
     0     0 4354.51855    0  577 4862.23660 4354.51855  10.4%     -  447s
     0     0 4354.53455    0  576 4862.23660 4354.53455  10.4%     -  447s
     0     0 4356.27068    0  517 4862.23660 4356.27068  10.4%     -  449s
     0     0 4356.66182    0  536 4862.23660 4356.66182  10.4%     -  452s
     0     0 4356.68018    0  592 4862.23660 4356.68018  10.4%     -  452s
     0     0 4357.50140    0  577 4862.23660 4357.50140  10.4%     -  453s
     0     0 4358.13318    0  523 4862.23660 4358.13318  10.4%     -  454s
     0     0 4358.13775    0  522 4862.23660 4358.13775  10.4%     -  454s
     0     0 4359.23548    0  560 4862.23660 4359.23548  10.3%     -  455s
     0     0 4359.35666    0  561 4862.23660 4359.35666  10.3%     -  455s
     0     0 4359.36759    0  529 4862.23660 4359.36759  10.3%     -  456s
     0     0 4360.09273    0  530 4862.23660 4360.09273  10.3%     -  457s
     0     0 4360.12869    0  543 4862.23660 4360.12869  10.3%     -  457s
     0     0 4360.43924    0  528 4862.23660 4360.43924  10.3%     -  458s
     0     0 4360.43924    0  528 4862.23660 4360.43924  10.3%     -  461s
     0     2 4360.43924    0  526 4862.23660 4360.43924  10.3%     -  468s
     1     5 4364.31330    1  516 4862.23660 4360.44055  10.3%   952  480s
     3     8 4375.72208    2  500 4862.23660 4364.31397  10.2%  2071  487s
     7    16 4387.34391    3  506 4862.23660 4370.14903  10.1%  1624  493s
    15    24 4392.63998    4  480 4862.23660 4380.31371  9.91%  1575  499s
    31    35 4393.61707    5  512 4862.23660 4392.75026  9.66%  1613  505s
    71    51 4400.45148    7  504 4862.23660 4393.67800  9.64%  1231  510s
   111    70 4437.24023    9  387 4862.23660 4393.67800  9.64%  1026  515s
   164    83 4424.21310   10  566 4862.23660 4393.67800  9.64%   881  520s
   222   107 4445.69997   12  369 4862.23660 4393.67800  9.64%   814  525s
   332   138 infeasible   13      4862.23660 4393.67800  9.64%   753  531s
   458   207 4474.34721   16  340 4862.23660 4393.67800  9.64%   698  536s
   562   238 4506.65377   20  349 4862.23660 4393.67800  9.64%   662  541s
   610   250     cutoff   20      4862.23660 4393.67800  9.64%   666  545s
   836   352 4535.64515   22  298 4862.23660 4393.67800  9.64%   604  551s
  1013   409 4565.50322   24  195 4862.23660 4393.67800  9.64%   562  556s
  1246   439 4601.59268   29  142 4862.23660 4393.67800  9.64%   519  561s
  1480   433 infeasible   34      4862.23660 4467.14129  8.13%   494  587s
  1675   468 4495.59702    8  247 4862.23660 4470.72412  8.05%   473  590s
  2289   538 4829.13700   23   83 4862.23660 4470.72412  8.05%   390  595s
  2955   573     cutoff    8      4862.23660 4543.95771  6.55%   337  603s
  3137   643 4602.65270    9  193 4862.23660 4543.95771  6.55%   325  606s
  4691   139 4789.69884   32   19 4862.23660 4685.00546  3.65%   240  610s

Cutting planes:
  Cover: 21
  Implied bound: 192
  Clique: 22
  MIR: 25
  Flow cover: 7
  Zero half: 40
  RLT: 16
  Relax-and-lift: 166

Explored 5629 nodes (1381516 simplex iterations) in 611.76 seconds
Thread count was 20 (of 40 available processors)

Solution count 2: 4862.24 33344.1 
No other solutions better than 4862.24

Optimal solution found (tolerance 1.00e-04)
Best objective 4.862236458345e+03, best bound 4.862236458345e+03, gap 0.0000%
