
Gurobi 9.0.2 (linux64, Python) logging started Thu Dec  3 17:29:39 2020

Using license file /share/apps/gurobi/9.0.2/gurobi_client.lic
Set parameter TokenServer to value 10.1.1.1
Set parameter LogFile to value /storage/users/anderhva/031220-153353/logs/O16-C2-V3-WS0.log
Set parameter LogToConsole to value 0
Changed value of parameter TimeLimit to 3600.0
   Prev: inf  Min: 0.0  Max: inf  Default: inf
Gurobi Optimizer version 9.0.2 build v9.0.2rc0 (linux64)
Optimize a model with 14604 rows, 326564 columns and 1902756 nonzeros
Model fingerprint: 0xc350a9f8
Variable types: 144 continuous, 326420 integer (326420 binary)
Coefficient statistics:
  Matrix range     [1e+00, 1e+02]
  Objective range  [1e+00, 1e+04]
  Bounds range     [1e+00, 1e+00]
  RHS range        [1e+00, 1e+02]
Presolve removed 1119 rows and 8569 columns (presolve time = 5s) ...
Presolve removed 1119 rows and 8569 columns
Presolve time: 5.88s
Presolved: 13485 rows, 317995 columns, 1536101 nonzeros
Variable types: 128 continuous, 317867 integer (317860 binary)

Deterministic concurrent LP optimizer: primal and dual simplex
Showing first log only...


Root simplex log...

Iteration    Objective       Primal Inf.    Dual Inf.      Time
       0    3.2759985e+04   3.000000e+01   1.647082e+10     13s
   32572    2.0681001e+04   0.000000e+00   3.295714e+07     15s
   57043    5.6855391e+03   0.000000e+00   6.758802e+08     20s
   77435    2.5859678e+03   0.000000e+00   3.664885e+06     25s
   97117    2.2681896e+03   0.000000e+00   3.036726e+05     30s
  112960    2.2141217e+03   0.000000e+00   5.982782e+04     35s
  123971    2.4066746e+03   1.024018e+03   0.000000e+00     40s
  126870    2.4066747e+03   5.812626e+02   0.000000e+00     45s
  130208    2.4094294e+03   1.940076e+04   0.000000e+00     50s
  134599    2.4940629e+03   3.857121e+03   0.000000e+00     55s
  136911    2.5201117e+03   3.420011e+04   0.000000e+00     60s
  138573    2.5576777e+03   5.306811e+03   0.000000e+00     65s
  140643    2.6256043e+03   2.691274e+03   0.000000e+00     70s
  142503    2.6978731e+03   2.040554e+04   0.000000e+00     75s
  144566    2.7990807e+03   1.048112e+04   0.000000e+00     80s
Concurrent spin time: 0.00s

Solved with dual simplex

Root relaxation: objective 3.197988e+03, 39246 iterations, 70.96 seconds

    Nodes    |    Current Node    |     Objective Bounds      |     Work
 Expl Unexpl |  Obj  Depth IntInf | Incumbent    BestBd   Gap | It/Node Time

     0     0 3197.98843    0  254          - 3197.98843      -     -   86s
     0     0 3592.04193    0  306          - 3592.04193      -     -  126s
H    0     0                    5676.8547917 3592.04193  36.7%     -  153s
H    0     0                    5660.9942343 3592.04193  36.5%     -  165s
     0     0 4200.54040    0  194 5660.99423 4200.54040  25.8%     -  194s
     0     0 4200.54040    0  265 5660.99423 4200.54040  25.8%     -  271s
H    0     0                    5660.9941097 4200.54040  25.8%     -  283s
     0     0 4200.54040    0  180 5660.99411 4200.54040  25.8%     -  309s
H    0     0                    5605.8183333 4200.54040  25.1%     -  340s
     0     0 4200.54040    0  239 5605.81833 4200.54040  25.1%     -  350s
     0     0 4200.54040    0  184 5605.81833 4200.54040  25.1%     -  352s
     0     0 4277.61456    0  212 5605.81833 4277.61456  23.7%     -  370s
     0     0 4277.67739    0  199 5605.81833 4277.67739  23.7%     -  373s
     0     0 4312.84149    0  217 5605.81833 4312.84149  23.1%     -  394s
     0     0 4312.93552    0  253 5605.81833 4312.93552  23.1%     -  399s
     0     0 4362.44877    0  234 5605.81833 4362.44877  22.2%     -  418s
     0     0 4362.77160    0  241 5605.81833 4362.77160  22.2%     -  421s
     0     0 4362.86483    0  226 5605.81833 4362.86483  22.2%     -  425s
     0     0 4395.48067    0  222 5605.81833 4395.48067  21.6%     -  448s
     0     0 4396.00576    0  245 5605.81833 4396.00576  21.6%     -  453s
     0     0 4412.49740    0  291 5605.81833 4412.49740  21.3%     -  475s
     0     0 4414.04360    0  242 5605.81833 4414.04360  21.3%     -  484s
     0     0 4422.89647    0  226 5605.81833 4422.89647  21.1%     -  495s
     0     0 4424.14862    0  313 5605.81833 4424.14862  21.1%     -  506s
     0     0 4439.10922    0  256 5605.81833 4439.10922  20.8%     -  525s
     0     0 4439.77725    0  316 5605.81833 4439.77725  20.8%     -  569s
     0     0 4439.82513    0  310 5605.81833 4439.82513  20.8%     -  571s
     0     0 4443.07242    0  353 5605.81833 4443.07242  20.7%     -  587s
     0     0 4448.50571    0  523 5605.81833 4448.50571  20.6%     -  601s
     0     0 4448.50611    0  514 5605.81833 4448.50611  20.6%     -  602s
     0     0 4451.20334    0  423 5605.81833 4451.20334  20.6%     -  618s
     0     0 4451.57868    0  373 5605.81833 4451.57868  20.6%     -  625s
     0     0 4451.60219    0  449 5605.81833 4451.60219  20.6%     -  627s
     0     0 4456.59901    0  460 5605.81833 4456.59901  20.5%     -  644s
     0     0 4456.69934    0  439 5605.81833 4456.69934  20.5%     -  648s
     0     0 4460.16278    0  379 5605.81833 4460.16278  20.4%     -  663s
     0     0 4460.25466    0  368 5605.81833 4460.25466  20.4%     -  665s
     0     0 4463.27349    0  631 5605.81833 4463.27349  20.4%     -  684s
     0     0 4463.46763    0  597 5605.81833 4463.46763  20.4%     -  689s
     0     0 4467.04188    0  574 5605.81833 4467.04188  20.3%     -  705s
     0     0 4467.19535    0  536 5605.81833 4467.19535  20.3%     -  710s
     0     0 4470.35441    0  654 5605.81833 4470.35441  20.3%     -  726s
     0     0 4470.63975    0  491 5605.81833 4470.63975  20.3%     -  730s
     0     0 4470.70074    0  558 5605.81833 4470.70074  20.2%     -  733s
     0     0 4473.74226    0  610 5605.81833 4473.74226  20.2%     -  747s
     0     0 4474.20872    0  884 5605.81833 4474.20872  20.2%     -  755s
     0     0 4474.27913    0  921 5605.81833 4474.27913  20.2%     -  758s
     0     0 4477.01886    0  303 5605.81833 4477.01886  20.1%     -  768s
     0     0 4477.86104    0  698 5605.81833 4477.86104  20.1%     -  865s
     0     0 4477.87740    0  758 5605.81833 4477.87740  20.1%     -  867s
     0     0 4481.03976    0  625 5605.81833 4481.03976  20.1%     -  881s
     0     0 4481.39146    0  653 5605.81833 4481.39146  20.1%     -  887s
     0     0 4481.42229    0  666 5605.81833 4481.42229  20.1%     -  888s
     0     0 4485.59613    0  446 5605.81833 4485.59613  20.0%     -  901s
     0     0 4486.55159    0  506 5605.81833 4486.55159  20.0%     -  908s
     0     0 4486.58565    0  507 5605.81833 4486.58565  20.0%     -  909s
     0     0 4491.05612    0  781 5605.81833 4491.05612  19.9%     -  924s
     0     0 4491.52654    0  889 5605.81833 4491.52654  19.9%     -  929s
     0     0 4491.59011    0  936 5605.81833 4491.59011  19.9%     -  932s
     0     0 4496.09879    0  707 5605.81833 4496.09879  19.8%     -  946s
     0     0 4496.46892    0  507 5605.81833 4496.46892  19.8%     -  952s
     0     0 4496.48396    0  644 5605.81833 4496.48396  19.8%     -  954s
     0     0 4502.48317    0  748 5605.81833 4502.48317  19.7%     -  969s
     0     0 4502.75732    0  940 5605.81833 4502.75732  19.7%     -  977s
     0     0 4507.34900    0  762 5605.81833 4507.34900  19.6%     -  994s
     0     0 4507.82458    0  814 5605.81833 4507.82458  19.6%     - 1002s
     0     0 4507.89241    0  813 5605.81833 4507.89241  19.6%     - 1004s
     0     0 4512.13082    0  592 5605.81833 4512.13082  19.5%     - 1015s
     0     0 4512.93629    0  717 5605.81833 4512.93629  19.5%     - 1023s
     0     0 4513.25140    0  903 5605.81833 4513.25140  19.5%     - 1028s
     0     0 4513.30920    0  924 5605.81833 4513.30920  19.5%     - 1030s
     0     0 4518.49528    0  965 5605.81833 4518.49528  19.4%     - 1047s
     0     0 4518.91004    0  889 5605.81833 4518.91004  19.4%     - 1054s
     0     0 4519.02821    0  938 5605.81833 4519.02821  19.4%     - 1057s
     0     0 4522.60835    0  641 5605.81833 4522.60835  19.3%     - 1070s
     0     0 4522.80801    0  733 5605.81833 4522.80801  19.3%     - 1075s
     0     0 4525.70543    0  855 5605.81833 4525.70543  19.3%     - 1088s
     0     0 4526.86355    0  838 5605.81833 4526.86355  19.2%     - 1095s
     0     0 4527.74822    0  868 5605.81833 4527.74822  19.2%     - 1101s
     0     0 4528.14379    0  831 5605.81833 4528.14379  19.2%     - 1106s
     0     0 4528.14441    0  909 5605.81833 4528.14441  19.2%     - 1106s
     0     0 4532.09874    0  640 5605.81833 4532.09874  19.2%     - 1121s
     0     0 4532.76245    0  696 5605.81833 4532.76245  19.1%     - 1163s
     0     0 4532.84586    0  702 5605.81833 4532.84586  19.1%     - 1165s
     0     0 4536.83220    0  721 5605.81833 4536.83220  19.1%     - 1179s
     0     0 4537.11247    0  679 5605.81833 4537.11247  19.1%     - 1185s
     0     0 4539.40003    0  785 5605.81833 4539.40003  19.0%     - 1198s
     0     0 4539.40003    0  775 5605.81833 4539.40003  19.0%     - 1245s
     0     0 4610.36313    0  245 5605.81833 4610.36313  17.8%     - 1428s
     0     0 4610.36313    0  234 5605.81833 4610.36313  17.8%     - 1489s
     0     0 4610.36313    0  270 5605.81833 4610.36313  17.8%     - 1566s
     0     0 4610.36313    0  487 5605.81833 4610.36313  17.8%     - 1591s
     0     0 4610.36313    0  611 5605.81833 4610.36313  17.8%     - 1610s
     0     0 4610.36313    0  663 5605.81833 4610.36313  17.8%     - 1626s
     0     0 4610.36313    0  598 5605.81833 4610.36313  17.8%     - 1632s
     0     0 4610.36313    0  654 5605.81833 4610.36313  17.8%     - 1636s
     0     0 4610.36313    0  704 5605.81833 4610.36313  17.8%     - 1642s
     0     0 4610.36313    0  719 5605.81833 4610.36313  17.8%     - 1643s
     0     0 4610.36313    0  860 5605.81833 4610.36313  17.8%     - 1658s
H    0     0                    5605.8158191 4610.36313  17.8%     - 1881s
     0     0 4610.36313    0  906 5605.81582 4610.36313  17.8%     - 1883s
     0     0 4610.36313    0  872 5605.81582 4610.36313  17.8%     - 1895s
     0     0 4610.36313    0  894 5605.81582 4610.36313  17.8%     - 1899s
     0     0 4610.36313    0  916 5605.81582 4610.36313  17.8%     - 1908s
     0     0 4610.36313    0  910 5605.81582 4610.36313  17.8%     - 1949s
H    0     0                    5605.8155872 4610.36313  17.8%     - 1996s
     0     2 4618.92145    0  900 5605.81559 4618.92145  17.6%     - 2095s
     1     4 4618.92145    1  722 5605.81559 4618.92145  17.6%  2098 2177s
     3     8 4618.92145    2  574 5605.81559 4618.92145  17.6%  3762 2290s
     7    16 4618.92145    3  594 5605.81559 4618.92145  17.6%  5006 2362s
    15    30 4618.92145    4  574 5605.81559 4618.92145  17.6%  4646 2430s
    31    50 4618.92145    5  545 5605.81559 4618.92145  17.6%  3996 2485s
    51    70 4740.47358    6  399 5605.81559 4618.92145  17.6%  3743 2533s
    71    88 4778.70301    6  317 5605.81559 4618.92145  17.6%  3466 2560s
    91   108 4780.31876    7  328 5605.81559 4618.92145  17.6%  3182 2588s
   111   126 4797.58656    7  375 5605.81559 4618.92145  17.6%  3027 2611s
   138   144 4792.84804    8  313 5605.81559 4618.92145  17.6%  2757 2640s
   168   166 4947.58458    9  347 5605.81559 4618.92145  17.6%  2612 2656s
   202   190 4797.30269    9  326 5605.81559 4618.92145  17.6%  2315 2727s
H  205   190                    5605.6506250 4618.92145  17.6%  2313 2727s
   234   222 4825.44857   10  220 5605.65062 4618.92145  17.6%  2123 2754s
   284   242 5041.30242   10  205 5605.65062 4618.92145  17.6%  1935 2782s
   335   283 5114.91708   11  157 5605.65062 4618.92145  17.6%  1737 2796s
   401   321 4887.28067   11  212 5605.65062 4618.92145  17.6%  1528 2816s
   477   348 4949.00427   12  218 5605.65062 4618.92145  17.6%  1367 2833s
   543   393 4971.92999   13  138 5605.65062 4618.92145  17.6%  1295 2851s
   624   449     cutoff   14      5605.65062 4618.92145  17.6%  1212 2869s
   732   496 5246.44843   17  133 5605.65062 4618.92145  17.6%  1089 2886s
   849   538     cutoff   12      5605.65062 4633.23116  17.3%   991 2906s
   962   575 4640.95469    6  333 5605.65062 4633.28720  17.3%   923 2932s
  1081   631 4681.53272    7  230 5605.65062 4633.28720  17.3%   872 2952s
  1195   694 4741.07507    8  202 5605.65062 4633.28720  17.3%   839 2979s
  1343   708 4841.14364    9  269 5605.65062 4633.28720  17.3%   784 3312s
H 1344   708                    5605.6493267 4633.28720  17.3%   783 3312s
H 1347   708                    5605.6486708 4633.28720  17.3%   787 3312s
H 1364   708                    5605.6478165 4633.28720  17.3%   787 3312s
  1366   788 4886.69555   10  167 5605.64782 4633.28720  17.3%   790 3333s
  1521   900     cutoff   13      5605.64782 4634.09848  17.3%   753 3349s
  1701  1016 5131.65109    7  142 5605.64782 4634.09848  17.3%   714 3364s
  1887  1144 5313.96643    8  170 5605.64782 4634.09848  17.3%   676 3392s
  2114  1234 5491.96607   12   62 5605.64782 4640.97222  17.2%   642 3418s

Cutting planes:
  Cover: 20
  Implied bound: 400
  Clique: 1
  MIR: 11
  Flow cover: 4
  Zero half: 10
  RLT: 39
  Relax-and-lift: 1189

Explored 2306 nodes (1757756 simplex iterations) in 3600.18 seconds
Thread count was 20 (of 40 available processors)

Solution count 6: 5605.65 5605.65 5605.65 ... 5676.85

Time limit reached
Best objective 5.605646229164e+03, best bound 4.640972220777e+03, gap 17.2090%
