
Gurobi 9.0.2 (linux64, Python) logging started Thu Dec  3 16:29:03 2020

Using license file /share/apps/gurobi/9.0.2/gurobi_client.lic
Set parameter TokenServer to value 10.1.1.1
Set parameter LogFile to value /storage/users/anderhva/031220-153353/logs/O16-C1-V3-WS0.log
Set parameter LogToConsole to value 0
Changed value of parameter TimeLimit to 3600.0
   Prev: inf  Min: 0.0  Max: inf  Default: inf
Gurobi Optimizer version 9.0.2 build v9.0.2rc0 (linux64)
Optimize a model with 15008 rows, 330780 columns and 1925968 nonzeros
Model fingerprint: 0xb52509ce
Variable types: 144 continuous, 330636 integer (330636 binary)
Coefficient statistics:
  Matrix range     [1e+00, 1e+02]
  Objective range  [1e+00, 1e+04]
  Bounds range     [1e+00, 1e+00]
  RHS range        [1e+00, 1e+02]
Presolve removed 1112 rows and 9396 columns (presolve time = 5s) ...
Presolve removed 1112 rows and 9396 columns
Presolve time: 6.02s
Presolved: 13896 rows, 321384 columns, 1551944 nonzeros
Variable types: 128 continuous, 321256 integer (321252 binary)

Deterministic concurrent LP optimizer: primal and dual simplex
Showing first log only...


Root simplex log...

Iteration    Objective       Primal Inf.    Dual Inf.      Time
       0    3.1621276e+04   3.500000e+01   1.052194e+10     11s
   45633    2.4543642e+04   0.000000e+00   8.006226e+07     15s
   69116    9.3645088e+03   0.000000e+00   3.421781e+07     20s
   89632    2.6181829e+03   0.000000e+00   9.377800e+06     25s
  111215    2.0366352e+03   0.000000e+00   3.744380e+05     30s
  128416    1.9175729e+03   0.000000e+00   1.173100e+05     35s
  145273    2.0446308e+03   5.607091e+04   0.000000e+00     40s
  147673    2.0847892e+03   3.204882e+03   0.000000e+00     45s
  149653    2.0947277e+03   3.392821e+03   0.000000e+00     50s
  151323    2.1064948e+03   3.375172e+03   0.000000e+00     55s
  153043    2.1829812e+03   5.929909e+03   0.000000e+00     60s
  154333    2.1995613e+03   5.908761e+03   0.000000e+00     65s
  156843    2.3265668e+03   6.023320e+04   0.000000e+00     70s
  157953    2.3374607e+03   1.588957e+03   0.000000e+00     75s
  159733    2.3810031e+03   3.675261e+04   0.000000e+00     80s
  163056    2.7580863e+03   2.398358e+03   0.000000e+00     85s
  164516    2.8155658e+03   5.193366e+02   0.000000e+00     90s
  165626    2.8307915e+03   5.614694e+01   0.000000e+00     95s
  166191    2.8331579e+03   0.000000e+00   0.000000e+00     98s
  166191    2.8331579e+03   0.000000e+00   0.000000e+00     98s
Concurrent spin time: 6.51s

Solved with primal simplex

Root relaxation: objective 2.833158e+03, 166191 iterations, 94.19 seconds
Total elapsed time = 105.03s

    Nodes    |    Current Node    |     Objective Bounds      |     Work
 Expl Unexpl |  Obj  Depth IntInf | Incumbent    BestBd   Gap | It/Node Time

     0     0 2833.15788    0  225          - 2833.15788      -     -  108s
H    0     0                    16847.305000 2833.15788  83.2%     -  116s
     0     0 3386.72242    0  244 16847.3050 3386.72242  79.9%     -  182s
     0     0 3944.43776    0  247 16847.3050 3944.43776  76.6%     -  208s
H    0     0                    7759.2287500 3944.43776  49.2%     -  240s
     0     0 3950.12870    0  270 7759.22875 3950.12870  49.1%     -  245s
     0     0 3950.15537    0  271 7759.22875 3950.15537  49.1%     -  245s
     0     0 4020.45810    0  245 7759.22875 4020.45810  48.2%     -  256s
     0     0 4020.45810    0  220 7759.22875 4020.45810  48.2%     -  327s
     0     0 4020.45810    0  269 7759.22875 4020.45810  48.2%     -  369s
     0     0 4020.45810    0  203 7759.22875 4020.45810  48.2%     -  381s
     0     0 4020.45810    0  195 7759.22875 4020.45810  48.2%     -  385s
     0     0 4020.45810    0  235 7759.22875 4020.45810  48.2%     -  387s
     0     0 4020.45810    0  245 7759.22875 4020.45810  48.2%     -  387s
     0     0 4046.27383    0  244 7759.22875 4046.27383  47.9%     -  399s
H    0     0                    6021.8329167 4046.27383  32.8%     -  532s
     0     0 4046.46629    0  269 6021.83292 4046.46629  32.8%     -  534s
     0     0 4046.47022    0  269 6021.83292 4046.47022  32.8%     -  534s
     0     0 4094.68708    0  317 6021.83292 4094.68708  32.0%     -  548s
     0     0 4096.33124    0  301 6021.83292 4096.33124  32.0%     -  552s
     0     0 4097.11216    0  291 6021.83292 4097.11216  32.0%     -  555s
     0     0 4097.11986    0  316 6021.83292 4097.11986  32.0%     -  555s
     0     0 4126.95527    0  211 6021.83292 4126.95527  31.5%     -  568s
     0     0 4130.44330    0  248 6021.83292 4130.44330  31.4%     -  575s
     0     0 4131.23074    0  273 6021.83292 4131.23074  31.4%     -  577s
     0     0 4131.82463    0  275 6021.83292 4131.82463  31.4%     -  579s
     0     0 4164.01337    0  258 6021.83292 4164.01337  30.9%     -  591s
     0     0 4165.45236    0  365 6021.83292 4165.45236  30.8%     -  598s
     0     0 4187.12445    0  260 6021.83292 4187.12445  30.5%     -  608s
     0     0 4189.10722    0  365 6021.83292 4189.10722  30.4%     -  612s
     0     0 4189.22781    0  437 6021.83292 4189.22781  30.4%     -  614s
     0     0 4196.74312    0  234 6021.83292 4196.74312  30.3%     -  622s
     0     0 4198.29692    0  265 6021.83292 4198.29692  30.3%     -  643s
     0     0 4198.99681    0  283 6021.83292 4198.99681  30.3%     -  644s
     0     0 4199.03376    0  295 6021.83292 4199.03376  30.3%     -  645s
     0     0 4226.61657    0  244 6021.83292 4226.61657  29.8%     -  655s
     0     0 4229.17341    0  267 6021.83292 4229.17341  29.8%     -  661s
     0     0 4229.75480    0  299 6021.83292 4229.75480  29.8%     -  663s
     0     0 4242.97287    0  352 6021.83292 4242.97287  29.5%     -  673s
     0     0 4244.97527    0  406 6021.83292 4244.97527  29.5%     -  678s
     0     0 4245.02892    0  410 6021.83292 4245.02892  29.5%     -  679s
     0     0 4251.38088    0  330 6021.83292 4251.38088  29.4%     -  688s
     0     0 4251.73031    0  295 6021.83292 4251.73031  29.4%     -  691s
     0     0 4251.73240    0  322 6021.83292 4251.73240  29.4%     -  691s
     0     0 4254.71280    0  291 6021.83292 4254.71280  29.3%     -  699s
     0     0 4254.95435    0  396 6021.83292 4254.95435  29.3%     -  702s
     0     0 4258.71564    0  483 6021.83292 4258.71564  29.3%     -  712s
     0     0 4259.52893    0  410 6021.83292 4259.52893  29.3%     -  716s
     0     0 4259.61313    0  584 6021.83292 4259.61313  29.3%     -  718s
     0     0 4269.24291    0  441 6021.83292 4269.24291  29.1%     -  727s
     0     0 4269.40562    0  400 6021.83292 4269.40562  29.1%     -  730s
     0     0 4275.37186    0  396 6021.83292 4275.37186  29.0%     -  739s
     0     0 4275.60777    0  382 6021.83292 4275.60777  29.0%     -  743s
     0     0 4278.24078    0  412 6021.83292 4278.24078  29.0%     -  752s
     0     0 4278.60554    0  427 6021.83292 4278.60554  28.9%     -  756s
     0     0 4282.73157    0  325 6021.83292 4282.73157  28.9%     -  762s
     0     0 4283.16636    0  486 6021.83292 4283.16636  28.9%     -  767s
     0     0 4300.31669    0  297 6021.83292 4300.31669  28.6%     -  777s
     0     0 4304.69786    0  340 6021.83292 4304.69786  28.5%     -  782s
     0     0 4304.85565    0  462 6021.83292 4304.85565  28.5%     -  783s
     0     0 4311.25289    0  423 6021.83292 4311.25289  28.4%     -  794s
     0     0 4312.37785    0  407 6021.83292 4312.37785  28.4%     -  799s
     0     0 4312.54058    0  469 6021.83292 4312.54058  28.4%     -  801s
     0     0 4325.21737    0  255 6021.83292 4325.21737  28.2%     -  811s
     0     0 4327.79190    0  346 6021.83292 4327.79190  28.1%     -  817s
     0     0 4327.89378    0  407 6021.83292 4327.89378  28.1%     -  818s
     0     0 4339.30825    0  421 6021.83292 4339.30825  27.9%     -  827s
     0     0 4339.91524    0  529 6021.83292 4339.91524  27.9%     -  832s
     0     0 4348.42524    0  423 6021.83292 4348.42524  27.8%     -  840s
     0     0 4351.13664    0  442 6021.83292 4351.13664  27.7%     -  846s
     0     0 4351.15405    0  500 6021.83292 4351.15405  27.7%     -  847s
     0     0 4353.08010    0  393 6021.83292 4353.08010  27.7%     -  853s
     0     0 4353.08010    0  389 6021.83292 4353.08010  27.7%     -  875s
     0     2 4458.14466    0  389 6021.83292 4458.14466  26.0%     -  957s
     1     4 4458.14466    1  243 6021.83292 4458.14466  26.0%  1239 1038s
     3     8 4458.14466    2  311 6021.83292 4458.14466  26.0%  2303 1118s
     7    16 4458.14466    3  293 6021.83292 4458.14466  26.0%  3008 1204s
    12    16 4475.05096    3  380 6021.83292 4458.14466  26.0%  3255 1205s
    15    32 4465.73804    4  380 6021.83292 4458.14466  26.0%  3324 1326s
    31    52 4499.44220    5  260 6021.83292 4465.96972  25.8%  2986 1416s
    51    72 4504.19604    6  351 6021.83292 4469.45348  25.8%  2862 1471s
H   71    91                    5760.2187500 4469.45348  22.4%  2577 2025s
H   73    91                    5760.2176654 4469.45348  22.4%  2603 2025s
H   74    91                    5481.6600000 4469.45348  18.5%  2622 2025s
    91   107 4539.67533    7  321 5481.66000 4469.45348  18.5%  2512 2060s
   111   131 4570.38506    8  258 5481.66000 4469.45348  18.5%  2285 2092s
   142   154 4574.92436    9  271 5481.66000 4469.45348  18.5%  2118 2117s
   177   169 4595.39485   11  270 5481.66000 4469.45348  18.5%  1913 2135s
   216   184 4957.18099   12  249 5481.66000 4469.45348  18.5%  1760 2157s
   261   197 4853.01093   13  169 5481.66000 4469.45348  18.5%  1614 2174s
   311   213 5463.04342   14  182 5481.66000 4469.45348  18.5%  1453 2196s
   379   227 5047.87556   17  145 5481.66000 4469.45348  18.5%  1302 2209s
   445   229 5316.51526   18  155 5481.66000 4490.49016  18.1%  1168 2236s
   511   243 infeasible    6      5481.66000 4490.49016  18.1%  1123 2262s
   581   259 4670.45385    7  248 5481.66000 4490.49016  18.1%  1076 2284s
   643   273 4762.81684    9  216 5481.66000 4490.49016  18.1%  1062 2302s
   725   279     cutoff   15      5481.66000 4505.69142  17.8%  1029 2335s
   800   302 4783.89919    7  233 5481.66000 4505.69142  17.8%  1021 2365s
   880   310 4868.38070    8  135 5481.66000 4505.69142  17.8%  1007 2707s
   944   312 5383.42806   10  131 5481.66000 4505.69142  17.8%  1001 2734s
  1062   355 5392.36301   20  139 5481.66000 4510.25535  17.7%   963 2762s
  1207   389 4683.42931    6  192 5481.66000 4577.98474  16.5%   916 2788s
  1358   431 4686.22392    7  303 5481.66000 4577.98474  16.5%   880 2814s
  1499   470     cutoff   10      5481.66000 4577.98474  16.5%   860 2840s
  1636   477     cutoff   10      5481.66000 4579.96582  16.4%   840 2869s
  1792   498 4709.43350    7  271 5481.66000 4625.71588  15.6%   826 2900s
  1952   505 4785.83531    9  135 5481.66000 4625.71588  15.6%   817 2928s
  2134   526 5317.28198   11  209 5481.66000 4625.71588  15.6%   806 2957s
  2392   560 5437.94073   28  169 5481.66000 4697.36908  14.3%   773 2981s
  2625   603 4841.18348    8  211 5481.66000 4767.17328  13.0%   751 3001s
  2956   800 5437.72725   13  291 5481.66000 4848.01584  11.6%   713 3026s
  3426  1071 5019.91637   23   90 5481.66000 4863.67725  11.3%   652 3043s
  3994  1429 5455.69357   10  123 5481.66000 4930.14507  10.1%   585 3056s
  4670  1430 5151.14880   32  245 5481.66000 4933.56918  10.0%   524 3338s
  4672  1431 5339.95287   49  273 5481.66000 4933.56918  10.0%   524 3460s

Cutting planes:
  Cover: 10
  Implied bound: 145
  Projected implied bound: 2
  Clique: 8
  MIR: 14
  Flow cover: 6
  GUB cover: 1
  Zero half: 5
  RLT: 51
  Relax-and-lift: 706

Explored 4672 nodes (2790862 simplex iterations) in 3600.19 seconds
Thread count was 20 (of 40 available processors)

Solution count 6: 5481.66 5760.22 5760.22 ... 16847.3

Time limit reached
Best objective 5.481660000000e+03, best bound 4.933569177741e+03, gap 9.9986%
