
Gurobi 9.0.2 (linux64, Python) logging started Thu Dec  3 19:30:50 2020

Using license file /share/apps/gurobi/9.0.2/gurobi_client.lic
Set parameter TokenServer to value 10.1.1.1
Set parameter LogFile to value /storage/users/anderhva/031220-153353/logs/O16-C4-V3-WS0.log
Set parameter LogToConsole to value 0
Changed value of parameter TimeLimit to 3600.0
   Prev: inf  Min: 0.0  Max: inf  Default: inf
Gurobi Optimizer version 9.0.2 build v9.0.2rc0 (linux64)
Optimize a model with 15856 rows, 368760 columns and 2153092 nonzeros
Model fingerprint: 0x115b953a
Variable types: 144 continuous, 368616 integer (368616 binary)
Coefficient statistics:
  Matrix range     [1e+00, 1e+02]
  Objective range  [1e+00, 8e+03]
  Bounds range     [1e+00, 1e+00]
  RHS range        [1e+00, 1e+02]
Presolve removed 1084 rows and 7304 columns (presolve time = 5s) ...
Presolve removed 1084 rows and 7304 columns
Presolve time: 6.51s
Presolved: 14772 rows, 361456 columns, 1748796 nonzeros
Variable types: 128 continuous, 361328 integer (361324 binary)

Deterministic concurrent LP optimizer: primal and dual simplex
Showing first log only...


Root simplex log...

Iteration    Objective       Primal Inf.    Dual Inf.      Time
       0    3.8962492e+04   2.000000e+01   1.224725e+10     13s
   32046    3.0332529e+04   0.000000e+00   1.094161e+08     15s
   55574    1.3396129e+04   0.000000e+00   5.423410e+08     20s
   76802    4.8522370e+03   0.000000e+00   8.888586e+06     25s
   97395    3.1922058e+03   0.000000e+00   1.584118e+08     30s
  115815    1.9991873e+03   0.000000e+00   6.403135e+07     35s
  135565    1.5473994e+03   0.000000e+00   1.012313e+05     40s
  150632    1.7390300e+03   1.499000e+03   0.000000e+00     45s
  153812    1.7390300e+03   2.782852e+02   0.000000e+00     50s
  156020    1.7407908e+03   5.283930e+02   0.000000e+00     55s
  157730    1.7478580e+03   1.511038e+03   0.000000e+00     60s
  160293    1.7548906e+03   1.488737e+04   0.000000e+00     65s
  164950    1.8408063e+03   1.720036e+04   0.000000e+00     70s
  167540    1.8505900e+03   1.388848e+03   0.000000e+00     75s
  169670    1.8623806e+03   6.140807e+03   0.000000e+00     80s
  171420    1.8759681e+03   2.456496e+03   0.000000e+00     85s
  172530    1.8895311e+03   4.081066e+03   0.000000e+00     90s
  174020    1.9608898e+03   2.362619e+03   0.000000e+00     95s
Concurrent spin time: 0.00s

Solved with dual simplex

Root relaxation: objective 2.399276e+03, 38622 iterations, 87.61 seconds
Total elapsed time = 100.84s

    Nodes    |    Current Node    |     Objective Bounds      |     Work
 Expl Unexpl |  Obj  Depth IntInf | Incumbent    BestBd   Gap | It/Node Time

     0     0 2399.28282    0  272          - 2399.28282      -     -  115s
H    0     0                    5731.5566103 2399.28282  58.1%     -  143s
H    0     0                    5731.5562481 2399.28282  58.1%     -  182s
     0     0 2797.63126    0  321 5731.55625 2797.63126  51.2%     -  211s
     0     0 2797.63126    0  324 5731.55625 2797.63126  51.2%     -  212s
     0     0 3359.44736    0  175 5731.55625 3359.44736  41.4%     -  241s
     0     0 3359.44736    0  282 5731.55625 3359.44736  41.4%     -  319s
     0     0 3359.44736    0  268 5731.55625 3359.44736  41.4%     -  381s
     0     0 3359.45929    0  157 5731.55625 3359.45929  41.4%     -  393s
     0     0 3359.54857    0  227 5731.55625 3359.54857  41.4%     -  396s
     0     0 3393.30489    0  250 5731.55625 3393.30489  40.8%     -  416s
     0     0 3393.70038    0  304 5731.55625 3393.70038  40.8%     -  424s
     0     0 3393.75032    0  294 5731.55625 3393.75032  40.8%     -  426s
     0     0 3437.22145    0  283 5731.55625 3437.22145  40.0%     -  455s
     0     0 3440.74889    0  271 5731.55625 3440.74889  40.0%     -  463s
     0     0 3440.74889    0  292 5731.55625 3440.74889  40.0%     -  463s
     0     0 3469.65934    0  363 5731.55625 3469.65934  39.5%     -  484s
     0     0 3469.69739    0  366 5731.55625 3469.69739  39.5%     -  549s
     0     0 3476.10271    0  304 5731.55625 3476.10271  39.4%     -  570s
     0     0 3476.87448    0  358 5731.55625 3476.87448  39.3%     -  597s
     0     0 3477.27630    0  342 5731.55625 3477.27630  39.3%     -  603s
     0     0 3477.47563    0  366 5731.55625 3477.47563  39.3%     -  606s
     0     0 3477.47563    0  371 5731.55625 3477.47563  39.3%     -  606s
     0     0 3494.87601    0  362 5731.55625 3494.87601  39.0%     -  627s
     0     0 3496.07941    0  371 5731.55625 3496.07941  39.0%     -  636s
     0     0 3496.41600    0  382 5731.55625 3496.41600  39.0%     -  637s
     0     0 3496.44056    0  402 5731.55625 3496.44056  39.0%     -  638s
     0     0 3512.46646    0  288 5731.55625 3512.46646  38.7%     -  662s
H    0     0                    5467.7026896 3512.46646  35.8%     -  683s
     0     0 3513.60185    0  317 5467.70269 3513.60185  35.7%     -  687s
     0     0 3513.60185    0  324 5467.70269 3513.60185  35.7%     -  688s
     0     0 3556.72319    0  374 5467.70269 3556.72319  35.0%     -  709s
     0     0 3558.91817    0  386 5467.70269 3558.91817  34.9%     -  716s
     0     0 3560.27001    0  486 5467.70269 3560.27001  34.9%     -  721s
     0     0 3560.28697    0  487 5467.70269 3560.28697  34.9%     -  723s
     0     0 3583.87197    0  479 5467.70269 3583.87197  34.5%     -  743s
     0     0 3584.23333    0  497 5467.70269 3584.23333  34.4%     -  752s
     0     0 3584.25903    0  499 5467.70269 3584.25903  34.4%     -  753s
     0     0 3612.54387    0  398 5467.70269 3612.54387  33.9%     -  772s
     0     0 3615.94636    0  515 5467.70269 3615.94636  33.9%     -  782s
     0     0 3615.94867    0  522 5467.70269 3615.94867  33.9%     -  782s
     0     0 3626.13293    0  597 5467.70269 3626.13293  33.7%     -  804s
     0     0 3626.21835    0  652 5467.70269 3626.21835  33.7%     -  808s
     0     0 3643.40463    0  484 5467.70269 3643.40463  33.4%     -  826s
     0     0 3651.45345    0  438 5467.70269 3651.45345  33.2%     -  842s
     0     0 3651.80265    0  393 5467.70269 3651.80265  33.2%     -  844s
     0     0 3651.82595    0  428 5467.70269 3651.82595  33.2%     -  846s
     0     0 3672.26014    0  469 5467.70269 3672.26014  32.8%     -  865s
     0     0 3673.04602    0  612 5467.70269 3673.04602  32.8%     -  874s
     0     0 3673.11739    0  629 5467.70269 3673.11739  32.8%     -  876s
     0     0 3699.21290    0  389 5467.70269 3699.21290  32.3%     -  891s
H    0     0                    5258.2775474 3699.21290  29.6%     -  914s
     0     0 3700.84414    0  503 5258.27755 3700.84414  29.6%     -  922s
     0     0 3701.28311    0  734 5258.27755 3701.28311  29.6%     -  927s
     0     0 3701.30769    0  676 5258.27755 3701.30769  29.6%     -  928s
     0     0 3715.01672    0  399 5258.27755 3715.01672  29.3%     -  942s
     0     0 3717.45271    0  392 5258.27755 3717.45271  29.3%     -  950s
     0     0 3717.92511    0  525 5258.27755 3717.92511  29.3%     -  954s
     0     0 3717.93047    0  544 5258.27755 3717.93047  29.3%     -  955s
     0     0 3729.02556    0  548 5258.27755 3729.02556  29.1%     -  974s
H    0     0                    5140.5687432 3729.02556  27.5%     - 1204s
     0     0 3730.05843    0  520 5140.56874 3730.05843  27.4%     - 1206s
     0     0 3730.91415    0  609 5140.56874 3730.91415  27.4%     - 1209s
     0     0 3730.98124    0  558 5140.56874 3730.98124  27.4%     - 1211s
     0     0 3744.47177    0  422 5140.56874 3744.47177  27.2%     - 1226s
     0     0 3745.14836    0  507 5140.56874 3745.14836  27.1%     - 1234s
     0     0 3745.32702    0  483 5140.56874 3745.32702  27.1%     - 1237s
     0     0 3763.85998    0  404 5140.56874 3763.85998  26.8%     - 1254s
     0     0 3766.64823    0  346 5140.56874 3766.64823  26.7%     - 1265s
     0     0 3767.07494    0  460 5140.56874 3767.07494  26.7%     - 1269s
     0     0 3767.16201    0  481 5140.56874 3767.16201  26.7%     - 1270s
     0     0 3792.84731    0  260 5140.56874 3792.84731  26.2%     - 1278s
     0     0 3795.60028    0  276 5140.56874 3795.60028  26.2%     - 1285s
     0     0 3795.76874    0  361 5140.56874 3795.76874  26.2%     - 1287s
     0     0 3811.29228    0  377 5140.56874 3811.29228  25.9%     - 1298s
     0     0 3815.23134    0  355 5140.56874 3815.23134  25.8%     - 1306s
     0     0 3815.51230    0  437 5140.56874 3815.51230  25.8%     - 1309s
     0     0 3827.40247    0  319 5140.56874 3827.40247  25.5%     - 1321s
H    0     0                    5132.8070833 3827.40247  25.4%     - 1330s
     0     0 3829.95633    0  246 5132.80708 3829.95633  25.4%     - 1333s
     0     0 3829.98530    0  322 5132.80708 3829.98530  25.4%     - 1334s
     0     0 3846.67710    0  436 5132.80708 3846.67710  25.1%     - 1356s
     0     0 3856.36537    0  314 5132.80708 3856.36537  24.9%     - 1367s
     0     0 3856.44363    0  391 5132.80708 3856.44363  24.9%     - 1368s
     0     0 3878.38142    0  211 5132.80708 3878.38142  24.4%     - 1379s
     0     0 3883.72065    0  225 5132.80708 3883.72065  24.3%     - 1416s
     0     0 3883.88184    0  252 5132.80708 3883.88184  24.3%     - 1419s
     0     0 3900.72385    0  372 5132.80708 3900.72385  24.0%     - 1432s
     0     0 3902.33934    0  491 5132.80708 3902.33934  24.0%     - 1439s
     0     0 3902.60968    0  538 5132.80708 3902.60968  24.0%     - 1440s
     0     0 3915.23912    0  327 5132.80708 3915.23912  23.7%     - 1453s
     0     0 3917.59607    0  418 5132.80708 3917.59607  23.7%     - 1467s
     0     0 3918.69998    0  523 5132.80708 3918.69998  23.7%     - 1471s
     0     0 3919.15550    0  477 5132.80708 3919.15550  23.6%     - 1473s
     0     0 3919.17625    0  473 5132.80708 3919.17625  23.6%     - 1474s
     0     0 3924.76144    0  391 5132.80708 3924.76144  23.5%     - 1481s
     0     0 3925.87039    0  418 5132.80708 3925.87039  23.5%     - 1486s
     0     0 3925.98095    0  495 5132.80708 3925.98095  23.5%     - 1487s
     0     0 3940.42703    0  267 5132.80708 3940.42703  23.2%     - 1502s
     0     0 3941.60874    0  317 5132.80708 3941.60874  23.2%     - 1509s
     0     0 3941.79232    0  303 5132.80708 3941.79232  23.2%     - 1510s
     0     0 3946.76373    0  369 5132.80708 3946.76373  23.1%     - 1517s
     0     0 3947.11876    0  346 5132.80708 3947.11876  23.1%     - 1521s
     0     0 3957.93568    0  366 5132.80708 3957.93568  22.9%     - 1532s
     0     0 3958.04586    0  389 5132.80708 3958.04586  22.9%     - 1537s
     0     0 3967.92997    0  297 5132.80708 3967.92997  22.7%     - 1544s
     0     0 3969.97696    0  384 5132.80708 3969.97696  22.7%     - 1571s
     0     0 3970.01754    0  401 5132.80708 3970.01754  22.7%     - 1572s
     0     0 3976.47107    0  385 5132.80708 3976.47107  22.5%     - 1578s
     0     0 3976.76693    0  382 5132.80708 3976.76693  22.5%     - 1580s
     0     0 3980.82872    0  331 5132.80708 3980.82872  22.4%     - 1586s
     0     0 3981.18890    0  349 5132.80708 3981.18890  22.4%     - 1588s
     0     0 3987.01346    0  357 5132.80708 3987.01346  22.3%     - 1595s
     0     0 3987.46761    0  367 5132.80708 3987.46761  22.3%     - 1597s
     0     0 3987.57197    0  434 5132.80708 3987.57197  22.3%     - 1599s
     0     0 3992.80936    0  483 5132.80708 3992.80936  22.2%     - 1607s
     0     0 3993.53034    0  470 5132.80708 3993.53034  22.2%     - 1608s
     0     0 3993.64037    0  484 5132.80708 3993.64037  22.2%     - 1609s
     0     0 4000.32015    0  230 5132.80708 4000.32015  22.1%     - 1614s
     0     0 4000.96138    0  259 5132.80708 4000.96138  22.1%     - 1618s
     0     0 4001.02712    0  270 5132.80708 4001.02712  22.0%     - 1618s
     0     0 4006.96770    0  301 5132.80708 4006.96770  21.9%     - 1625s
     0     0 4007.07209    0  274 5132.80708 4007.07209  21.9%     - 1626s
     0     0 4010.04733    0  382 5132.80708 4010.04733  21.9%     - 1631s
     0     0 4010.04733    0  380 5132.80708 4010.04733  21.9%     - 1653s
     0     0 4010.04733    0  223 5132.80708 4010.04733  21.9%     - 1704s
     0     0 4010.04733    0  219 5132.80708 4010.04733  21.9%     - 1738s
     0     0 4010.04733    0  263 5132.80708 4010.04733  21.9%     - 1770s
     0     0 4010.04733    0  267 5132.80708 4010.04733  21.9%     - 1785s
     0     0 4029.14104    0  256 5132.80708 4029.14104  21.5%     - 1798s
     0     0 4031.43704    0  308 5132.80708 4031.43704  21.5%     - 1801s
     0     0 4060.50019    0  377 5132.80708 4060.50019  20.9%     - 1810s
     0     0 4067.13012    0  488 5132.80708 4067.13012  20.8%     - 1828s
     0     0 4067.73029    0  559 5132.80708 4067.73029  20.8%     - 1831s
     0     0 4067.97229    0  549 5132.80708 4067.97229  20.7%     - 1832s
     0     0 4084.41440    0  481 5132.80708 4084.41440  20.4%     - 1842s
     0     0 4086.11891    0  454 5132.80708 4086.11891  20.4%     - 1858s
     0     0 4086.31622    0  515 5132.80708 4086.31622  20.4%     - 1859s
     0     0 4098.44410    0  395 5132.80708 4098.44410  20.2%     - 1869s
     0     0 4100.96721    0  567 5132.80708 4100.96721  20.1%     - 1875s
     0     0 4101.37450    0  652 5132.80708 4101.37450  20.1%     - 1878s
     0     0 4109.69970    0  634 5132.80708 4109.69970  19.9%     - 1888s
     0     0 4110.56983    0  590 5132.80708 4110.56983  19.9%     - 1892s
     0     0 4110.73827    0  670 5132.80708 4110.73827  19.9%     - 1893s
     0     0 4114.34183    0  788 5132.80708 4114.34183  19.8%     - 1902s
H    0     0                    5132.8064442 4114.34183  19.8%     - 1919s
     0     0 4114.52502    0  837 5132.80644 4114.52502  19.8%     - 1921s
     0     0 4116.58642    0  682 5132.80644 4116.58642  19.8%     - 1927s
     0     0 4117.07569    0  660 5132.80644 4117.07569  19.8%     - 1930s
     0     0 4117.13903    0  633 5132.80644 4117.13903  19.8%     - 1931s
     0     0 4118.09892    0  811 5132.80644 4118.09892  19.8%     - 1937s
     0     0 4118.14323    0  920 5132.80644 4118.14323  19.8%     - 1939s
     0     0 4119.55431    0  793 5132.80644 4119.55431  19.7%     - 1945s
     0     0 4119.55431    0  789 5132.80644 4119.55431  19.7%     - 1963s
H    0     0                    5132.8044136 4119.55431  19.7%     - 1974s
     0     2 4119.55431    0  783 5132.80441 4119.55431  19.7%     - 1983s
     1     4 4120.65175    1  623 5132.80441 4120.32187  19.7%   779 2018s
     3     8 4139.19713    2  522 5132.80441 4120.65254  19.7%  2007 2063s
     7    16 4153.86164    3  237 5132.80441 4126.79374  19.6%  1951 2095s
    15    29 4168.42568    4  288 5132.80441 4135.05770  19.4%  2064 2129s
H   31    47                    5132.8042829 4167.15965  18.8%  2160 2189s
H   33    47                    5132.8040288 4167.15965  18.8%  2074 2189s
    51    61 4318.42459    6  248 5132.80403 4167.16160  18.8%  2055 2217s
    71    77 4385.28130    7  238 5132.80403 4170.88437  18.7%  1967 2228s
    91    91 4370.57684    7  207 5132.80403 4170.88437  18.7%  1819 2240s
   111   105 4370.74699    8  197 5132.80403 4170.88437  18.7%  1675 2247s
   143   120 4535.51061    9  234 5132.80403 4170.88437  18.7%  1521 2257s
   173   127 4420.16382   10  220 5132.80403 4170.88437  18.7%  1379 2265s
   206   133 4569.63294   11  256 5132.80403 4170.88437  18.7%  1317 2271s
   248   145 4674.30363   12  195 5132.80403 4170.88437  18.7%  1200 2278s
   292   157 4703.30075   15  178 5132.80403 4170.88437  18.7%  1100 2284s
   334   181 4710.10414   18  154 5132.80403 4170.88437  18.7%  1050 2293s
   384   207 4710.24138   19  178 5132.80403 4170.88437  18.7%   971 2298s
   445   228 4716.61662   23  184 5132.80403 4170.88437  18.7%   878 2311s
   517   268 4721.06811   27  134 5132.80403 4170.88437  18.7%   818 2317s
   604   303 4752.82202   32  131 5132.80403 4170.88437  18.7%   747 2331s
   680   359 4769.93150   36  158 5132.80403 4170.88437  18.7%   723 2338s
   779   410 4802.04471   41  132 5132.80403 4170.88437  18.7%   667 2390s
H  785   410                    5132.8039441 4170.88437  18.7%   662 2390s
   887   497 4811.61296   48  138 5132.80394 4170.88437  18.7%   618 2396s
  1041   578 4825.42698   57  116 5132.80394 4170.88437  18.7%   553 2402s
  1209   629 4833.18154   68   51 5132.80394 4170.88437  18.7%   499 2409s
  1366   661 4833.90269   73   87 5132.80394 4170.88437  18.7%   469 2415s
  1528   706 4837.42780   83  127 5132.80394 4170.88437  18.7%   450 2424s
  1647   768 4849.51211   91   95 5132.80394 4170.88437  18.7%   453 2434s
  1835   843 4858.55242   98  100 5132.80394 4170.88437  18.7%   437 2441s
  2032   998 4860.42291  103   85 5132.80394 4170.88437  18.7%   419 2446s
  2336  1118 4884.50528  123  123 5132.80394 4170.88437  18.7%   383 2454s
  2602  1252     cutoff  140      5132.80394 4222.15700  17.7%   361 2462s
  2908  1382 4280.92250    6  399 5132.80394 4222.16204  17.7%   340 2469s
  3240  1517 4513.49830    7  311 5132.80394 4222.16204  17.7%   321 2476s
  3637  1742 4566.59597    8  205 5132.80394 4222.16204  17.7%   299 2482s
  4071  1919 4728.84033   25   81 5132.80394 4222.16204  17.7%   280 2490s
  4425  2060 4848.54262   31   53 5132.80394 4282.60151  16.6%   268 2500s
  4798  2061 4733.42885   24  175 5132.80394 4482.95589  12.7%   259 2655s
  4800  2062 4818.39019   18  220 5132.80394 4482.95589  12.7%   259 2702s
  4801  2063 4951.68278  111  395 5132.80394 4482.95589  12.7%   259 2737s
  4802  2064 4887.16949   72  468 5132.80394 4482.95589  12.7%   259 2770s
  4803  2064 4817.85373   34  487 5132.80394 4482.95589  12.7%   259 2808s
  4804  2065 5117.70146   19  702 5132.80394 4482.95589  12.7%   259 2841s
  4805  2066 4882.28347   67  747 5132.80394 4482.95589  12.7%   259 2855s
  4806  2066 4747.69036   34  746 5132.80394 4482.95589  12.7%   259 2862s
  4807  2067 4858.65182   98  870 5132.80394 4482.95589  12.7%   259 2865s
  4810  2069 4856.68477   23  913 5132.80394 4482.95589  12.7%   259 2874s
  4811  2070 4765.07846   33  926 5132.80394 4482.95589  12.7%   259 2898s
  4812  2070 4834.29587   28  980 5132.80394 4482.95589  12.7%   259 2903s
  4813  2071 4893.60256   45 1009 5132.80394 4482.95589  12.7%   259 2905s
  4814  2072 5013.62993   55  866 5132.80394 4482.95589  12.7%   258 2910s
  4815  2072 4975.37304   33  875 5132.80394 4482.95589  12.7%   258 2933s
  4816  2073 4819.50953   43 1015 5132.80394 4482.95589  12.7%   258 2950s
  4818  2074 5073.19194   48 1038 5132.80394 4482.95589  12.7%   258 2958s
  4819  2075 4684.17797   16 1040 5132.80394 4482.95589  12.7%   258 2966s
  4820  2076 4994.57213   25 1039 5132.80394 4482.95589  12.7%   258 2971s
  4822  2077 4892.52179   36 1048 5132.80394 4482.95589  12.7%   258 2978s
  4823  2078 4959.25045   18 1065 5132.80394 4482.95589  12.7%   258 2986s
  4825  2079 4973.48076   27 1280 5132.80394 4482.95589  12.7%   258 2995s
  4826  2080 4828.44927   14 1029 5132.80394 4482.95589  12.7%   258 3003s
  4827  2080 4882.04829   33 1098 5132.80394 4482.95589  12.7%   258 3006s
  4828  2081 4945.82762   41 1122 5132.80394 4482.95589  12.7%   258 3012s
  4829  2082 4874.67042    8 1321 5132.80394 4482.95589  12.7%   258 3022s
  4830  2082 4885.30187   71 1318 5132.80394 4482.95589  12.7%   258 3027s
  4831  2083 4954.27859   29 1318 5132.80394 4482.95589  12.7%   258 3291s
  4832  2087 4482.95589   15 1177 5132.80394 4482.95589  12.7%   282 3328s
  4834  2090 4482.95589   16 1190 5132.80394 4482.95589  12.7%   282 3352s
  4838  2097 4482.95589   17  911 5132.80394 4482.95589  12.7%   286 3374s
  4846  2110 4482.95589   18  887 5132.80394 4482.95589  12.7%   292 3405s
  4862  2124 4482.95589   19  681 5132.80394 4482.95589  12.7%   300 3424s
  4882  2130 4482.95589   20  736 5132.80394 4482.95589  12.7%   311 3439s
  4902  2126 4482.95589   20  573 5132.80394 4482.95589  12.7%   322 3488s
  4922  2127 4482.95589   21  564 5132.80394 4482.95589  12.7%   330 3503s
  4942  2120 4626.86042   21  460 5132.80394 4482.95589  12.7%   339 3521s
  4974  2116 4821.68134   22  294 5132.80394 4482.95589  12.7%   345 3532s
  5003  2108 4482.95589   22  363 5132.80394 4482.95589  12.7%   350 3537s
  5039  2117 4969.11472   23  331 5132.80394 4482.95589  12.7%   351 3544s
  5082  2104 4995.80200   24  201 5132.80394 4482.95589  12.7%   355 3550s
  5126  2095 5023.73163   24  236 5132.80394 4482.95589  12.7%   358 3555s
  5175  2084 4997.98236   25  261 5132.80394 4482.95589  12.7%   361 3560s
  5234  2073     cutoff   26      5132.80394 4482.95589  12.7%   365 3565s
  5373  2045     cutoff   28      5132.80394 4482.95589  12.7%   367 3580s
  5453  2030 4675.67015   22  377 5132.80394 4482.95589  12.7%   369 3588s
  5539  2011 4712.40088   23  194 5132.80394 4482.95589  12.7%   369 3593s
  5628  2005 4727.30385   25  201 5132.80394 4482.95589  12.7%   369 3598s
  5713  1980 4747.55690   29  245 5132.80394 4482.95589  12.7%   370 3600s

Cutting planes:
  Cover: 6
  Implied bound: 137
  Projected implied bound: 3
  Clique: 1
  MIR: 27
  StrongCG: 1
  Flow cover: 51
  Inf proof: 1
  Zero half: 11
  Mod-K: 2
  RLT: 4
  Relax-and-lift: 602

Explored 5769 nodes (2465024 simplex iterations) in 3600.16 seconds
Thread count was 20 (of 40 available processors)

Solution count 5: 5132.8 5140.57 5258.28 ... 5731.56

Time limit reached
Best objective 5.132803267856e+03, best bound 4.482955892037e+03, gap 12.6607%
