
Gurobi 9.0.2 (linux64, Python) logging started Thu Dec  3 20:31:25 2020

Using license file /share/apps/gurobi/9.0.2/gurobi_client.lic
Set parameter TokenServer to value 10.1.1.1
Set parameter LogFile to value /storage/users/anderhva/031220-153353/logs/O4-C1-V1-WS0.log
Set parameter LogToConsole to value 0
Changed value of parameter TimeLimit to 3600.0
   Prev: inf  Min: 0.0  Max: inf  Default: inf
Gurobi Optimizer version 9.0.2 build v9.0.2rc0 (linux64)
Optimize a model with 1782 rows, 7438 columns and 37590 nonzeros
Model fingerprint: 0x54c75a12
Variable types: 24 continuous, 7414 integer (7414 binary)
Coefficient statistics:
  Matrix range     [1e+00, 1e+02]
  Objective range  [1e+00, 7e+03]
  Bounds range     [1e+00, 1e+00]
  RHS range        [1e+00, 1e+02]
Presolve removed 138 rows and 302 columns
Presolve time: 0.14s
Presolved: 1644 rows, 7136 columns, 29230 nonzeros
Variable types: 16 continuous, 7120 integer (7118 binary)
Found heuristic solution: objective 11267.658750

Root relaxation: objective 1.109708e+03, 1976 iterations, 0.13 seconds

    Nodes    |    Current Node    |     Objective Bounds      |     Work
 Expl Unexpl |  Obj  Depth IntInf | Incumbent    BestBd   Gap | It/Node Time

     0     0 1153.01240    0   34 11267.6588 1153.01240  89.8%     -    0s
H    0     0                    1873.4316667 1153.01240  38.5%     -    0s

Cutting planes:
  Gomory: 4
  Implied bound: 5
  MIR: 3
  Zero half: 4
  RLT: 18

Explored 1 nodes (2737 simplex iterations) in 0.69 seconds
Thread count was 20 (of 40 available processors)

Solution count 2: 1873.43 11267.7 

Optimal solution found (tolerance 1.00e-04)
Best objective 1.873431666667e+03, best bound 1.873431666667e+03, gap 0.0000%
