
Gurobi 9.0.2 (linux64, Python) logging started Thu Dec  3 20:31:27 2020

Using license file /share/apps/gurobi/9.0.2/gurobi_client.lic
Set parameter TokenServer to value 10.1.1.1
Set parameter LogFile to value /storage/users/anderhva/031220-153353/logs/O4-C2-V1-WS0.log
Set parameter LogToConsole to value 0
Changed value of parameter TimeLimit to 3600.0
   Prev: inf  Min: 0.0  Max: inf  Default: inf
Gurobi Optimizer version 9.0.2 build v9.0.2rc0 (linux64)
Optimize a model with 1094 rows, 5704 columns and 28086 nonzeros
Model fingerprint: 0x4c4ad7fe
Variable types: 24 continuous, 5680 integer (5680 binary)
Coefficient statistics:
  Matrix range     [1e+00, 1e+02]
  Objective range  [1e+00, 1e+04]
  Bounds range     [1e+00, 1e+00]
  RHS range        [1e+00, 1e+02]
Presolve removed 178 rows and 1160 columns
Presolve time: 0.09s
Presolved: 916 rows, 4544 columns, 18600 nonzeros
Variable types: 16 continuous, 4528 integer (4528 binary)
Found heuristic solution: objective 14931.450000

Root relaxation: objective 1.877818e+03, 714 iterations, 0.02 seconds

    Nodes    |    Current Node    |     Objective Bounds      |     Work
 Expl Unexpl |  Obj  Depth IntInf | Incumbent    BestBd   Gap | It/Node Time

     0     0 2181.71648    0   14 14931.4500 2181.71648  85.4%     -    0s
H    0     0                    2189.8900000 2181.71648  0.37%     -    0s
     0     0 2181.71648    0   14 2189.89000 2181.71648  0.37%     -    0s

Explored 1 nodes (941 simplex iterations) in 0.23 seconds
Thread count was 20 (of 40 available processors)

Solution count 2: 2189.89 14931.5 

Optimal solution found (tolerance 1.00e-04)
Best objective 2.189890000000e+03, best bound 2.189890000000e+03, gap 0.0000%
