
Gurobi 9.0.2 (linux64, Python) logging started Thu Dec  3 20:31:48 2020

Using license file /share/apps/gurobi/9.0.2/gurobi_client.lic
Set parameter TokenServer to value 10.1.1.1
Set parameter LogFile to value /storage/users/anderhva/031220-153353/logs/O6-C4-V1-WS0.log
Set parameter LogToConsole to value 0
Changed value of parameter TimeLimit to 3600.0
   Prev: inf  Min: 0.0  Max: inf  Default: inf
Gurobi Optimizer version 9.0.2 build v9.0.2rc0 (linux64)
Optimize a model with 2632 rows, 22282 columns and 122946 nonzeros
Model fingerprint: 0xd005f839
Variable types: 32 continuous, 22250 integer (22250 binary)
Coefficient statistics:
  Matrix range     [1e+00, 1e+02]
  Objective range  [1e+00, 8e+03]
  Bounds range     [1e+00, 1e+00]
  RHS range        [1e+00, 1e+02]
Presolve removed 223 rows and 1035 columns
Presolve time: 0.36s
Presolved: 2409 rows, 21247 columns, 96812 nonzeros
Variable types: 24 continuous, 21223 integer (21221 binary)

Root relaxation: objective 1.605863e+03, 3885 iterations, 0.62 seconds

    Nodes    |    Current Node    |     Objective Bounds      |     Work
 Expl Unexpl |  Obj  Depth IntInf | Incumbent    BestBd   Gap | It/Node Time

     0     0 1605.86250    0   35          - 1605.86250      -     -    1s
H    0     0                    6751.6225000 1605.86250  76.2%     -    1s
     0     0 2550.62353    0   17 6751.62250 2550.62353  62.2%     -    2s
H    0     0                    2670.5500000 2550.62353  4.49%     -    2s
     0     0 2670.55000    0   17 2670.55000 2670.55000  0.00%     -    2s

Cutting planes:
  Cover: 3
  Implied bound: 4
  Clique: 3
  MIR: 4
  Zero half: 2
  RLT: 12
  Relax-and-lift: 1

Explored 1 nodes (6993 simplex iterations) in 2.41 seconds
Thread count was 20 (of 40 available processors)

Solution count 2: 2670.55 6751.62 

Optimal solution found (tolerance 1.00e-04)
Best objective 2.670550000000e+03, best bound 2.670550000000e+03, gap 0.0000%
