
Gurobi 9.0.2 (linux64, Python) logging started Thu Dec  3 20:31:53 2020

Using license file /share/apps/gurobi/9.0.2/gurobi_client.lic
Set parameter TokenServer to value 10.1.1.1
Set parameter LogFile to value /storage/users/anderhva/031220-153353/logs/O8-C1-V1-WS0.log
Set parameter LogToConsole to value 0
Changed value of parameter TimeLimit to 3600.0
   Prev: inf  Min: 0.0  Max: inf  Default: inf
Gurobi Optimizer version 9.0.2 build v9.0.2rc0 (linux64)
Optimize a model with 3210 rows, 26936 columns and 148984 nonzeros
Model fingerprint: 0xca959b70
Variable types: 40 continuous, 26896 integer (26896 binary)
Coefficient statistics:
  Matrix range     [1e+00, 1e+02]
  Objective range  [1e+00, 1e+04]
  Bounds range     [1e+00, 1e+00]
  RHS range        [1e+00, 1e+02]
Presolve removed 240 rows and 1166 columns
Presolve time: 0.46s
Presolved: 2970 rows, 25770 columns, 117672 nonzeros
Variable types: 32 continuous, 25738 integer (25736 binary)
Found heuristic solution: objective 21261.525417

Root relaxation: objective 1.756794e+03, 5153 iterations, 0.84 seconds

    Nodes    |    Current Node    |     Objective Bounds      |     Work
 Expl Unexpl |  Obj  Depth IntInf | Incumbent    BestBd   Gap | It/Node Time

     0     0 1756.79438    0   27 21261.5254 1756.79438  91.7%     -    1s
H    0     0                    2783.2383333 1756.79438  36.9%     -    2s
     0     0 2191.75271    0   55 2783.23833 2191.75271  21.3%     -    2s
     0     0 2236.26861    0   30 2783.23833 2236.26861  19.7%     -    3s
     0     0 2248.04334    0  108 2783.23833 2248.04334  19.2%     -    3s
H    0     0                    2595.5587500 2248.04334  13.4%     -    3s
     0     0 2259.20042    0  108 2595.55875 2259.20042  13.0%     -    3s
     0     0 2259.41576    0   48 2595.55875 2259.41576  13.0%     -    3s
     0     0 2259.41576    0   44 2595.55875 2259.41576  13.0%     -    4s
     0     0 2263.00502    0  130 2595.55875 2263.00502  12.8%     -    5s
     0     0 2284.40194    0   64 2595.55875 2284.40194  12.0%     -    5s
     0     0 2284.40194    0   64 2595.55875 2284.40194  12.0%     -    5s
     0     0 2284.40194    0   93 2595.55875 2284.40194  12.0%     -    5s
     0     0 2296.04628    0   43 2595.55875 2296.04628  11.5%     -    5s
     0     0 2300.38194    0   71 2595.55875 2300.38194  11.4%     -    6s
     0     0 2300.38194    0   99 2595.55875 2300.38194  11.4%     -    6s
     0     0 2311.98503    0   95 2595.55875 2311.98503  10.9%     -    6s
     0     0 2311.98503    0   34 2595.55875 2311.98503  10.9%     -    6s
     0     0 2350.26040    0   26 2595.55875 2350.26040  9.45%     -    6s
     0     0 2352.62854    0   26 2595.55875 2352.62854  9.36%     -    6s
     0     0 2353.97819    0   28 2595.55875 2353.97819  9.31%     -    6s
     0     0 2357.19632    0   41 2595.55875 2357.19632  9.18%     -    6s
     0     0 2358.22489    0   37 2595.55875 2358.22489  9.14%     -    6s
     0     0 2362.85952    0   45 2595.55875 2362.85952  8.97%     -    6s
     0     0 2362.96685    0   45 2595.55875 2362.96685  8.96%     -    6s
     0     0 2369.92152    0   34 2595.55875 2369.92152  8.69%     -    6s
     0     0 2371.15927    0   31 2595.55875 2371.15927  8.65%     -    6s
     0     0 2372.89944    0   22 2595.55875 2372.89944  8.58%     -    6s
     0     0 2374.14208    0   33 2595.55875 2374.14208  8.53%     -    7s
     0     0 2374.77323    0   50 2595.55875 2374.77323  8.51%     -    7s
     0     0 2374.77323    0   56 2595.55875 2374.77323  8.51%     -    7s
     0     0 2376.65733    0   27 2595.55875 2376.65733  8.43%     -    7s
     0     0 2376.72692    0   33 2595.55875 2376.72692  8.43%     -    7s
     0     0 2377.13497    0   42 2595.55875 2377.13497  8.42%     -    7s
     0     0 2377.13497    0   42 2595.55875 2377.13497  8.42%     -    7s
     0     0 2377.13497    0   22 2595.55875 2377.13497  8.42%     -    7s
     0     0 2377.13497    0   33 2595.55875 2377.13497  8.42%     -    8s
     0     0 2377.13497    0   22 2595.55875 2377.13497  8.42%     -    8s
     0     0 2377.13497    0   27 2595.55875 2377.13497  8.42%     -    8s
     0     0 2377.13497    0   27 2595.55875 2377.13497  8.42%     -    8s
     0     0 2377.13497    0   29 2595.55875 2377.13497  8.42%     -    8s
     0     0 2379.21896    0   30 2595.55875 2379.21896  8.33%     -    8s
     0     0 2379.51866    0   30 2595.55875 2379.51866  8.32%     -    8s
     0     0 2382.56568    0   26 2595.55875 2382.56568  8.21%     -    8s
     0     0 2382.65641    0   41 2595.55875 2382.65641  8.20%     -    8s
     0     0 2382.76858    0   52 2595.55875 2382.76858  8.20%     -    8s
     0     0 2383.07124    0   47 2595.55875 2383.07124  8.19%     -    8s
     0     0 2383.07124    0   47 2595.55875 2383.07124  8.19%     -    8s

Cutting planes:
  Gomory: 3
  Implied bound: 3
  MIR: 7
  Zero half: 6
  Relax-and-lift: 3

Explored 1 nodes (23392 simplex iterations) in 9.03 seconds
Thread count was 20 (of 40 available processors)

Solution count 3: 2595.56 2783.24 21261.5 

Optimal solution found (tolerance 1.00e-04)
Best objective 2.595558750000e+03, best bound 2.595558750000e+03, gap 0.0000%
