
Gurobi 9.0.2 (linux64, Python) logging started Fri Dec  4 08:56:52 2020

Using license file /share/apps/gurobi/9.0.2/gurobi_client.lic
Set parameter TokenServer to value 10.1.1.1
Set parameter LogFile to value /storage/users/anderhva/041220-085513/logs/O8-I7-V1-WS0.log
Set parameter LogToConsole to value 0
Changed value of parameter TimeLimit to 3600.0
   Prev: inf  Min: 0.0  Max: inf  Default: inf
Gurobi Optimizer version 9.0.2 build v9.0.2rc0 (linux64)
Optimize a model with 3570 rows, 68174 columns and 394934 nonzeros
Model fingerprint: 0x64f139b7
Variable types: 40 continuous, 68134 integer (68134 binary)
Coefficient statistics:
  Matrix range     [1e+00, 1e+02]
  Objective range  [1e+00, 1e+04]
  Bounds range     [1e+00, 1e+00]
  RHS range        [1e+00, 1e+02]
Presolve removed 103 rows and 845 columns
Presolve time: 1.00s
Presolved: 3467 rows, 67329 columns, 325236 nonzeros
Variable types: 32 continuous, 67297 integer (67295 binary)

Root simplex log...

Iteration    Objective       Primal Inf.    Dual Inf.      Time
    8022    1.3947230e+03   8.317266e+02   0.000000e+00      5s
   10188    1.6499193e+03   0.000000e+00   0.000000e+00      6s

Root relaxation: objective 1.649919e+03, 10188 iterations, 4.69 seconds

    Nodes    |    Current Node    |     Objective Bounds      |     Work
 Expl Unexpl |  Obj  Depth IntInf | Incumbent    BestBd   Gap | It/Node Time

     0     0 1666.36182    0  130          - 1666.36182      -     -    9s
H    0     0                    26927.442500 1666.39115  93.8%     -   10s
     0     0 2213.30067    0  111 26927.4425 2213.30067  91.8%     -   13s
     0     0 2213.30067    0  124 26927.4425 2213.30067  91.8%     -   25s
H    0     0                    2562.0900000 2213.30067  13.6%     -   36s
     0     0 2238.69842    0  121 2562.09000 2238.69842  12.6%     -   38s
     0     0 2238.69842    0   82 2562.09000 2238.69842  12.6%     -   41s
H    0     0                    2530.0337500 2238.69842  11.5%     -   42s
     0     0 2312.68774    0  107 2530.03375 2312.68774  8.59%     -   42s
     0     0 2312.68774    0  141 2530.03375 2312.68774  8.59%     -   44s
     0     0 2315.71219    0  121 2530.03375 2315.71219  8.47%     -   45s
     0     0 2324.15068    0  101 2530.03375 2324.15068  8.14%     -   45s
     0     0 2324.41596    0  116 2530.03375 2324.41596  8.13%     -   45s
     0     0 2324.47483    0  134 2530.03375 2324.47483  8.12%     -   45s
     0     0 2329.39069    0   10 2530.03375 2329.39069  7.93%     -   46s
     0     0 2330.27441    0  132 2530.03375 2330.27441  7.90%     -   46s
     0     0 2331.27956    0  115 2530.03375 2331.27956  7.86%     -   46s
     0     0 2331.27956    0  110 2530.03375 2331.27956  7.86%     -   46s
     0     0 2332.41000    0  107 2530.03375 2332.41000  7.81%     -   47s
     0     0 2332.41000    0  112 2530.03375 2332.41000  7.81%     -   47s
     0     0 2332.43610    0  125 2530.03375 2332.43610  7.81%     -   47s
     0     0 2332.43610    0  145 2530.03375 2332.43610  7.81%     -   47s
     0     0 2332.44367    0  119 2530.03375 2332.44367  7.81%     -   47s
     0     0 2332.44367    0  114 2530.03375 2332.44367  7.81%     -   48s
     0     2 2332.44367    0   95 2530.03375 2332.44367  7.81%     -   49s
     1     3 2332.61447    1  105 2530.03375 2332.61447  7.80%  5892   50s
    16     6 2337.34449    5  107 2530.03375 2337.34449  7.62%   893   55s
    69    17 2344.79327   11   70 2530.03375 2344.79327  7.32%   444   61s
   263    14 2375.66971   21   73 2530.03375 2375.66971  6.10%   226   65s
   403    16 2390.08548   26  136 2530.03375 2382.14340  5.85%   201   72s
H  413    16                    2530.0332092 2382.30598  5.84%   202   72s
   542    25 2392.25098   30   54 2530.03321 2385.06523  5.73%   203   75s
   977     4 2488.81040   62   50 2530.03321 2475.78205  2.14%   194   81s
H  979     4                    2530.0328155 2475.78205  2.14%   193   81s

Cutting planes:
  Learned: 1
  Implied bound: 15
  Clique: 1
  MIR: 22
  Inf proof: 2
  Zero half: 10
  RLT: 466
  Relax-and-lift: 2

Explored 994 nodes (258116 simplex iterations) in 81.32 seconds
Thread count was 20 (of 40 available processors)

Solution count 3: 2530.03 2562.09 26927.4 
No other solutions better than 2530.03

Optimal solution found (tolerance 1.00e-04)
Best objective 2.530032713651e+03, best bound 2.530032713651e+03, gap 0.0000%
