
Gurobi 9.0.2 (linux64, Python) logging started Fri Dec  4 08:55:50 2020

Using license file /share/apps/gurobi/9.0.2/gurobi_client.lic
Set parameter TokenServer to value 10.1.1.1
Set parameter LogFile to value /storage/users/anderhva/041220-085513/logs/O8-I6-V1-WS0.log
Set parameter LogToConsole to value 0
Changed value of parameter TimeLimit to 3600.0
   Prev: inf  Min: 0.0  Max: inf  Default: inf
Gurobi Optimizer version 9.0.2 build v9.0.2rc0 (linux64)
Optimize a model with 3560 rows, 56398 columns and 324600 nonzeros
Model fingerprint: 0x307b2360
Variable types: 40 continuous, 56358 integer (56358 binary)
Coefficient statistics:
  Matrix range     [1e+00, 1e+02]
  Objective range  [1e+00, 1e+04]
  Bounds range     [1e+00, 1e+00]
  RHS range        [1e+00, 1e+02]
Presolve removed 140 rows and 840 columns
Presolve time: 0.87s
Presolved: 3420 rows, 55558 columns, 265918 nonzeros
Variable types: 32 continuous, 55526 integer (55524 binary)

Root relaxation: objective 1.383208e+03, 6752 iterations, 2.40 seconds

    Nodes    |    Current Node    |     Objective Bounds      |     Work
 Expl Unexpl |  Obj  Depth IntInf | Incumbent    BestBd   Gap | It/Node Time

     0     0 1400.80150    0   92          - 1400.80150      -     -    5s
H    0     0                    24225.352708 1400.80150  94.2%     -    6s
     0     0 1928.91820    0  121 24225.3527 1928.91820  92.0%     -    7s
     0     0 1928.91820    0   86 24225.3527 1928.91820  92.0%     -   13s
     0     0 1928.91820    0  125 24225.3527 1928.91820  92.0%     -   16s
     0     0 1933.54547    0   95 24225.3527 1933.54547  92.0%     -   17s
     0     0 1933.93344    0  126 24225.3527 1933.93344  92.0%     -   17s
     0     0 1961.87658    0   78 24225.3527 1961.87658  91.9%     -   18s
H    0     0                    15595.093542 1961.87658  87.4%     -   19s
     0     0 1962.50298    0   98 15595.0935 1962.50298  87.4%     -   19s
     0     0 1962.58197    0  116 15595.0935 1962.58197  87.4%     -   19s
     0     0 1964.89986    0  145 15595.0935 1964.89986  87.4%     -   20s
     0     0 1964.92237    0  157 15595.0935 1964.92237  87.4%     -   20s
     0     0 1997.88072    0  120 15595.0935 1997.88072  87.2%     -   22s
H    0     0                    2297.1987500 1997.88072  13.0%     -   33s
     0     0 2047.92628    0  140 2297.19875 2047.92628  10.9%     -   35s
     0     0 2049.32730    0  133 2297.19875 2049.32730  10.8%     -   35s
     0     0 2055.90425    0  115 2297.19875 2055.90425  10.5%     -   35s
     0     0 2055.90425    0   39 2297.19875 2055.90425  10.5%     -   36s
     0     0 2075.91454    0   68 2297.19875 2075.91454  9.63%     -   37s
     0     0 2081.89385    0   77 2297.19875 2081.89385  9.37%     -   37s
     0     0 2086.21142    0   92 2297.19875 2086.21142  9.18%     -   37s
     0     0 2086.21142    0   97 2297.19875 2086.21142  9.18%     -   37s
     0     0 2091.97691    0   83 2297.19875 2091.97691  8.93%     -   38s
     0     0 2092.06213    0   91 2297.19875 2092.06213  8.93%     -   38s
     0     0 2092.06213    0   75 2297.19875 2092.06213  8.93%     -   38s
     0     0 2092.71163    0   90 2297.19875 2092.71163  8.90%     -   38s
     0     0 2093.25399    0  125 2297.19875 2093.25399  8.88%     -   38s
     0     0 2093.25399    0  125 2297.19875 2093.25399  8.88%     -   39s
     0     0 2101.80669    0  111 2297.19875 2101.80669  8.51%     -   40s
     0     0 2101.80669    0   80 2297.19875 2101.80669  8.51%     -   41s
     0     0 2101.80669    0   96 2297.19875 2101.80669  8.51%     -   41s
     0     0 2110.90854    0   77 2297.19875 2110.90854  8.11%     -   41s
     0     0 2112.24760    0  157 2297.19875 2112.24760  8.05%     -   41s
     0     0 2112.85503    0  103 2297.19875 2112.85503  8.02%     -   41s
     0     0 2112.89870    0  103 2297.19875 2112.89870  8.02%     -   41s
     0     0 2120.85289    0   61 2297.19875 2120.85289  7.68%     -   42s
     0     0 2123.70656    0   98 2297.19875 2123.70656  7.55%     -   42s
     0     0 2125.76272    0  102 2297.19875 2125.76272  7.46%     -   42s
     0     0 2127.43906    0  111 2297.19875 2127.43906  7.39%     -   42s
     0     0 2127.64158    0   50 2297.19875 2127.64158  7.38%     -   42s
     0     0 2128.19600    0   66 2297.19875 2128.19600  7.36%     -   42s
     0     0 2128.23654    0   62 2297.19875 2128.23654  7.36%     -   43s
     0     0 2128.23654    0   62 2297.19875 2128.23654  7.36%     -   43s
     0     2 2128.23654    0   62 2297.19875 2128.23654  7.36%     -   43s
     6     4 2144.47984    3   88 2297.19875 2141.05016  6.80%   318   45s
   102    11 2187.21183   14  119 2297.19875 2186.50113  4.82%   198   50s
   264     8 2244.18952   35   23 2297.19875 2234.89632  2.71%   206   55s

Cutting planes:
  Learned: 2
  Implied bound: 12
  Clique: 11
  MIR: 22
  Zero half: 13
  RLT: 216
  Relax-and-lift: 1

Explored 318 nodes (97081 simplex iterations) in 55.26 seconds
Thread count was 20 (of 40 available processors)

Solution count 3: 2297.2 15595.1 24225.4 

Optimal solution found (tolerance 1.00e-04)
Best objective 2.297198750000e+03, best bound 2.297198750000e+03, gap 0.0000%
