
Gurobi 9.0.3 (mac64, Python) logging started Tue Dec  8 20:31:18 2020

Using license file /Users/kpulsrud/gurobi.lic
Set parameter LogFile to value /Users/kpulsrud/Repositories/project-thesis/output/local/speed_opt/logs/O5-C2-V1-WS0.log
Academic license - for non-commercial use only
Changed value of parameter TimeLimit to 3600.0
   Prev: inf  Min: 0.0  Max: inf  Default: inf
Gurobi Optimizer version 9.0.3 build v9.0.3rc0 (mac64)
Optimize a model with 2284 rows, 33922 columns and 193966 nonzeros
Model fingerprint: 0x9d444ed8
Variable types: 28 continuous, 33894 integer (33894 binary)
Coefficient statistics:
  Matrix range     [1e+00, 1e+02]
  Objective range  [1e+00, 8e+03]
  Bounds range     [1e+00, 1e+00]
  RHS range        [1e+00, 1e+02]
Presolve removed 55 rows and 634 columns
Presolve time: 0.50s
Presolved: 2229 rows, 33288 columns, 159800 nonzeros
Variable types: 20 continuous, 33268 integer (33267 binary)

Root relaxation: objective 1.417227e+03, 5944 iterations, 1.23 seconds

    Nodes    |    Current Node    |     Objective Bounds      |     Work
 Expl Unexpl |  Obj  Depth IntInf | Incumbent    BestBd   Gap | It/Node Time

     0     0 1417.22678    0   60          - 1417.22678      -     -    2s
     0     0 2267.76534    0   63          - 2267.76534      -     -    3s
H    0     0                    2636.4191667 2267.76534  14.0%     -    3s
H    0     0                    2593.5816667 2267.76534  12.6%     -    4s
     0     0 2411.10667    0   35 2593.58167 2411.10667  7.04%     -    4s
     0     0 2430.29372    0   40 2593.58167 2430.29372  6.30%     -    5s
     0     0 2437.04833    0   15 2593.58167 2437.04833  6.04%     -    5s
     0     0 2441.04833    0   15 2593.58167 2441.04833  5.88%     -    5s
     0     0 2441.17921    0   33 2593.58167 2441.17921  5.88%     -    5s
     0     0 2441.17921    0   15 2593.58167 2441.17921  5.88%     -    6s
H    0     0                    2585.2150000 2441.17921  5.57%     -    6s
H    0     0                    2565.2150000 2441.17921  4.84%     -    6s
     0     0 2454.64141    0   21 2565.21500 2454.64141  4.31%     -    6s
     0     0 2454.64141    0   10 2565.21500 2454.64141  4.31%     -    6s
     0     0 2476.38045    0   24 2565.21500 2476.38045  3.46%     -    6s
     0     0 2476.48198    0   27 2565.21500 2476.48198  3.46%     -    6s
     0     0 2481.63919    0   21 2565.21500 2481.63919  3.26%     -    6s
     0     0 2481.76187    0   26 2565.21500 2481.76187  3.25%     -    6s
     0     0 2482.68857    0   21 2565.21500 2482.68857  3.22%     -    6s
     0     0 2482.72792    0   29 2565.21500 2482.72792  3.22%     -    6s
     0     0 2486.79270    0   31 2565.21500 2486.79270  3.06%     -    6s
     0     0 2486.81428    0   27 2565.21500 2486.81428  3.06%     -    6s
     0     0 2487.77436    0   24 2565.21500 2487.77436  3.02%     -    6s
     0     0 2487.81275    0   22 2565.21500 2487.81275  3.02%     -    6s
     0     0 2487.81275    0   22 2565.21500 2487.81275  3.02%     -    6s
     0     0 2487.81275    0    9 2565.21500 2487.81275  3.02%     -    6s
     0     0 2501.18061    0   12 2565.21500 2501.18061  2.50%     -    6s
     0     0 2505.06209    0   16 2565.21500 2505.06209  2.34%     -    6s
     0     0 2505.84004    0   17 2565.21500 2505.84004  2.31%     -    6s
     0     0 2509.12783    0   12 2565.21500 2509.12783  2.19%     -    6s
     0     0 2509.17531    0   12 2565.21500 2509.17531  2.18%     -    6s
     0     0 2517.28684    0   13 2565.21500 2517.28684  1.87%     -    6s
     0     0 2521.25325    0   15 2565.21500 2521.25325  1.71%     -    6s
     0     0 2524.72106    0   19 2565.21500 2524.72106  1.58%     -    6s
     0     0 2526.49943    0   22 2565.21500 2526.49943  1.51%     -    6s
     0     0 2526.51509    0   22 2565.21500 2526.51509  1.51%     -    6s
     0     0 2528.25536    0   17 2565.21500 2528.25536  1.44%     -    6s
     0     0 2530.62223    0   19 2565.21500 2530.62223  1.35%     -    6s
     0     0 2530.79103    0   21 2565.21500 2530.79103  1.34%     -    6s
     0     0 2532.88665    0   20 2565.21500 2532.88665  1.26%     -    6s
     0     0 2532.88707    0   23 2565.21500 2532.88707  1.26%     -    6s
     0     0 2533.10217    0   17 2565.21500 2533.10217  1.25%     -    6s
     0     0 2533.20850    0   24 2565.21500 2533.20850  1.25%     -    6s
     0     0 2533.32781    0   21 2565.21500 2533.32781  1.24%     -    6s
     0     0 2533.35588    0   24 2565.21500 2533.35588  1.24%     -    6s
     0     0     cutoff    0      2565.21500 2565.21500  0.00%     -    6s

Cutting planes:
  MIR: 11
  Relax-and-lift: 5

Explored 1 nodes (25139 simplex iterations) in 6.93 seconds
Thread count was 4 (of 4 available processors)

Solution count 4: 2565.22 2585.22 2593.58 2636.42 

Optimal solution found (tolerance 1.00e-04)
Best objective 2.565215000000e+03, best bound 2.565215000000e+03, gap 0.0000%

    Variable            X 
-------------------------
x_0_63_5_88_0            1 
x_1_123_3_144_0            1 
x_2_160_6_177_0            1 
x_3_144_2_160_0            1 
x_4_112_1_123_0            1 
x_5_88_4_112_0            1 
x_0_63_6_63_1            1 
       u_0_0            1 
       u_1_0            1 
       u_2_0            1 
       u_3_0            1 
       u_4_0            1 
       u_5_0            1 
       u_6_0            1 
       u_0_1            1 
       u_6_1            1 
     l_D_0_0         82.5 
     l_D_1_0         27.5 
     l_D_3_0           20 
     l_D_4_0           45 
     l_D_5_0         62.5 
