
Gurobi 9.0.2 (linux64, Python) logging started Sat Dec  5 18:01:25 2020

Using license file /share/apps/gurobi/9.0.2/gurobi_client.lic
Set parameter TokenServer to value 10.1.1.1
Set parameter LogFile to value /storage/users/anderhva/051220-175751/logs/O10-C4-V2-WS1.log
Set parameter LogToConsole to value 0
Changed value of parameter TimeLimit to 3600.0
   Prev: inf  Min: 0.0  Max: inf  Default: inf
Gurobi Optimizer version 9.0.2 build v9.0.2rc0 (linux64)
Optimize a model with 6857 rows, 77886 columns and 440853 nonzeros
Model fingerprint: 0x6cddd3cb
Variable types: 72 continuous, 77814 integer (77814 binary)
Coefficient statistics:
  Matrix range     [1e+00, 1e+02]
  Objective range  [1e+00, 8e+03]
  Bounds range     [1e+00, 1e+00]
  RHS range        [1e+00, 1e+02]
Presolve removed 466 rows and 2337 columns
Presolve time: 1.32s
Presolved: 6391 rows, 75549 columns, 352314 nonzeros
Variable types: 60 continuous, 75489 integer (75486 binary)

Root simplex log...

Iteration    Objective       Primal Inf.    Dual Inf.      Time
    7495    1.6588554e+03   9.229688e+01   0.000000e+00      5s
   15679    2.1362450e+03   0.000000e+00   0.000000e+00      9s

Root relaxation: objective 2.136245e+03, 15679 iterations, 5.85 seconds

    Nodes    |    Current Node    |     Objective Bounds      |     Work
 Expl Unexpl |  Obj  Depth IntInf | Incumbent    BestBd   Gap | It/Node Time

     0     0 2136.63062    0  258          - 2136.63062      -     -   11s
     0     0 3055.29500    0  177          - 3055.29500      -     -   14s
     0     0 3068.01267    0  190          - 3068.01267      -     -   16s
     0     0 3104.42988    0  265          - 3104.42988      -     -   19s
     0     0 3108.53124    0  166          - 3108.53124      -     -   20s
     0     0 3108.86194    0  166          - 3108.86194      -     -   20s
     0     0 3116.04279    0  229          - 3116.04279      -     -   22s
H    0     0                    7596.0038167 3116.04279  59.0%     -   24s
     0     0 3116.19814    0  229 7596.00382 3116.19814  59.0%     -   25s
     0     0 3119.82780    0  212 7596.00382 3119.82780  58.9%     -   25s
     0     0 3120.42370    0  189 7596.00382 3120.42370  58.9%     -   25s
     0     0 3120.75719    0  187 7596.00382 3120.75719  58.9%     -   25s
     0     0 3120.96526    0  244 7596.00382 3120.96526  58.9%     -   26s
     0     0 3121.24257    0  248 7596.00382 3121.24257  58.9%     -   26s
     0     0 3127.40231    0  253 7596.00382 3127.40231  58.8%     -   27s
     0     0 3127.40231    0  236 7596.00382 3127.40231  58.8%     -   34s
     0     0 3127.40231    0  175 7596.00382 3127.40231  58.8%     -   39s
     0     0 3127.40231    0  197 7596.00382 3127.40231  58.8%     -   40s
     0     0 3127.40231    0  254 7596.00382 3127.40231  58.8%     -   41s
     0     0 3127.64213    0  281 7596.00382 3127.64213  58.8%     -   42s
     0     0 3127.74637    0  306 7596.00382 3127.74637  58.8%     -   42s
     0     0 3135.49736    0  332 7596.00382 3135.49736  58.7%     -   44s
H    0     0                    7528.0118333 3135.49736  58.3%     -   45s
     0     0 3135.67650    0  240 7528.01183 3135.67650  58.3%     -   47s
     0     0 3157.01887    0  248 7528.01183 3157.01887  58.1%     -   49s
H    0     0                    5775.6752167 3157.01887  45.3%     -   52s
H    0     0                    5004.5118833 3157.01887  36.9%     -   52s
     0     0 3158.44563    0  264 5004.51188 3158.44563  36.9%     -   52s
     0     0 3158.61912    0  312 5004.51188 3158.61912  36.9%     -   52s
     0     0 3158.64716    0  309 5004.51188 3158.64716  36.9%     -   52s
     0     0 3238.24427    0  332 5004.51188 3238.24427  35.3%     -   55s
     0     0 3239.95681    0  412 5004.51188 3239.95681  35.3%     -   57s
     0     0 3241.90702    0  359 5004.51188 3241.90702  35.2%     -   58s
     0     0 3242.78629    0  386 5004.51188 3242.78629  35.2%     -   58s
H    0     0                    4990.4243833 3243.85639  35.0%     -   59s
     0     0 3243.85639    0  326 4990.42438 3243.85639  35.0%     -   60s
     0     0 3243.87411    0  315 4990.42438 3243.87411  35.0%     -   61s
     0     0 3245.66475    0  268 4990.42438 3245.66475  35.0%     -   61s
     0     0 3248.66131    0  269 4990.42438 3248.66131  34.9%     -   61s
     0     0 3248.66131    0  258 4990.42438 3248.66131  34.9%     -   62s
     0     0 3248.66131    0  288 4990.42438 3248.66131  34.9%     -   62s
     0     0 3249.78477    0  327 4990.42438 3249.78477  34.9%     -   63s
     0     0 3250.04449    0  327 4990.42438 3250.04449  34.9%     -   65s
     0     2 3250.04449    0  327 4990.42438 3250.04449  34.9%     -   71s
     1     4 3292.58026    1  221 4990.42438 3250.04449  34.9%  2155   79s
     3     7 3846.29398    2  150 4990.42438 3292.61369  34.0%  2066   85s
    14    17 4076.02705    4  128 4990.42438 3592.27855  28.0%  1579   94s
    26    21 4101.15842    5  172 4990.42438 3757.64921  24.7%  1120   97s
    43    27 4391.26499    6   96 4990.42438 3765.02857  24.6%   934  103s
H   50    27                    4824.1743833 3766.31134  21.9%   836  103s
    83    20 4506.82037    8   76 4824.17438 3785.51526  21.5%   654  105s
   195     1 4734.19814   20   51 4824.17438 4671.39629  3.17%   364  110s

Cutting planes:
  Cover: 9
  Implied bound: 35
  Clique: 4
  MIR: 9
  Flow cover: 6
  Zero half: 9
  RLT: 4
  Relax-and-lift: 47

Explored 201 nodes (124843 simplex iterations) in 110.43 seconds
Thread count was 20 (of 40 available processors)

Solution count 6: 4824.17 4990.42 5004.51 ... 7596

Optimal solution found (tolerance 1.00e-04)
Best objective 4.824174383333e+03, best bound 4.824174383333e+03, gap 0.0000%
