
Gurobi 9.0.2 (linux64, Python) logging started Sat Dec  5 17:59:43 2020

Using license file /share/apps/gurobi/9.0.2/gurobi_client.lic
Set parameter TokenServer to value 10.1.1.1
Set parameter LogFile to value /storage/users/anderhva/051220-175751/logs/O10-C3-V2-WS1.log
Set parameter LogToConsole to value 0
Changed value of parameter TimeLimit to 3600.0
   Prev: inf  Min: 0.0  Max: inf  Default: inf
Gurobi Optimizer version 9.0.2 build v9.0.2rc0 (linux64)
Optimize a model with 6263 rows, 73218 columns and 413922 nonzeros
Model fingerprint: 0x08d5abac
Variable types: 72 continuous, 73146 integer (73146 binary)
Coefficient statistics:
  Matrix range     [1e+00, 1e+02]
  Objective range  [1e+00, 1e+04]
  Bounds range     [1e+00, 1e+00]
  RHS range        [1e+00, 1e+02]
Presolve removed 514 rows and 3195 columns
Presolve time: 1.20s
Presolved: 5749 rows, 70023 columns, 327195 nonzeros
Variable types: 60 continuous, 69963 integer (69960 binary)

Root simplex log...

Iteration    Objective       Primal Inf.    Dual Inf.      Time
    9001    2.5855207e+03   2.767972e+02   0.000000e+00      5s
   15678    2.8761430e+03   0.000000e+00   0.000000e+00      9s

Root relaxation: objective 2.876143e+03, 15678 iterations, 6.68 seconds

    Nodes    |    Current Node    |     Objective Bounds      |     Work
 Expl Unexpl |  Obj  Depth IntInf | Incumbent    BestBd   Gap | It/Node Time

     0     0 2876.14297    0  136          - 2876.14297      -     -    9s
     0     0 3416.01799    0  122          - 3416.01799      -     -   13s
     0     0 3438.67805    0  135          - 3438.67805      -     -   13s
     0     0 3490.86850    0  139          - 3490.86850      -     -   15s
     0     0 3492.45630    0  163          - 3492.45630      -     -   16s
     0     0 3503.61343    0  128          - 3503.61343      -     -   16s
     0     0 3503.86341    0  109          - 3503.86341      -     -   16s
     0     0 3503.93695    0  141          - 3503.93695      -     -   16s
     0     0 3530.77940    0  122          - 3530.77940      -     -   18s
     0     0 3536.53652    0  139          - 3536.53652      -     -   18s
     0     0 3540.52199    0  148          - 3540.52199      -     -   19s
     0     0 3541.12673    0  138          - 3541.12673      -     -   19s
     0     0 3541.63370    0  170          - 3541.63370      -     -   19s
     0     0 3542.47265    0  171          - 3542.47265      -     -   19s
     0     0 3548.81486    0  155          - 3548.81486      -     -   20s
H    0     0                    5689.9185500 3548.81486  37.6%     -   22s
     0     0 3549.06243    0  166 5689.91855 3549.06243  37.6%     -   22s
     0     0 3553.92462    0  164 5689.91855 3553.92462  37.5%     -   23s
     0     0 3978.38897    0   80 5689.91855 3978.38897  30.1%     -   28s
H    0     0                    5062.2683000 3978.38897  21.4%     -   28s
     0     0 4072.56159    0   82 5062.26830 4072.56159  19.6%     -   30s
     0     0 4087.24141    0  127 5062.26830 4087.24141  19.3%     -   32s
     0     0 4089.34881    0   95 5062.26830 4089.34881  19.2%     -   32s
     0     0 4090.78067    0   95 5062.26830 4090.78067  19.2%     -   32s
     0     0 4090.94084    0  107 5062.26830 4090.94084  19.2%     -   32s
     0     0 4109.84871    0   85 5062.26830 4109.84871  18.8%     -   33s
     0     0 4109.84871    0   85 5062.26830 4109.84871  18.8%     -   33s
     0     0 4130.02387    0  100 5062.26830 4130.02387  18.4%     -   33s
     0     0 4130.03760    0  119 5062.26830 4130.03760  18.4%     -   34s
     0     0 4137.46350    0  182 5062.26830 4137.46350  18.3%     -   34s
     0     0 4137.48142    0  164 5062.26830 4137.48142  18.3%     -   35s
     0     0 4140.19537    0  149 5062.26830 4140.19537  18.2%     -   35s
     0     0 4140.77169    0  151 5062.26830 4140.77169  18.2%     -   36s
     0     0 4140.90799    0  147 5062.26830 4140.90799  18.2%     -   37s
     0     0 4144.60557    0  178 5062.26830 4144.60557  18.1%     -   37s
     0     0 4144.94052    0  113 5062.26830 4144.94052  18.1%     -   37s
     0     0 4146.53409    0  246 5062.26830 4146.53409  18.1%     -   38s
     0     0 4146.53710    0  246 5062.26830 4146.53710  18.1%     -   38s
     0     0 4148.52036    0  285 5062.26830 4148.52036  18.1%     -   39s
     0     0 4148.73875    0  247 5062.26830 4148.73875  18.0%     -   39s
     0     0 4148.73941    0  247 5062.26830 4148.73941  18.0%     -   39s
     0     0 4151.31794    0  221 5062.26830 4151.31794  18.0%     -   40s
H    0     0                    4946.5616333 4151.31794  16.1%     -   40s
     0     0 4151.37493    0  216 4946.56163 4151.37493  16.1%     -   40s
     0     0 4151.68228    0  238 4946.56163 4151.68228  16.1%     -   40s
     0     0 4151.73748    0  248 4946.56163 4151.73748  16.1%     -   41s
     0     0 4151.74046    0  244 4946.56163 4151.74046  16.1%     -   41s
     0     0 4154.21365    0  224 4946.56163 4154.21365  16.0%     -   41s
     0     0 4154.21365    0  101 4946.56163 4154.21365  16.0%     -   44s
     0     0 4154.21365    0   83 4946.56163 4154.21365  16.0%     -   47s
     0     0 4172.39339    0  154 4946.56163 4172.39339  15.7%     -   49s
     0     0 4174.05971    0  188 4946.56163 4174.05971  15.6%     -   49s
     0     0 4174.53018    0  187 4946.56163 4174.53018  15.6%     -   50s
     0     0 4176.59296    0  225 4946.56163 4176.59296  15.6%     -   50s
     0     0 4183.45556    0  211 4946.56163 4183.45556  15.4%     -   52s
     0     0 4183.59609    0  195 4946.56163 4183.59609  15.4%     -   52s
     0     0 4183.66336    0  226 4946.56163 4183.66336  15.4%     -   52s
     0     0 4186.82911    0  214 4946.56163 4186.82911  15.4%     -   53s
     0     0 4187.28218    0  194 4946.56163 4187.28218  15.3%     -   53s
     0     0 4187.37007    0  240 4946.56163 4187.37007  15.3%     -   54s
     0     0 4188.52478    0  244 4946.56163 4188.52478  15.3%     -   54s
     0     0 4188.57936    0  266 4946.56163 4188.57936  15.3%     -   54s
     0     0 4188.59267    0  197 4946.56163 4188.59267  15.3%     -   54s
     0     0 4188.83160    0  229 4946.56163 4188.83160  15.3%     -   55s
     0     0 4190.55035    0  229 4946.56163 4190.55035  15.3%     -   56s
     0     0 4192.07139    0  171 4946.56163 4192.07139  15.3%     -   56s
     0     0 4193.12908    0  143 4946.56163 4193.12908  15.2%     -   56s
     0     0 4194.16100    0  234 4946.56163 4194.16100  15.2%     -   57s
     0     0 4194.36144    0  234 4946.56163 4194.36144  15.2%     -   57s
     0     0 4194.41145    0  189 4946.56163 4194.41145  15.2%     -   57s
     0     0 4194.79153    0  198 4946.56163 4194.79153  15.2%     -   58s
     0     0 4195.50987    0  177 4946.56163 4195.50987  15.2%     -   59s
     0     0 4222.16362    0  275 4946.56163 4222.16362  14.6%     -   59s
     0     0 4222.16362    0  264 4946.56163 4222.16362  14.6%     -   60s
     0     0 4223.97501    0  248 4946.56163 4223.97501  14.6%     -   61s
     0     0 4224.49134    0  210 4946.56163 4224.49134  14.6%     -   61s
     0     0 4224.49134    0  238 4946.56163 4224.49134  14.6%     -   62s
     0     0 4224.49134    0  238 4946.56163 4224.49134  14.6%     -   63s
     0     0 4224.49134    0   93 4946.56163 4224.49134  14.6%     -   65s
     0     0 4224.49134    0  111 4946.56163 4224.49134  14.6%     -   66s
     0     0 4232.62069    0   68 4946.56163 4232.62069  14.4%     -   67s
     0     0 4234.26863    0  143 4946.56163 4234.26863  14.4%     -   67s
     0     0 4235.25062    0   74 4946.56163 4235.25062  14.4%     -   67s
     0     0 4236.83375    0   74 4946.56163 4236.83375  14.3%     -   67s
     0     0 4238.37442    0  143 4946.56163 4238.37442  14.3%     -   67s
     0     0 4238.80602    0  114 4946.56163 4238.80602  14.3%     -   68s
     0     0 4238.82755    0  110 4946.56163 4238.82755  14.3%     -   68s
     0     0 4281.92286    0  143 4946.56163 4281.92286  13.4%     -   68s
     0     0 4310.71057    0   84 4946.56163 4310.71057  12.9%     -   69s
     0     0 4310.71057    0  108 4946.56163 4310.71057  12.9%     -   69s
     0     0 4327.56030    0   97 4946.56163 4327.56030  12.5%     -   70s
     0     0 4408.26798    0  126 4946.56163 4408.26798  10.9%     -   71s
     0     0 4408.26798    0  190 4946.56163 4408.26798  10.9%     -   71s
     0     0 4411.66739    0  148 4946.56163 4411.66739  10.8%     -   71s
     0     0 4414.53034    0   80 4946.56163 4414.53034  10.8%     -   71s
     0     0 4414.53034    0  135 4946.56163 4414.53034  10.8%     -   72s
     0     0 4423.19598    0  167 4946.56163 4423.19598  10.6%     -   72s
     0     0 4431.50840    0  167 4946.56163 4431.50840  10.4%     -   73s
     0     0 4431.50840    0  105 4946.56163 4431.50840  10.4%     -   76s
     0     0 4431.50840    0   93 4946.56163 4431.50840  10.4%     -   77s
     0     0 4431.50840    0   98 4946.56163 4431.50840  10.4%     -   79s
     0     0 4431.50840    0  149 4946.56163 4431.50840  10.4%     -   79s
     0     0 4431.55725    0  225 4946.56163 4431.55725  10.4%     -   80s
     0     0 4432.76973    0  218 4946.56163 4432.76973  10.4%     -   80s
     0     0 4438.83267    0  135 4946.56163 4438.83267  10.3%     -   80s
     0     0 4444.62029    0  135 4946.56163 4444.62029  10.1%     -   80s
     0     0 4444.62029    0  161 4946.56163 4444.62029  10.1%     -   80s
     0     0 4477.38620    0  190 4946.56163 4477.38620  9.48%     -   80s
     0     0 4491.44321    0  199 4946.56163 4491.44321  9.20%     -   80s
     0     0 4563.84745    0   72 4946.56163 4563.84745  7.74%     -   82s
     0     0 4599.55183    0  151 4946.56163 4599.55183  7.02%     -   82s
     0     0 4600.63891    0  169 4946.56163 4600.63891  6.99%     -   82s
     0     0 4603.54001    0  152 4946.56163 4603.54001  6.93%     -   82s
     0     0 4612.63156    0  212 4946.56163 4612.63156  6.75%     -   84s
     0     0 4639.08361    0  153 4946.56163 4639.08361  6.22%     -   84s
     0     0 4643.51105    0  174 4946.56163 4643.51105  6.13%     -   84s
     0     0 4643.51105    0   78 4946.56163 4643.51105  6.13%     -   87s
     0     0 4643.51105    0   90 4946.56163 4643.51105  6.13%     -   88s
     0     0 4643.51105    0   90 4946.56163 4643.51105  6.13%     -   88s
     0     0 4643.51105    0   82 4946.56163 4643.51105  6.13%     -   89s
     0     0 4643.51105    0   75 4946.56163 4643.51105  6.13%     -   89s
     0     0 4643.51105    0   74 4946.56163 4643.51105  6.13%     -   89s
     0     0 4643.51105    0   62 4946.56163 4643.51105  6.13%     -   89s
     0     0 4643.51105    0   96 4946.56163 4643.51105  6.13%     -   89s
     0     0 4643.51105    0   77 4946.56163 4643.51105  6.13%     -   90s
     0     0 4643.51105    0   52 4946.56163 4643.51105  6.13%     -   91s
     0     0 4643.51105    0   60 4946.56163 4643.51105  6.13%     -   91s
     0     0 4643.51105    0   36 4946.56163 4643.51105  6.13%     -   91s
     0     0 4643.51105    0   58 4946.56163 4643.51105  6.13%     -   91s
     0     0 4643.51105    0   55 4946.56163 4643.51105  6.13%     -   91s
     0     0 4643.51105    0   67 4946.56163 4643.51105  6.13%     -   91s
     0     0 4643.51105    0   71 4946.56163 4643.51105  6.13%     -   91s
     0     0 4643.51105    0   27 4946.56163 4643.51105  6.13%     -   91s
     0     0 4643.51105    0   34 4946.56163 4643.51105  6.13%     -   92s
     0     0 4643.51105    0   14 4946.56163 4643.51105  6.13%     -   92s
     0     0 4643.80868    0   41 4946.56163 4643.80868  6.12%     -   92s
     0     0 4656.09476    0   46 4946.56163 4656.09476  5.87%     -   92s
     0     0 4666.95102    0   49 4946.56163 4666.95102  5.65%     -   92s
     0     0 4667.00840    0   45 4946.56163 4667.00840  5.65%     -   92s
     0     0 4700.13763    0   85 4946.56163 4700.13763  4.98%     -   92s
     0     0 4716.71160    0   64 4946.56163 4716.71160  4.65%     -   92s
     0     0 4745.17061    0   68 4946.56163 4745.17061  4.07%     -   92s
     0     0 4745.17061    0   46 4946.56163 4745.17061  4.07%     -   92s
     0     0 4779.81949    0   45 4946.56163 4779.81949  3.37%     -   92s
     0     0 4786.53483    0   45 4946.56163 4786.53483  3.24%     -   92s
     0     0 4788.44691    0   45 4946.56163 4788.44691  3.20%     -   92s
     0     0 4833.70805    0   21 4946.56163 4833.70805  2.28%     -   93s
     0     0 4833.70805    0   43 4946.56163 4833.70805  2.28%     -   93s
     0     0 4946.56163    0   44 4946.56163 4946.56163  0.00%     -   93s

Cutting planes:
  Gomory: 21
  Implied bound: 34
  Clique: 2
  MIR: 20
  Flow cover: 16
  Zero half: 1
  RLT: 48
  Relax-and-lift: 29

Explored 1 nodes (87689 simplex iterations) in 93.23 seconds
Thread count was 20 (of 40 available processors)

Solution count 3: 4946.56 5062.27 5689.92 

Optimal solution found (tolerance 1.00e-04)
Best objective 4.946561633333e+03, best bound 4.946561633333e+03, gap 0.0000%
