
Gurobi 9.0.2 (linux64, Python) logging started Sat Dec  5 17:57:51 2020

Using license file /share/apps/gurobi/9.0.2/gurobi_client.lic
Set parameter TokenServer to value 10.1.1.1
Set parameter LogFile to value /storage/users/anderhva/051220-175751/logs/O10-C1-V2-WS1.log
Set parameter LogToConsole to value 0
Changed value of parameter TimeLimit to 3600.0
   Prev: inf  Min: 0.0  Max: inf  Default: inf
Gurobi Optimizer version 9.0.2 build v9.0.2rc0 (linux64)
Optimize a model with 6401 rows, 67509 columns and 379653 nonzeros
Model fingerprint: 0xd9088396
Variable types: 72 continuous, 67437 integer (67437 binary)
Coefficient statistics:
  Matrix range     [1e+00, 1e+02]
  Objective range  [1e+00, 1e+04]
  Bounds range     [1e+00, 1e+00]
  RHS range        [1e+00, 1e+02]
Presolve removed 493 rows and 2787 columns
Presolve time: 1.08s
Presolved: 5908 rows, 64722 columns, 300405 nonzeros
Variable types: 60 continuous, 64662 integer (64659 binary)

Root simplex log...

Iteration    Objective       Primal Inf.    Dual Inf.      Time
    7828    2.1350371e+03   1.912298e+02   0.000000e+00      5s
   16498    2.3710452e+03   0.000000e+00   0.000000e+00     10s

Root relaxation: objective 2.371045e+03, 16498 iterations, 7.13 seconds

    Nodes    |    Current Node    |     Objective Bounds      |     Work
 Expl Unexpl |  Obj  Depth IntInf | Incumbent    BestBd   Gap | It/Node Time

     0     0 2371.04516    0   99          - 2371.04516      -     -   10s
     0     0 2964.76245    0  157          - 2964.76245      -     -   14s
     0     0 2964.86040    0  157          - 2964.86040      -     -   14s
     0     0 2980.96894    0  128          - 2980.96894      -     -   16s
     0     0 3002.93633    0  146          - 3002.93633      -     -   17s
     0     0 3004.30423    0  161          - 3004.30423      -     -   18s
     0     0 3006.38663    0  161          - 3006.38663      -     -   18s
     0     0 3006.57634    0  164          - 3006.57634      -     -   19s
H    0     0                    4846.5038833 3006.57634  38.0%     -   19s
     0     0 3019.85004    0  228 4846.50388 3019.85004  37.7%     -   20s
     0     0 3019.85004    0   90 4846.50388 3019.85004  37.7%     -   27s
     0     0 3019.85004    0  140 4846.50388 3019.85004  37.7%     -   31s
H    0     0                    3964.9664667 3019.85004  23.8%     -   33s
     0     0 3054.47051    0   94 3964.96647 3054.47051  23.0%     -   34s
     0     0 3095.83761    0  136 3964.96647 3095.83761  21.9%     -   35s
     0     0 3095.83761    0  153 3964.96647 3095.83761  21.9%     -   35s
     0     0 3096.05891    0  137 3964.96647 3096.05891  21.9%     -   35s
     0     0 3117.45642    0  138 3964.96647 3117.45642  21.4%     -   36s
     0     0 3117.46227    0  139 3964.96647 3117.46227  21.4%     -   36s
     0     0 3136.96195    0  160 3964.96647 3136.96195  20.9%     -   37s
     0     0 3139.61487    0  188 3964.96647 3139.61487  20.8%     -   39s
     0     0 3140.09117    0  171 3964.96647 3140.09117  20.8%     -   39s
     0     0 3141.41163    0  209 3964.96647 3141.41163  20.8%     -   39s
     0     0 3148.06113    0  184 3964.96647 3148.06113  20.6%     -   40s
     0     0 3265.78299    0  184 3964.96647 3265.78299  17.6%     -   41s
     0     0 3265.78299    0  118 3964.96647 3265.78299  17.6%     -   41s
     0     0 3265.78299    0  235 3964.96647 3265.78299  17.6%     -   42s
     0     0 3265.84887    0  268 3964.96647 3265.84887  17.6%     -   42s
     0     0 3265.84887    0  172 3964.96647 3265.84887  17.6%     -   43s
     0     0 3359.80068    0  195 3964.96647 3359.80068  15.3%     -   44s
     0     0 3359.80068    0  220 3964.96647 3359.80068  15.3%     -   44s
     0     0 3383.15889    0  264 3964.96647 3383.15889  14.7%     -   44s
     0     0 3383.15889    0  235 3964.96647 3383.15889  14.7%     -   44s
     0     0 3386.75374    0  181 3964.96647 3386.75374  14.6%     -   45s
     0     0 3386.75374    0  217 3964.96647 3386.75374  14.6%     -   45s
     0     0 3386.75374    0  233 3964.96647 3386.75374  14.6%     -   45s
     0     0 3386.75374    0  189 3964.96647 3386.75374  14.6%     -   46s
     0     0 3681.89388    0   82 3964.96647 3681.89388  7.14%     -   47s
     0     0 3681.89388    0   82 3964.96647 3681.89388  7.14%     -   48s
     0     0 3681.89388    0   92 3964.96647 3681.89388  7.14%     -   51s
     0     0 3689.99714    0   76 3964.96647 3689.99714  6.93%     -   52s
     0     0 3690.44328    0   69 3964.96647 3690.44328  6.92%     -   52s
     0     0 3690.67828    0   78 3964.96647 3690.67828  6.92%     -   52s
     0     0 3692.49026    0   52 3964.96647 3692.49026  6.87%     -   52s
     0     0 3692.93863    0   74 3964.96647 3692.93863  6.86%     -   52s
     0     0 3692.93863    0   74 3964.96647 3692.93863  6.86%     -   52s
     0     0 3694.64989    0   89 3964.96647 3694.64989  6.82%     -   53s

Cutting planes:
  Cover: 2
  Implied bound: 24
  Clique: 3
  MIR: 2
  Flow cover: 8
  Zero half: 2
  RLT: 2
  Relax-and-lift: 7

Explored 1 nodes (60093 simplex iterations) in 54.77 seconds
Thread count was 20 (of 40 available processors)

Solution count 2: 3964.97 4846.5 

Optimal solution found (tolerance 1.00e-04)
Best objective 3.964966466667e+03, best bound 3.964966466667e+03, gap 0.0000%
