
Gurobi 9.0.2 (linux64, Python) logging started Sat Dec  5 10:39:30 2020

Using license file /share/apps/gurobi/9.0.2/gurobi_client.lic
Set parameter TokenServer to value 10.1.1.1
Set parameter LogFile to value /storage/users/anderhva/051220-103929/logs/O10-C1-V2-WS2.log
Set parameter LogToConsole to value 0
Changed value of parameter TimeLimit to 3600.0
   Prev: inf  Min: 0.0  Max: inf  Default: inf
Gurobi Optimizer version 9.0.2 build v9.0.2rc0 (linux64)
Optimize a model with 2435 rows, 15990 columns and 87501 nonzeros
Model fingerprint: 0xf63282c1
Variable types: 72 continuous, 15918 integer (15918 binary)
Coefficient statistics:
  Matrix range     [1e+00, 1e+02]
  Objective range  [1e+00, 1e+04]
  Bounds range     [1e+00, 1e+00]
  RHS range        [1e+00, 1e+02]
Presolve removed 604 rows and 2757 columns
Presolve time: 0.46s
Presolved: 1831 rows, 13233 columns, 59385 nonzeros
Variable types: 60 continuous, 13173 integer (13170 binary)
Found heuristic solution: objective 30561.000007

Root relaxation: objective 3.767876e+03, 3239 iterations, 0.28 seconds

    Nodes    |    Current Node    |     Objective Bounds      |     Work
 Expl Unexpl |  Obj  Depth IntInf | Incumbent    BestBd   Gap | It/Node Time

     0     0 3767.87638    0   39 30561.0000 3767.87638  87.7%     -    0s
H    0     0                    15820.933554 3767.87638  76.2%     -    1s
H    0     0                    10850.171731 3767.87638  65.3%     -    1s
     0     0 3817.04305    0   38 10850.1717 3817.04305  64.8%     -    1s
     0     0 3817.04305    0   60 10850.1717 3817.04305  64.8%     -    1s
H    0     0                    4974.8198690 3817.04305  23.3%     -    1s
     0     0 3832.74363    0   54 4974.81987 3832.74363  23.0%     -    2s
     0     0 4189.76321    0   33 4974.81987 4189.76321  15.8%     -    2s
H    0     0                    4649.7632090 4189.76321  9.89%     -    2s
     0     0 4212.58040    0   36 4649.76321 4212.58040  9.40%     -    2s
     0     0 4212.58040    0   30 4649.76321 4212.58040  9.40%     -    2s
     0     0 4212.58040    0   35 4649.76321 4212.58040  9.40%     -    3s
     0     0 4215.91373    0   54 4649.76321 4215.91373  9.33%     -    3s
     0     0 4217.14383    0   44 4649.76321 4217.14383  9.30%     -    3s
     0     0 4217.14383    0   48 4649.76321 4217.14383  9.30%     -    3s
     0     0 4248.28956    0   48 4649.76321 4248.28956  8.63%     -    3s
     0     0 4254.52145    0   30 4649.76321 4254.52145  8.50%     -    3s
     0     0 4258.13919    0   56 4649.76321 4258.13919  8.42%     -    3s
     0     0 4260.69881    0   69 4649.76321 4260.69881  8.37%     -    3s
     0     0 4260.71065    0   63 4649.76321 4260.71065  8.37%     -    3s
     0     0 4298.93843    0   96 4649.76321 4298.93843  7.55%     -    3s
     0     0 4299.26481    0   82 4649.76321 4299.26481  7.54%     -    3s
     0     0 4299.34966    0   88 4649.76321 4299.34966  7.54%     -    3s
     0     0 4299.69944    0   85 4649.76321 4299.69944  7.53%     -    3s
     0     0 4299.83015    0   88 4649.76321 4299.83015  7.53%     -    3s
     0     0 4299.85658    0   88 4649.76321 4299.85658  7.53%     -    3s
     0     0 4312.79336    0  100 4649.76321 4312.79336  7.25%     -    3s
     0     0 4315.37510    0  100 4649.76321 4315.37510  7.19%     -    3s
     0     0 4316.45599    0  100 4649.76321 4316.45599  7.17%     -    3s
     0     0 4316.47738    0  108 4649.76321 4316.47738  7.17%     -    3s
     0     0 4329.41612    0   95 4649.76321 4329.41612  6.89%     -    3s
     0     0 4330.20030    0  100 4649.76321 4330.20030  6.87%     -    3s
     0     0 4331.01968    0  116 4649.76321 4331.01968  6.86%     -    3s
     0     0 4331.03312    0  120 4649.76321 4331.03312  6.85%     -    3s
     0     0 4336.84251    0  107 4649.76321 4336.84251  6.73%     -    3s
     0     0 4336.84251    0   20 4649.76321 4336.84251  6.73%     -    4s
     0     0 4336.84251    0   33 4649.76321 4336.84251  6.73%     -    4s
     0     0 4336.84251    0   44 4649.76321 4336.84251  6.73%     -    4s
     0     0 4352.37378    0   60 4649.76321 4352.37378  6.40%     -    4s
     0     0 4371.30523    0   51 4649.76321 4371.30523  5.99%     -    4s
     0     0 4376.44837    0   11 4649.76321 4376.44837  5.88%     -    4s
     0     0 4379.65607    0   69 4649.76321 4379.65607  5.81%     -    4s
     0     0 4379.77947    0   46 4649.76321 4379.77947  5.81%     -    4s
     0     0 4380.45022    0   77 4649.76321 4380.45022  5.79%     -    4s
     0     0 4380.45674    0   77 4649.76321 4380.45674  5.79%     -    4s
     0     0 4386.73846    0   10 4649.76321 4386.73846  5.66%     -    4s
     0     0 4386.73846    0   40 4649.76321 4386.73846  5.66%     -    4s
     0     0 4386.73846    0   33 4649.76321 4386.73846  5.66%     -    4s
     0     0 4395.36229    0   34 4649.76321 4395.36229  5.47%     -    4s
     0     0 4395.51776    0   34 4649.76321 4395.51776  5.47%     -    4s
     0     0 4404.63644    0   49 4649.76321 4404.63644  5.27%     -    4s
     0     0 4405.92633    0   43 4649.76321 4405.92633  5.24%     -    4s
     0     0 4449.46694    0   12 4649.76321 4449.46694  4.31%     -    4s
     0     0 4455.43183    0   14 4649.76321 4455.43183  4.18%     -    4s
     0     0 4459.77680    0   12 4649.76321 4459.77680  4.09%     -    4s
     0     0 4502.72425    0   18 4649.76321 4502.72425  3.16%     -    4s
     0     0 4521.83495    0   55 4649.76321 4521.83495  2.75%     -    4s
     0     0 4532.21880    0   56 4649.76321 4532.21880  2.53%     -    4s
     0     0 4587.16819    0    9 4649.76321 4587.16819  1.35%     -    4s
     0     0 4649.76321    0   36 4649.76321 4649.76321  0.00%     -    4s

Cutting planes:
  Gomory: 1
  Implied bound: 6
  Clique: 13
  MIR: 13
  Flow cover: 6
  Zero half: 1
  RLT: 3
  Relax-and-lift: 43

Explored 1 nodes (10495 simplex iterations) in 4.75 seconds
Thread count was 20 (of 40 available processors)

Solution count 5: 4649.76 4974.82 10850.2 ... 30561

Optimal solution found (tolerance 1.00e-04)
Best objective 4.649763208995e+03, best bound 4.649763208995e+03, gap 0.0000%
