
Gurobi 9.0.2 (linux64, Python) logging started Sat Dec  5 10:39:59 2020

Using license file /share/apps/gurobi/9.0.2/gurobi_client.lic
Set parameter TokenServer to value 10.1.1.1
Set parameter LogFile to value /storage/users/anderhva/051220-103929/logs/O12-C1-V2-WS2.log
Set parameter LogToConsole to value 0
Changed value of parameter TimeLimit to 3600.0
   Prev: inf  Min: 0.0  Max: inf  Default: inf
Gurobi Optimizer version 9.0.2 build v9.0.2rc0 (linux64)
Optimize a model with 3267 rows, 25140 columns and 141726 nonzeros
Model fingerprint: 0x590aefc3
Variable types: 84 continuous, 25056 integer (25056 binary)
Coefficient statistics:
  Matrix range     [1e+00, 1e+02]
  Objective range  [1e+00, 1e+04]
  Bounds range     [1e+00, 1e+00]
  RHS range        [1e+00, 1e+02]
Presolve removed 672 rows and 2586 columns
Presolve time: 0.47s
Presolved: 2595 rows, 22554 columns, 104484 nonzeros
Variable types: 72 continuous, 22482 integer (22479 binary)

Root relaxation: objective 3.035974e+03, 3460 iterations, 0.52 seconds

    Nodes    |    Current Node    |     Objective Bounds      |     Work
 Expl Unexpl |  Obj  Depth IntInf | Incumbent    BestBd   Gap | It/Node Time

     0     0 3086.35189    0   97          - 3086.35189      -     -    2s
H    0     0                    29429.097316 3086.35189  89.5%     -    2s
H    0     0                    4156.2799697 3086.35189  25.7%     -    3s
     0     0 3198.21204    0   52 4156.27997 3198.21204  23.1%     -    3s
H    0     0                    3974.5548507 3198.21204  19.5%     -    3s
     0     0 3203.65887    0   92 3974.55485 3203.65887  19.4%     -    3s
     0     0 3209.50886    0   99 3974.55485 3209.50886  19.2%     -    3s
     0     0 3287.98587    0  101 3974.55485 3287.98587  17.3%     -    3s
     0     0 3287.98587    0   33 3974.55485 3287.98587  17.3%     -    4s
     0     0 3287.98587    0   63 3974.55485 3287.98587  17.3%     -    4s
     0     0 3289.37749    0   79 3974.55485 3289.37749  17.2%     -    5s
     0     0 3292.11422    0   84 3974.55485 3292.11422  17.2%     -    5s
     0     0 3326.80530    0   91 3974.55485 3326.80530  16.3%     -    5s
     0     0 3335.35082    0  127 3974.55485 3335.35082  16.1%     -    5s
     0     0 3336.70112    0  115 3974.55485 3336.70112  16.0%     -    5s
     0     0 3336.87153    0  114 3974.55485 3336.87153  16.0%     -    5s
     0     0 3336.92948    0  114 3974.55485 3336.92948  16.0%     -    5s
     0     0 3336.93317    0  114 3974.55485 3336.93317  16.0%     -    5s
     0     0 3351.34495    0  106 3974.55485 3351.34495  15.7%     -    5s
     0     0 3357.79320    0  102 3974.55485 3357.79320  15.5%     -    5s
     0     0 3359.47194    0  112 3974.55485 3359.47194  15.5%     -    5s
     0     0 3359.58336    0  122 3974.55485 3359.58336  15.5%     -    5s
     0     0 3359.66406    0  122 3974.55485 3359.66406  15.5%     -    5s
     0     0 3375.11838    0  124 3974.55485 3375.11838  15.1%     -    5s
     0     0 3376.01303    0  116 3974.55485 3376.01303  15.1%     -    5s
     0     0 3385.98344    0  102 3974.55485 3385.98344  14.8%     -    5s
     0     0 3387.50331    0  133 3974.55485 3387.50331  14.8%     -    5s
     0     0 3388.20270    0  125 3974.55485 3388.20270  14.8%     -    5s
     0     0 3388.21993    0  119 3974.55485 3388.21993  14.8%     -    5s
     0     0 3405.35781    0  130 3974.55485 3405.35781  14.3%     -    5s
     0     0 3405.37783    0  139 3974.55485 3405.37783  14.3%     -    6s
     0     0 3411.30435    0  122 3974.55485 3411.30435  14.2%     -    6s
     0     0 3411.92725    0  140 3974.55485 3411.92725  14.2%     -    6s
     0     0 3412.38271    0  125 3974.55485 3412.38271  14.1%     -    6s
     0     0 3412.39783    0  130 3974.55485 3412.39783  14.1%     -    6s
     0     0 3415.50934    0  143 3974.55485 3415.50934  14.1%     -    6s
     0     0 3416.00910    0  151 3974.55485 3416.00910  14.1%     -    6s
     0     0 3419.28783    0  141 3974.55485 3419.28783  14.0%     -    6s
     0     0 3419.82026    0  141 3974.55485 3419.82026  14.0%     -    6s
     0     0 3419.94495    0  147 3974.55485 3419.94495  14.0%     -    6s
     0     0 3421.33423    0  140 3974.55485 3421.33423  13.9%     -    6s
     0     0 3422.97736    0  149 3974.55485 3422.97736  13.9%     -    6s
     0     0 3423.04489    0  156 3974.55485 3423.04489  13.9%     -    6s
     0     0 3423.52467    0  136 3974.55485 3423.52467  13.9%     -    6s
     0     0 3423.56894    0  144 3974.55485 3423.56894  13.9%     -    6s
     0     0 3424.15153    0  173 3974.55485 3424.15153  13.8%     -    6s
     0     0 3424.15153    0  171 3974.55485 3424.15153  13.8%     -    6s
     0     2 3424.15153    0  171 3974.55485 3424.15153  13.8%     -    7s
  1081    15 3516.18880   24   22 3974.55485 3480.76644  12.4%  45.4   10s

Cutting planes:
  Gomory: 2
  Cover: 14
  Implied bound: 111
  MIR: 39
  Flow cover: 15
  Inf proof: 2
  Zero half: 6
  RLT: 3
  Relax-and-lift: 83

Explored 1253 nodes (62673 simplex iterations) in 10.29 seconds
Thread count was 20 (of 40 available processors)

Solution count 3: 3974.55 4156.28 29429.1 

Optimal solution found (tolerance 1.00e-04)
Best objective 3.974554850661e+03, best bound 3.974554850661e+03, gap 0.0000%
