
Gurobi 9.0.2 (linux64, Python) logging started Sat Dec  5 18:05:17 2020

Using license file /share/apps/gurobi/9.0.2/gurobi_client.lic
Set parameter TokenServer to value 10.1.1.1
Set parameter LogFile to value /storage/users/anderhva/051220-175751/logs/O12-C2-V2-WS1.log
Set parameter LogToConsole to value 0
Changed value of parameter TimeLimit to 3600.0
   Prev: inf  Min: 0.0  Max: inf  Default: inf
Gurobi Optimizer version 9.0.2 build v9.0.2rc0 (linux64)
Optimize a model with 7788 rows, 97212 columns and 552615 nonzeros
Model fingerprint: 0x651a310c
Variable types: 84 continuous, 97128 integer (97128 binary)
Coefficient statistics:
  Matrix range     [1e+00, 1e+02]
  Objective range  [1e+00, 1e+04]
  Bounds range     [1e+00, 1e+00]
  RHS range        [1e+00, 1e+02]
Presolve removed 587 rows and 3771 columns
Presolve time: 1.73s
Presolved: 7201 rows, 93441 columns, 438214 nonzeros
Variable types: 72 continuous, 93369 integer (93366 binary)

Root simplex log...

Iteration    Objective       Primal Inf.    Dual Inf.      Time
    5461    2.2361515e+03   4.342616e+03   0.000000e+00      5s
   13632    2.4784904e+03   3.086244e+02   0.000000e+00     10s
   20575    2.8283038e+03   6.338709e+02   0.000000e+00     15s
   21389    2.8398550e+03   0.000000e+00   0.000000e+00     16s

Root relaxation: objective 2.839855e+03, 21389 iterations, 12.06 seconds

    Nodes    |    Current Node    |     Objective Bounds      |     Work
 Expl Unexpl |  Obj  Depth IntInf | Incumbent    BestBd   Gap | It/Node Time

     0     0 2839.85503    0  159          - 2839.85503      -     -   17s
     0     0 3817.19089    0  175          - 3817.19089      -     -   24s
     0     0 3892.66766    0  171          - 3892.66766      -     -   29s
     0     0 3902.06477    0  161          - 3902.06477      -     -   30s
     0     0 3904.73974    0  199          - 3904.73974      -     -   31s
     0     0 3904.96076    0  176          - 3904.96076      -     -   31s
     0     0 3957.78822    0  196          - 3957.78822      -     -   34s
     0     0 3961.16295    0  167          - 3961.16295      -     -   35s
     0     0 3988.66688    0  222          - 3988.66688      -     -   38s
     0     0 3989.13192    0  205          - 3989.13192      -     -   38s
     0     0 4020.98031    0  214          - 4020.98031      -     -   41s
H    0     0                    23803.769021 4020.98031  83.1%     -   41s
H    0     0                    5638.8723333 4020.98031  28.7%     -   50s
     0     0 4021.84221    0  210 5638.87233 4021.84221  28.7%     -   51s
     0     0 4023.71757    0  207 5638.87233 4023.71757  28.6%     -   51s
     0     0 4030.82480    0  246 5638.87233 4030.82480  28.5%     -   53s
     0     0 4598.10787    0  142 5638.87233 4598.10787  18.5%     -   65s
H    0     0                    5572.6223333 4598.10787  17.5%     -   66s
     0     0 4713.92716    0  206 5572.62233 4713.92716  15.4%     -   68s
     0     0 4713.92716    0  119 5572.62233 4713.92716  15.4%     -   77s
     0     0 4713.92716    0  156 5572.62233 4713.92716  15.4%     -   80s
     0     0 4738.75500    0  317 5572.62233 4738.75500  15.0%     -   83s
     0     0 4745.10260    0  189 5572.62233 4745.10260  14.8%     -   84s
     0     0 4772.36878    0  313 5572.62233 4772.36878  14.4%     -   86s
H    0     0                    5238.6914167 4772.36878  8.90%     -   88s
     0     0 4776.20595    0  297 5238.69142 4776.20595  8.83%     -   89s
     0     0 4776.20595    0  132 5238.69142 4776.20595  8.83%     -   92s
     0     0 4776.20595    0  145 5238.69142 4776.20595  8.83%     -   96s
     0     0 4811.20287    0  160 5238.69142 4811.20287  8.16%     -   99s
     0     0 4814.25301    0   96 5238.69142 4814.25301  8.10%     -  100s
     0     0 4815.29132    0  115 5238.69142 4815.29132  8.08%     -  100s
     0     0 4850.71337    0  167 5238.69142 4850.71337  7.41%     -  101s
     0     0 4850.71337    0   81 5238.69142 4850.71337  7.41%     -  104s
     0     0 4897.06334    0  116 5238.69142 4897.06334  6.52%     -  106s
     0     0 4949.93231    0   57 5238.69142 4949.93231  5.51%     -  106s
     0     0 4949.93231    0   57 5238.69142 4949.93231  5.51%     -  106s
     0     0 4972.29218    0  131 5238.69142 4972.29218  5.09%     -  107s
     0     0 4972.29218    0   33 5238.69142 4972.29218  5.09%     -  108s
     0     0 4972.29218    0   64 5238.69142 4972.29218  5.09%     -  108s
     0     0 4998.47844    0   30 5238.69142 4998.47844  4.59%     -  108s
     0     0 4998.47844    0   30 5238.69142 4998.47844  4.59%     -  108s
     0     0 5050.10784    0   34 5238.69142 5050.10784  3.60%     -  108s
     0     0 5050.10784    0   34 5238.69142 5050.10784  3.60%     -  109s
     0     0 5074.65095    0   53 5238.69142 5074.65095  3.13%     -  109s
     0     0 5087.87080    0   53 5238.69142 5087.87080  2.88%     -  109s
     0     0 5094.11213    0   57 5238.69142 5094.11213  2.76%     -  109s
     0     0 5094.32658    0   56 5238.69142 5094.32658  2.76%     -  109s
     0     0 5094.49022    0   57 5238.69142 5094.49022  2.75%     -  109s
     0     0 5094.59247    0   57 5238.69142 5094.59247  2.75%     -  109s
     0     0 5141.91050    0   68 5238.69142 5141.91050  1.85%     -  109s
     0     0 5141.91050    0   34 5238.69142 5141.91050  1.85%     -  109s
     0     0 5141.91050    0   18 5238.69142 5141.91050  1.85%     -  109s
     0     0 5148.76115    0   40 5238.69142 5148.76115  1.72%     -  109s
     0     0 5149.92829    0   30 5238.69142 5149.92829  1.69%     -  109s
     0     0 5154.25597    0   29 5238.69142 5154.25597  1.61%     -  109s
     0     0 5202.70067    0   41 5238.69142 5202.70067  0.69%     -  109s
     0     0 5238.69142    0   54 5238.69142 5238.69142  0.00%     -  109s

Cutting planes:
  Gomory: 16
  Implied bound: 25
  Clique: 1
  MIR: 24
  Flow cover: 15
  RLT: 13
  Relax-and-lift: 23

Explored 1 nodes (103759 simplex iterations) in 109.74 seconds
Thread count was 20 (of 40 available processors)

Solution count 4: 5238.69 5572.62 5638.87 23803.8 

Optimal solution found (tolerance 1.00e-04)
Best objective 5.238691416667e+03, best bound 5.238691416667e+03, gap 0.0000%
