
Gurobi 9.0.2 (linux64, Python) logging started Sat Dec  5 18:03:24 2020

Using license file /share/apps/gurobi/9.0.2/gurobi_client.lic
Set parameter TokenServer to value 10.1.1.1
Set parameter LogFile to value /storage/users/anderhva/051220-175751/logs/O12-C1-V2-WS1.log
Set parameter LogToConsole to value 0
Changed value of parameter TimeLimit to 3600.0
   Prev: inf  Min: 0.0  Max: inf  Default: inf
Gurobi Optimizer version 9.0.2 build v9.0.2rc0 (linux64)
Optimize a model with 8109 rows, 101697 columns and 579696 nonzeros
Model fingerprint: 0x699f26c3
Variable types: 84 continuous, 101613 integer (101613 binary)
Coefficient statistics:
  Matrix range     [1e+00, 1e+02]
  Objective range  [1e+00, 1e+04]
  Bounds range     [1e+00, 1e+00]
  RHS range        [1e+00, 1e+02]
Presolve removed 534 rows and 2814 columns
Presolve time: 1.77s
Presolved: 7575 rows, 98883 columns, 465675 nonzeros
Variable types: 72 continuous, 98811 integer (98808 binary)

Root simplex log...

Iteration    Objective       Primal Inf.    Dual Inf.      Time
    7391    2.0595856e+03   2.068817e+03   0.000000e+00      5s
   13811    2.1560955e+03   1.307319e+02   0.000000e+00     10s
   20162    2.4043477e+03   2.132523e+02   0.000000e+00     15s
   24489    2.4549297e+03   0.000000e+00   0.000000e+00     19s

Root relaxation: objective 2.454930e+03, 24489 iterations, 15.94 seconds

    Nodes    |    Current Node    |     Objective Bounds      |     Work
 Expl Unexpl |  Obj  Depth IntInf | Incumbent    BestBd   Gap | It/Node Time

     0     0 2454.92970    0  170          - 2454.92970      -     -   20s
H    0     0                    30434.267242 2454.92970  91.9%     -   23s
     0     0 3107.71505    0  157 30434.2672 3107.71505  89.8%     -   29s
H    0     0                    16728.951083 3107.71505  81.4%     -   32s
H    0     0                    4190.7921000 3107.71505  25.8%     -   46s
     0     0 3125.43618    0  202 4190.79210 3125.43618  25.4%     -   49s
     0     0 3161.33609    0  174 4190.79210 3161.33609  24.6%     -   50s
     0     0 3674.20284    0  141 4190.79210 3674.20284  12.3%     -   59s
     0     0 3758.79299    0   77 4190.79210 3758.79299  10.3%     -   61s
     0     0 3758.79299    0  166 4190.79210 3758.79299  10.3%     -   65s
     0     0 3778.47407    0  103 4190.79210 3778.47407  9.84%     -   67s
     0     0 3797.32291    0   94 4190.79210 3797.32291  9.39%     -   69s
     0     0 3799.99675    0   94 4190.79210 3799.99675  9.33%     -   70s
     0     0 3856.05146    0  195 4190.79210 3856.05146  7.99%     -   71s
     0     0 3856.05146    0  114 4190.79210 3856.05146  7.99%     -   74s
     0     0 3856.05146    0  109 4190.79210 3856.05146  7.99%     -   76s
     0     0 3860.16932    0   99 4190.79210 3860.16932  7.89%     -   77s
     0     0 3862.17262    0  101 4190.79210 3862.17262  7.84%     -   77s
     0     0 3875.02056    0  178 4190.79210 3875.02056  7.53%     -   80s
     0     0 3876.86523    0  130 4190.79210 3876.86523  7.49%     -   80s
     0     0 3877.29361    0  165 4190.79210 3877.29361  7.48%     -   80s
     0     0 3877.36528    0  166 4190.79210 3877.36528  7.48%     -   80s
     0     0 3887.88414    0  181 4190.79210 3887.88414  7.23%     -   82s
     0     0 3891.04414    0  145 4190.79210 3891.04414  7.15%     -   83s
     0     0 3892.74639    0  231 4190.79210 3892.74639  7.11%     -   83s
     0     0 3892.93009    0  235 4190.79210 3892.93009  7.11%     -   83s
     0     0 3893.83090    0  209 4190.79210 3893.83090  7.09%     -   84s
     0     0 3893.90410    0  216 4190.79210 3893.90410  7.08%     -   84s
     0     0 3896.58849    0  157 4190.79210 3896.58849  7.02%     -   84s
     0     0 3897.27059    0  189 4190.79210 3897.27059  7.00%     -   84s
     0     0 3897.52649    0  214 4190.79210 3897.52649  7.00%     -   84s
     0     0 3897.61465    0  199 4190.79210 3897.61465  7.00%     -   84s
     0     0 3906.99342    0  212 4190.79210 3906.99342  6.77%     -   85s
     0     0 3906.99342    0  129 4190.79210 3906.99342  6.77%     -   88s
     0     0 3906.99342    0  165 4190.79210 3906.99342  6.77%     -   90s
     0     0 3911.46758    0   90 4190.79210 3911.46758  6.67%     -   91s
     0     0 3915.12475    0  138 4190.79210 3915.12475  6.58%     -   91s
     0     0 3915.68486    0   28 4190.79210 3915.68486  6.56%     -   91s
     0     0 3919.57286    0  100 4190.79210 3919.57286  6.47%     -   92s
     0     0 3928.05917    0   81 4190.79210 3928.05917  6.27%     -   93s
     0     0 3929.14160    0   51 4190.79210 3929.14160  6.24%     -   93s
     0     0 3936.87096    0  222 4190.79210 3936.87096  6.06%     -   94s
     0     0 3938.18505    0  173 4190.79210 3938.18505  6.03%     -   95s
     0     0 3938.45141    0  158 4190.79210 3938.45141  6.02%     -   96s
     0     0 3938.47784    0  159 4190.79210 3938.47784  6.02%     -   96s
     0     0 3943.61229    0  137 4190.79210 3943.61229  5.90%     -   96s
     0     0 3943.61229    0   56 4190.79210 3943.61229  5.90%     -   98s
     0     0 3943.61229    0   65 4190.79210 3943.61229  5.90%     -   99s
     0     0 3943.61229    0   63 4190.79210 3943.61229  5.90%     -   99s
     0     0 3950.48681    0   70 4190.79210 3950.48681  5.73%     -   99s
     0     0 3954.08696    0   21 4190.79210 3954.08696  5.65%     -   99s
     0     0 3961.20642    0   34 4190.79210 3961.20642  5.48%     -   99s
     0     0 3961.61289    0   37 4190.79210 3961.61289  5.47%     -   99s
     0     0 3963.90157    0   41 4190.79210 3963.90157  5.41%     -   99s
     0     0 3966.30459    0  112 4190.79210 3966.30459  5.36%     -   99s
     0     0 3967.59072    0  112 4190.79210 3967.59072  5.33%     -   99s
     0     0 3967.71275    0  124 4190.79210 3967.71275  5.32%     -   99s
     0     0 3971.05843    0   21 4190.79210 3971.05843  5.24%     -   99s
     0     0 3971.05843    0   20 4190.79210 3971.05843  5.24%     -  100s
     0     0 3971.05843    0   12 4190.79210 3971.05843  5.24%     -  100s
     0     0 3971.05843    0    6 4190.79210 3971.05843  5.24%     -  100s
     0     0 3971.05843    0   38 4190.79210 3971.05843  5.24%     -  100s
     0     0 3971.05843    0   30 4190.79210 3971.05843  5.24%     -  100s
     0     0 3971.05843    0   18 4190.79210 3971.05843  5.24%     -  100s
     0     0 3973.73169    0   50 4190.79210 3973.73169  5.18%     -  100s
     0     0 3976.51372    0   48 4190.79210 3976.51372  5.11%     -  100s
     0     0 3976.87136    0   63 4190.79210 3976.87136  5.10%     -  100s
     0     0 3977.08988    0   23 4190.79210 3977.08988  5.10%     -  100s
     0     0 3977.11865    0   74 4190.79210 3977.11865  5.10%     -  100s
     0     0 3979.51948    0   23 4190.79210 3979.51948  5.04%     -  100s
     0     0 3982.18867    0   29 4190.79210 3982.18867  4.98%     -  100s
     0     0 3984.55421    0   27 4190.79210 3984.55421  4.92%     -  100s
     0     0 3985.71823    0   61 4190.79210 3985.71823  4.89%     -  100s
     0     0 3986.43226    0   27 4190.79210 3986.43226  4.88%     -  100s
     0     0 3987.10853    0   27 4190.79210 3987.10853  4.86%     -  100s
     0     0 3988.22258    0   37 4190.79210 3988.22258  4.83%     -  100s
     0     0 3988.40781    0   60 4190.79210 3988.40781  4.83%     -  100s
     0     0 3988.59815    0   44 4190.79210 3988.59815  4.82%     -  100s
     0     0 3989.05205    0   49 4190.79210 3989.05205  4.81%     -  100s
     0     0 3989.07673    0   63 4190.79210 3989.07673  4.81%     -  100s
     0     0 3989.09721    0   31 4190.79210 3989.09721  4.81%     -  100s
     0     0 3989.21394    0   47 4190.79210 3989.21394  4.81%     -  100s
     0     0 3989.29482    0   50 4190.79210 3989.29482  4.81%     -  100s
     0     0 3994.56627    0   50 4190.79210 3994.56627  4.68%     -  100s
     0     0 3994.56627    0   29 4190.79210 3994.56627  4.68%     -  100s
     0     0 3994.56627    0   18 4190.79210 3994.56627  4.68%     -  100s
     0     0 3994.56627    0   25 4190.79210 3994.56627  4.68%     -  100s
     0     0 3994.56627    0   25 4190.79210 3994.56627  4.68%     -  100s
     0     0 3996.80280    0   23 4190.79210 3996.80280  4.63%     -  100s
     0     0 4001.04647    0   57 4190.79210 4001.04647  4.53%     -  100s
     0     0 4002.02772    0   23 4190.79210 4002.02772  4.50%     -  100s
     0     0 4002.21395    0   26 4190.79210 4002.21395  4.50%     -  101s
     0     0 4002.31665    0   23 4190.79210 4002.31665  4.50%     -  101s
     0     0 4004.42132    0   24 4190.79210 4004.42132  4.45%     -  101s
     0     0 4004.50157    0   24 4190.79210 4004.50157  4.45%     -  101s
     0     0 4008.34624    0   22 4190.79210 4008.34624  4.35%     -  101s
     0     0 4017.64210    0   22 4190.79210 4017.64210  4.13%     -  101s
     0     2 4035.10126    0   22 4190.79210 4035.10126  3.72%     -  101s

Cutting planes:
  Gomory: 1
  Implied bound: 10
  Clique: 1
  MIR: 11
  Flow cover: 7
  Zero half: 1
  RLT: 5
  Relax-and-lift: 19

Explored 67 nodes (92531 simplex iterations) in 101.52 seconds
Thread count was 20 (of 40 available processors)

Solution count 3: 4190.79 16729 30434.3 

Optimal solution found (tolerance 1.00e-04)
Best objective 4.190792100000e+03, best bound 4.190792100000e+03, gap 0.0000%
