
Gurobi 9.0.2 (linux64, Python) logging started Sat Dec  5 10:41:31 2020

Using license file /share/apps/gurobi/9.0.2/gurobi_client.lic
Set parameter TokenServer to value 10.1.1.1
Set parameter LogFile to value /storage/users/anderhva/051220-103929/logs/O14-C3-V2-WS2.log
Set parameter LogToConsole to value 0
Changed value of parameter TimeLimit to 3600.0
   Prev: inf  Min: 0.0  Max: inf  Default: inf
Gurobi Optimizer version 9.0.2 build v9.0.2rc0 (linux64)
Optimize a model with 3889 rows, 31896 columns and 179310 nonzeros
Model fingerprint: 0x773242f4
Variable types: 96 continuous, 31800 integer (31800 binary)
Coefficient statistics:
  Matrix range     [1e+00, 1e+02]
  Objective range  [1e+00, 1e+04]
  Bounds range     [1e+00, 1e+00]
  RHS range        [1e+00, 1e+02]
Presolve removed 968 rows and 5142 columns
Presolve time: 0.65s
Presolved: 2921 rows, 26754 columns, 123495 nonzeros
Variable types: 84 continuous, 26670 integer (26667 binary)

Root relaxation: objective 5.326794e+03, 4443 iterations, 0.65 seconds

    Nodes    |    Current Node    |     Objective Bounds      |     Work
 Expl Unexpl |  Obj  Depth IntInf | Incumbent    BestBd   Gap | It/Node Time

     0     0 5326.79373    0   84          - 5326.79373      -     -    1s
     0     0 5459.69599    0   84          - 5459.69599      -     -    2s
     0     0 5481.69047    0   84          - 5481.69047      -     -    2s
H    0     0                    6551.3773595 5481.69047  16.3%     -    2s
     0     0 5546.49684    0  101 6551.37736 5546.49684  15.3%     -    2s
     0     0 5550.92078    0   96 6551.37736 5550.92078  15.3%     -    3s
     0     0 5672.63027    0  103 6551.37736 5672.63027  13.4%     -    3s
     0     0 5672.63027    0   56 6551.37736 5672.63027  13.4%     -    4s
H    0     0                    6488.1035500 5672.63027  12.6%     -    4s
     0     0 5755.71093    0   71 6488.10355 5755.71093  11.3%     -    5s
H    0     0                    6472.2360500 5755.71093  11.1%     -    5s
     0     0 5785.17805    0   33 6472.23605 5785.17805  10.6%     -    5s
     0     0 5822.16666    0   42 6472.23605 5822.16666  10.0%     -    5s
     0     0 5848.12911    0   55 6472.23605 5848.12911  9.64%     -    5s
     0     0 5933.98745    0   83 6472.23605 5933.98745  8.32%     -    5s
     0     0 5934.20505    0   81 6472.23605 5934.20505  8.31%     -    5s
     0     0 5970.06490    0  102 6472.23605 5970.06490  7.76%     -    5s
     0     0 5970.06490    0   37 6472.23605 5970.06490  7.76%     -    6s
     0     0 5970.06490    0   50 6472.23605 5970.06490  7.76%     -    6s
     0     0 5986.60537    0   74 6472.23605 5986.60537  7.50%     -    7s
     0     0 6010.74509    0   60 6472.23605 6010.74509  7.13%     -    7s
H    0     0                    6448.1556333 6010.74509  6.78%     -    7s
     0     0 6010.74509    0   65 6448.15563 6010.74509  6.78%     -    7s
     0     0 6050.51170    0   80 6448.15563 6050.51170  6.17%     -    7s
     0     0 6051.70467    0   86 6448.15563 6051.70467  6.15%     -    7s
     0     0 6085.28824    0   29 6448.15563 6085.28824  5.63%     -    7s
     0     0 6088.40220    0   37 6448.15563 6088.40220  5.58%     -    7s
     0     0 6089.48262    0   37 6448.15563 6089.48262  5.56%     -    7s
     0     0 6104.13239    0   93 6448.15563 6104.13239  5.34%     -    7s
     0     0 6105.57253    0   37 6448.15563 6105.57253  5.31%     -    7s
     0     0 6111.72255    0  106 6448.15563 6111.72255  5.22%     -    7s
     0     0 6113.74596    0  109 6448.15563 6113.74596  5.19%     -    7s
     0     0 6114.11847    0  111 6448.15563 6114.11847  5.18%     -    7s
     0     0 6114.37272    0  116 6448.15563 6114.37272  5.18%     -    7s
     0     0 6114.74909    0  119 6448.15563 6114.74909  5.17%     -    7s
     0     0 6114.77529    0  120 6448.15563 6114.77529  5.17%     -    7s
     0     0 6126.66962    0   78 6448.15563 6126.66962  4.99%     -    7s
     0     0 6129.47687    0  102 6448.15563 6129.47687  4.94%     -    7s
     0     0 6130.11703    0  108 6448.15563 6130.11703  4.93%     -    7s
     0     0 6130.14940    0  109 6448.15563 6130.14940  4.93%     -    7s
     0     0 6137.55169    0   66 6448.15563 6137.55169  4.82%     -    7s
     0     0 6140.66462    0  103 6448.15563 6140.66462  4.77%     -    7s
     0     0 6141.24666    0  116 6448.15563 6141.24666  4.76%     -    7s
     0     0 6141.69752    0  114 6448.15563 6141.69752  4.75%     -    7s
     0     0 6147.64422    0   94 6448.15563 6147.64422  4.66%     -    7s
     0     0 6149.20504    0  110 6448.15563 6149.20504  4.64%     -    7s
     0     0 6149.31052    0  125 6448.15563 6149.31052  4.63%     -    7s
     0     0 6152.40213    0  124 6448.15563 6152.40213  4.59%     -    8s
     0     0 6152.63161    0  140 6448.15563 6152.63161  4.58%     -    8s
     0     0 6155.68835    0  107 6448.15563 6155.68835  4.54%     -    8s
     0     0 6156.27164    0  122 6448.15563 6156.27164  4.53%     -    8s
     0     0 6156.58044    0  138 6448.15563 6156.58044  4.52%     -    8s
     0     0 6156.58162    0  135 6448.15563 6156.58162  4.52%     -    8s
     0     0 6157.72857    0  129 6448.15563 6157.72857  4.50%     -    8s
     0     0 6157.72857    0   32 6448.15563 6157.72857  4.50%     -    8s
     0     0 6157.72857    0   33 6448.15563 6157.72857  4.50%     -    8s
     0     0 6157.72857    0   47 6448.15563 6157.72857  4.50%     -    8s
     0     0 6157.72857    0   37 6448.15563 6157.72857  4.50%     -    8s
     0     0 6158.02593    0   56 6448.15563 6158.02593  4.50%     -    8s
     0     0 6159.37935    0   63 6448.15563 6159.37935  4.48%     -    8s
     0     0 6182.29725    0   55 6448.15563 6182.29725  4.12%     -    8s
     0     0 6187.25512    0   72 6448.15563 6187.25512  4.05%     -    9s
     0     0 6197.06876    0   90 6448.15563 6197.06876  3.89%     -    9s
     0     0 6197.06876    0   40 6448.15563 6197.06876  3.89%     -    9s
     0     0 6197.06876    0   73 6448.15563 6197.06876  3.89%     -    9s
     0     0 6197.06876    0   69 6448.15563 6197.06876  3.89%     -    9s
     0     0 6197.06876    0   58 6448.15563 6197.06876  3.89%     -    9s
     0     0 6199.00101    0   75 6448.15563 6199.00101  3.86%     -    9s
     0     0 6199.61079    0   73 6448.15563 6199.61079  3.85%     -    9s
     0     0 6207.56516    0   71 6448.15563 6207.56516  3.73%     -    9s
     0     0 6208.02584    0   67 6448.15563 6208.02584  3.72%     -    9s
     0     0 6208.37547    0   66 6448.15563 6208.37547  3.72%     -    9s
     0     0 6208.60232    0   78 6448.15563 6208.60232  3.72%     -    9s
     0     0 6216.93775    0   74 6448.15563 6216.93775  3.59%     -    9s
     0     0 6219.29930    0   91 6448.15563 6219.29930  3.55%     -    9s
     0     0 6219.55637    0   89 6448.15563 6219.55637  3.55%     -    9s
     0     0 6220.60830    0   88 6448.15563 6220.60830  3.53%     -    9s
     0     0 6221.10460    0   91 6448.15563 6221.10460  3.52%     -    9s
     0     0 6221.83037    0   87 6448.15563 6221.83037  3.51%     -    9s
     0     0 6222.17197    0   89 6448.15563 6222.17197  3.50%     -    9s
     0     0 6222.47621    0   97 6448.15563 6222.47621  3.50%     -    9s
     0     0 6222.48201    0  103 6448.15563 6222.48201  3.50%     -    9s
     0     0 6222.92617    0   99 6448.15563 6222.92617  3.49%     -    9s
     0     0 6222.92617    0   97 6448.15563 6222.92617  3.49%     -   10s
     0     0 6222.92617    0   55 6448.15563 6222.92617  3.49%     -   10s
     0     0 6222.92617    0   42 6448.15563 6222.92617  3.49%     -   10s
     0     0 6222.92617    0   59 6448.15563 6222.92617  3.49%     -   10s
     0     0 6233.80709    0   71 6448.15563 6233.80709  3.32%     -   10s
     0     0 6234.94070    0   82 6448.15563 6234.94070  3.31%     -   10s
     0     0 6235.03599    0   76 6448.15563 6235.03599  3.31%     -   10s
     0     0 6250.61059    0   40 6448.15563 6250.61059  3.06%     -   10s
     0     0 6257.61789    0   86 6448.15563 6257.61789  2.95%     -   10s
     0     0 6259.50685    0   97 6448.15563 6259.50685  2.93%     -   10s
     0     0 6259.97932    0  102 6448.15563 6259.97932  2.92%     -   10s
     0     0 6260.41242    0  101 6448.15563 6260.41242  2.91%     -   10s
     0     0 6260.44961    0   98 6448.15563 6260.44961  2.91%     -   10s
     0     0 6265.30481    0   79 6448.15563 6265.30481  2.84%     -   10s
     0     0 6266.61845    0   95 6448.15563 6266.61845  2.82%     -   10s
     0     0 6267.33940    0   83 6448.15563 6267.33940  2.80%     -   10s
     0     0 6267.50444    0   87 6448.15563 6267.50444  2.80%     -   10s
     0     0 6267.56989    0   87 6448.15563 6267.56989  2.80%     -   10s
     0     0 6292.94517    0   70 6448.15563 6292.94517  2.41%     -   10s
     0     0 6299.06844    0   84 6448.15563 6299.06844  2.31%     -   10s
     0     0 6303.00651    0   84 6448.15563 6303.00651  2.25%     -   10s
     0     0 6325.49053    0   73 6448.15563 6325.49053  1.90%     -   10s
     0     0 6334.37888    0   69 6448.15563 6334.37888  1.76%     -   10s
     0     0 6337.85826    0   71 6448.15563 6337.85826  1.71%     -   10s

Cutting planes:
  Implied bound: 17
  Clique: 2
  MIR: 16
  Flow cover: 7
  RLT: 5
  Relax-and-lift: 59

Explored 1 nodes (18042 simplex iterations) in 10.97 seconds
Thread count was 20 (of 40 available processors)

Solution count 4: 6448.16 6472.24 6488.1 6551.38 

Optimal solution found (tolerance 1.00e-04)
Best objective 6.448155633333e+03, best bound 6.448155633333e+03, gap 0.0000%
