
Gurobi 9.0.2 (linux64, Python) logging started Sat Dec  5 10:41:49 2020

Using license file /share/apps/gurobi/9.0.2/gurobi_client.lic
Set parameter TokenServer to value 10.1.1.1
Set parameter LogFile to value /storage/users/anderhva/051220-103929/logs/O14-C4-V2-WS2.log
Set parameter LogToConsole to value 0
Changed value of parameter TimeLimit to 3600.0
   Prev: inf  Min: 0.0  Max: inf  Default: inf
Gurobi Optimizer version 9.0.2 build v9.0.2rc0 (linux64)
Optimize a model with 3979 rows, 36030 columns and 203157 nonzeros
Model fingerprint: 0x7484b28e
Variable types: 96 continuous, 35934 integer (35934 binary)
Coefficient statistics:
  Matrix range     [1e+00, 1e+02]
  Objective range  [1e+00, 9e+03]
  Bounds range     [1e+00, 1e+00]
  RHS range        [1e+00, 1e+02]
Presolve removed 860 rows and 5037 columns
Presolve time: 0.75s
Presolved: 3119 rows, 30993 columns, 143322 nonzeros
Variable types: 84 continuous, 30909 integer (30906 binary)

Root relaxation: objective 5.097856e+03, 6451 iterations, 1.06 seconds

    Nodes    |    Current Node    |     Objective Bounds      |     Work
 Expl Unexpl |  Obj  Depth IntInf | Incumbent    BestBd   Gap | It/Node Time

     0     0 5097.85570    0  105          - 5097.85570      -     -    2s
     0     0 5189.03728    0  124          - 5189.03728      -     -    3s
     0     0 5243.82208    0  126          - 5243.82208      -     -    4s
     0     0 5249.29295    0  133          - 5249.29295      -     -    5s
     0     0 5250.36307    0  158          - 5250.36307      -     -    5s
     0     0 5250.39191    0  158          - 5250.39191      -     -    5s
     0     0 5260.34001    0  121          - 5260.34001      -     -    5s
     0     0 5262.15257    0  133          - 5262.15257      -     -    5s
     0     0 5320.94802    0  152          - 5320.94802      -     -    5s
     0     0 5322.57462    0  152          - 5322.57462      -     -    6s
     0     0 5322.61047    0  162          - 5322.61047      -     -    6s
     0     0 5349.80759    0  133          - 5349.80759      -     -    6s
H    0     0                    6857.9218332 5349.80759  22.0%     -    6s
     0     0 5351.49964    0  141 6857.92183 5351.49964  22.0%     -    6s
     0     0 5351.88791    0  157 6857.92183 5351.88791  22.0%     -    6s
     0     0 5377.91878    0  157 6857.92183 5377.91878  21.6%     -    7s
     0     0 5675.24588    0   84 6857.92183 5675.24588  17.2%     -    8s
H    0     0                    6249.8789161 5675.24588  9.19%     -    9s
     0     0 5842.44714    0   79 6249.87892 5842.44714  6.52%     -   10s
     0     0 5842.44714    0   73 6249.87892 5842.44714  6.52%     -   10s
     0     0 5866.74922    0   35 6249.87892 5866.74922  6.13%     -   11s
     0     0 5887.85539    0   47 6249.87892 5887.85539  5.79%     -   11s
     0     0 5890.49221    0   48 6249.87892 5890.49221  5.75%     -   11s
     0     0 5922.47566    0   51 6249.87892 5922.47566  5.24%     -   11s
     0     0 5950.49406    0   56 6249.87892 5950.49406  4.79%     -   11s
     0     0 5952.78350    0   56 6249.87892 5952.78350  4.75%     -   11s
     0     0 5967.19494    0   55 6249.87892 5967.19494  4.52%     -   11s
     0     0 5967.19494    0   55 6249.87892 5967.19494  4.52%     -   11s
     0     0 5967.19494    0   59 6249.87892 5967.19494  4.52%     -   11s
     0     0 5967.19494    0   74 6249.87892 5967.19494  4.52%     -   12s
     0     0 5977.40068    0   57 6249.87892 5977.40068  4.36%     -   12s
     0     0 5999.29993    0   56 6249.87892 5999.29993  4.01%     -   12s
     0     0 6002.00192    0   60 6249.87892 6002.00192  3.97%     -   12s
     0     0 6003.29088    0   82 6249.87892 6003.29088  3.95%     -   12s
     0     0 6003.58011    0   49 6249.87892 6003.58011  3.94%     -   12s
     0     0 6003.65288    0   88 6249.87892 6003.65288  3.94%     -   12s
     0     0 6011.16111    0   34 6249.87892 6011.16111  3.82%     -   12s
H    0     0                    6249.8787806 6011.16111  3.82%     -   12s
     0     0 6012.66445    0   32 6249.87878 6012.66445  3.80%     -   12s
     0     0 6022.90460    0  119 6249.87878 6022.90460  3.63%     -   12s
     0     0 6026.63077    0  113 6249.87878 6026.63077  3.57%     -   12s
     0     0 6027.64774    0  110 6249.87878 6027.64774  3.56%     -   12s
     0     0 6027.64825    0  110 6249.87878 6027.64825  3.56%     -   12s
     0     0 6030.72794    0   33 6249.87878 6030.72794  3.51%     -   12s
H    0     0                    6249.8785729 6030.72794  3.51%     -   12s
     0     0 6034.50750    0  115 6249.87857 6034.50750  3.45%     -   12s
     0     0 6034.62011    0  125 6249.87857 6034.62011  3.44%     -   12s
     0     0 6040.99073    0  109 6249.87857 6040.99073  3.34%     -   12s
     0     0 6043.51895    0  120 6249.87857 6043.51895  3.30%     -   12s
     0     0 6043.86429    0  150 6249.87857 6043.86429  3.30%     -   12s
     0     0 6043.96295    0  121 6249.87857 6043.96295  3.29%     -   12s
     0     0 6053.36321    0   97 6249.87857 6053.36321  3.14%     -   12s
     0     0 6053.36321    0   43 6249.87857 6053.36321  3.14%     -   13s
     0     0 6075.53933    0   73 6249.87857 6075.53933  2.79%     -   13s
     0     0 6089.53476    0   72 6249.87857 6089.53476  2.57%     -   13s
     0     0 6090.37122    0   85 6249.87857 6090.37122  2.55%     -   13s
     0     0 6092.33556    0   72 6249.87857 6092.33556  2.52%     -   13s
     0     0 6092.75717    0   74 6249.87857 6092.75717  2.51%     -   13s
     0     0 6092.79093    0   77 6249.87857 6092.79093  2.51%     -   13s
     0     0 6111.02568    0   74 6249.87857 6111.02568  2.22%     -   13s
     0     0 6114.80074    0   83 6249.87857 6114.80074  2.16%     -   13s
     0     0 6115.36768    0   92 6249.87857 6115.36768  2.15%     -   13s
     0     0 6115.58897    0   96 6249.87857 6115.58897  2.15%     -   13s
     0     0 6115.63021    0  109 6249.87857 6115.63021  2.15%     -   13s
     0     0 6120.36851    0   18 6249.87857 6120.36851  2.07%     -   13s
     0     0 6120.36851    0   38 6249.87857 6120.36851  2.07%     -   13s
     0     0 6121.88410    0   83 6249.87857 6121.88410  2.05%     -   13s
     0     0 6130.32276    0   82 6249.87857 6130.32276  1.91%     -   13s
     0     0 6131.20677    0   45 6249.87857 6131.20677  1.90%     -   13s
     0     0 6131.20677    0   45 6249.87857 6131.20677  1.90%     -   13s
     0     0 6131.20677    0   50 6249.87857 6131.20677  1.90%     -   14s
     0     0 6219.93253    0    8 6249.87857 6219.93253  0.48%     -   14s

Cutting planes:
  Implied bound: 22
  MIR: 37
  Flow cover: 38
  RLT: 34
  Relax-and-lift: 47

Explored 1 nodes (22555 simplex iterations) in 14.34 seconds
Thread count was 20 (of 40 available processors)

Solution count 2: 6249.88 6857.92 
No other solutions better than 6249.88

Optimal solution found (tolerance 1.00e-04)
Best objective 6.249878493721e+03, best bound 6.249878493721e+03, gap 0.0000%
