
Gurobi 9.0.2 (linux64, Python) logging started Sat Dec  5 18:39:39 2020

Using license file /share/apps/gurobi/9.0.2/gurobi_client.lic
Set parameter TokenServer to value 10.1.1.1
Set parameter LogFile to value /storage/users/anderhva/051220-175751/logs/O14-C4-V2-WS1.log
Set parameter LogToConsole to value 0
Changed value of parameter TimeLimit to 3600.0
   Prev: inf  Min: 0.0  Max: inf  Default: inf
Gurobi Optimizer version 9.0.2 build v9.0.2rc0 (linux64)
Optimize a model with 10102 rows, 162216 columns and 934356 nonzeros
Model fingerprint: 0xe82c0873
Variable types: 96 continuous, 162120 integer (162120 binary)
Coefficient statistics:
  Matrix range     [1e+00, 1e+02]
  Objective range  [1e+00, 9e+03]
  Bounds range     [1e+00, 1e+00]
  RHS range        [1e+00, 1e+02]
Presolve removed 731 rows and 5121 columns
Presolve time: 3.13s
Presolved: 9371 rows, 157095 columns, 748161 nonzeros
Variable types: 84 continuous, 157011 integer (157008 binary)

Root simplex log...

Iteration    Objective       Primal Inf.    Dual Inf.      Time
       0    6.1250000e+01   1.431250e+02   0.000000e+00      6s
    8872    2.4437466e+03   4.126443e+02   0.000000e+00     10s
   14821    2.5549015e+03   1.702765e+02   0.000000e+00     15s
   18641    2.6056357e+03   1.649171e+03   0.000000e+00     20s
   22771    2.6950888e+03   6.886619e+02   0.000000e+00     25s
   26601    2.7863317e+03   0.000000e+00   0.000000e+00     30s

Root relaxation: objective 2.786332e+03, 26601 iterations, 23.54 seconds
Total elapsed time = 30.04s

    Nodes    |    Current Node    |     Objective Bounds      |     Work
 Expl Unexpl |  Obj  Depth IntInf | Incumbent    BestBd   Gap | It/Node Time

     0     0 2786.33172    0  221          - 2786.33172      -     -   32s
     0     0 3695.10023    0  258          - 3695.10023      -     -   46s
     0     0 3695.10023    0  236          - 3695.10023      -     -   46s
     0     0 3738.19840    0  191          - 3738.19840      -     -   53s
     0     0 3738.61628    0  255          - 3738.61628      -     -   56s
     0     0 3777.70499    0  251          - 3777.70499      -     -   63s
H    0     0                    5860.3211917 3777.70499  35.5%     -   68s
     0     0 3778.15792    0  295 5860.32119 3778.15792  35.5%     -   72s
     0     0 3780.81796    0  361 5860.32119 3780.81796  35.5%     -   74s
     0     0 3781.53221    0  407 5860.32119 3781.53221  35.5%     -   76s
     0     0 3781.54810    0  420 5860.32119 3781.54810  35.5%     -   76s
     0     0 3842.91430    0  335 5860.32119 3842.91430  34.4%     -   82s
     0     0 4547.88615    0  140 5860.32119 4547.88615  22.4%     -  112s
H    0     0                    5860.3210035 4547.88615  22.4%     -  115s
     0     0 4620.09686    0  174 5860.32100 4620.09686  21.2%     -  119s
H    0     0                    5860.3199221 4620.09686  21.2%     -  122s
     0     0 4640.37145    0  195 5860.31992 4640.37145  20.8%     -  123s
     0     0 4643.96000    0  256 5860.31992 4643.96000  20.8%     -  124s
     0     0 4689.67794    0  183 5860.31992 4689.67794  20.0%     -  128s
     0     0 4693.99381    0  170 5860.31992 4693.99381  19.9%     -  133s
     0     0 4693.99381    0  170 5860.31992 4693.99381  19.9%     -  133s
     0     0 4699.44020    0  184 5860.31992 4699.44020  19.8%     -  135s
H    0     0                    5636.3997333 4699.44020  16.6%     -  137s
     0     0 4700.35712    0  197 5636.39973 4700.35712  16.6%     -  138s
     0     0 4700.71982    0  211 5636.39973 4700.71982  16.6%     -  138s
     0     0 4702.19135    0  219 5636.39973 4702.19135  16.6%     -  139s
     0     0 4702.65756    0  234 5636.39973 4702.65756  16.6%     -  139s
     0     0 4702.75513    0  269 5636.39973 4702.75513  16.6%     -  140s
     0     0 4702.93852    0  270 5636.39973 4702.93852  16.6%     -  140s
     0     0 4711.95512    0  392 5636.39973 4711.95512  16.4%     -  142s
     0     0 4711.95512    0  137 5636.39973 4711.95512  16.4%     -  150s
     0     0 4711.95512    0  165 5636.39973 4711.95512  16.4%     -  154s
     0     0 4719.09345    0  225 5636.39973 4719.09345  16.3%     -  159s
     0     0 4729.96286    0  224 5636.39973 4729.96286  16.1%     -  160s
     0     0 4731.86414    0  241 5636.39973 4731.86414  16.0%     -  160s
     0     0 4732.31706    0  276 5636.39973 4732.31706  16.0%     -  160s
     0     0 4736.92277    0  254 5636.39973 4736.92277  16.0%     -  161s
     0     0 4737.57205    0  289 5636.39973 4737.57205  15.9%     -  161s
     0     0 4737.58553    0  292 5636.39973 4737.58553  15.9%     -  161s
     0     0 4770.41842    0  331 5636.39973 4770.41842  15.4%     -  164s
     0     0 4770.70698    0  368 5636.39973 4770.70698  15.4%     -  166s
     0     0 4770.79218    0  399 5636.39973 4770.79218  15.4%     -  166s
     0     0 4770.79333    0  413 5636.39973 4770.79333  15.4%     -  167s
     0     0 4776.89422    0  329 5636.39973 4776.89422  15.2%     -  169s
     0     0 4776.97878    0  352 5636.39973 4776.97878  15.2%     -  169s
     0     0 4777.15750    0  355 5636.39973 4777.15750  15.2%     -  169s
     0     0 4777.15931    0  348 5636.39973 4777.15931  15.2%     -  169s
     0     0 4782.65202    0  321 5636.39973 4782.65202  15.1%     -  171s
     0     0 4783.23588    0  451 5636.39973 4783.23588  15.1%     -  173s
     0     0 4783.30790    0  477 5636.39973 4783.30790  15.1%     -  173s
     0     0 4783.34371    0  495 5636.39973 4783.34371  15.1%     -  173s
     0     0 4788.61718    0  336 5636.39973 4788.61718  15.0%     -  175s
     0     0 4789.32445    0  396 5636.39973 4789.32445  15.0%     -  176s
     0     0 4789.47091    0  349 5636.39973 4789.47091  15.0%     -  176s
     0     0 4789.47549    0  401 5636.39973 4789.47549  15.0%     -  176s
     0     0 4793.59048    0  384 5636.39973 4793.59048  15.0%     -  178s
     0     0 4793.60875    0  383 5636.39973 4793.60875  15.0%     -  178s
     0     0 4795.50836    0  286 5636.39973 4795.50836  14.9%     -  180s
     0     0 4796.24179    0  286 5636.39973 4796.24179  14.9%     -  180s
     0     0 4796.29174    0  325 5636.39973 4796.29174  14.9%     -  181s
     0     0 4796.34443    0  308 5636.39973 4796.34443  14.9%     -  181s
     0     0 4796.35762    0  311 5636.39973 4796.35762  14.9%     -  181s
     0     0 4799.51661    0  262 5636.39973 4799.51661  14.8%     -  182s
     0     0 4800.84240    0  336 5636.39973 4800.84240  14.8%     -  183s
     0     0 4800.98296    0  415 5636.39973 4800.98296  14.8%     -  183s
     0     0 4800.99534    0  433 5636.39973 4800.99534  14.8%     -  183s
     0     0 4804.92512    0  388 5636.39973 4804.92512  14.8%     -  185s
     0     0 4804.94264    0  368 5636.39973 4804.94264  14.8%     -  187s
     0     0 4807.59272    0  361 5636.39973 4807.59272  14.7%     -  189s
     0     0 4808.40984    0  450 5636.39973 4808.40984  14.7%     -  190s
     0     0 4808.57842    0  462 5636.39973 4808.57842  14.7%     -  190s
     0     0 4812.19791    0  329 5636.39973 4812.19791  14.6%     -  191s
     0     0 4814.14062    0  446 5636.39973 4814.14062  14.6%     -  192s
     0     0 4814.33456    0  423 5636.39973 4814.33456  14.6%     -  192s
     0     0 4814.42242    0  431 5636.39973 4814.42242  14.6%     -  192s
     0     0 4814.80029    0  583 5636.39973 4814.80029  14.6%     -  192s
     0     0 4814.92937    0  558 5636.39973 4814.92937  14.6%     -  193s
     0     0 4817.77840    0  360 5636.39973 4817.77840  14.5%     -  193s
     0     0 4817.94811    0  445 5636.39973 4817.94811  14.5%     -  194s
     0     0 4823.67323    0  559 5636.39973 4823.67323  14.4%     -  196s
     0     0 4824.13410    0  507 5636.39973 4824.13410  14.4%     -  197s
     0     0 4824.21951    0  646 5636.39973 4824.21951  14.4%     -  197s
     0     0 4824.22249    0  659 5636.39973 4824.22249  14.4%     -  197s
     0     0 4828.77442    0  506 5636.39973 4828.77442  14.3%     -  199s
     0     0 4829.21530    0  654 5636.39973 4829.21530  14.3%     -  200s
     0     0 4829.30964    0  638 5636.39973 4829.30964  14.3%     -  200s
     0     0 4829.32177    0  666 5636.39973 4829.32177  14.3%     -  200s
     0     0 4833.56615    0  545 5636.39973 4833.56615  14.2%     -  202s
     0     0 4833.67734    0  594 5636.39973 4833.67734  14.2%     -  203s
     0     0 4833.71341    0  614 5636.39973 4833.71341  14.2%     -  203s
     0     0 4836.43160    0  569 5636.39973 4836.43160  14.2%     -  205s
     0     0 4837.62457    0  440 5636.39973 4837.62457  14.2%     -  206s
     0     0 4838.16063    0  529 5636.39973 4838.16063  14.2%     -  206s
     0     0 4838.49012    0  423 5636.39973 4838.49012  14.2%     -  207s
     0     0 4838.51963    0  511 5636.39973 4838.51963  14.2%     -  207s
     0     0 4844.16315    0  405 5636.39973 4844.16315  14.1%     -  208s
     0     0 4845.10875    0  516 5636.39973 4845.10875  14.0%     -  211s
     0     0 4846.06629    0  408 5636.39973 4846.06629  14.0%     -  211s
     0     0 4846.13500    0  392 5636.39973 4846.13500  14.0%     -  211s
     0     0 4851.09542    0  528 5636.39973 4851.09542  13.9%     -  213s
     0     0 4851.72855    0  481 5636.39973 4851.72855  13.9%     -  214s
     0     0 4852.01383    0  613 5636.39973 4852.01383  13.9%     -  214s
     0     0 4852.31653    0  572 5636.39973 4852.31653  13.9%     -  214s
     0     0 4852.32872    0  581 5636.39973 4852.32872  13.9%     -  215s
     0     0 4856.65550    0  468 5636.39973 4856.65550  13.8%     -  216s
     0     0 4856.79717    0  434 5636.39973 4856.79717  13.8%     -  217s
     0     0 4856.85006    0  442 5636.39973 4856.85006  13.8%     -  217s
     0     0 4865.01440    0  423 5636.39973 4865.01440  13.7%     -  218s
     0     0 4865.60687    0  422 5636.39973 4865.60687  13.7%     -  219s
     0     0 4865.96244    0  403 5636.39973 4865.96244  13.7%     -  219s
     0     0 4866.68220    0  437 5636.39973 4866.68220  13.7%     -  219s
     0     0 4866.75350    0  461 5636.39973 4866.75350  13.7%     -  220s
     0     0 4871.85229    0  373 5636.39973 4871.85229  13.6%     -  221s
     0     0 4872.38453    0  394 5636.39973 4872.38453  13.6%     -  222s
     0     0 4872.39140    0  402 5636.39973 4872.39140  13.6%     -  222s
     0     0 4875.86026    0  425 5636.39973 4875.86026  13.5%     -  223s
     0     0 4876.00783    0  469 5636.39973 4876.00783  13.5%     -  225s
     0     0 4876.03903    0  460 5636.39973 4876.03903  13.5%     -  225s
     0     0 4880.68180    0  414 5636.39973 4880.68180  13.4%     -  227s
     0     0 4880.69501    0  424 5636.39973 4880.69501  13.4%     -  227s
     0     0 4882.86785    0  432 5636.39973 4882.86785  13.4%     -  228s
     0     0 4883.16031    0  387 5636.39973 4883.16031  13.4%     -  229s
     0     0 4883.19428    0  417 5636.39973 4883.19428  13.4%     -  229s
     0     0 4885.06785    0  365 5636.39973 4885.06785  13.3%     -  230s
     0     0 4885.07298    0  388 5636.39973 4885.07298  13.3%     -  230s
     0     0 4885.40909    0  398 5636.39973 4885.40909  13.3%     -  231s
     0     0 4885.40909    0  398 5636.39973 4885.40909  13.3%     -  233s
     0     2 4885.40909    0  398 5636.39973 4885.40909  13.3%     -  237s
     1     5 4927.17515    1  217 5636.39973 4885.41055  13.3%  2464  243s
     3     6 4937.75117    2  212 5636.39973 4911.18510  12.9%  1407  247s
     7    12 4938.23518    3  213 5636.39973 4920.70782  12.7%  1063  250s
    25    22 4947.69172    5  219 5636.39973 4940.59574  12.3%   820  255s
    63    36 5035.40300    7  164 5636.39973 4958.23491  12.0%   642  260s
H   83    43                    5633.8997333 5035.63811  10.6%   633  264s
   103    62 5036.72108    9  164 5633.89973 5035.75978  10.6%   569  265s
   230   114 5265.47882   15  134 5633.89973 5035.75978  10.6%   377  270s
   501   197 5342.25886   23  112 5633.89973 5035.75978  10.6%   237  275s
  1046   359 5442.21492   41   49 5633.89973 5035.75978  10.6%   164  280s
  1823   664 5202.60975    9  130 5633.89973 5102.46048  9.43%   119  286s
  2541   796 5375.59755   14   99 5633.89973 5338.66371  5.24%   101  290s
  3864   745     cutoff   44      5633.89973 5458.46738  3.11%  79.2  295s
  4976   249 infeasible   20      5633.89973 5499.98382  2.38%  69.0  300s

Cutting planes:
  Cover: 9
  Implied bound: 175
  MIR: 8
  Flow cover: 2
  Inf proof: 1
  Zero half: 10
  RLT: 8
  Relax-and-lift: 236

Explored 5602 nodes (477234 simplex iterations) in 301.27 seconds
Thread count was 20 (of 40 available processors)

Solution count 3: 5633.9 5636.4 5860.32 

Optimal solution found (tolerance 1.00e-04)
Best objective 5.633899733333e+03, best bound 5.633899733333e+03, gap 0.0000%
