
Gurobi 9.0.2 (linux64, Python) logging started Sat Dec  5 10:40:47 2020

Using license file /share/apps/gurobi/9.0.2/gurobi_client.lic
Set parameter TokenServer to value 10.1.1.1
Set parameter LogFile to value /storage/users/anderhva/051220-103929/logs/O14-C1-V2-WS2.log
Set parameter LogToConsole to value 0
Changed value of parameter TimeLimit to 3600.0
   Prev: inf  Min: 0.0  Max: inf  Default: inf
Gurobi Optimizer version 9.0.2 build v9.0.2rc0 (linux64)
Optimize a model with 3952 rows, 35490 columns and 201444 nonzeros
Model fingerprint: 0x57ea0788
Variable types: 96 continuous, 35394 integer (35394 binary)
Coefficient statistics:
  Matrix range     [1e+00, 1e+02]
  Objective range  [1e+00, 1e+04]
  Bounds range     [1e+00, 1e+00]
  RHS range        [1e+00, 1e+02]
Presolve removed 851 rows and 4230 columns
Presolve time: 0.86s
Presolved: 3101 rows, 31260 columns, 145575 nonzeros
Variable types: 84 continuous, 31176 integer (31173 binary)

Root relaxation: objective 4.363729e+03, 4203 iterations, 0.74 seconds

    Nodes    |    Current Node    |     Objective Bounds      |     Work
 Expl Unexpl |  Obj  Depth IntInf | Incumbent    BestBd   Gap | It/Node Time

     0     0 4363.72904    0   90          - 4363.72904      -     -    2s
     0     0 4422.19895    0   83          - 4422.19895      -     -    2s
     0     0 4435.04294    0   84          - 4435.04294      -     -    3s
     0     0 4536.75403    0   68          - 4536.75403      -     -    3s
     0     0 4574.01518    0   78          - 4574.01518      -     -    4s
     0     0 4575.28560    0   83          - 4575.28560      -     -    4s
     0     0 4598.34562    0  125          - 4598.34562      -     -    4s
     0     0 4600.47553    0  134          - 4600.47553      -     -    4s
     0     0 4606.49897    0   86          - 4606.49897      -     -    5s
     0     0 4609.75027    0  121          - 4609.75027      -     -    5s
     0     0 4610.12086    0  121          - 4610.12086      -     -    5s
H    0     0                    6003.2253016 4610.12086  23.2%     -    5s
     0     0 4616.18632    0  100 6003.22530 4616.18632  23.1%     -    5s
H    0     0                    5993.2253016 4616.18632  23.0%     -    5s
     0     0 4618.53233    0  142 5993.22530 4618.53233  22.9%     -    5s
     0     0 4618.97627    0  121 5993.22530 4618.97627  22.9%     -    5s
     0     0 4619.08612    0  122 5993.22530 4619.08612  22.9%     -    5s
     0     0 4619.13888    0  126 5993.22530 4619.13888  22.9%     -    5s
     0     0 4626.58911    0  107 5993.22530 4626.58911  22.8%     -    6s
     0     0 4777.26814    0   76 5993.22530 4777.26814  20.3%     -    7s
H    0     0                    5784.7268757 4777.26814  17.4%     -    8s
H    0     0                    5685.7355774 4777.26814  16.0%     -    8s
     0     0 5049.63049    0   76 5685.73558 5049.63049  11.2%     -    9s
H    0     0                    5445.0393757 5049.63049  7.26%     -    9s
     0     0 5072.19915    0   61 5445.03938 5072.19915  6.85%     -    9s
     0     0 5089.86073    0   81 5445.03938 5089.86073  6.52%     -    9s
     0     0 5090.36382    0   81 5445.03938 5090.36382  6.51%     -    9s
     0     0 5128.46582    0   68 5445.03938 5128.46582  5.81%     -    9s
     0     0 5128.46582    0   49 5445.03938 5128.46582  5.81%     -   10s
     0     0 5128.46582    0   54 5445.03938 5128.46582  5.81%     -   10s
     0     0 5128.46582    0   67 5445.03938 5128.46582  5.81%     -   10s
     0     0 5129.35212    0   71 5445.03938 5129.35212  5.80%     -   10s
     0     0 5133.91295    0   73 5445.03938 5133.91295  5.71%     -   10s
     0     0 5144.67185    0   89 5445.03938 5144.67185  5.52%     -   10s
     0     0 5144.74809    0   89 5445.03938 5144.74809  5.51%     -   10s
     0     0 5171.54875    0   93 5445.03938 5171.54875  5.02%     -   10s
     0     0 5174.55858    0  119 5445.03938 5174.55858  4.97%     -   10s
     0     0 5175.02815    0  100 5445.03938 5175.02815  4.96%     -   10s
     0     0 5175.44334    0  118 5445.03938 5175.44334  4.95%     -   11s
     0     0 5175.61674    0  134 5445.03938 5175.61674  4.95%     -   11s
     0     0 5175.70285    0  137 5445.03938 5175.70285  4.95%     -   11s
     0     0 5176.65688    0  124 5445.03938 5176.65688  4.93%     -   11s
     0     0 5195.99376    0   77 5445.03938 5195.99376  4.57%     -   11s
     0     0 5199.02062    0   96 5445.03938 5199.02062  4.52%     -   11s
     0     0 5200.05830    0  124 5445.03938 5200.05830  4.50%     -   11s
     0     0 5211.44306    0  140 5445.03938 5211.44306  4.29%     -   11s
     0     0 5213.02076    0  132 5445.03938 5213.02076  4.26%     -   11s
     0     0 5213.36300    0  144 5445.03938 5213.36300  4.25%     -   11s
     0     0 5213.57458    0  156 5445.03938 5213.57458  4.25%     -   11s
     0     0 5213.59056    0  156 5445.03938 5213.59056  4.25%     -   11s
     0     0 5223.38573    0  146 5445.03938 5223.38573  4.07%     -   11s
     0     0 5224.90618    0  131 5445.03938 5224.90618  4.04%     -   11s
     0     0 5224.95734    0  155 5445.03938 5224.95734  4.04%     -   11s
     0     0 5230.72877    0  168 5445.03938 5230.72877  3.94%     -   12s
     0     0 5231.89160    0  188 5445.03938 5231.89160  3.91%     -   12s
     0     0 5231.94753    0  223 5445.03938 5231.94753  3.91%     -   12s
     0     0 5237.11160    0  138 5445.03938 5237.11160  3.82%     -   12s
     0     0 5237.11160    0   46 5445.03938 5237.11160  3.82%     -   12s
     0     0 5237.11160    0   65 5445.03938 5237.11160  3.82%     -   12s
     0     0 5237.11160    0   38 5445.03938 5237.11160  3.82%     -   12s
     0     0 5237.11160    0   85 5445.03938 5237.11160  3.82%     -   13s
     0     0 5237.11160    0   90 5445.03938 5237.11160  3.82%     -   13s
     0     0 5237.11160    0   41 5445.03938 5237.11160  3.82%     -   13s
     0     0 5237.11160    0   98 5445.03938 5237.11160  3.82%     -   13s
     0     0 5239.88947    0   80 5445.03938 5239.88947  3.77%     -   13s
     0     0 5240.79718    0   81 5445.03938 5240.79718  3.75%     -   13s
     0     0 5241.09193    0   45 5445.03938 5241.09193  3.75%     -   13s
     0     0 5241.35193    0   89 5445.03938 5241.35193  3.74%     -   13s
     0     0 5241.80819    0   80 5445.03938 5241.80819  3.73%     -   13s
     0     0 5244.73651    0  159 5445.03938 5244.73651  3.68%     -   13s
     0     0 5246.02794    0  155 5445.03938 5246.02794  3.65%     -   13s
     0     0 5246.38184    0  160 5445.03938 5246.38184  3.65%     -   13s
     0     0 5246.73977    0  169 5445.03938 5246.73977  3.64%     -   13s
     0     0 5246.79498    0  155 5445.03938 5246.79498  3.64%     -   13s
     0     0 5249.16669    0  174 5445.03938 5249.16669  3.60%     -   13s
     0     0 5249.54630    0  219 5445.03938 5249.54630  3.59%     -   13s
     0     0 5249.60055    0  207 5445.03938 5249.60055  3.59%     -   14s
     0     0 5251.89493    0  213 5445.03938 5251.89493  3.55%     -   14s
     0     0 5251.97314    0  214 5445.03938 5251.97314  3.55%     -   14s
     0     0 5253.19669    0  231 5445.03938 5253.19669  3.52%     -   14s
     0     0 5253.19669    0  231 5445.03938 5253.19669  3.52%     -   14s
     0     2 5253.19669    0  231 5445.03938 5253.19669  3.52%     -   14s
     7    12 5260.09390    3  142 5445.03938 5260.09390  3.40%   156   15s
H   41    25                    5445.0393751 5273.00916  3.16%   130   15s

Cutting planes:
  Gomory: 4
  Cover: 2
  Implied bound: 127
  Clique: 4
  MIR: 23
  Flow cover: 15
  Inf proof: 1
  Zero half: 12
  RLT: 14
  Relax-and-lift: 109

Explored 1309 nodes (58035 simplex iterations) in 17.28 seconds
Thread count was 20 (of 40 available processors)

Solution count 5: 5445.04 5685.74 5784.73 ... 6003.23

Optimal solution found (tolerance 1.00e-04)
Best objective 5.445039375057e+03, best bound 5.445039375057e+03, gap 0.0000%
