
Gurobi 9.0.2 (linux64, Python) logging started Sat Dec  5 10:41:11 2020

Using license file /share/apps/gurobi/9.0.2/gurobi_client.lic
Set parameter TokenServer to value 10.1.1.1
Set parameter LogFile to value /storage/users/anderhva/051220-103929/logs/O14-C2-V2-WS2.log
Set parameter LogToConsole to value 0
Changed value of parameter TimeLimit to 3600.0
   Prev: inf  Min: 0.0  Max: inf  Default: inf
Gurobi Optimizer version 9.0.2 build v9.0.2rc0 (linux64)
Optimize a model with 3727 rows, 29205 columns and 163548 nonzeros
Model fingerprint: 0x9d45fc64
Variable types: 96 continuous, 29109 integer (29109 binary)
Coefficient statistics:
  Matrix range     [1e+00, 1e+02]
  Objective range  [1e+00, 1e+04]
  Bounds range     [1e+00, 1e+00]
  RHS range        [1e+00, 1e+02]
Presolve removed 935 rows and 4931 columns
Presolve time: 0.92s
Presolved: 2792 rows, 24274 columns, 111733 nonzeros
Variable types: 84 continuous, 24190 integer (24187 binary)
Found heuristic solution: objective 34751.857134

Root relaxation: objective 5.698218e+03, 4583 iterations, 0.57 seconds

    Nodes    |    Current Node    |     Objective Bounds      |     Work
 Expl Unexpl |  Obj  Depth IntInf | Incumbent    BestBd   Gap | It/Node Time

     0     0 5698.21760    0   60 34751.8571 5698.21760  83.6%     -    1s
H    0     0                    9168.8985290 5698.21760  37.9%     -    2s
H    0     0                    9152.5915663 5698.21760  37.7%     -    2s
     0     0 5785.73458    0   74 9152.59157 5785.73458  36.8%     -    3s
     0     0 5785.73458    0   51 9152.59157 5785.73458  36.8%     -    4s
H    0     0                    9084.9700881 5785.73458  36.3%     -    4s
     0     0 5822.44379    0   53 9084.97009 5822.44379  35.9%     -    5s
     0     0 5890.54745    0   59 9084.97009 5890.54745  35.2%     -    5s
     0     0 5895.52253    0   65 9084.97009 5895.52253  35.1%     -    5s
     0     0 5897.42410    0   70 9084.97009 5897.42410  35.1%     -    5s
     0     0 5900.36956    0   70 9084.97009 5900.36956  35.1%     -    5s
     0     0 5901.23283    0   70 9084.97009 5901.23283  35.0%     -    5s
     0     0 5919.23391    0   63 9084.97009 5919.23391  34.8%     -    5s
     0     0 5927.98610    0   60 9084.97009 5927.98610  34.7%     -    6s
     0     0 5930.95974    0   65 9084.97009 5930.95974  34.7%     -    6s
     0     0 5931.46449    0   60 9084.97009 5931.46449  34.7%     -    6s
     0     0 5935.35287    0   65 9084.97009 5935.35287  34.7%     -    6s
     0     0 5935.38165    0   65 9084.97009 5935.38165  34.7%     -    6s
     0     0 5941.41546    0   88 9084.97009 5941.41546  34.6%     -    6s
     0     0 5941.47215    0   95 9084.97009 5941.47215  34.6%     -    6s
     0     0 5948.81009    0  111 9084.97009 5948.81009  34.5%     -    6s
     0     0 5950.14925    0  130 9084.97009 5950.14925  34.5%     -    6s
     0     0 5950.35357    0  130 9084.97009 5950.35357  34.5%     -    6s
     0     0 5958.70266    0  111 9084.97009 5958.70266  34.4%     -    6s
     0     0 5962.86252    0  116 9084.97009 5962.86252  34.4%     -    6s
     0     0 5967.58160    0   68 9084.97009 5967.58160  34.3%     -    6s
H    0     0                    9080.5950881 5967.58160  34.3%     -    8s
H    0     0                    6723.3075142 5967.58160  11.2%     -    8s
     0     0 5968.01546    0   68 6723.30751 5968.01546  11.2%     -    8s
     0     0 5968.09673    0   76 6723.30751 5968.09673  11.2%     -    8s
     0     0 5969.60487    0   81 6723.30751 5969.60487  11.2%     -    8s
     0     0 5969.60487    0   38 6723.30751 5969.60487  11.2%     -    9s
     0     0 5969.60487    0   43 6723.30751 5969.60487  11.2%     -    9s
     0     0 5969.60487    0   38 6723.30751 5969.60487  11.2%     -    9s
     0     0 5976.98258    0   96 6723.30751 5976.98258  11.1%     -    9s
     0     0 5988.89070    0   70 6723.30751 5988.89070  10.9%     -    9s
     0     0 5990.99971    0   95 6723.30751 5990.99971  10.9%     -    9s
     0     0 5991.96180    0   70 6723.30751 5991.96180  10.9%     -    9s
     0     0 6007.37927    0   99 6723.30751 6007.37927  10.6%     -    9s
     0     0 6009.06417    0   88 6723.30751 6009.06417  10.6%     -    9s
     0     0 6009.32896    0   94 6723.30751 6009.32896  10.6%     -    9s
     0     0 6010.99988    0   51 6723.30751 6010.99988  10.6%     -    9s
     0     0 6014.27545    0  111 6723.30751 6014.27545  10.5%     -   10s
     0     0 6014.69136    0   65 6723.30751 6014.69136  10.5%     -   10s
     0     0 6015.36297    0  101 6723.30751 6015.36297  10.5%     -   10s
     0     0 6015.65071    0  116 6723.30751 6015.65071  10.5%     -   10s
     0     0 6015.72631    0  116 6723.30751 6015.72631  10.5%     -   10s
     0     0 6019.82993    0   71 6723.30751 6019.82993  10.5%     -   10s
     0     0 6019.94755    0   50 6723.30751 6019.94755  10.5%     -   10s
     0     0 6020.02204    0   81 6723.30751 6020.02204  10.5%     -   10s
     0     0 6022.31198    0  102 6723.30751 6022.31198  10.4%     -   10s
     0     0 6023.08027    0  106 6723.30751 6023.08027  10.4%     -   10s
     0     0 6023.20227    0  106 6723.30751 6023.20227  10.4%     -   10s
     0     0 6023.64047    0   57 6723.30751 6023.64047  10.4%     -   10s
     0     0 6023.77345    0  106 6723.30751 6023.77345  10.4%     -   10s
     0     0 6023.79382    0  109 6723.30751 6023.79382  10.4%     -   10s
     0     0 6023.81335    0  108 6723.30751 6023.81335  10.4%     -   10s
     0     0 6023.81335    0  108 6723.30751 6023.81335  10.4%     -   10s
     0     0 6023.81335    0   30 6723.30751 6023.81335  10.4%     -   11s
     0     0 6023.81335    0   37 6723.30751 6023.81335  10.4%     -   11s
     0     0 6023.81335    0   56 6723.30751 6023.81335  10.4%     -   11s
     0     0 6023.81335    0   35 6723.30751 6023.81335  10.4%     -   11s
     0     0 6023.81335    0   35 6723.30751 6023.81335  10.4%     -   11s
     0     0 6023.81335    0   47 6723.30751 6023.81335  10.4%     -   11s
     0     0 6026.60434    0   62 6723.30751 6026.60434  10.4%     -   11s
     0     0 6027.59515    0   56 6723.30751 6027.59515  10.3%     -   11s
     0     0 6028.46871    0   56 6723.30751 6028.46871  10.3%     -   11s
     0     0 6028.47364    0   61 6723.30751 6028.47364  10.3%     -   11s
     0     0 6044.79670    0   82 6723.30751 6044.79670  10.1%     -   11s
     0     0 6044.82398    0   85 6723.30751 6044.82398  10.1%     -   11s
     0     0 6050.03514    0   94 6723.30751 6050.03514  10.0%     -   12s
     0     0 6051.78377    0  102 6723.30751 6051.78377  10.0%     -   12s
     0     0 6052.13662    0  112 6723.30751 6052.13662  10.0%     -   12s
     0     0 6064.13344    0  100 6723.30751 6064.13344  9.80%     -   12s
     0     0 6067.04606    0  103 6723.30751 6067.04606  9.76%     -   12s
     0     0 6067.62869    0   91 6723.30751 6067.62869  9.75%     -   12s
     0     0 6067.94534    0  108 6723.30751 6067.94534  9.75%     -   12s
     0     0 6089.76711    0  115 6723.30751 6089.76711  9.42%     -   12s
     0     0 6089.77144    0  113 6723.30751 6089.77144  9.42%     -   12s
     0     0 6095.63331    0   99 6723.30751 6095.63331  9.34%     -   12s
     0     0 6095.91656    0  105 6723.30751 6095.91656  9.33%     -   12s
     0     0 6095.98553    0  109 6723.30751 6095.98553  9.33%     -   12s
     0     0 6096.74251    0  104 6723.30751 6096.74251  9.32%     -   12s
     0     0 6096.88801    0   91 6723.30751 6096.88801  9.32%     -   12s
     0     0 6096.89590    0   93 6723.30751 6096.89590  9.32%     -   12s
     0     0 6096.89590    0   93 6723.30751 6096.89590  9.32%     -   12s
     0     2 6096.89590    0   93 6723.30751 6096.89590  9.32%     -   12s
H   35    15                    6723.3073780 6199.58390  7.79%  87.7   13s
H   45    15                    6723.3072780 6205.09636  7.71%  71.7   13s
H  200    12                    6723.3059017 6301.70885  6.27%  46.9   13s
H  202    12                    6723.3058801 6301.70885  6.27%  46.6   13s
H  208    12                    6723.3055829 6340.50333  5.69%  46.2   13s

Cutting planes:
  Cover: 3
  Implied bound: 72
  Clique: 9
  MIR: 19
  Flow cover: 22
  Inf proof: 1
  RLT: 2
  Relax-and-lift: 58

Explored 570 nodes (32651 simplex iterations) in 14.38 seconds
Thread count was 20 (of 40 available processors)

Solution count 7: 6723.31 6723.31 9080.6 ... 34751.9
No other solutions better than 6723.31

Optimal solution found (tolerance 1.00e-04)
Best objective 6.723305202223e+03, best bound 6.723305202223e+03, gap 0.0000%
