
Gurobi 9.0.2 (linux64, Python) logging started Sat Dec  5 21:42:22 2020

Using license file /share/apps/gurobi/9.0.2/gurobi_client.lic
Set parameter TokenServer to value 10.1.1.1
Set parameter LogFile to value /storage/users/anderhva/051220-175751/logs/O16-C4-V3-WS1.log
Set parameter LogToConsole to value 0
Changed value of parameter TimeLimit to 3600.0
   Prev: inf  Min: 0.0  Max: inf  Default: inf
Gurobi Optimizer version 9.0.2 build v9.0.2rc0 (linux64)
Optimize a model with 15856 rows, 294456 columns and 1707268 nonzeros
Model fingerprint: 0xeb43e699
Variable types: 144 continuous, 294312 integer (294312 binary)
Coefficient statistics:
  Matrix range     [1e+00, 1e+02]
  Objective range  [1e+00, 8e+03]
  Bounds range     [1e+00, 1e+00]
  RHS range        [1e+00, 1e+02]
Presolve removed 1084 rows and 7304 columns (presolve time = 5s) ...
Presolve removed 1084 rows and 7304 columns
Presolve time: 5.42s
Presolved: 14772 rows, 287152 columns, 1377276 nonzeros
Variable types: 128 continuous, 287024 integer (287020 binary)

Deterministic concurrent LP optimizer: primal and dual simplex
Showing first log only...


Root simplex log...

Iteration    Objective       Primal Inf.    Dual Inf.      Time
       0    3.9478612e+04   2.000000e+01   9.925157e+09     11s
   36180    1.9907155e+04   0.000000e+00   5.736219e+07     15s
   55206    9.1812027e+03   0.000000e+00   1.815519e+08     20s
   74093    2.7192181e+03   0.000000e+00   3.463420e+06     25s
   93679    2.2196452e+03   0.000000e+00   1.064132e+06     30s
  115923    2.0456569e+03   0.000000e+00   7.490729e+04     35s
  136122    2.3095805e+03   1.832219e+03   0.000000e+00     40s
  138392    2.3168468e+03   3.183535e+02   0.000000e+00     45s
  140902    2.3246237e+03   7.032938e+02   0.000000e+00     50s
  143582    2.3462900e+03   6.673861e+02   0.000000e+00     55s
  146232    2.3714149e+03   1.300543e+04   0.000000e+00     60s
  148592    2.4193188e+03   6.112637e+03   0.000000e+00     65s
Concurrent spin time: 0.00s

Solved with dual simplex

Root relaxation: objective 3.038179e+03, 41150 iterations, 56.51 seconds

    Nodes    |    Current Node    |     Objective Bounds      |     Work
 Expl Unexpl |  Obj  Depth IntInf | Incumbent    BestBd   Gap | It/Node Time

     0     0 3038.17859    0  288          - 3038.17859      -     -   70s
     0     0 3925.20934    0  212          - 3925.20934      -     -  106s
     0     0 4003.69975    0  325          - 4003.69975      -     -  126s
     0     0 4003.70183    0  325          - 4003.70183      -     -  127s
     0     0 4012.46143    0  260          - 4012.46143      -     -  145s
     0     0 4012.69923    0  317          - 4012.69923      -     -  149s
     0     0 4012.77318    0  320          - 4012.77318      -     -  151s
     0     0 4041.14652    0  189          - 4041.14652      -     -  165s
H    0     0                    9820.7405000 4041.14652  58.9%     -  186s
H    0     0                    9651.8285000 4041.14652  58.1%     -  233s
     0     0 4041.73756    0  315 9651.82850 4041.73756  58.1%     -  238s
     0     0 4041.73777    0  328 9651.82850 4041.73777  58.1%     -  239s
     0     0 4059.44075    0  346 9651.82850 4059.44075  57.9%     -  256s
     0     0 4059.51446    0  359 9651.82850 4059.51446  57.9%     -  258s
     0     0 4086.02066    0  216 9651.82850 4086.02066  57.7%     -  276s
     0     0 4093.14418    0  244 9651.82850 4093.14418  57.6%     -  285s
     0     0 4093.55873    0  271 9651.82850 4093.55873  57.6%     -  290s
     0     0 4093.66370    0  256 9651.82850 4093.66370  57.6%     -  290s
     0     0 4118.69941    0  398 9651.82850 4118.69941  57.3%     -  309s
H    0     0                    9414.2830833 4118.69941  56.3%     -  342s
     0     0 4118.70149    0  403 9414.28308 4118.70149  56.3%     -  343s
     0     0 4172.15299    0  545 9414.28308 4172.15299  55.7%     -  365s
     0     0 4172.35343    0  597 9414.28308 4172.35343  55.7%     -  478s
     0     0 4172.38362    0  635 9414.28308 4172.38362  55.7%     -  480s
     0     0 4189.32313    0  407 9414.28308 4189.32313  55.5%     -  508s
     0     0 4190.62956    0  366 9414.28308 4190.62956  55.5%     -  515s
     0     0 4191.07257    0  436 9414.28308 4191.07257  55.5%     -  518s
     0     0 4191.39684    0  518 9414.28308 4191.39684  55.5%     -  521s
     0     0 4191.39897    0  534 9414.28308 4191.39897  55.5%     -  522s
     0     0 4203.39917    0  501 9414.28308 4203.39917  55.4%     -  542s
     0     0 4203.57210    0  464 9414.28308 4203.57210  55.3%     -  546s
     0     0 4203.60576    0  464 9414.28308 4203.60576  55.3%     -  547s
     0     0 4211.52594    0  362 9414.28308 4211.52594  55.3%     -  561s
     0     0 4212.52128    0  404 9414.28308 4212.52128  55.3%     -  566s
     0     0 4212.54810    0  558 9414.28308 4212.54810  55.3%     -  569s
     0     0 4222.61443    0  591 9414.28308 4222.61443  55.1%     -  588s
     0     0 4229.14638    0  661 9414.28308 4229.14638  55.1%     -  594s
     0     0 4230.33382    0  687 9414.28308 4230.33382  55.1%     -  598s
     0     0 4261.37845    0  376 9414.28308 4261.37845  54.7%     -  620s
     0     0 4261.47294    0  670 9414.28308 4261.47294  54.7%     -  628s
     0     0 4283.36100    0  505 9414.28308 4283.36100  54.5%     -  643s
     0     0 4285.43574    0  509 9414.28308 4285.43574  54.5%     -  655s
     0     0 4285.67464    0  562 9414.28308 4285.67464  54.5%     -  658s
     0     0 4285.69187    0  573 9414.28308 4285.69187  54.5%     -  659s
     0     0 4301.25541    0  460 9414.28308 4301.25541  54.3%     -  675s
     0     0 4304.17447    0  641 9414.28308 4304.17447  54.3%     -  687s
     0     0 4304.59670    0  639 9414.28308 4304.59670  54.3%     -  689s
     0     0 4340.65842    0  571 9414.28308 4340.65842  53.9%     -  707s
     0     0 4341.63737    0  551 9414.28308 4341.63737  53.9%     -  712s
     0     0 4341.97789    0  714 9414.28308 4341.97789  53.9%     -  717s
     0     0 4358.00970    0  357 9414.28308 4358.00970  53.7%     -  729s
     0     0 4358.89407    0  478 9414.28308 4358.89407  53.7%     -  734s
     0     0 4359.23148    0  520 9414.28308 4359.23148  53.7%     -  738s
     0     0 4359.44689    0  510 9414.28308 4359.44689  53.7%     -  740s
     0     0 4359.67951    0  469 9414.28308 4359.67951  53.7%     -  741s
     0     0 4378.38943    0  418 9414.28308 4378.38943  53.5%     -  753s
     0     0 4382.44631    0  503 9414.28308 4382.44631  53.4%     -  760s
     0     0 4382.58551    0  535 9414.28308 4382.58551  53.4%     -  764s
     0     0 4403.22795    0  443 9414.28308 4403.22795  53.2%     -  776s
     0     0 4405.15527    0  398 9414.28308 4405.15527  53.2%     -  783s
     0     0 4410.67078    0  492 9414.28308 4410.67078  53.1%     -  793s
     0     0 4411.11721    0  508 9414.28308 4411.11721  53.1%     -  795s
     0     0 4411.28043    0  597 9414.28308 4411.28043  53.1%     -  796s
     0     0 4431.85521    0  471 9414.28308 4431.85521  52.9%     -  809s
     0     0 4433.60951    0  614 9414.28308 4433.60951  52.9%     -  818s
     0     0 4433.74764    0  599 9414.28308 4433.74764  52.9%     -  821s
     0     0 4441.07348    0  405 9414.28308 4441.07348  52.8%     -  835s
     0     0 4442.19471    0  448 9414.28308 4442.19471  52.8%     -  842s
     0     0 4442.46159    0  424 9414.28308 4442.46159  52.8%     -  844s
     0     0 4455.99667    0  551 9414.28308 4455.99667  52.7%     -  862s
     0     0 4457.74755    0  455 9414.28308 4457.74755  52.6%     -  869s
     0     0 4458.44208    0  562 9414.28308 4458.44208  52.6%     -  872s
     0     0 4479.85385    0  501 9414.28308 4479.85385  52.4%     -  889s
     0     0 4481.83015    0  565 9414.28308 4481.83015  52.4%     -  898s
     0     0 4482.22335    0  624 9414.28308 4482.22335  52.4%     -  900s
     0     0 4482.33677    0  572 9414.28308 4482.33677  52.4%     -  902s
     0     0 4499.91209    0  426 9414.28308 4499.91209  52.2%     -  917s
     0     0 4500.09000    0  419 9414.28308 4500.09000  52.2%     -  921s
     0     0 4505.98700    0  427 9414.28308 4505.98700  52.1%     -  928s
     0     0 4507.88342    0  436 9414.28308 4507.88342  52.1%     -  932s
     0     0 4507.88342    0  439 9414.28308 4507.88342  52.1%     -  932s
     0     0 4510.09944    0  446 9414.28308 4510.09944  52.1%     -  940s
     0     0 4511.64608    0  461 9414.28308 4511.64608  52.1%     -  946s
     0     0 4511.98200    0  430 9414.28308 4511.98200  52.1%     -  948s
     0     0 4516.24935    0  311 9414.28308 4516.24935  52.0%     -  955s
     0     0 4516.76951    0  470 9414.28308 4516.76951  52.0%     -  958s
     0     0 4516.80184    0  467 9414.28308 4516.80184  52.0%     -  959s
     0     0 4523.35206    0  308 9414.28308 4523.35206  52.0%     -  964s
H    0     0                    6852.2764833 4523.35206  34.0%     -  987s
     0     0 4523.48191    0  315 6852.27648 4523.48191  34.0%     -  988s
     0     0 4525.47718    0  355 6852.27648 4525.47718  34.0%     -  991s
     0     0 4525.47718    0  255 6852.27648 4525.47718  34.0%     - 1048s
H    0     0                    6852.2760090 4525.47718  34.0%     - 1066s
     0     0 4525.47718    0  215 6852.27601 4525.47718  34.0%     - 1104s
     0     0 4525.47718    0  299 6852.27601 4525.47718  34.0%     - 1129s
     0     0 4525.47718    0  317 6852.27601 4525.47718  34.0%     - 1143s
     0     0 4525.47718    0  307 6852.27601 4525.47718  34.0%     - 1149s
     0     0 4525.47718    0  332 6852.27601 4525.47718  34.0%     - 1151s
     0     0 4525.47718    0  351 6852.27601 4525.47718  34.0%     - 1152s
     0     0 4539.66060    0  385 6852.27601 4539.66060  33.7%     - 1167s
H    0     0                    6182.5563667 4539.66060  26.6%     - 1209s
     0     0 4539.95101    0  467 6182.55637 4539.95101  26.6%     - 1212s
     0     0 4544.88795    0  534 6182.55637 4544.88795  26.5%     - 1221s
     0     0 4544.93610    0  547 6182.55637 4544.93610  26.5%     - 1224s
     0     0 4549.23479    0  640 6182.55637 4549.23479  26.4%     - 1234s
     0     0 4549.29992    0  650 6182.55637 4549.29992  26.4%     - 1238s
     0     0 4557.12239    0  573 6182.55637 4557.12239  26.3%     - 1251s
     0     0 4557.62975    0  499 6182.55637 4557.62975  26.3%     - 1255s
     0     0 4557.65400    0  501 6182.55637 4557.65400  26.3%     - 1256s
     0     0 4562.71278    0  630 6182.55637 4562.71278  26.2%     - 1265s
H    0     0                    6168.7759500 4562.71278  26.0%     - 1287s
     0     0 4562.76101    0  660 6168.77595 4562.76101  26.0%     - 1287s
     0     0 4566.21381    0  476 6168.77595 4566.21381  26.0%     - 1293s
     0     0 4567.65702    0  629 6168.77595 4567.65702  26.0%     - 1301s
     0     0 4568.76559    0  663 6168.77595 4568.76559  25.9%     - 1305s
     0     0 4569.16227    0  612 6168.77595 4569.16227  25.9%     - 1306s
     0     0 4569.42887    0  656 6168.77595 4569.42887  25.9%     - 1307s
     0     0 4572.33969    0  588 6168.77595 4572.33969  25.9%     - 1315s
     0     0 4572.62147    0  562 6168.77595 4572.62147  25.9%     - 1319s
     0     0 4578.54528    0  396 6168.77595 4578.54528  25.8%     - 1325s
     0     0 4579.70470    0  522 6168.77595 4579.70470  25.8%     - 1333s
     0     0 4580.79329    0  451 6168.77595 4580.79329  25.7%     - 1337s
     0     0 4580.86296    0  467 6168.77595 4580.86296  25.7%     - 1338s
     0     0 4587.30637    0  464 6168.77595 4587.30637  25.6%     - 1346s
     0     0 4587.44492    0  480 6168.77595 4587.44492  25.6%     - 1349s
     0     0 4589.25848    0  502 6168.77595 4589.25848  25.6%     - 1354s
     0     0 4589.41393    0  501 6168.77595 4589.41393  25.6%     - 1356s
     0     0 4590.98462    0  497 6168.77595 4590.98462  25.6%     - 1361s
     0     0 4590.98462    0  491 6168.77595 4590.98462  25.6%     - 1376s
H    0     0                    5980.3701167 4590.98462  23.2%     - 1430s
H    0     2                    5980.3688745 4590.98462  23.2%     - 1508s
     0     2 4590.98462    0  491 5980.36887 4590.98462  23.2%     - 1508s
     1     4 4592.31509    1  414 5980.36887 4590.98976  23.2%   471 1542s
     3     8 4601.33933    2  382 5980.36887 4592.32040  23.2%  1236 1612s
     7    16 4628.23030    3  467 5980.36887 4599.27548  23.1%  1607 1693s
    15    27 4671.02422    4  509 5980.36887 4616.46036  22.8%  2446 1750s
H   31    43                    5980.3687692 4637.23276  22.5%  2075 1829s
    51    59 4726.53940    6  289 5980.36877 4637.23276  22.5%  1927 1859s
    71    73 4760.01815    7  255 5980.36877 4637.23276  22.5%  1750 1876s
    91    89 4878.65316    7  330 5980.36877 4637.23276  22.5%  1504 1906s
   111   111 4826.42906    8  269 5980.36877 4637.23276  22.5%  1418 1930s
   140   135 4919.88465    8  372 5980.36877 4637.23276  22.5%  1297 1951s
   168   156 5295.24955    9  206 5980.36877 4637.23276  22.5%  1341 1966s
   198   174 5704.96294    9  243 5980.36877 4637.23276  22.5%  1350 1982s
   229   181     cutoff   10      5980.36877 4637.23276  22.5%  1341 1994s
   271   197 5602.44776   11  167 5980.36877 4637.23276  22.5%  1324 2008s
   317   217 5746.82802   13  133 5980.36877 4637.23276  22.5%  1253 2024s
   371   239 5780.03391   17  146 5980.36877 4637.23276  22.5%  1197 2039s
   433   269 5831.48828   21  127 5980.36877 4637.23276  22.5%  1123 2053s
   510   297 5856.71338   26  141 5980.36877 4637.23276  22.5%  1028 2068s
   587   330 5860.63394   32  134 5980.36877 4637.23276  22.5%   948 2081s
   678   366 5860.76862   38  143 5980.36877 4637.23276  22.5%   875 2096s
   759   424 5868.90511   45  150 5980.36877 4637.23276  22.5%   830 2109s
   869   438 5884.77995   53   85 5980.36877 4709.35302  21.3%   769 2124s
   950   468 5127.41668    6  236 5980.36877 4709.35302  21.3%   769 2137s
  1023   497 5144.19685    7  254 5980.36877 4709.35302  21.3%   764 2150s
  1126   540 5437.28664   10  320 5980.36877 4709.35302  21.3%   742 2166s
  1255   595 5459.25586   11  314 5980.36877 4709.35302  21.3%   717 2177s
  1388   630 5839.15406   15  231 5980.36877 4709.35302  21.3%   682 2193s
  1521   704 infeasible   29      5980.36877 4798.58360  19.8%   663 2211s
  1645   782 5499.46339    7  172 5980.36877 4798.58360  19.8%   660 2227s
  1820   888 5689.48656   21  129 5980.36877 4798.58360  19.8%   639 2241s
  2039  1005 5873.89196   40   94 5980.36877 4823.52184  19.3%   616 2254s
  2250  1108 5208.70714    7  290 5980.36877 4823.52184  19.3%   597 2271s
  2504  1271     cutoff    8      5980.36877 4823.52184  19.3%   567 2283s
  2770  1272 5477.57059   43  355 5980.36877 4823.52184  19.3%   542 2505s
  2772  1273 5594.98743    8  243 5980.36877 4823.52184  19.3%   541 2597s
  2773  1274 5702.67098   25  367 5980.36877 4823.52184  19.3%   541 2651s
  2774  1275 5494.86975   40  565 5980.36877 4823.52184  19.3%   541 2728s
  2775  1275 5714.10923   65  564 5980.36877 4823.52184  19.3%   541 2737s
  2776  1276 5362.91113   14  720 5980.36877 4823.52184  19.3%   541 2748s
  2777  1277 5429.90308   13  756 5980.36877 4823.52184  19.3%   540 2753s
  2778  1277 5539.70480   37  769 5980.36877 4823.52184  19.3%   540 2759s
  2779  1278 5805.43307   15  663 5980.36877 4823.52184  19.3%   540 2869s
  2780  1279 5746.87418   79  993 5980.36877 4823.52184  19.3%   540 2889s
  2781  1279 5818.41944   42  842 5980.36877 4823.52184  19.3%   540 2896s
  2782  1280 5791.79520    9  909 5980.36877 4823.52184  19.3%   539 2903s
  2783  1281 5508.31797   11  873 5980.36877 4823.52184  19.3%   539 2908s
  2784  1281 5016.20659   10  855 5980.36877 4823.52184  19.3%   539 2915s
  2785  1282 5755.08016   67 1059 5980.36877 4823.52184  19.3%   539 2939s
  2786  1283 5827.08985   51  787 5980.36877 4823.52184  19.3%   539 2953s
  2787  1283 5766.87407   86  843 5980.36877 4823.52184  19.3%   539 2960s
  2788  1284 5746.87188   14  968 5980.36877 4823.52184  19.3%   538 2966s
  2790  1285 5516.48959   72 1007 5980.36877 4823.52184  19.3%   538 2975s
  2791  1286 5824.82982   48  725 5980.36877 4823.52184  19.3%   538 2998s
  2792  1287 5294.77546    9  826 5980.36877 4823.52184  19.3%   538 3012s
  2793  1287 5411.65408   27  909 5980.36877 4823.52184  19.3%   537 3025s
  2794  1288 5526.85956   32  845 5980.36877 4823.52184  19.3%   537 3030s
  2796  1289 5820.28403   44  941 5980.36877 4823.52184  19.3%   537 3038s
  2797  1290 5482.98609   29  907 5980.36877 4823.52184  19.3%   537 3058s
  2798  1291 5248.73046    9  919 5980.36877 4823.52184  19.3%   536 3063s
  2800  1292 5622.40263   47  876 5980.36877 4823.52184  19.3%   536 3070s
  2801  1293 5681.27186   45  915 5980.36877 4823.52184  19.3%   536 3089s
  2802  1293 5487.05707   21  969 5980.36877 4823.52184  19.3%   536 3094s
  2803  1294 5755.52862   18 1006 5980.36877 4823.52184  19.3%   535 3097s
  2805  1295 5467.55740   11  956 5980.36877 4823.52184  19.3%   535 3104s
  2806  1296 5475.10835   24 1097 5980.36877 4823.52184  19.3%   535 3118s
  2807  1297 5748.32489   15  991 5980.36877 4823.52184  19.3%   535 3121s
  2808  1297 5622.40263   47  979 5980.36877 4823.52184  19.3%   534 3127s
  2809  1298 5444.12667   17  896 5980.36877 4823.52184  19.3%   534 3136s
  2812  1300 5426.75416   15  948 5980.36877 4823.52184  19.3%   534 3145s
  2813  1301 5768.33190   82  868 5980.36877 4823.52184  19.3%   534 3154s
  2814  1301 5292.06067   11  993 5980.36877 4823.52184  19.3%   533 3156s
  2815  1302 5797.60591   11 1049 5980.36877 4823.52184  19.3%   533 3162s
  2816  1303 5391.67438   16  955 5980.36877 4823.52184  19.3%   533 3171s
  2818  1304 5591.99881   30 1043 5980.36877 4823.52184  19.3%   533 3180s
  2819  1305 5857.91375   33 1046 5980.36877 4823.52184  19.3%   532 3190s
  2820  1305 5709.85778   11 1089 5980.36877 4823.52184  19.3%   532 3198s
  2821  1306 5284.92972    9 1015 5980.36877 4823.52184  19.3%   532 3207s
  2822  1307 5889.73483   33 1056 5980.36877 4823.52184  19.3%   532 3214s
  2823  1307 5692.30353   13  995 5980.36877 4823.52184  19.3%   532 3222s
  2824  1308 5583.74998   12 1131 5980.36877 4823.52184  19.3%   531 3225s
  2825  1309 5766.68752   72 1069 5980.36877 4823.52184  19.3%   531 3232s
  2826  1309 5670.66994   10  970 5980.36877 4823.52184  19.3%   531 3240s
  2827  1310 5802.08572   80 1017 5980.36877 4823.52184  19.3%   531 3246s
  2828  1311 5728.69978   70  903 5980.36877 4823.52184  19.3%   531 3257s
  2829  1311 5354.44556   20  879 5980.36877 4823.52184  19.3%   531 3260s
  2831  1313 5415.86996   23  991 5980.36877 4823.52184  19.3%   530 3270s
  2834  1315 5787.07696   95  883 5980.36877 4823.52184  19.3%   530 3281s
  2836  1316 5582.76008   38 1124 5980.36877 4823.52184  19.3%   529 3287s
  2837  1317 5783.54945   32 1057 5980.36877 4823.52184  19.3%   529 3294s
  2838  1317 5772.98505   47  997 5980.36877 4823.52184  19.3%   529 3298s
  2839  1318 5302.36287   10  926 5980.36877 4823.52184  19.3%   529 3304s
  2840  1319 5822.18908   46  906 5980.36877 4823.52184  19.3%   528 3307s
  2841  1319 5752.83485   27  882 5980.36877 4823.52184  19.3%   528 3315s
  2843  1321 5811.48212   30  937 5980.36877 4823.52184  19.3%   528 3322s
  2845  1322 5044.04913   10  957 5980.36877 4823.52184  19.3%   528 3327s
  2846  1323 5637.62880   53  853 5980.36877 4823.52184  19.3%   527 3334s
  2847  1323 5824.82982   48  837 5980.36877 4823.52184  19.3%   527 3338s
  2848  1324 5560.12204   35  635 5980.36877 4823.52184  19.3%   527 3349s
  2849  1325 5802.92876   19  820 5980.36877 4823.52184  19.3%   527 3351s
  2852  1327 5491.98173   51  699 5980.36877 4823.52184  19.3%   526 3361s
  2854  1328 5607.78485   24  747 5980.36877 4823.52184  19.3%   526 3365s
  2855  1329 5622.37738   45  714 5980.36877 4823.52184  19.3%   526 3370s
  2857  1330 5424.40918   13  744 5980.36877 4823.52184  19.3%   525 3375s
  2859  1331 5666.76091   23  772 5980.36877 4823.52184  19.3%   525 3382s
  2860  1332 5615.72551   48  689 5980.36877 4823.52184  19.3%   525 3389s
  2861  1333 5429.41354   16  687 5980.36877 4823.52184  19.3%   525 3393s
  2862  1333 5715.43441   14  701 5980.36877 4823.52184  19.3%   524 3397s
  2863  1334 5911.65057   39  774 5980.36877 4823.52184  19.3%   524 3401s
  2864  1335 5449.06826   14  714 5980.36877 4823.52184  19.3%   524 3410s
  2865  1335 5524.11162   15  636 5980.36877 4823.52184  19.3%   524 3416s
  2867  1337 5759.87218   24  385 5980.36877 4823.52184  19.3%   523 3425s
  2869  1338 5529.80104   29  386 5980.36877 4823.52184  19.3%   523 3431s
  2872  1340 5594.98743    8  414 5980.36877 4823.52184  19.3%   523 3435s
  2874  1341 5494.86975   40  380 5980.36877 4823.52184  19.3%   522 3441s
  2876  1343 5362.91113   14  351 5980.36877 4823.52184  19.3%   522 3457s
  2877  1343 5429.90308   13  335 5980.36877 4823.52184  19.3%   522 3461s
  2878  1344 5539.70480   37  335 5980.36877 4823.52184  19.3%   521 3528s

Cutting planes:
  Cover: 3
  Implied bound: 38
  Projected implied bound: 9
  Clique: 2
  MIR: 7
  StrongCG: 1
  Flow cover: 45
  Zero half: 10
  RLT: 7
  Relax-and-lift: 456

Explored 2879 nodes (1866736 simplex iterations) in 3600.16 seconds
Thread count was 20 (of 40 available processors)

Solution count 8: 5980.37 5980.37 6168.78 ... 9820.74

Time limit reached
Best objective 5.980368419410e+03, best bound 4.823521838755e+03, gap 19.3441%
