
Gurobi 9.0.2 (linux64, Python) logging started Sat Dec  5 18:44:58 2020

Using license file /share/apps/gurobi/9.0.2/gurobi_client.lic
Set parameter TokenServer to value 10.1.1.1
Set parameter LogFile to value /storage/users/anderhva/051220-175751/logs/O16-C1-V3-WS1.log
Set parameter LogToConsole to value 0
Changed value of parameter TimeLimit to 3600.0
   Prev: inf  Min: 0.0  Max: inf  Default: inf
Gurobi Optimizer version 9.0.2 build v9.0.2rc0 (linux64)
Optimize a model with 15008 rows, 264220 columns and 1527592 nonzeros
Model fingerprint: 0x18b73688
Variable types: 144 continuous, 264076 integer (264076 binary)
Coefficient statistics:
  Matrix range     [1e+00, 1e+02]
  Objective range  [1e+00, 1e+04]
  Bounds range     [1e+00, 1e+00]
  RHS range        [1e+00, 1e+02]
Presolve removed 1140 rows and 8772 columns (presolve time = 6s) ...
Presolve removed 1140 rows and 8772 columns
Presolve time: 6.12s
Presolved: 13868 rows, 255448 columns, 1222556 nonzeros
Variable types: 128 continuous, 255320 integer (255316 binary)

Deterministic concurrent LP optimizer: primal and dual simplex
Showing first log only...


Root simplex log...

Iteration    Objective       Primal Inf.    Dual Inf.      Time
       0    3.2357934e+04   3.500000e+01   8.569011e+09     11s
   38591    1.3481746e+04   0.000000e+00   5.161954e+07     15s
   57641    7.0860272e+03   0.000000e+00   2.751922e+07     20s
   77778    3.3065162e+03   0.000000e+00   1.301012e+07     25s
   96857    2.7782004e+03   0.000000e+00   2.283795e+05     30s
  119273    2.6335053e+03   0.000000e+00   1.454695e+04     35s
  133457    3.0740650e+03   2.276485e+03   0.000000e+00     40s
  135747    3.1010110e+03   1.805392e+03   0.000000e+00     45s
  137817    3.1287107e+03   2.843180e+03   0.000000e+00     50s
  139927    3.1801094e+03   9.586430e+02   0.000000e+00     55s
  141847    3.2319765e+03   9.534607e+03   0.000000e+00     60s
  145012    3.3954233e+03   6.762892e+04   0.000000e+00     65s
  147563    3.5853520e+03   1.576378e+03   0.000000e+00     70s
  149053    3.6161899e+03   1.003715e+03   0.000000e+00     75s
  150032    3.6277253e+03   0.000000e+00   0.000000e+00     79s
  150032    3.6277253e+03   0.000000e+00   0.000000e+00     79s
Concurrent spin time: 2.42s

Solved with primal simplex

Root relaxation: objective 3.627725e+03, 150032 iterations, 71.02 seconds

    Nodes    |    Current Node    |     Objective Bounds      |     Work
 Expl Unexpl |  Obj  Depth IntInf | Incumbent    BestBd   Gap | It/Node Time

     0     0 3627.72530    0  229          - 3627.72530      -     -   83s
H    0     0                    11619.624300 3627.72530  68.8%     -  112s
     0     0 4189.94101    0  239 11619.6243 4189.94101  63.9%     -  152s
H    0     0                    8477.6449500 4189.94101  50.6%     -  247s
     0     0 4194.19629    0  233 8477.64495 4194.19629  50.5%     -  250s
     0     0 4195.06086    0  238 8477.64495 4195.06086  50.5%     -  251s
     0     0 4195.10170    0  242 8477.64495 4195.10170  50.5%     -  252s
     0     0 4761.55950    0  228 8477.64495 4761.55950  43.8%     -  260s
     0     0 4761.55950    0  278 8477.64495 4761.55950  43.8%     -  316s
     0     0 4761.55950    0  222 8477.64495 4761.55950  43.8%     -  350s
H    0     0                    7623.1012917 4761.55950  37.5%     -  371s
     0     0 4761.55950    0  227 7623.10129 4761.55950  37.5%     -  377s
     0     0 4762.93406    0  247 7623.10129 4762.93406  37.5%     -  379s
     0     0 4763.99275    0  257 7623.10129 4763.99275  37.5%     -  380s
     0     0 4764.63263    0  250 7623.10129 4764.63263  37.5%     -  380s
     0     0 4765.85404    0  233 7623.10129 4765.85404  37.5%     -  381s
     0     0 4766.28222    0  253 7623.10129 4766.28222  37.5%     -  382s
     0     0 4766.33114    0  233 7623.10129 4766.33114  37.5%     -  382s
     0     0 4801.76460    0  270 7623.10129 4801.76460  37.0%     -  391s
     0     0 4816.67989    0  240 7623.10129 4816.67989  36.8%     -  429s
     0     0 4817.42784    0  262 7623.10129 4817.42784  36.8%     -  430s
     0     0 4817.45650    0  256 7623.10129 4817.45650  36.8%     -  431s
     0     0 4853.86696    0  291 7623.10129 4853.86696  36.3%     -  441s
H    0     0                    7558.9821250 4853.86696  35.8%     -  444s
     0     0 4861.91457    0  312 7558.98212 4861.91457  35.7%     -  446s
     0     0 4863.30405    0  264 7558.98212 4863.30405  35.7%     -  449s
     0     0 4867.37834    0  279 7558.98212 4867.37834  35.6%     -  452s
     0     0 4867.45668    0  280 7558.98212 4867.45668  35.6%     -  453s
     0     0 4894.44142    0  267 7558.98212 4894.44142  35.2%     -  461s
     0     0 4894.95437    0  263 7558.98212 4894.95437  35.2%     -  464s
     0     0 4895.09083    0  268 7558.98212 4895.09083  35.2%     -  464s
     0     0 4900.98185    0  343 7558.98212 4900.98185  35.2%     -  471s
     0     0 4900.99980    0  370 7558.98212 4900.99980  35.2%     -  472s
     0     0 4920.41303    0  232 7558.98212 4920.41303  34.9%     -  480s
     0     0 4921.68009    0  250 7558.98212 4921.68009  34.9%     -  483s
     0     0 4939.49588    0  309 7558.98212 4939.49588  34.7%     -  490s
     0     0 4940.18525    0  277 7558.98212 4940.18525  34.6%     -  492s
     0     0 4940.30704    0  302 7558.98212 4940.30704  34.6%     -  493s
     0     0 4949.75402    0  340 7558.98212 4949.75402  34.5%     -  500s
     0     0 4949.76409    0  363 7558.98212 4949.76409  34.5%     -  502s
     0     0 4953.13904    0  281 7558.98212 4953.13904  34.5%     -  508s
     0     0 4953.15482    0  289 7558.98212 4953.15482  34.5%     -  509s
     0     0 4962.43469    0  313 7558.98212 4962.43469  34.4%     -  516s
     0     0 4970.57859    0  261 7558.98212 4970.57859  34.2%     -  520s
     0     0 4971.23194    0  294 7558.98212 4971.23194  34.2%     -  521s
     0     0 4971.25989    0  321 7558.98212 4971.25989  34.2%     -  522s
     0     0 4993.22634    0  255 7558.98212 4993.22634  33.9%     -  528s
     0     0 4993.70593    0  314 7558.98212 4993.70593  33.9%     -  530s
     0     0 4993.89724    0  309 7558.98212 4993.89724  33.9%     -  532s
     0     0 5004.21703    0  226 7558.98212 5004.21703  33.8%     -  538s
     0     0 5004.68483    0  309 7558.98212 5004.68483  33.8%     -  540s
     0     0 5030.32741    0  290 7558.98212 5030.32741  33.5%     -  550s
     0     0 5030.53688    0  276 7558.98212 5030.53688  33.4%     -  552s
     0     0 5041.69201    0  303 7558.98212 5041.69201  33.3%     -  559s
     0     0 5042.42691    0  359 7558.98212 5042.42691  33.3%     -  561s
     0     0 5042.58214    0  400 7558.98212 5042.58214  33.3%     -  562s
     0     0 5055.71214    0  376 7558.98212 5055.71214  33.1%     -  573s
     0     0 5060.62769    0  447 7558.98212 5060.62769  33.1%     -  577s
     0     0 5064.14899    0  396 7558.98212 5064.14899  33.0%     -  579s
     0     0 5064.54440    0  468 7558.98212 5064.54440  33.0%     -  581s
     0     0 5091.52836    0  264 7558.98212 5091.52836  32.6%     -  591s
     0     0 5094.58691    0  310 7558.98212 5094.58691  32.6%     -  595s
     0     0 5094.79358    0  323 7558.98212 5094.79358  32.6%     -  595s
     0     0 5107.23164    0  366 7558.98212 5107.23164  32.4%     -  603s
     0     0 5109.77398    0  277 7558.98212 5109.77398  32.4%     -  607s
     0     0 5109.89167    0  335 7558.98212 5109.89167  32.4%     -  608s
     0     0 5116.02072    0  339 7558.98212 5116.02072  32.3%     -  614s
     0     0 5116.02072    0  339 7558.98212 5116.02072  32.3%     -  626s
H    0     0                    6501.8915574 5259.22887  19.1%     -  951s
     0     2 5259.22887    0  339 6501.89156 5259.22887  19.1%     -  952s
     1     4 5259.22887    1  277 6501.89156 5259.22887  19.1%   984  986s
     3     8 5259.22887    2  234 6501.89156 5259.22887  19.1%  1404 1020s
     7    16 5259.22887    3  224 6501.89156 5259.22887  19.1%  1566 1066s
    15    30 5259.22887    4  233 6501.89156 5259.22887  19.1%  2062 1112s
    31    50 5259.22887    5  200 6501.89156 5259.22887  19.1%  2072 1182s
    51    70 5301.95874    6  242 6501.89156 5259.22887  19.1%  2512 1214s
    71    89 5368.26739    6  248 6501.89156 5259.22887  19.1%  2516 1258s
    91   108 5345.40325    7  253 6501.89156 5259.22887  19.1%  2524 1286s
   111   131 5363.42766    8  211 6501.89156 5259.22887  19.1%  2390 1300s
   141   154 5399.00705    9  220 6501.89156 5259.22887  19.1%  2101 1314s
   172   175 5513.43850   10  240 6501.89156 5259.22887  19.1%  1873 1327s
   205   191 6371.07745   10  183 6501.89156 5259.22887  19.1%  1713 1343s
   248   215     cutoff   11      6501.89156 5259.22887  19.1%  1551 1366s
   293   236 6243.42654   12  146 6501.89156 5259.22887  19.1%  1439 1391s
   339   254 6328.07307   14  140 6501.89156 5259.22887  19.1%  1346 1407s
   399   279     cutoff   18      6501.89156 5259.22887  19.1%  1237 1429s
   454   293 5470.94898    6  200 6501.89156 5259.22887  19.1%  1176 1441s
   514   317 5515.72885    7  284 6501.89156 5259.22887  19.1%  1113 1457s
   597   339 5526.20135    8  183 6501.89156 5259.22887  19.1%  1035 1472s
   668   366 6001.34256   11  152 6501.89156 5259.22887  19.1%   973 1485s
   764   389 6306.55138   12  106 6501.89156 5259.22887  19.1%   904 1500s
   863   414 6430.73273   20  110 6501.89156 5269.20881  19.0%   850 1515s
   959   448 5444.31656    6  331 6501.89156 5269.20881  19.0%   820 1531s
  1064   496 5565.53796    7  306 6501.89156 5269.20881  19.0%   779 1546s
H 1195   504                    6501.8893272 5269.20881  19.0%   737 1745s
H 1196   504                    6422.4443841 5269.20881  18.0%   738 1745s
H 1198   504                    6397.2258409 5269.20881  17.6%   737 1745s
H 1203   504                    6397.2238215 5269.20881  17.6%   739 1745s
  1222   506 5782.66346    9  309 6397.22382 5269.20881  17.6%   738 1766s
  1362   521 infeasible   12      6397.22382 5311.71601  17.0%   708 1783s
  1468   528 5450.20686    7  272 6397.22382 5311.71601  17.0%   706 1802s
  1600   534     cutoff   10      6397.22382 5376.45031  16.0%   705 1819s
  1748   564 5717.96618    7  230 6397.22382 5376.45031  16.0%   692 1836s
  1902   577 5968.41965    8  197 6397.22382 5376.45031  16.0%   678 1851s
  2066   582 6267.40759    9  119 6397.22382 5409.05391  15.4%   664 1867s
  2244   604 5887.36989    7  200 6397.22382 5465.85894  14.6%   652 1884s
  2426   618 6270.06639    9  166 6397.22382 5493.03899  14.1%   644 1899s
  2642   644     cutoff    9      6397.22382 5571.23231  12.9%   626 1912s
  2927   696 6175.55708    8  141 6397.22382 5630.18461  12.0%   602 1925s
  3282   743 6069.39774    9  333 6397.22382 5687.38351  11.1%   570 1937s
  3681   872 6160.17597   17  175 6397.22382 5690.22179  11.1%   533 1954s
  4180  1082 6250.85638   26   81 6397.22382 5690.22179  11.1%   486 1965s
  4833  1224 infeasible   35      6397.22382 5690.22179  11.1%   434 1996s
  5437  1395 infeasible   47      6397.22382 5698.65169  10.9%   396 2007s
  6155  1560 6175.45852   22  212 6397.22382 5713.14161  10.7%   360 2016s
  6866  1561 6217.47884   12  228 6397.22382 5724.73963  10.5%   332 2205s
  6868  1562 6396.22871   24  185 6397.22382 5724.73963  10.5%   331 2284s
  6869  1563 6344.51627   48  330 6397.22382 5724.73963  10.5%   331 2346s
  6870  1564 6348.40615   97  611 6397.22382 5724.73963  10.5%   331 2372s
  6871  1564 6337.53914  118  631 6397.22382 5724.73963  10.5%   331 2388s
  6872  1565 6147.06760   61  618 6397.22382 5724.73963  10.5%   331 2396s
  6873  1566 6367.45940   51  675 6397.22382 5724.73963  10.5%   331 2402s
  6874  1566 6301.69993   16  658 6397.22382 5724.73963  10.5%   331 2406s
  6876  1568 6018.96275   74  777 6397.22382 5724.73963  10.5%   331 2414s
  6877  1568 6304.72768   28  734 6397.22382 5724.73963  10.5%   331 2619s
  6878  1569 6343.53730   57  597 6397.22382 5724.73963  10.5%   331 2699s
  6879  1570 6375.19110   18  601 6397.22382 5724.73963  10.5%   331 2706s
  6881  1571 6244.05330   71  685 6397.22382 5724.73963  10.5%   331 2713s
  6882  1572 6113.02336   47  973 6397.22382 5724.73963  10.5%   331 2737s
  6883  1572 6138.78928   29  936 6397.22382 5724.73963  10.5%   331 2751s
  6884  1573 6334.27487   13  872 6397.22382 5724.73963  10.5%   331 2756s
  6885  1574 6364.08821   20  856 6397.22382 5724.73963  10.5%   331 2762s
  6886  1574 6325.97243   48  895 6397.22382 5724.73963  10.5%   331 2775s
  6887  1575 6270.69391   44  913 6397.22382 5724.73963  10.5%   331 2781s
  6889  1576 6172.34641   24  814 6397.22382 5724.73963  10.5%   330 2790s
  6890  1577 6233.41517   35  927 6397.22382 5724.73963  10.5%   330 2802s
  6891  1578 6364.08821   20  906 6397.22382 5724.73963  10.5%   330 2806s
  6892  1578 6309.39209   16  954 6397.22382 5724.73963  10.5%   330 2810s
  6893  1579 6137.37083   21 1114 6397.22382 5724.73963  10.5%   330 2819s
  6894  1580 6196.95479   87 1027 6397.22382 5724.73963  10.5%   330 2826s
  6895  1580 6337.60407   88  959 6397.22382 5724.73963  10.5%   330 2833s
  6896  1581 6303.26350   60 1018 6397.22382 5724.73963  10.5%   330 2837s
  6897  1582 6317.61870   28 1062 6397.22382 5724.73963  10.5%   330 2843s
  6898  1582 6194.68421   14  948 6397.22382 5724.73963  10.5%   330 2847s
  6899  1583 6142.31107   43 1128 6397.22382 5724.73963  10.5%   330 2854s
  6900  1584 6316.59126   53 1030 6397.22382 5724.73963  10.5%   330 2860s
  6901  1584 6223.02667   22 1030 6397.22382 5724.73963  10.5%   330 2865s
  6902  1585 6071.76648   39 1030 6397.22382 5724.73963  10.5%   330 3332s
  6903  1589 5724.73963   13  914 6397.22382 5724.73963  10.5%   343 3361s
  6905  1592 5724.73963   14  798 6397.22382 5724.73963  10.5%   344 3387s
  6909  1595 5724.73963   15  827 6397.22382 5724.73963  10.5%   346 3412s
  6917  1601 5724.73963   16  885 6397.22382 5724.73963  10.5%   349 3438s
  6929  1609 5724.73963   17  872 6397.22382 5724.73963  10.5%   354 3477s
  6949  1622 5724.73963   18  807 6397.22382 5724.73963  10.5%   363 3508s
  6969  1631 5724.73963   19  668 6397.22382 5724.73963  10.5%   372 3528s
  6989  1634 5724.73963   19  521 6397.22382 5724.73963  10.5%   379 3548s
  7009  1639 5724.73963   20  445 6397.22382 5724.73963  10.5%   386 3571s
  7043  1635 5724.73963   20  267 6397.22382 5724.73963  10.5%   390 3593s
  7073  1630 5724.73963   21  367 6397.22382 5724.73963  10.5%   394 3600s

Cutting planes:
  Cover: 1
  Implied bound: 92
  Projected implied bound: 20
  Clique: 2
  MIR: 28
  Flow cover: 23
  Zero half: 18
  Mod-K: 3
  RLT: 5
  Relax-and-lift: 184

Explored 7101 nodes (3040941 simplex iterations) in 3600.49 seconds
Thread count was 20 (of 40 available processors)

Solution count 7: 6397.22 6422.44 6501.89 ... 11619.6

Time limit reached
Best objective 6.397223002378e+03, best bound 5.724739631436e+03, gap 10.5121%
