
Gurobi 9.0.2 (linux64, Python) logging started Sat Dec  5 10:46:40 2020

Using license file /share/apps/gurobi/9.0.2/gurobi_client.lic
Set parameter TokenServer to value 10.1.1.1
Set parameter LogFile to value /storage/users/anderhva/051220-103929/logs/O16-C4-V3-WS2.log
Set parameter LogToConsole to value 0
Changed value of parameter TimeLimit to 3600.0
   Prev: inf  Min: 0.0  Max: inf  Default: inf
Gurobi Optimizer version 9.0.2 build v9.0.2rc0 (linux64)
Optimize a model with 6456 rows, 65544 columns and 373980 nonzeros
Model fingerprint: 0xb8f964ea
Variable types: 144 continuous, 65400 integer (65400 binary)
Coefficient statistics:
  Matrix range     [1e+00, 1e+02]
  Objective range  [1e+00, 8e+03]
  Bounds range     [1e+00, 1e+00]
  RHS range        [1e+00, 1e+02]
Presolve removed 1368 rows and 7856 columns
Presolve time: 1.47s
Presolved: 5088 rows, 57688 columns, 270056 nonzeros
Variable types: 128 continuous, 57560 integer (57556 binary)

Root relaxation: objective 5.303601e+03, 10409 iterations, 2.60 seconds

    Nodes    |    Current Node    |     Objective Bounds      |     Work
 Expl Unexpl |  Obj  Depth IntInf | Incumbent    BestBd   Gap | It/Node Time

     0     0 5320.13517    0  154          - 5320.13517      -     -    6s
H    0     0                    8543.6693345 5320.13517  37.7%     -    8s
     0     0 5458.22185    0  124 8543.66933 5458.22185  36.1%     -   10s
H    0     0                    7336.8043048 5458.22185  25.6%     -   10s
H    0     0                    6470.0368114 5458.22185  15.6%     -   16s
     0     0 5550.64220    0  161 6470.03681 5550.64220  14.2%     -   16s
     0     0 5550.64220    0  126 6470.03681 5550.64220  14.2%     -   19s
     0     0 5550.64220    0  120 6470.03681 5550.64220  14.2%     -   22s
     0     0 5562.03917    0  151 6470.03681 5562.03917  14.0%     -   23s
     0     0 5579.42285    0  117 6470.03681 5579.42285  13.8%     -   23s
     0     0 5597.24984    0  133 6470.03681 5597.24984  13.5%     -   23s
     0     0 5598.55101    0  154 6470.03681 5598.55101  13.5%     -   23s
     0     0 5654.26356    0  168 6470.03681 5654.26356  12.6%     -   24s
     0     0 5654.26356    0  117 6470.03681 5654.26356  12.6%     -   26s
     0     0 5654.26356    0  181 6470.03681 5654.26356  12.6%     -   27s
     0     0 5654.26356    0  122 6470.03681 5654.26356  12.6%     -   28s
     0     0 5654.26356    0  134 6470.03681 5654.26356  12.6%     -   28s
     0     0 5654.26356    0  123 6470.03681 5654.26356  12.6%     -   28s
     0     0 5654.26356    0  142 6470.03681 5654.26356  12.6%     -   28s
     0     0 5654.26356    0  148 6470.03681 5654.26356  12.6%     -   28s
     0     0 5654.26356    0  178 6470.03681 5654.26356  12.6%     -   28s
     0     0 5659.48559    0  144 6470.03681 5659.48559  12.5%     -   28s
     0     0 5659.91791    0  128 6470.03681 5659.91791  12.5%     -   28s
     0     0 5659.94278    0  142 6470.03681 5659.94278  12.5%     -   28s
     0     0 5668.25515    0  161 6470.03681 5668.25515  12.4%     -   29s
     0     0 5668.31416    0  168 6470.03681 5668.31416  12.4%     -   29s
     0     0 5668.37563    0  168 6470.03681 5668.37563  12.4%     -   29s
     0     0 5736.91849    0  183 6470.03681 5736.91849  11.3%     -   30s
     0     0 5740.19380    0  170 6470.03681 5740.19380  11.3%     -   30s
     0     0 5741.02677    0  211 6470.03681 5741.02677  11.3%     -   31s
     0     0 5781.65947    0  210 6470.03681 5781.65947  10.6%     -   31s
     0     0 5783.78168    0  253 6470.03681 5783.78168  10.6%     -   32s
     0     0 5785.75274    0  256 6470.03681 5785.75274  10.6%     -   32s
     0     0 5785.93875    0  245 6470.03681 5785.93875  10.6%     -   32s
     0     0 5819.46278    0  311 6470.03681 5819.46278  10.1%     -   33s
     0     0 5825.82942    0  288 6470.03681 5825.82942  10.0%     -   33s
     0     0 5826.80052    0  315 6470.03681 5826.80052  9.94%     -   34s
     0     0 5827.41278    0  340 6470.03681 5827.41278  9.93%     -   34s
     0     0 5827.73671    0  347 6470.03681 5827.73671  9.93%     -   34s
     0     0 5827.75123    0  347 6470.03681 5827.75123  9.93%     -   34s
     0     0 5841.26493    0  193 6470.03681 5841.26493  9.72%     -   34s
     0     0 5843.47093    0  220 6470.03681 5843.47093  9.68%     -   35s
     0     0 5844.67021    0  231 6470.03681 5844.67021  9.67%     -   35s
     0     0 5844.69017    0  239 6470.03681 5844.69017  9.67%     -   35s
     0     0 5854.65090    0  294 6470.03681 5854.65090  9.51%     -   35s
     0     0 5856.16635    0  336 6470.03681 5856.16635  9.49%     -   35s
     0     0 5856.34003    0  342 6470.03681 5856.34003  9.49%     -   35s
     0     0 5866.55561    0  288 6470.03681 5866.55561  9.33%     -   36s
     0     0 5871.03658    0  277 6470.03681 5871.03658  9.26%     -   36s
     0     0 5872.15453    0  279 6470.03681 5872.15453  9.24%     -   36s
     0     0 5872.21588    0  285 6470.03681 5872.21588  9.24%     -   36s
     0     0 5882.54787    0  334 6470.03681 5882.54787  9.08%     -   36s
     0     0 5882.54787    0  105 6470.03681 5882.54787  9.08%     -   38s
     0     0 5882.54787    0  118 6470.03681 5882.54787  9.08%     -   39s
     0     0 5882.54787    0  196 6470.03681 5882.54787  9.08%     -   40s
     0     0 5882.54787    0  190 6470.03681 5882.54787  9.08%     -   40s
     0     0 5882.54787    0  155 6470.03681 5882.54787  9.08%     -   40s
     0     0 5882.54787    0  184 6470.03681 5882.54787  9.08%     -   40s
     0     0 5882.54787    0  205 6470.03681 5882.54787  9.08%     -   41s
     0     0 5882.54787    0  204 6470.03681 5882.54787  9.08%     -   41s
     0     0 5882.54787    0  221 6470.03681 5882.54787  9.08%     -   41s
     0     0 5882.54787    0  239 6470.03681 5882.54787  9.08%     -   41s
     0     0 5882.54787    0  234 6470.03681 5882.54787  9.08%     -   41s
     0     0 5894.56189    0  260 6470.03681 5894.56189  8.89%     -   41s
     0     0 5895.56454    0  212 6470.03681 5895.56454  8.88%     -   42s
     0     0 5895.61930    0  232 6470.03681 5895.61930  8.88%     -   42s
     0     0 5900.76255    0  303 6470.03681 5900.76255  8.80%     -   42s
     0     0 5901.46611    0  311 6470.03681 5901.46611  8.79%     -   42s
     0     0 5901.46655    0  328 6470.03681 5901.46655  8.79%     -   42s
     0     0 5905.98497    0  262 6470.03681 5905.98497  8.72%     -   43s
     0     0 5906.36047    0  277 6470.03681 5906.36047  8.71%     -   43s
     0     0 5906.37718    0  277 6470.03681 5906.37718  8.71%     -   43s
     0     0 5909.14302    0  373 6470.03681 5909.14302  8.67%     -   43s
     0     0 5909.35237    0  259 6470.03681 5909.35237  8.67%     -   43s
     0     0 5910.67130    0  332 6470.03681 5910.67130  8.65%     -   44s
     0     0 5910.71687    0  254 6470.03681 5910.71687  8.64%     -   44s
     0     0 5911.73618    0  358 6470.03681 5911.73618  8.63%     -   44s
     0     0 5911.89294    0  359 6470.03681 5911.89294  8.63%     -   44s
     0     0 5917.67530    0  254 6470.03681 5917.67530  8.54%     -   44s
     0     0 5919.45906    0  336 6470.03681 5919.45906  8.51%     -   44s
     0     0 5920.06588    0  351 6470.03681 5920.06588  8.50%     -   44s
     0     0 5920.10675    0  375 6470.03681 5920.10675  8.50%     -   45s
     0     0 5923.59822    0  256 6470.03681 5923.59822  8.45%     -   45s
     0     0 5924.15595    0  336 6470.03681 5924.15595  8.44%     -   45s
     0     0 5924.20157    0  354 6470.03681 5924.20157  8.44%     -   45s
     0     0 5925.79944    0  238 6470.03681 5925.79944  8.41%     -   45s
     0     0 5925.79944    0  235 6470.03681 5925.79944  8.41%     -   46s
     0     2 5925.79944    0  235 6470.03681 5925.79944  8.41%     -   46s
     3     7 5942.41950    2  286 6470.03681 5935.10715  8.27%   328   50s
H   35    15                    6470.0363630 6021.35632  6.93%   403   54s
    43    18 6035.20098    7  330 6470.03636 6023.87557  6.90%   368   55s
H   76    31                    6470.0362233 6041.27983  6.63%   300   59s
H   83    31                    6470.0344562 6082.78670  5.99%   304   59s
H   89    31                    6470.0339174 6082.78670  5.99%   287   59s
H   90    31                    6470.0335403 6082.78670  5.99%   284   59s
   311   131 6155.90121   16  131 6470.03354 6138.61087  5.12%   110   60s
H 2071  1014                    6470.0334318 6180.69071  4.47%  31.4   62s
  2472  1226 6315.93129   33  161 6470.03343 6209.34544  4.03%  28.7   81s
  2478  1230 6366.64970   48  264 6470.03343 6209.34544  4.03%  28.7   85s
  2496  1242 6361.79454   41  356 6470.03343 6209.34544  4.03%  28.5   90s
H 2505  1187                    6470.0334311 6209.34544  4.03%  32.3   94s
  2507  1188 6334.82399   38  277 6470.03343 6209.34544  4.03%  32.3   95s
  2517  1198 6209.34544   28  275 6470.03343 6209.34544  4.03%  35.4  102s
  2519  1200 6209.34544   29  269 6470.03343 6209.34544  4.03%  35.8  105s
  2616  1216     cutoff   35      6470.03343 6209.34544  4.03%  39.1  110s

Cutting planes:
  Gomory: 1
  Cover: 6
  Implied bound: 51
  Clique: 8
  MIR: 31
  Flow cover: 42
  Zero half: 19
  RLT: 3
  Relax-and-lift: 144

Explored 7330 nodes (240297 simplex iterations) in 114.84 seconds
Thread count was 20 (of 40 available processors)

Solution count 3: 6470.03 7336.8 8543.67 
No other solutions better than 6470.03

Optimal solution found (tolerance 1.00e-04)
Best objective 6.470033154711e+03, best bound 6.470033154711e+03, gap 0.0000%
