
Gurobi 9.0.2 (linux64, Python) logging started Sat Dec  5 11:05:27 2020

Using license file /share/apps/gurobi/9.0.2/gurobi_client.lic
Set parameter TokenServer to value 10.1.1.1
Set parameter LogFile to value /storage/users/anderhva/051220-103929/logs/O20-C2-V3-WS2.log
Set parameter LogToConsole to value 0
Changed value of parameter TimeLimit to 3600.0
   Prev: inf  Min: 0.0  Max: inf  Default: inf
Gurobi Optimizer version 9.0.2 build v9.0.2rc0 (linux64)
Optimize a model with 8192 rows, 87644 columns and 502192 nonzeros
Model fingerprint: 0xb0b3a30f
Variable types: 176 continuous, 87468 integer (87468 binary)
Coefficient statistics:
  Matrix range     [1e+00, 1e+02]
  Objective range  [1e+00, 1e+04]
  Bounds range     [1e+00, 1e+00]
  RHS range        [1e+00, 1e+02]
Presolve removed 1952 rows and 13880 columns
Presolve time: 2.73s
Presolved: 6240 rows, 73764 columns, 348232 nonzeros
Variable types: 160 continuous, 73604 integer (73596 binary)

Root simplex log...

Iteration    Objective       Primal Inf.    Dual Inf.      Time
    8804    6.7706899e+03   2.838021e+04   0.000000e+00      5s
   12504    7.7606813e+03   0.000000e+00   0.000000e+00      6s

Root relaxation: objective 7.760681e+03, 12504 iterations, 3.20 seconds

    Nodes    |    Current Node    |     Objective Bounds      |     Work
 Expl Unexpl |  Obj  Depth IntInf | Incumbent    BestBd   Gap | It/Node Time

     0     0 7760.68134    0  118          - 7760.68134      -     -    7s
     0     0 7816.64584    0  147          - 7816.64584      -     -    8s
H    0     0                    24370.410971 7816.64584  67.9%     -    9s
H    0     0                    24101.258987 7816.64584  67.6%     -   20s
H    0     0                    10169.407865 7816.64584  23.1%     -   20s
     0     0 7969.50289    0  121 10169.4079 7969.50289  21.6%     -   21s
     0     0 7969.50289    0  111 10169.4079 7969.50289  21.6%     -   26s
     0     0 7969.50289    0  122 10169.4079 7969.50289  21.6%     -   30s
     0     0 7969.50289    0  114 10169.4079 7969.50289  21.6%     -   30s
     0     0 7969.50289    0  122 10169.4079 7969.50289  21.6%     -   31s
     0     0 7972.37973    0  103 10169.4079 7972.37973  21.6%     -   31s
     0     0 8016.89213    0  130 10169.4079 8016.89213  21.2%     -   32s
     0     0 8040.84030    0  160 10169.4079 8040.84030  20.9%     -   32s
     0     0 8105.14890    0  160 10169.4079 8105.14890  20.3%     -   33s
     0     0 8111.19655    0  164 10169.4079 8111.19655  20.2%     -   34s
     0     0 8111.19655    0  144 10169.4079 8111.19655  20.2%     -   34s
     0     0 8129.98335    0  141 10169.4079 8129.98335  20.1%     -   35s
     0     0 8131.28396    0  198 10169.4079 8131.28396  20.0%     -   35s
     0     0 8131.44687    0  177 10169.4079 8131.44687  20.0%     -   35s
     0     0 8131.48714    0  181 10169.4079 8131.48714  20.0%     -   35s
     0     0 8159.15214    0  156 10169.4079 8159.15214  19.8%     -   36s
     0     0 8161.00566    0  228 10169.4079 8161.00566  19.7%     -   36s
     0     0 8161.22540    0  206 10169.4079 8161.22540  19.7%     -   37s
     0     0 8161.48513    0  260 10169.4079 8161.48513  19.7%     -   37s
     0     0 8161.51826    0  245 10169.4079 8161.51826  19.7%     -   37s
     0     0 8195.61740    0  147 10169.4079 8195.61740  19.4%     -   38s
     0     0 8196.04798    0  270 10169.4079 8196.04798  19.4%     -   38s
     0     0 8196.30342    0  246 10169.4079 8196.30342  19.4%     -   38s
     0     0 8196.42232    0  216 10169.4079 8196.42232  19.4%     -   38s
     0     0 8196.47465    0  212 10169.4079 8196.47465  19.4%     -   39s
     0     0 8204.49217    0  228 10169.4079 8204.49217  19.3%     -   39s
     0     0 8205.86639    0  248 10169.4079 8205.86639  19.3%     -   40s
     0     0 8206.07693    0  251 10169.4079 8206.07693  19.3%     -   40s
     0     0 8223.90386    0  225 10169.4079 8223.90386  19.1%     -   41s
     0     0 8226.35225    0  222 10169.4079 8226.35225  19.1%     -   41s
     0     0 8226.49470    0  237 10169.4079 8226.49470  19.1%     -   41s
     0     0 8226.50161    0  244 10169.4079 8226.50161  19.1%     -   41s
     0     0 8240.19130    0  163 10169.4079 8240.19130  19.0%     -   42s
     0     0 8241.19627    0  189 10169.4079 8241.19627  19.0%     -   42s
     0     0 8241.22488    0  244 10169.4079 8241.22488  19.0%     -   43s
     0     0 8252.48009    0  241 10169.4079 8252.48009  18.8%     -   43s
     0     0 8252.61774    0  275 10169.4079 8252.61774  18.8%     -   44s
     0     0 8254.09881    0  205 10169.4079 8254.09881  18.8%     -   44s
     0     0 8254.35795    0  226 10169.4079 8254.35795  18.8%     -   44s
     0     0 8254.62102    0  251 10169.4079 8254.62102  18.8%     -   44s
     0     0 8254.77009    0  203 10169.4079 8254.77009  18.8%     -   45s
     0     0 8254.81520    0  201 10169.4079 8254.81520  18.8%     -   45s
     0     0 8254.93087    0  235 10169.4079 8254.93087  18.8%     -   45s
     0     0 8254.93087    0  235 10169.4079 8254.93087  18.8%     -   47s
H    0     0                    9919.8326138 8437.72441  14.9%     -   70s
     0     0 8437.72441    0  120 9919.83261 8437.72441  14.9%     -   74s
     0     0 8437.72441    0  109 9919.83261 8437.72441  14.9%     -   77s
     0     0 8437.72441    0  147 9919.83261 8437.72441  14.9%     -   79s
     0     0 8437.72441    0  145 9919.83261 8437.72441  14.9%     -   80s
     0     0 8437.72441    0  181 9919.83261 8437.72441  14.9%     -   81s
     0     0 8437.72441    0  178 9919.83261 8437.72441  14.9%     -   81s
     0     0 8437.72441    0  238 9919.83261 8437.72441  14.9%     -   81s
     0     0 8437.72441    0  251 9919.83261 8437.72441  14.9%     -   82s
     0     0 8437.72441    0  216 9919.83261 8437.72441  14.9%     -   82s
     0     0 8437.72441    0  250 9919.83261 8437.72441  14.9%     -   83s
     0     0 8437.72441    0  251 9919.83261 8437.72441  14.9%     -   83s
     0     0 8437.72441    0  267 9919.83261 8437.72441  14.9%     -   83s
     0     0 8437.72441    0  273 9919.83261 8437.72441  14.9%     -   83s
     0     0 8437.72441    0  181 9919.83261 8437.72441  14.9%     -   84s
     0     0 8437.72441    0  185 9919.83261 8437.72441  14.9%     -   92s
     0     0 8437.72441    0  225 9919.83261 8437.72441  14.9%     -   92s
     0     0 8437.72441    0  177 9919.83261 8437.72441  14.9%     -   92s
     0     0 8437.72441    0  183 9919.83261 8437.72441  14.9%     -   92s
     0     0 8437.72441    0  172 9919.83261 8437.72441  14.9%     -   93s
     0     0 8437.72441    0  278 9919.83261 8437.72441  14.9%     -   93s
     0     0 8437.72441    0  303 9919.83261 8437.72441  14.9%     -   93s
     0     0 8437.72441    0  184 9919.83261 8437.72441  14.9%     -   94s
     0     0 8437.72441    0  251 9919.83261 8437.72441  14.9%     -   94s
     0     0 8437.72441    0  240 9919.83261 8437.72441  14.9%     -   95s
     0     0 8437.72441    0  214 9919.83261 8437.72441  14.9%     -   95s
     0     0 8437.72441    0  286 9919.83261 8437.72441  14.9%     -   95s
     0     0 8437.72441    0  294 9919.83261 8437.72441  14.9%     -   96s
     0     0 8437.72441    0  213 9919.83261 8437.72441  14.9%     -   96s
     0     0 8437.72441    0  227 9919.83261 8437.72441  14.9%     -   97s
     0     0 8437.72441    0  219 9919.83261 8437.72441  14.9%     -   97s
     0     0 8437.72441    0  191 9919.83261 8437.72441  14.9%     -   97s
     0     0 8437.72441    0  265 9919.83261 8437.72441  14.9%     -   98s
     0     0 8437.72441    0  272 9919.83261 8437.72441  14.9%     -   98s
     0     0 8437.72441    0  205 9919.83261 8437.72441  14.9%     -   98s
     0     0 8437.72441    0  298 9919.83261 8437.72441  14.9%     -   98s
     0     0 8437.72441    0  168 9919.83261 8437.72441  14.9%     -   99s
     0     0 8437.72441    0  288 9919.83261 8437.72441  14.9%     -   99s
     0     0 8437.72441    0  253 9919.83261 8437.72441  14.9%     -   99s
     0     0 8437.72441    0  244 9919.83261 8437.72441  14.9%     -   99s
     0     0 8437.72441    0  246 9919.83261 8437.72441  14.9%     -  100s
     0     0 8437.72441    0  224 9919.83261 8437.72441  14.9%     -  101s
     0     0 8437.72441    0  212 9919.83261 8437.72441  14.9%     -  101s
     0     0 8437.72441    0  267 9919.83261 8437.72441  14.9%     -  101s
     0     0 8437.72441    0  271 9919.83261 8437.72441  14.9%     -  101s
     0     0 8437.72441    0  278 9919.83261 8437.72441  14.9%     -  102s
     0     0 8437.72441    0  282 9919.83261 8437.72441  14.9%     -  102s
     0     0 8437.72441    0  271 9919.83261 8437.72441  14.9%     -  102s
     0     0 8437.72441    0  298 9919.83261 8437.72441  14.9%     -  103s
     0     0 8437.72441    0  271 9919.83261 8437.72441  14.9%     -  103s
     0     0 8437.72441    0  291 9919.83261 8437.72441  14.9%     -  104s
     0     0 8437.72441    0  296 9919.83261 8437.72441  14.9%     -  104s
     0     0 8437.72441    0  298 9919.83261 8437.72441  14.9%     -  104s
     0     0 8437.72441    0  305 9919.83261 8437.72441  14.9%     -  104s
     0     0 8437.72441    0  316 9919.83261 8437.72441  14.9%     -  104s
     0     0 8437.72441    0  247 9919.83261 8437.72441  14.9%     -  105s
     0     0 8437.72441    0  255 9919.83261 8437.72441  14.9%     -  105s
     0     0 8437.72441    0  263 9919.83261 8437.72441  14.9%     -  105s
     0     0 8437.72441    0  255 9919.83261 8437.72441  14.9%     -  106s
     0     0 8437.72441    0  247 9919.83261 8437.72441  14.9%     -  106s
     0     0 8437.72441    0  284 9919.83261 8437.72441  14.9%     -  106s
     0     0 8437.72441    0  299 9919.83261 8437.72441  14.9%     -  106s
     0     0 8437.72441    0  270 9919.83261 8437.72441  14.9%     -  107s
     0     0 8437.72441    0  270 9919.83261 8437.72441  14.9%     -  109s
     0     2 8437.72441    0  270 9919.83261 8437.72441  14.9%     -  113s
     1     5 8437.72441    1  226 9919.83261 8437.72441  14.9%   164  116s
     7    13 8437.72441    3  216 9919.83261 8437.72441  14.9%   456  121s
    48    41 8437.72441    6  243 9919.83261 8437.72441  14.9%   237  126s
    68    53 8766.29731    6  147 9919.83261 8437.72441  14.9%   230  141s
H   82    53                    9919.8325043 8437.72441  14.9%   210  141s
   141   106 8437.72441    9  229 9919.83250 8437.72441  14.9%   175  146s
   287   200 8437.72441   16  272 9919.83250 8437.72441  14.9%   139  150s
   701   401 8477.07489   25  206 9919.83250 8437.72441  14.9%   104  156s
  1115   695 8539.88207   31  148 9919.83250 8437.72441  14.9%  95.2  160s
H 1314   774                    9867.6447004 8437.72441  14.5%  87.0  161s
H 1318   774                    9649.3977262 8437.72441  12.6%  86.8  161s
  1771  1098 8651.29151   46  151 9649.39773 8437.72441  12.6%  84.2  165s
H 1992  1132                    9613.9992804 8437.72441  12.2%  85.2  166s
  2212  1108 9535.08783   69  121 9613.99928 8437.72441  12.2%  84.6  205s
  2214  1109 9449.86524   64  166 9613.99928 8437.72441  12.2%  84.5  216s
H 2214  1053                    9606.8539927 8437.72441  12.2%  84.5  221s
  2218  1056 9419.14226   58  243 9606.85399 8437.72441  12.2%  84.4  225s
  2226  1061 8900.16752   30  285 9606.85399 8437.72441  12.2%  84.1  231s
  2232  1065 8733.67041   33  315 9606.85399 8437.72441  12.2%  83.8  236s
  2236  1068 9451.40937   20  341 9606.85399 8437.72441  12.2%  83.7  240s
  2242  1072 9585.36954   14  308 9606.85399 8437.72441  12.2%  83.5  245s
H 2244  1019                    9606.8539004 8437.72441  12.2%  83.4  250s
  2249  1023 8653.63076   25  461 9606.85390 8437.72441  12.2%  83.2  255s
  2255  1027 8717.66940   43  449 9606.85390 8437.72441  12.2%  83.0  262s
  2257  1028 9328.77697   28  476 9606.85390 8437.72441  12.2%  82.9  266s
H 2259   977                    9606.8538844 8437.72441  12.2%  82.8  267s
  2261   979 9353.35734   47  383 9606.85388 8437.72441  12.2%  82.8  270s
  2265   981 9578.93444   50  441 9606.85388 8437.72441  12.2%  82.6  276s
  2267   983 9519.13874   50  445 9606.85388 8437.72441  12.2%  82.5  281s
H 2267   932                    9606.8530496 8437.72441  12.2%  82.5  287s
  2269   934 9539.44738  107  121 9606.85305 8437.72441  12.2%  92.5  293s
H 2270   888                    9606.8530409 8437.72441  12.2%  92.5  300s
  2273   890 8829.19505   27  209 9606.85304 8437.72441  12.2%  92.4  306s
  2278   893 8665.14687   49  300 9606.85304 8437.72441  12.2%  92.2  310s
  2283   896 8584.51008   11  363 9606.85304 8440.11515  12.1%  92.0  316s
  2287   899 9585.36954   14  436 9606.85304 8446.46216  12.1%  91.8  320s
  2290   901 9112.39545   45  319 9606.85304 8448.06165  12.1%  91.7  325s
  2294   904 9153.02615   50  349 9606.85304 8450.54908  12.0%  91.5  331s
  2296   905 9404.76481   19  349 9606.85304 8450.54908  12.0%  91.5  338s
  2297   909 8451.06765   26  339 9606.85304 8451.06765  12.0%   100  353s
  2299   912 8457.69085   27  229 9606.85304 8457.69085  12.0%   100  358s
  2303   916 8466.66783   28  286 9606.85304 8457.72015  12.0%   101  363s
  2311   923 8474.91886   29  242 9606.85304 8466.72203  11.9%   102  365s
  2324   930 8477.13998   30  278 9606.85304 8475.31674  11.8%   104  374s
  2344   938 8489.28734   31  247 9606.85304 8477.15012  11.8%   106  375s
  2454   962 8549.44766   34  207 9606.85304 8490.71160  11.6%   111  380s
  2598   976 8593.81676   37  190 9606.85304 8490.71160  11.6%   114  385s
  2923   985 8652.18904   44  177 9606.85304 8490.71160  11.6%   117  390s
  3058   959 8921.97947   46  148 9606.85304 8490.71160  11.6%   118  434s
H 3068   910                    9606.8522953 8490.71160  11.6%   118  434s
H 3070   866                    9606.8522785 8490.71160  11.6%   119  434s
  3081   876 9069.93097   46  179 9606.85228 8490.71160  11.6%   119  436s
  3436   878 8955.88036   52  134 9606.85228 8490.71160  11.6%   121  440s
  4108   907     cutoff   68      9606.85228 8495.99335  11.6%   117  446s
  4833   939 9297.31308   44  126 9606.85228 8591.39595  10.6%   113  450s
  5590  1000 9078.84978   39  153 9606.85228 8591.39595  10.6%   113  455s
  6093  1010 9114.84224   35  128 9606.85228 8958.25299  6.75%   112  466s
  6391  1028 9541.33877   47   47 9606.85228 8992.70092  6.39%   110  470s
  6719  1049 9505.41864   42  125 9606.85228 9022.40022  6.08%   108  485s
  7051  1038 9434.82609   47  138 9606.85228 9063.13361  5.66%   107  491s
  8002  1010 9456.89351   49   15 9606.85228 9177.00754  4.47%   100  496s
  8730  1192 9505.80501   58   28 9606.85228 9272.00417  3.49%  94.7  501s
 12351   188     cutoff   61      9606.85228 9430.24847  1.84%  72.3  505s

Cutting planes:
  Cover: 17
  Implied bound: 127
  Projected implied bound: 6
  Clique: 1
  MIR: 51
  StrongCG: 3
  Flow cover: 80
  GUB cover: 1
  Inf proof: 4
  Zero half: 46
  Mod-K: 4
  RLT: 18
  Relax-and-lift: 340

Explored 14130 nodes (966102 simplex iterations) in 506.26 seconds
Thread count was 20 (of 40 available processors)

Solution count 8: 9606.85 9614 9649.4 ... 24370.4
No other solutions better than 9606.85

Optimal solution found (tolerance 1.00e-04)
Best objective 9.606851905801e+03, best bound 9.606851905801e+03, gap 0.0000%
