
Gurobi 9.0.2 (linux64, Python) logging started Sat Dec  5 13:01:51 2020

Using license file /share/apps/gurobi/9.0.2/gurobi_client.lic
Set parameter TokenServer to value 10.1.1.1
Set parameter LogFile to value /storage/users/anderhva/051220-120816/logs/O22-C4-V3-WS2.log
Set parameter LogToConsole to value 0
Changed value of parameter TimeLimit to 3600.0
   Prev: inf  Min: 0.0  Max: inf  Default: inf
Gurobi Optimizer version 9.0.2 build v9.0.2rc0 (linux64)
Optimize a model with 9548 rows, 108080 columns and 622520 nonzeros
Model fingerprint: 0x4bd6228c
Variable types: 192 continuous, 107888 integer (107888 binary)
Coefficient statistics:
  Matrix range     [1e+00, 1e+02]
  Objective range  [1e+00, 1e+04]
  Bounds range     [1e+00, 1e+00]
  RHS range        [1e+00, 1e+02]
Presolve removed 2158 rows and 15184 columns
Presolve time: 2.61s
Presolved: 7390 rows, 92896 columns, 439960 nonzeros
Variable types: 176 continuous, 92720 integer (92716 binary)

Root simplex log...

Iteration    Objective       Primal Inf.    Dual Inf.      Time
    6190    4.3632492e+03   4.055381e+03   0.000000e+00      5s
   13102    7.4324522e+03   0.000000e+00   0.000000e+00      8s

Root relaxation: objective 7.432452e+03, 13102 iterations, 4.55 seconds

    Nodes    |    Current Node    |     Objective Bounds      |     Work
 Expl Unexpl |  Obj  Depth IntInf | Incumbent    BestBd   Gap | It/Node Time

     0     0 7496.31253    0  181          - 7496.31253      -     -   10s
H    0     0                    30180.609614 7496.31253  75.2%     -   13s
H    0     0                    29419.132105 7496.31253  74.5%     -   14s
     0     0 7731.11217    0  174 29419.1321 7731.11217  73.7%     -   14s
H    0     0                    11828.408840 7731.11217  34.6%     -   31s
     0     0 7807.04201    0  144 11828.4088 7807.04201  34.0%     -   33s
     0     0 7819.50807    0  153 11828.4088 7819.50807  33.9%     -   34s
     0     0 7820.73255    0  176 11828.4088 7820.73255  33.9%     -   34s
     0     0 7821.33308    0  191 11828.4088 7821.33308  33.9%     -   35s
     0     0 7917.90865    0  157 11828.4088 7917.90865  33.1%     -   36s
     0     0 7917.90865    0  172 11828.4088 7917.90865  33.1%     -   43s
H    0     0                    11828.408143 7917.90865  33.1%     -   51s
     0     0 7917.90865    0  187 11828.4081 7917.90865  33.1%     -   55s
H    0     0                    10485.180855 7917.90865  24.5%     -   57s
     0     0 7917.90865    0  170 10485.1809 7917.90865  24.5%     -   58s
     0     0 7917.90865    0  170 10485.1809 7917.90865  24.5%     -   58s
     0     0 7918.46193    0  178 10485.1809 7918.46193  24.5%     -   58s
     0     0 7946.35129    0  196 10485.1809 7946.35129  24.2%     -   59s
     0     0 7959.10165    0  206 10485.1809 7959.10165  24.1%     -   61s
     0     0 7961.40064    0  229 10485.1809 7961.40064  24.1%     -   61s
     0     0 7961.41546    0  211 10485.1809 7961.41546  24.1%     -   61s
     0     0 8012.59964    0  182 10485.1809 8012.59964  23.6%     -   63s
H    0     0                    10261.065551 8012.59964  21.9%     -   63s
     0     0 8020.80199    0  214 10261.0656 8020.80199  21.8%     -   64s
     0     0 8022.29686    0  246 10261.0656 8022.29686  21.8%     -   64s
     0     0 8022.60793    0  247 10261.0656 8022.60793  21.8%     -   64s
     0     0 8022.61027    0  247 10261.0656 8022.61027  21.8%     -   64s
     0     0 8044.63921    0  214 10261.0656 8044.63921  21.6%     -   66s
     0     0 8047.75530    0  214 10261.0656 8047.75530  21.6%     -   67s
     0     0 8047.97632    0  236 10261.0656 8047.97632  21.6%     -   67s
     0     0 8047.99310    0  236 10261.0656 8047.99310  21.6%     -   67s
     0     0 8062.48500    0  244 10261.0656 8062.48500  21.4%     -   68s
     0     0 8067.07306    0  260 10261.0656 8067.07306  21.4%     -   69s
     0     0 8068.34031    0  243 10261.0656 8068.34031  21.4%     -   69s
     0     0 8068.34748    0  243 10261.0656 8068.34748  21.4%     -   69s
     0     0 8072.86475    0  280 10261.0656 8072.86475  21.3%     -   70s
     0     0 8073.33373    0  293 10261.0656 8073.33373  21.3%     -   71s
     0     0 8073.42056    0  291 10261.0656 8073.42056  21.3%     -   71s
     0     0 8082.67199    0  251 10261.0656 8082.67199  21.2%     -   72s
     0     0 8083.58714    0  287 10261.0656 8083.58714  21.2%     -   72s
     0     0 8083.66601    0  288 10261.0656 8083.66601  21.2%     -   72s
     0     0 8087.11661    0  259 10261.0656 8087.11661  21.2%     -   73s
     0     0 8090.29035    0  284 10261.0656 8090.29035  21.2%     -   74s
     0     0 8090.35791    0  311 10261.0656 8090.35791  21.2%     -   74s
     0     0 8092.17477    0  349 10261.0656 8092.17477  21.1%     -   75s
     0     0 8092.36016    0  357 10261.0656 8092.36016  21.1%     -   76s
     0     0 8092.38341    0  361 10261.0656 8092.38341  21.1%     -   76s
     0     0 8093.34738    0  329 10261.0656 8093.34738  21.1%     -   76s
     0     0 8093.45977    0  339 10261.0656 8093.45977  21.1%     -   76s
     0     0 8093.89880    0  346 10261.0656 8093.89880  21.1%     -   77s
     0     0 8093.89880    0  346 10261.0656 8093.89880  21.1%     -   81s
     0     2 8093.89880    0  344 10261.0656 8093.89880  21.1%     -   87s
     1     4 8096.90405    1  302 10261.0656 8096.90405  21.1%   198   90s
     3     8 8127.20530    2  272 10261.0656 8100.82693  21.1%   219   95s
    15    27 8146.71974    4  289 10261.0656 8138.93040  20.7%   506  102s
H   30    45                    10191.148256 8146.81136  20.1%   399  139s
H   31    45                    10122.492757 8146.81136  19.5%   395  139s
H   32    45                    10076.868173 8146.81136  19.2%   400  139s
H   33    45                    10076.020710 8146.81136  19.1%   392  139s
H   36    45                    10020.974840 8146.81136  18.7%   375  139s
H   41    45                    9989.6689967 8146.81136  18.4%   386  139s
    50    63 8186.04976    6  276 9989.66900 8155.20495  18.4%   406  142s
    90    99 8217.90638    8  314 9989.66900 8173.85703  18.2%   401  145s
   174   177 8520.52423   10  303 9989.66900 8186.05547  18.1%   326  150s
   394   325 8736.43911   20  171 9989.66900 8186.05547  18.1%   218  166s
H  404   325                    9859.3022335 8186.05547  17.0%   215  166s
   510   388 8716.03032   22  154 9859.30223 8186.05547  17.0%   196  170s
   900   538 9353.41650   29  118 9859.30223 8186.05547  17.0%   146  175s
  1263   687 9560.30380   61  120 9859.30223 8186.05547  17.0%   126  180s
  1787   892 8695.70235    9  196 9859.30223 8234.99230  16.5%   114  186s
  2266  1153 9119.50789   17  145 9859.30223 8234.99230  16.5%   111  191s
  2910  1480 9536.71759   62  106 9859.30223 8234.99230  16.5%   103  196s
  3323  1649 8636.54384    8  182 9859.30223 8293.15406  15.9%   103  200s
  4293  2065 8828.93835    8  159 9859.30223 8527.87495  13.5%  94.7  205s
  4763  2066 9826.44366   82  157 9859.30223 8527.87495  13.5%  89.7  257s
  4765  2067 9742.68642   28  146 9859.30223 8527.87495  13.5%  89.7  279s
  4766  2068 9054.03393   26  246 9859.30223 8527.87495  13.5%  89.6  285s
  4767  2069 8822.13578   10  236 9859.30223 8527.87495  13.5%  89.6  290s
  4770  2071 9320.58499   41  387 9859.30223 8527.87495  13.5%  89.6  295s
  4774  2073 9719.37948   32  365 9859.30223 8527.87495  13.5%  89.5  301s
  4777  2075 9401.21405   33  476 9859.30223 8527.87495  13.5%  89.4  307s
  4779  2077 9699.36598   28  370 9859.30223 8527.87495  13.5%  89.4  310s
  4782  2079 9204.46810   15  428 9859.30223 8527.87495  13.5%  89.3  316s
  4783  2079 9057.65779   30  385 9859.30223 8527.87495  13.5%  89.3  324s
  4784  2080 9770.67309   91  368 9859.30223 8527.87495  13.5%  89.3  325s
  4788  2083 8839.05756    7  420 9859.30223 8527.87495  13.5%  89.2  330s
  4793  2086 9324.58619   50  440 9859.30223 8527.87495  13.5%  89.1  335s
  4795  2087 9770.58090   93  444 9859.30223 8527.87495  13.5%  89.1  340s
  4798  2089 9016.38383   31  398 9859.30223 8527.87495  13.5%  89.0  345s
  4800  2091 9552.17798   28  400 9859.30223 8527.87495  13.5%  89.0  351s
  4802  2092 9163.50823   21  400 9859.30223 8527.87717  13.5%  89.0  402s
  4803  2094 9514.29050   24  157 9859.30223 8527.87717  13.5%  94.0  410s
  4805  2095 9331.39158   12  174 9859.30223 8527.87717  13.5%  94.0  429s
  4806  2096 9760.90200   31  209 9859.30223 8527.87717  13.5%  93.9  434s
  4807  2097 9191.12876   43  216 9859.30223 8527.87717  13.5%  93.9  439s
  4808  2097 9456.76255   10  274 9859.30223 8527.87717  13.5%  93.9  442s
  4810  2099 9416.04827   34  408 9859.30223 8527.87717  13.5%  93.9  445s
  4813  2101 9649.45792   42  399 9859.30223 8527.87717  13.5%  93.8  452s
  4815  2102 9018.73044   20  387 9859.30223 8527.87717  13.5%  93.8  456s
  4816  2103 9449.01949   21  414 9859.30223 8527.87717  13.5%  93.7  467s
  4819  2105 9220.68772   21  443 9859.30223 8527.87717  13.5%  93.7  471s
  4822  2107 9270.17776   56  397 9859.30223 8527.87717  13.5%  93.6  476s
  4824  2108 9856.13405   67  460 9859.30223 8527.87717  13.5%  93.6  480s
  4826  2109 9241.02897   39  422 9859.30223 8527.87717  13.5%  93.6  486s
  4827  2110 9596.03319   45  422 9859.30223 8527.88407  13.5%  93.5  540s
H 4827  2006                    9859.3021963 8527.88407  13.5%  98.6  575s
  4828  2008 8527.88407   26  301 9859.30220 8527.88407  13.5%  98.7  600s
  4830  2007 8527.88407   27  378 9859.30220 8527.88407  13.5%  98.9  626s
  4834  2006 8527.88407   28  277 9859.30220 8527.88407  13.5%  99.1  636s
  4838  2006 8598.59483   29  372 9859.30220 8598.59483  12.8%  99.4  645s
  4842  2009 8611.62881   30  311 9859.30220 8598.59903  12.8%   100  652s
  4848  2015 8620.93436   31  288 9859.30220 8600.14231  12.8%   100  657s
  4858  2024 8644.68569   32  244 9859.30220 8620.98044  12.6%   102  663s
  4876  2038 8690.71404   33  217 9859.30220 8641.57029  12.4%   103  667s
  4896  2051 8700.88847   34  204 9859.30220 8641.65135  12.4%   104  670s
  4964  2089 infeasible   35      9859.30220 8682.55788  11.9%   108  676s
  5030  2119 8739.90361   36  198 9859.30220 8682.61786  11.9%   109  680s
H 5069  2025                    9859.3011033 8682.61786  11.9%   110  682s
  5157  2046 8824.56023   39  139 9859.30110 8682.61786  11.9%   111  685s
  5253  2065 8848.78180   41  138 9859.30110 8684.22586  11.9%   112  740s
  5408  2148 8871.72755   45  136 9859.30110 8684.22586  11.9%   113  745s
  5644  2237 9578.71654   49  116 9859.30110 8684.22586  11.9%   113  750s
  5855  2243 9839.90855   57   51 9859.30110 8707.41934  11.7%   112  756s
  6069  2264 9337.30339   36  165 9859.30110 8707.41934  11.7%   112  760s
  6561  2465     cutoff   83      9859.30110 8710.95057  11.6%   113  766s
  6915  2501 8911.67236   44  121 9859.30110 8710.95057  11.6%   111  770s
  7330  2584 9229.03883   72  129 9859.30110 8710.95057  11.6%   108  775s
  7652  2707 infeasible   86      9859.30110 8710.95057  11.6%   109  780s
  8328  2864 9503.64630   41  154 9859.30110 8760.16420  11.1%   107  816s
  8572  2877 9086.74838   36   94 9859.30110 8760.16420  11.1%   107  892s
  8772  3011 9152.17681   41  141 9859.30110 8760.16420  11.1%   107  895s
  9475  3243 9093.02948   42  150 9859.30110 8810.84330  10.6%   105  900s
 10272  3410 9085.41107   40  228 9859.30110 8821.35533  10.5%   103  906s
 10695  3539 9694.53834   55  135 9859.30110 8875.70818  10.0%   102  910s
 11448  3924 9769.43034   45   48 9859.30110 8875.70818  10.0%   101  916s
 11857  4099     cutoff   68      9859.30110 8926.12942  9.46%   101  920s
 12697  4682 9745.94453   42  169 9859.30110 8955.00422  9.17%   102  927s
 13270  4859     cutoff   47      9859.30110 8955.00422  9.17%   101  930s
 13812  4954 9737.81317   73   68 9859.30110 8975.03574  8.97%   100  935s
 14808  5463 9209.32301   48  112 9859.30110 8995.95441  8.76%  98.6  942s
 15424  5574 infeasible   40      9859.30110 9018.31009  8.53%  98.3  946s
 15708  5804 9568.47397   41  131 9859.30110 9032.68714  8.38%  98.3  950s
 16399  6137     cutoff   52      9859.30110 9041.01228  8.30%  98.1  955s
 17490  6450 9377.50266   44  171 9859.30110 9068.56337  8.02%  97.6  963s
 18265  6545     cutoff   75      9859.30110 9068.56337  8.02%  96.9  969s
 18595  6717 9689.07772   92   41 9859.30110 9068.56337  8.02%  96.7  973s
 19142  7270 9754.05817  124   39 9859.30110 9109.29379  7.61%  95.8  978s
 20346  7725 infeasible   65      9859.30110 9145.47042  7.24%  93.6  983s
 21407  7879     cutoff   39      9859.30110 9162.56105  7.07%  92.2  988s
 22063  8079 9741.25115   47   87 9859.30110 9168.61871  7.01%  92.0  992s
 22993  8477 9569.43871   85   59 9859.30110 9202.37339  6.66%  91.2 1119s
 24163  8707 9605.65121   45  110 9859.30110 9224.33807  6.44%  89.6 1124s
 25108  9018     cutoff   60      9859.30110 9240.18686  6.28%  89.0 1131s
 26219  9497     cutoff   51      9859.30110 9255.46148  6.12%  87.6 1137s
 27446 10102 9466.72245   50  103 9859.30110 9279.32827  5.88%  86.4 1143s
 28865 10434     cutoff   40      9859.30110 9298.57286  5.69%  84.8 1149s
 30302 10884 9646.77748   48  153 9859.30110 9309.41727  5.58%  83.4 1154s
 31867 11528 9577.03879   45  142 9859.30110 9332.34060  5.34%  81.8 1160s
 33514 12242     cutoff   64      9859.30110 9349.94283  5.17%  80.3 1167s
 35292 12747 9657.41033   55   67 9859.30110 9349.94283  5.17%  78.5 1221s
 36724 13426 9737.39103   92   47 9859.30110 9369.76619  4.97%  77.2 1228s
 38705 14088 9782.33879   52  125 9859.30110 9382.45812  4.84%  75.3 1234s
 40760 14656 9629.59832   41  120 9859.30110 9388.97565  4.77%  73.5 1240s
 42831 15313 9682.95346   75   67 9859.30110 9413.26646  4.52%  71.9 1247s
 45034 16006 9735.99284   75   87 9859.30110 9419.14298  4.46%  70.3 1253s
 47451 16623 9786.87722   77   84 9859.30110 9442.95096  4.22%  68.4 1786s
 49806 17366 9524.71444   56  160 9859.30110 9454.19423  4.11%  66.8 1792s
 52189 18035 9721.94958   54  178 9859.30110 9462.07520  4.03%  65.2 1798s
 54712 18595 9769.20541   55   45 9859.30110 9479.45344  3.85%  63.7 1804s
 57102 19209 9742.69519   67   48 9859.30110 9493.41871  3.71%  62.5 1810s
 59593 19719     cutoff   65      9859.30110 9504.99273  3.59%  61.2 1816s
 62077 20137 9827.27769   48   87 9859.30110 9519.35000  3.45%  60.1 1821s
 64444 20719 9780.76673   91   22 9859.30110 9519.78370  3.44%  59.1 1827s
 66830 21135 9710.16390   56   65 9859.30110 9535.72693  3.28%  58.0 1832s
 69357 21659 9600.99783   57  122 9859.30110 9549.89648  3.14%  56.9 1837s
 71539 22015     cutoff   70      9859.30110 9557.44245  3.06%  56.1 1959s
 73796 21951     cutoff   43      9859.30110 9569.59310  2.94%  55.2 1963s
 74143 22275 9640.92543   60   64 9859.30110 9570.35437  2.93%  55.2 1968s
 76572 22656     cutoff   76      9859.30110 9576.27991  2.87%  54.2 1973s
 78743 22828 9767.03358   85   51 9859.30110 9584.64798  2.79%  53.5 1978s
 81042 23272     cutoff   52      9859.30110 9594.06009  2.69%  52.7 1983s
 83351 23500     cutoff   99      9859.30110 9600.25433  2.63%  51.9 1988s
 85742 23689 9747.44052   59   61 9859.30110 9607.32510  2.56%  51.1 1993s
 87859 23868 9685.92262   59   42 9859.30110 9616.09333  2.47%  50.5 1998s
 90107 23801 9730.28763   66   54 9859.30110 9627.26016  2.35%  49.8 2002s
 91315 23973 9712.12937   58   91 9859.30110 9633.45544  2.29%  49.5 2007s
 93969 23961 9698.43375   61   48 9859.30110 9638.93264  2.24%  48.7 2015s
 96119 23815 9740.17852   67   68 9859.30110 9640.94177  2.21%  48.2 2139s
 97754 23874 9755.61982   74   31 9859.30110 9651.88675  2.10%  47.8 2145s
 99743 23873 9707.11428   91  101 9859.30110 9654.76546  2.07%  47.3 2150s
 101870 23646 9773.31897  133   29 9859.30110 9657.52455  2.05%  46.8 2155s
 104240 23524 9711.11081   73  139 9859.30110 9669.53094  1.92%  46.2 2162s
 106155 23316 9730.13017   90   80 9859.30110 9670.92389  1.91%  45.8 2167s
 108394 22976     cutoff   54      9859.30110 9673.56252  1.88%  45.4 2172s
 110764 22641 9756.97371   88   85 9859.30110 9686.73569  1.75%  44.9 2178s
 113223 22245 9782.40409   63   60 9859.30110 9692.66833  1.69%  44.3 2184s
 113863 22245 9789.11852   58   31 9859.30110 9693.21689  1.68%  44.2 2185s
 117790 21076     cutoff   52      9859.30110 9700.05819  1.62%  43.5 2193s
 120167 20507 9763.40317   93   10 9859.30110 9707.38972  1.54%  43.0 2198s
 122525 20026 9797.61615   54  121 9859.30110 9713.46674  1.48%  42.6 2202s
 124731 19193 9851.03311   65   26 9859.30110 9718.04062  1.43%  42.2 2206s
 127124 18308     cutoff   75      9859.30110 9728.33008  1.33%  41.7 2213s
 129411 17535 9813.76397   50   25 9859.30110 9728.61475  1.33%  41.3 2217s
 131770 16641     cutoff   76      9859.30110 9739.93560  1.21%  40.9 2221s
 136569 14469     cutoff   53      9859.30110 9754.30082  1.06%  40.0 2304s
 138639 12820     cutoff   71      9859.30110 9756.37892  1.04%  39.7 2308s
 141687 10873 9808.17910   61   22 9859.30110 9767.76358  0.93%  39.1 2312s
 144647  9006 9803.77030   64   38 9859.30110 9778.67997  0.82%  38.6 2316s
 147498  7156 9821.11659   82   38 9859.30110 9784.24253  0.76%  38.1 2320s
 152998  2526     cutoff   76      9859.30110 9805.84656  0.54%  37.1 2327s
 155824    63 infeasible  107      9859.30110 9819.03570  0.41%  36.6 2330s

Cutting planes:
  Gomory: 1
  Cover: 1
  Implied bound: 372
  Projected implied bound: 19
  Clique: 5
  MIR: 54
  StrongCG: 6
  Flow cover: 85
  GUB cover: 3
  Inf proof: 17
  Zero half: 51
  Mod-K: 1
  RLT: 25
  Relax-and-lift: 371

Explored 158552 nodes (5762138 simplex iterations) in 2330.88 seconds
Thread count was 20 (of 40 available processors)

Solution count 10: 9859.3 9989.67 10021 ... 11828.4

Optimal solution found (tolerance 1.00e-04)
Best objective 9.859302233466e+03, best bound 9.859301103333e+03, gap 0.0000%
