
Gurobi 9.0.2 (linux64, Python) logging started Sat Dec  5 18:31:08 2020

Using license file /share/apps/gurobi/9.0.2/gurobi_client.lic
Set parameter TokenServer to value 10.1.1.1
Set parameter LogFile to value /storage/users/anderhva/051220-120816/logs/O26-C4-V4-WS2.log
Set parameter LogToConsole to value 0
Changed value of parameter TimeLimit to 3600.0
   Prev: inf  Min: 0.0  Max: inf  Default: inf
Gurobi Optimizer version 9.0.2 build v9.0.2rc0 (linux64)
Optimize a model with 15202 rows, 196220 columns and 1138880 nonzeros
Model fingerprint: 0x106f101d
Variable types: 280 continuous, 195940 integer (195940 binary)
Coefficient statistics:
  Matrix range     [1e+00, 1e+02]
  Objective range  [1e+00, 1e+04]
  Bounds range     [1e+00, 1e+00]
  RHS range        [1e+00, 1e+02]
Presolve removed 3276 rows and 25330 columns (presolve time = 6s) ...
Presolve removed 3331 rows and 25685 columns
Presolve time: 6.46s
Presolved: 11871 rows, 170535 columns, 815255 nonzeros
Variable types: 260 continuous, 170275 integer (170265 binary)

Deterministic concurrent LP optimizer: primal and dual simplex
Showing first log only...


Root simplex log...

Iteration    Objective       Primal Inf.    Dual Inf.      Time
       0    5.4223247e+04   4.775000e+01   1.342669e+10      9s
   22724    3.1714507e+04   0.000000e+00   2.087236e+08     10s
   52462    8.1329419e+03   0.000000e+00   1.514694e+06     15s
   71213    8.5025520e+03   0.000000e+00   0.000000e+00     20s
   71213    8.5025520e+03   0.000000e+00   0.000000e+00     20s
Concurrent spin time: 1.40s

Solved with primal simplex

Root relaxation: objective 8.502552e+03, 71213 iterations, 12.88 seconds

    Nodes    |    Current Node    |     Objective Bounds      |     Work
 Expl Unexpl |  Obj  Depth IntInf | Incumbent    BestBd   Gap | It/Node Time

     0     0 8502.55198    0  193          - 8502.55198      -     -   23s
H    0     0                    14973.471940 8502.55198  43.2%     -   30s
H    0     0                    14973.471745 8502.55198  43.2%     -   31s
     0     0 8582.63899    0  198 14973.4717 8582.63899  42.7%     -   32s
H    0     0                    14973.470992 8582.63899  42.7%     -   68s
H    0     0                    14973.470825 8582.63899  42.7%     -   71s
     0     0 8842.32610    0  197 14973.4708 8842.32610  40.9%     -   79s
     0     0 8875.41484    0  200 14973.4708 8875.41484  40.7%     -   83s
     0     0 8875.41484    0  216 14973.4708 8875.41484  40.7%     -   83s
     0     0 8893.65037    0  232 14973.4708 8893.65037  40.6%     -   89s
H    0     0                    13755.773881 8893.65037  35.3%     -  103s
H    0     0                    12754.088137 8893.65037  30.3%     -  105s
     0     0 8908.06478    0  217 12754.0881 8908.06478  30.2%     -  105s
     0     0 8908.94655    0  252 12754.0881 8908.94655  30.1%     -  106s
     0     0 8909.45730    0  277 12754.0881 8909.45730  30.1%     -  106s
     0     0 8909.45730    0  277 12754.0881 8909.45730  30.1%     -  107s
     0     0 8989.42500    0  221 12754.0881 8989.42500  29.5%     -  112s
     0     0 8999.46146    0  240 12754.0881 8999.46146  29.4%     -  113s
     0     0 8999.82184    0  249 12754.0881 8999.82184  29.4%     -  113s
     0     0 9007.29612    0  227 12754.0881 9007.29612  29.4%     -  115s
     0     0 9008.02981    0  265 12754.0881 9008.02981  29.4%     -  115s
     0     0 9008.97164    0  253 12754.0881 9008.97164  29.4%     -  116s
     0     0 9009.00076    0  241 12754.0881 9009.00076  29.4%     -  116s
     0     0 9042.92007    0  260 12754.0881 9042.92007  29.1%     -  118s
     0     0 9042.92007    0  182 12754.0881 9042.92007  29.1%     -  148s
H    0     0                    12048.711107 9042.92007  24.9%     -  189s
     0     0 9042.92007    0  258 12048.7111 9042.92007  24.9%     -  190s
     0     0 9045.46944    0  225 12048.7111 9045.46944  24.9%     -  194s
     0     0 9067.18674    0  208 12048.7111 9067.18674  24.7%     -  195s
     0     0 9070.47162    0  252 12048.7111 9070.47162  24.7%     -  197s
     0     0 9071.94912    0  256 12048.7111 9071.94912  24.7%     -  197s
     0     0 9073.02988    0  242 12048.7111 9073.02988  24.7%     -  198s
     0     0 9108.61075    0  277 12048.7111 9108.61075  24.4%     -  201s
     0     0 9113.56132    0  237 12048.7111 9113.56132  24.4%     -  203s
     0     0 9118.14349    0  300 12048.7111 9118.14349  24.3%     -  204s
     0     0 9118.88970    0  375 12048.7111 9118.88970  24.3%     -  204s
     0     0 9119.27685    0  339 12048.7111 9119.27685  24.3%     -  205s
     0     0 9119.28748    0  336 12048.7111 9119.28748  24.3%     -  205s
     0     0 9140.51648    0  269 12048.7111 9140.51648  24.1%     -  208s
     0     0 9145.22201    0  275 12048.7111 9145.22201  24.1%     -  209s
     0     0 9145.66069    0  283 12048.7111 9145.66069  24.1%     -  210s
     0     0 9145.92215    0  261 12048.7111 9145.92215  24.1%     -  210s
     0     0 9145.97491    0  282 12048.7111 9145.97491  24.1%     -  211s
     0     0 9160.35708    0  231 12048.7111 9160.35708  24.0%     -  213s
H    0     0                    11880.543317 9160.35708  22.9%     -  227s
H    0     0                    11609.797649 9160.35708  21.1%     -  227s
     0     0 9161.36973    0  226 11609.7976 9161.36973  21.1%     -  228s
     0     0 9161.63494    0  293 11609.7976 9161.63494  21.1%     -  228s
     0     0 9161.81584    0  272 11609.7976 9161.81584  21.1%     -  229s
     0     0 9161.81584    0  272 11609.7976 9161.81584  21.1%     -  229s
     0     0 9184.49702    0  292 11609.7976 9184.49702  20.9%     -  232s
     0     0 9189.56718    0  360 11609.7976 9189.56718  20.8%     -  237s
     0     0 9190.02857    0  393 11609.7976 9190.02857  20.8%     -  238s
     0     0 9190.15574    0  342 11609.7976 9190.15574  20.8%     -  239s
     0     0 9190.22029    0  353 11609.7976 9190.22029  20.8%     -  239s
     0     0 9213.45986    0  273 11609.7976 9213.45986  20.6%     -  242s
     0     0 9221.07319    0  392 11609.7976 9221.07319  20.6%     -  244s
     0     0 9221.24086    0  362 11609.7976 9221.24086  20.6%     -  244s
     0     0 9221.24495    0  362 11609.7976 9221.24495  20.6%     -  244s
     0     0 9233.92224    0  324 11609.7976 9233.92224  20.5%     -  247s
     0     0 9234.32879    0  370 11609.7976 9234.32879  20.5%     -  248s
     0     0 9234.37491    0  355 11609.7976 9234.37491  20.5%     -  248s
     0     0 9243.70532    0  319 11609.7976 9243.70532  20.4%     -  251s
     0     0 9245.62988    0  338 11609.7976 9245.62988  20.4%     -  253s
     0     0 9246.69580    0  365 11609.7976 9246.69580  20.4%     -  253s
     0     0 9246.88948    0  376 11609.7976 9246.88948  20.4%     -  254s
     0     0 9256.20924    0  389 11609.7976 9256.20924  20.3%     -  256s
     0     0 9256.56040    0  381 11609.7976 9256.56040  20.3%     -  257s
     0     0 9256.57969    0  368 11609.7976 9256.57969  20.3%     -  258s
     0     0 9267.49010    0  336 11609.7976 9267.49010  20.2%     -  260s
     0     0 9270.23881    0  430 11609.7976 9270.23881  20.2%     -  262s
     0     0 9270.26483    0  435 11609.7976 9270.26483  20.2%     -  262s
     0     0 9275.64628    0  331 11609.7976 9275.64628  20.1%     -  265s
     0     0 9277.28675    0  518 11609.7976 9277.28675  20.1%     -  266s
     0     0 9277.45825    0  457 11609.7976 9277.45825  20.1%     -  267s
     0     0 9277.46190    0  523 11609.7976 9277.46190  20.1%     -  267s
     0     0 9280.43886    0  406 11609.7976 9280.43886  20.1%     -  269s
     0     0 9281.78203    0  444 11609.7976 9281.78203  20.1%     -  270s
     0     0 9281.92067    0  498 11609.7976 9281.92067  20.1%     -  271s
     0     0 9284.63326    0  379 11609.7976 9284.63326  20.0%     -  272s
     0     0 9285.86248    0  390 11609.7976 9285.86248  20.0%     -  274s
     0     0 9286.09423    0  403 11609.7976 9286.09423  20.0%     -  274s
     0     0 9286.32384    0  415 11609.7976 9286.32384  20.0%     -  275s
     0     0 9286.42171    0  460 11609.7976 9286.42171  20.0%     -  275s
     0     0 9287.05325    0  384 11609.7976 9287.05325  20.0%     -  276s
     0     0 9287.40632    0  408 11609.7976 9287.40632  20.0%     -  277s
     0     0 9287.44056    0  411 11609.7976 9287.44056  20.0%     -  277s
     0     0 9288.07742    0  348 11609.7976 9288.07742  20.0%     -  278s
     0     0 9288.25649    0  445 11609.7976 9288.25649  20.0%     -  279s
     0     0 9288.43084    0  474 11609.7976 9288.43084  20.0%     -  280s
     0     0 9288.46214    0  476 11609.7976 9288.46214  20.0%     -  280s
     0     0 9289.79390    0  409 11609.7976 9289.79390  20.0%     -  281s
     0     0 9292.62404    0  371 11609.7976 9292.62404  20.0%     -  282s
     0     0 9292.79819    0  384 11609.7976 9292.79819  20.0%     -  283s
     0     0 9292.94016    0  452 11609.7976 9292.94016  20.0%     -  283s
     0     0 9293.38007    0  488 11609.7976 9293.38007  20.0%     -  284s
     0     0 9293.48486    0  466 11609.7976 9293.48486  20.0%     -  285s
     0     0 9295.74374    0  408 11609.7976 9295.74374  19.9%     -  286s
     0     0 9295.92702    0  463 11609.7976 9295.92702  19.9%     -  287s
     0     0 9295.98483    0  432 11609.7976 9295.98483  19.9%     -  287s
     0     0 9296.78439    0  369 11609.7976 9296.78439  19.9%     -  288s
     0     0 9296.86104    0  447 11609.7976 9296.86104  19.9%     -  289s
     0     0 9299.39875    0  387 11609.7976 9299.39875  19.9%     -  290s
     0     0 9300.30296    0  403 11609.7976 9300.30296  19.9%     -  291s
     0     0 9300.67402    0  526 11609.7976 9300.67402  19.9%     -  291s
     0     0 9300.68412    0  527 11609.7976 9300.68412  19.9%     -  291s
     0     0 9301.69227    0  481 11609.7976 9301.69227  19.9%     -  293s
     0     0 9301.75858    0  405 11609.7976 9301.75858  19.9%     -  294s
     0     0 9301.88457    0  451 11609.7976 9301.88457  19.9%     -  294s
     0     0 9301.91860    0  526 11609.7976 9301.91860  19.9%     -  295s
     0     0 9301.97766    0  444 11609.7976 9301.97766  19.9%     -  295s
     0     0 9301.97766    0  444 11609.7976 9301.97766  19.9%     -  304s
     0     0 9439.84675    0  188 11609.7976 9439.84675  18.7%     -  339s
     0     0 9439.84675    0  197 11609.7976 9439.84675  18.7%     -  365s
     0     0 9439.84675    0  204 11609.7976 9439.84675  18.7%     -  371s
     0     0 9439.84675    0  214 11609.7976 9439.84675  18.7%     -  375s
     0     0 9439.84675    0  230 11609.7976 9439.84675  18.7%     -  377s
     0     0 9439.84675    0  303 11609.7976 9439.84675  18.7%     -  379s
     0     0 9439.84675    0  282 11609.7976 9439.84675  18.7%     -  380s
     0     0 9439.84675    0  296 11609.7976 9439.84675  18.7%     -  382s
     0     0 9439.84675    0  382 11609.7976 9439.84675  18.7%     -  382s
     0     0 9439.84675    0  419 11609.7976 9439.84675  18.7%     -  383s
     0     0 9439.84675    0  391 11609.7976 9439.84675  18.7%     -  383s
     0     0 9439.84675    0  320 11609.7976 9439.84675  18.7%     -  384s
     0     0 9439.84675    0  345 11609.7976 9439.84675  18.7%     -  384s
     0     0 9439.84675    0  349 11609.7976 9439.84675  18.7%     -  384s
     0     0 9439.84675    0  360 11609.7976 9439.84675  18.7%     -  387s
     0     0 9439.84675    0  388 11609.7976 9439.84675  18.7%     -  390s
     0     0 9439.84675    0  422 11609.7976 9439.84675  18.7%     -  391s
     0     0 9439.84675    0  424 11609.7976 9439.84675  18.7%     -  392s
     0     0 9439.84675    0  348 11609.7976 9439.84675  18.7%     -  394s
     0     0 9439.84675    0  327 11609.7976 9439.84675  18.7%     -  396s
     0     0 9439.84675    0  354 11609.7976 9439.84675  18.7%     -  396s
     0     0 9439.84675    0  383 11609.7976 9439.84675  18.7%     -  396s
H    0     0                    11607.132119 9439.84675  18.7%     -  397s
H    0     0                    11537.132119 9439.84675  18.2%     -  397s
     0     0 9439.84675    0  501 11537.1321 9439.84675  18.2%     -  399s
     0     0 9439.84675    0  477 11537.1321 9439.84675  18.2%     -  401s
     0     0 9439.84675    0  504 11537.1321 9439.84675  18.2%     -  402s
     0     0 9439.84675    0  512 11537.1321 9439.84675  18.2%     -  402s
     0     0 9439.84675    0  480 11537.1321 9439.84675  18.2%     -  405s
     0     0 9439.84675    0  510 11537.1321 9439.84675  18.2%     -  407s
     0     0 9439.84675    0  538 11537.1321 9439.84675  18.2%     -  408s
     0     0 9439.84675    0  610 11537.1321 9439.84675  18.2%     -  408s
     0     0 9439.84675    0  459 11537.1321 9439.84675  18.2%     -  411s
     0     0 9439.84675    0  530 11537.1321 9439.84675  18.2%     -  412s
     0     0 9439.84675    0  560 11537.1321 9439.84675  18.2%     -  413s
     0     0 9439.84675    0  427 11537.1321 9439.84675  18.2%     -  415s
     0     0 9439.84675    0  470 11537.1321 9439.84675  18.2%     -  417s
     0     0 9439.84675    0  505 11537.1321 9439.84675  18.2%     -  417s
     0     0 9439.84675    0  416 11537.1321 9439.84675  18.2%     -  420s
     0     0 9439.84675    0  507 11537.1321 9439.84675  18.2%     -  421s
     0     0 9439.84675    0  454 11537.1321 9439.84675  18.2%     -  421s
     0     0 9439.84675    0  551 11537.1321 9439.84675  18.2%     -  421s
     0     0 9439.84675    0  407 11537.1321 9439.84675  18.2%     -  423s
     0     0 9439.84675    0  448 11537.1321 9439.84675  18.2%     -  424s
     0     0 9439.84675    0  428 11537.1321 9439.84675  18.2%     -  425s
     0     0 9439.84675    0  552 11537.1321 9439.84675  18.2%     -  427s
     0     0 9439.84675    0  548 11537.1321 9439.84675  18.2%     -  430s
     0     0 9439.84675    0  539 11537.1321 9439.84675  18.2%     -  430s
     0     0 9439.84675    0  482 11537.1321 9439.84675  18.2%     -  430s
     0     0 9439.84675    0  504 11537.1321 9439.84675  18.2%     -  432s
     0     0 9439.84675    0  501 11537.1321 9439.84675  18.2%     -  433s
     0     0 9439.84675    0  554 11537.1321 9439.84675  18.2%     -  434s
     0     0 9439.84675    0  574 11537.1321 9439.84675  18.2%     -  435s
     0     0 9439.84675    0  511 11537.1321 9439.84675  18.2%     -  436s
     0     0 9439.84675    0  520 11537.1321 9439.84675  18.2%     -  437s
     0     0 9439.84675    0  446 11537.1321 9439.84675  18.2%     -  438s
     0     0 9439.84675    0  503 11537.1321 9439.84675  18.2%     -  440s
     0     0 9439.84675    0  508 11537.1321 9439.84675  18.2%     -  441s
     0     0 9439.84675    0  593 11537.1321 9439.84675  18.2%     -  442s
     0     0 9439.84675    0  591 11537.1321 9439.84675  18.2%     -  444s
     0     0 9439.84675    0  548 11537.1321 9439.84675  18.2%     -  444s
     0     0 9439.84675    0  588 11537.1321 9439.84675  18.2%     -  445s
     0     0 9439.84675    0  588 11537.1321 9439.84675  18.2%     -  454s
     0     0 9439.84675    0  165 11537.1321 9439.84675  18.2%     -  490s
H    0     0                    11506.985205 9439.84675  18.0%     -  504s
     0     0 9439.84675    0  178 11506.9852 9439.84675  18.0%     -  513s
     0     0 9439.84675    0  174 11506.9852 9439.84675  18.0%     -  517s
     0     0 9439.84675    0  197 11506.9852 9439.84675  18.0%     -  520s
     0     0 9439.84675    0  289 11506.9852 9439.84675  18.0%     -  523s
     0     0 9439.84675    0  346 11506.9852 9439.84675  18.0%     -  525s
     0     0 9439.84675    0  367 11506.9852 9439.84675  18.0%     -  527s
     0     0 9439.84675    0  405 11506.9852 9439.84675  18.0%     -  528s
     0     0 9439.84675    0  419 11506.9852 9439.84675  18.0%     -  529s
     0     0 9439.84675    0  394 11506.9852 9439.84675  18.0%     -  529s
     0     0 9439.84675    0  390 11506.9852 9439.84675  18.0%     -  530s
     0     0 9439.84675    0  475 11506.9852 9439.84675  18.0%     -  530s
     0     0 9439.84675    0  476 11506.9852 9439.84675  18.0%     -  530s
     0     0 9439.84675    0  476 11506.9852 9439.84675  18.0%     -  530s
     0     0 9439.84675    0  579 11506.9852 9439.84675  18.0%     -  534s
     0     0 9439.84675    0  476 11506.9852 9439.84675  18.0%     -  535s
     0     0 9439.84675    0  595 11506.9852 9439.84675  18.0%     -  536s
     0     0 9439.84675    0  545 11506.9852 9439.84675  18.0%     -  536s
     0     0 9439.84675    0  625 11506.9852 9439.84675  18.0%     -  538s
     0     0 9439.84675    0  630 11506.9852 9439.84675  18.0%     -  539s
     0     0 9439.84675    0  643 11506.9852 9439.84675  18.0%     -  539s
     0     0 9443.11765    0  596 11506.9852 9443.11765  17.9%     -  541s
     0     0 9444.30397    0  617 11506.9852 9444.30397  17.9%     -  542s
     0     0 9444.95181    0  641 11506.9852 9444.95181  17.9%     -  543s
     0     0 9445.01697    0  631 11506.9852 9445.01697  17.9%     -  543s
     0     0 9453.70756    0  570 11506.9852 9453.70756  17.8%     -  546s
     0     0 9454.72288    0  565 11506.9852 9454.72288  17.8%     -  547s
     0     0 9454.79787    0  636 11506.9852 9454.79787  17.8%     -  547s
     0     0 9460.61309    0  652 11506.9852 9460.61309  17.8%     -  549s
     0     0 9461.71596    0  629 11506.9852 9461.71596  17.8%     -  550s
     0     0 9461.95193    0  767 11506.9852 9461.95193  17.8%     -  551s
     0     0 9461.98863    0  785 11506.9852 9461.98863  17.8%     -  551s
     0     0 9466.61411    0  644 11506.9852 9466.61411  17.7%     -  553s
H    0     0                    11467.053482 9466.61411  17.4%     -  559s
     0     0 9467.35798    0  762 11467.0535 9467.35798  17.4%     -  560s
     0     0 9467.61821    0  843 11467.0535 9467.61821  17.4%     -  561s
     0     0 9467.72938    0  852 11467.0535 9467.72938  17.4%     -  561s
     0     0 9470.75581    0  649 11467.0535 9470.75581  17.4%     -  563s
     0     0 9472.39988    0  670 11467.0535 9472.39988  17.4%     -  565s
     0     0 9473.02634    0  694 11467.0535 9473.02634  17.4%     -  566s
     0     0 9473.09463    0  803 11467.0535 9473.09463  17.4%     -  566s
     0     0 9475.67098    0  739 11467.0535 9475.67098  17.4%     -  568s
     0     0 9475.86312    0  746 11467.0535 9475.86312  17.4%     -  569s
     0     0 9477.45756    0  672 11467.0535 9477.45756  17.4%     -  571s
     0     0 9477.62832    0  767 11467.0535 9477.62832  17.3%     -  572s
     0     0 9479.11988    0  679 11467.0535 9479.11988  17.3%     -  574s
     0     0 9479.11988    0  679 11467.0535 9479.11988  17.3%     -  580s
H    0     0                    11315.062576 9479.11988  16.2%     -  611s
     0     0 9479.11988    0  148 11315.0626 9479.11988  16.2%     -  618s
     0     0 9479.11988    0  179 11315.0626 9479.11988  16.2%     -  632s
     0     0 9479.11988    0  192 11315.0626 9479.11988  16.2%     -  635s
     0     0 9479.11988    0  212 11315.0626 9479.11988  16.2%     -  638s
     0     0 9479.11988    0  246 11315.0626 9479.11988  16.2%     -  641s
     0     0 9479.11988    0  314 11315.0626 9479.11988  16.2%     -  644s
     0     0 9479.11988    0  410 11315.0626 9479.11988  16.2%     -  647s
     0     0 9479.11988    0  516 11315.0626 9479.11988  16.2%     -  649s
     0     0 9479.11988    0  512 11315.0626 9479.11988  16.2%     -  651s
     0     0 9479.11988    0  543 11315.0626 9479.11988  16.2%     -  652s
     0     0 9479.11988    0  675 11315.0626 9479.11988  16.2%     -  653s
     0     0 9479.15431    0  730 11315.0626 9479.15431  16.2%     -  654s
     0     0 9479.21771    0  784 11315.0626 9479.21771  16.2%     -  654s
     0     0 9484.89771    0  651 11315.0626 9484.89771  16.2%     -  657s
H    0     0                    11078.027526 9484.89771  14.4%     -  687s
     0     0 9486.05037    0  700 11078.0275 9486.05037  14.4%     -  688s
     0     0 9486.08325    0  646 11078.0275 9486.08325  14.4%     -  688s
     0     0 9490.38097    0  683 11078.0275 9490.38097  14.3%     -  690s
     0     0 9490.69859    0  721 11078.0275 9490.69859  14.3%     -  691s
     0     0 9491.13246    0  716 11078.0275 9491.13246  14.3%     -  692s
     0     0 9491.14060    0  725 11078.0275 9491.14060  14.3%     -  692s
     0     0 9495.05214    0  749 11078.0275 9495.05214  14.3%     -  694s
     0     0 9495.49270    0  812 11078.0275 9495.49270  14.3%     -  695s
     0     0 9495.56530    0  954 11078.0275 9495.56530  14.3%     -  696s
     0     0 9498.73490    0  737 11078.0275 9498.73490  14.3%     -  698s
     0     0 9499.24294    0  780 11078.0275 9499.24294  14.3%     -  699s
     0     0 9499.35062    0  738 11078.0275 9499.35062  14.3%     -  699s
     0     0 9501.18326    0  728 11078.0275 9501.18326  14.2%     -  701s
     0     0 9501.34048    0  722 11078.0275 9501.34048  14.2%     -  702s
     0     0 9502.33936    0  821 11078.0275 9502.33936  14.2%     -  703s
     0     0 9502.33936    0  821 11078.0275 9502.33936  14.2%     -  707s
     0     2 9502.33936    0  821 11078.0275 9502.33936  14.2%     -  723s
     1     4 9507.12907    1  634 11078.0275 9502.37784  14.2%   669  731s
     3     8 9513.47987    2  530 11078.0275 9507.13834  14.2%   815  739s
     7    16 9535.73868    3  487 11078.0275 9513.50933  14.1%  1029  750s
    15    32 9543.42757    4  529 11078.0275 9531.52679  14.0%  1134  757s
    31    52 9558.47825    5  494 11078.0275 9533.26635  13.9%  1047  763s
    51    72 9566.61522    6  583 11078.0275 9533.28658  13.9%  1057  812s
H   54    72                    11005.483793 9533.28658  13.4%  1039  812s
H   64    72                    11005.482906 9533.28658  13.4%  1060  813s
    71    92 9575.57995    7  417 11005.4829 9533.28658  13.4%  1049  816s
   111   143 9581.17872    8  602 11005.4829 9533.28658  13.4%   938  823s
   142   172 9588.63397    9  465 11005.4829 9533.28658  13.4%   876  827s
   175   208 9608.94044   11  504 11005.4829 9533.28658  13.4%   816  830s
   256   290 9806.36123   13  364 11005.4829 9533.28658  13.4%   681  835s
   410   434 10003.4147   15  232 11005.4829 9533.28658  13.4%   524  841s
   551   539 9814.15237   17  224 11005.4829 9533.28658  13.4%   437  845s
   707   654 9867.56490   23  212 11005.4829 9533.28658  13.4%   382  852s
   803   714 9886.35204   24  201 11005.4829 9533.28658  13.4%   354  857s
   980   817 10208.7635   33  126 11005.4829 9533.28658  13.4%   327  862s
H 1005   817                    10974.276067 9533.28658  13.1%   321  862s
H 1098   882                    10945.092150 9533.28658  12.9%   310  864s
  1152   945 10561.5146   53  159 10945.0921 9540.78418  12.8%   309  867s
  1246  1010 9606.62491    6  385 10945.0921 9540.78418  12.8%   304  870s
  1455  1159 9949.73555    9  210 10945.0921 9540.78418  12.8%   292  876s
  1582  1241 9998.90650   10  201 10945.0921 9540.78418  12.8%   284  880s
  1826  1384 9584.41174    6  469 10945.0921 9565.54486  12.6%   277  886s
  1964  1435 9639.49590    8  433 10945.0921 9565.54486  12.6%   272  927s
H 1986  1432                    10919.671429 9565.54486  12.4%   271  927s
  2068  1485 9703.07851   10  265 10919.6714 9565.54486  12.4%   273  931s
  2217  1529 9902.15842   12  140 10919.6714 9565.54486  12.4%   270  935s
H 2328  1529                    10919.671396 9565.54486  12.4%   274  937s
  2329  1530 10695.8646   66  260 10919.6714 9565.54486  12.4%   273 1012s
H 2330  1454                    10919.671360 9565.54486  12.4%   273 1022s
  2332  1455 10811.7357   83  310 10919.6714 9565.54486  12.4%   273 1030s
  2333  1456 9691.72368   12  365 10919.6714 9565.54486  12.4%   273 1037s
  2334  1456 10116.3412   19  450 10919.6714 9565.54486  12.4%   273 1042s
H 2334  1383                    10919.671253 9565.54486  12.4%   273 1045s
  2336  1385 9832.97326   14  579 10919.6713 9565.54486  12.4%   273 1050s
  2337  1385 10120.0147   19  879 10919.6713 9565.54486  12.4%   273 1055s
  2344  1390 9966.30557   39  842 10919.6713 9565.54486  12.4%   272 1062s
  2345  1391 10645.0632   53  915 10919.6713 9565.54486  12.4%   272 1072s
  2347  1392 10318.0530   30  954 10919.6713 9565.54486  12.4%   271 1076s
  2350  1394 10438.4500   34 1051 10919.6713 9565.54486  12.4%   271 1082s
  2351  1395 10522.3896   23  721 10919.6713 9565.54486  12.4%   271 1085s
  2355  1397 9734.19676    9  805 10919.6713 9565.54486  12.4%   270 1091s
  2356  1398 10242.1709   30  861 10919.6713 9565.54486  12.4%   270 1099s
  2357  1399 10093.9850   24  754 10919.6713 9565.54486  12.4%   270 1100s
  2361  1401 9759.46598   17  815 10919.6713 9565.54486  12.4%   270 1105s
  2365  1404 10618.9967   31  840 10919.6713 9565.54486  12.4%   269 1112s
  2367  1405 10068.7273   15  895 10919.6713 9565.54486  12.4%   269 1115s
  2371  1408 9960.24645   21  767 10919.6713 9565.54486  12.4%   269 1120s
  2373  1409 10413.2466   24 1006 10919.6713 9565.54486  12.4%   268 1125s
  2377  1412 10150.1294   35  849 10919.6713 9565.54486  12.4%   268 1130s
  2380  1414 9942.37217   24  852 10919.6713 9565.54486  12.4%   268 1135s
  2385  1417 10522.0379   46  855 10919.6713 9565.54486  12.4%   267 1141s
  2388  1419 9698.91873   11  805 10919.6713 9565.54486  12.4%   267 1146s
  2391  1421 10690.1222   21  836 10919.6713 9565.54486  12.4%   266 1150s
  2392  1422 10292.5508   34  867 10919.6713 9565.54486  12.4%   266 1157s
  2393  1423 10555.4298   25  867 10919.6713 9565.54486  12.4%   266 1160s
  2394  1423 9921.37099   22  867 10919.6713 9565.54486  12.4%   266 1174s
  2395  1427 9568.81244   15  828 10919.6713 9565.54486  12.4%   285 1248s
  2397  1430 9569.05852   16  857 10919.6713 9569.05852  12.4%   286 1307s
  2401  1437 9569.39836   17  878 10919.6713 9569.05939  12.4%   288 1321s
  2409  1450 9575.43739   18  753 10919.6713 9569.40888  12.4%   292 1337s
  2425  1465 9578.46317   19  660 10919.6713 9575.43946  12.3%   298 1362s
  2445  1478 9588.36321   20  662 10919.6713 9578.46904  12.3%   308 1371s
  2465  1490 9596.00067   20  830 10919.6713 9581.02918  12.3%   314 1378s
  2485  1502 9600.66839   21  645 10919.6713 9581.02918  12.3%   320 1381s
  2505  1519 9597.09981   21  576 10919.6713 9581.02918  12.3%   322 1385s
  2567  1554 9608.01369   22  481 10919.6713 9581.02918  12.3%   329 1394s
  2598  1576 9651.48225   23  422 10919.6713 9581.02918  12.3%   331 1397s
  2639  1589 9628.73141   23  556 10919.6713 9581.02918  12.3%   331 1401s
  2730  1623 9982.28663   24  352 10919.6713 9581.02918  12.3%   334 1408s
  2789  1629 9712.41080   25  399 10919.6713 9581.02918  12.3%   332 1412s
  2843  1633 9737.28647   26  364 10919.6713 9581.02918  12.3%   333 1417s
  2889  1647 9729.43547   27  406 10919.6713 9581.02918  12.3%   335 1422s
  2932  1675 9749.40201   28  396 10919.6713 9581.02918  12.3%   339 1425s
  3048  1726 9753.45268   30  373 10919.6713 9581.02918  12.3%   340 1435s
  3201  1798 9768.71922   34  357 10919.6713 9581.02918  12.3%   341 1444s
  3290  1838 9830.69302   35  348 10919.6713 9581.02918  12.3%   340 1448s
  3390  1818 10220.4902   36  194 10919.6713 9581.02918  12.3%   338 1467s
  3412  1881 9789.37066   37  358 10919.6713 9581.02918  12.3%   338 1474s
  3556  1881 9799.48175   38  331 10919.6713 9581.02918  12.3%   332 1479s
  3650  1887 9851.19737   39  265 10919.6713 9581.02918  12.3%   332 1490s
  3751  1917 9870.51522   42  167 10919.6713 9581.02918  12.3%   332 1496s
  3864  1946 9899.56996   46  153 10919.6713 9581.02918  12.3%   332 1568s
  3999  1982 9902.84233   48  167 10919.6713 9581.02918  12.3%   332 1596s
  4127  2034 9976.75622   51  117 10919.6713 9581.02918  12.3%   333 1636s
  4278  2076 10024.1609   58  157 10919.6713 9581.02918  12.3%   331 1643s
  4466  2087     cutoff   67      10919.6713 9590.75469  12.2%   327 1651s
  4637  2110 9637.18736   20  622 10919.6713 9590.75469  12.2%   327 1658s
  4788  2119 9660.87873   21  526 10919.6713 9590.75469  12.2%   329 1665s
  4920  2132 9782.57841   23  345 10919.6713 9590.75469  12.2%   334 1696s
  5011  2152 9670.06991   22  451 10919.6713 9590.75469  12.2%   337 1714s
  5186  2175 9689.93418   22  417 10919.6713 9590.75469  12.2%   336 1722s
  5407  2239 9741.70796   25  362 10919.6713 9590.75469  12.2%   335 1729s
  5637  2329 9704.08129   24  414 10919.6713 9590.75469  12.2%   335 1736s
  5889  2291 10088.8432   30  316 10919.6713 9590.75469  12.2%   332 1750s
  5955  2448     cutoff   33      10919.6713 9596.00682  12.1%   333 1760s
  6309  2354 9895.47269   20  470 10919.6713 9596.00682  12.1%   327 1772s
  6399  2443 9939.68638   21  410 10919.6713 9596.00682  12.1%   326 1787s
  6693  2503 10430.7822   27  170 10919.6713 9618.44597  11.9%   323 1795s
  6994  2720 9656.02146   22  726 10919.6713 9618.49554  11.9%   323 1803s
  7410  2849 9756.78075   26  372 10919.6713 9618.49554  11.9%   317 1854s
  7700  2915 10010.0918   41  222 10919.6713 9618.49554  11.9%   317 1865s
  7858  3217 10089.3123   42  185 10919.6713 9656.02894  11.6%   317 1874s
  8411  3309 9911.48559   23  692 10919.6713 9684.14537  11.3%   308 1885s
  8614  3592 9936.65388   24  572 10919.6713 9684.14537  11.3%   304 1894s
  9096  3817 10222.3441   30  263 10919.6713 9686.91871  11.3%   301 1903s
  9558  4092 9898.60862   25  365 10919.6713 9751.75842  10.7%   300 1914s
 10171  4130 9801.57721   28  431 10919.6713 9776.86564  10.5%   295 1924s
 10328  4263 10115.3356   32  232 10919.6713 9777.92476  10.5%   297 1939s
 10762  4371 10809.3430   28  250 10919.6713 9802.31114  10.2%   299 1959s
 11013  4827 10110.0889   31  253 10919.6713 9803.43264  10.2%   301 1971s
 11792  5001 10410.8891   27  493 10919.6713 9814.64407  10.1%   294 1981s
 12275  5301 10087.3156   25  373 10919.6713 9828.32663  10.0%   292 1993s
 12943  5438 infeasible   66      10919.6713 9830.77343  10.0%   287 2019s
 13381  5438 10886.4595   26  268 10919.6713 9843.19254  9.86%   288 2020s
 13392  5665 10203.8968   53   57 10919.6713 9843.99158  9.85%   288 2031s
 14114  6023 10133.9955   31  268 10919.6713 9850.77557  9.79%   284 2044s
 15002  6265 10846.8999   64   82 10919.6713 9865.77695  9.65%   279 2057s
 15805  6278 10350.9726   30  447 10919.6713 9874.54213  9.57%   277 2088s
 15844  6545 10652.4403   31  522 10919.6713 9874.54213  9.57%   278 2121s
 16637  6826     cutoff   35      10919.6713 9880.24492  9.52%   275 2134s
 17824  7132 10325.8531   26  325 10919.6713 9891.61926  9.41%   268 2149s
 18685  7593 10129.8708   28  469 10919.6713 9901.10108  9.33%   267 2165s
 19763  7999 10689.2175   88   88 10919.6713 9909.79000  9.25%   263 2180s
 20702  8535 10681.8448   35  269 10919.6713 9923.93584  9.12%   262 2195s
 21944  8947 10718.9940   40  103 10919.6713 9931.98904  9.04%   258 2215s
 22998  9201 10415.8450   36  304 10919.6713 9941.35382  8.96%   256 2248s
 24003  9390 infeasible   36      10919.6713 9956.73520  8.82%   256 2274s
 24880  9957 10565.9969   39   46 10919.6713 9971.96568  8.68%   256 2290s
 26585 10411 infeasible   31      10919.6713 9985.69383  8.55%   250 2306s
 27982 10817 10438.2979   42   51 10919.6713 10000.7054  8.42%   247 2323s
 29386 10842 10251.0006   33  332 10919.6713 10015.2895  8.28%   245 2345s
 29589 11115 10672.9536   36  241 10919.6713 10018.5454  8.25%   246 2374s
 30499 12002 10454.3738   29  227 10919.6713 10018.8624  8.25%   246 2392s
 32569 12668 10581.2920   72  114 10919.6713 10042.8803  8.03%   240 2411s
 34379 13382 infeasible   38      10919.6713 10060.6739  7.87%   236 2429s
 36504 14080 10728.1698   27  178 10919.6713 10075.0643  7.73%   231 2448s
 38673 14347     cutoff   26      10919.6713 10087.0582  7.62%   226 2468s
 39627 14924     cutoff   33      10919.6713 10095.4522  7.55%   224 2491s
 41560 15790     cutoff   55      10919.6713 10115.1807  7.37%   222 2511s
 43883 16319 10483.9666   68  116 10919.6713 10129.1266  7.24%   217 2530s
 45440 17087 10698.9010   40   81 10919.6713 10146.4380  7.08%   215 2550s

Cutting planes:
  Gomory: 1
  Cover: 143
  Implied bound: 757
  Projected implied bound: 4
  Clique: 16
  MIR: 127
  StrongCG: 5
  Flow cover: 291
  Inf proof: 6
  Zero half: 79
  RLT: 27
  Relax-and-lift: 1051

Explored 47902 nodes (10269927 simplex iterations) in 3600.20 seconds
Thread count was 20 (of 40 available processors)

Solution count 10: 10919.7 10945.1 10974.3 ... 11607.1

Time limit reached
Best objective 1.091967110904e+04, best bound 1.015650570449e+04, gap 6.9889%
