
Gurobi 9.0.2 (linux64, Python) logging started Sat Dec  5 22:42:56 2020

Using license file /share/apps/gurobi/9.0.2/gurobi_client.lic
Set parameter TokenServer to value 10.1.1.1
Set parameter LogFile to value /storage/users/anderhva/051220-175751/logs/O4-C3-V1-WS1.log
Set parameter LogToConsole to value 0
Changed value of parameter TimeLimit to 3600.0
   Prev: inf  Min: 0.0  Max: inf  Default: inf
Gurobi Optimizer version 9.0.2 build v9.0.2rc0 (linux64)
Optimize a model with 1694 rows, 6062 columns and 29622 nonzeros
Model fingerprint: 0x1119c36b
Variable types: 24 continuous, 6038 integer (6038 binary)
Coefficient statistics:
  Matrix range     [1e+00, 1e+02]
  Objective range  [1e+00, 8e+03]
  Bounds range     [1e+00, 1e+00]
  RHS range        [1e+00, 1e+02]
Presolve removed 150 rows and 380 columns
Presolve time: 0.11s
Presolved: 1544 rows, 5682 columns, 22354 nonzeros
Variable types: 16 continuous, 5666 integer (5666 binary)
Found heuristic solution: objective 17110.919685

Root relaxation: objective 1.844654e+03, 2720 iterations, 0.15 seconds

    Nodes    |    Current Node    |     Objective Bounds      |     Work
 Expl Unexpl |  Obj  Depth IntInf | Incumbent    BestBd   Gap | It/Node Time

     0     0 1867.42093    0   30 17110.9197 1867.42093  89.1%     -    0s
H    0     0                    2688.1045333 1867.42093  30.5%     -    0s

Cutting planes:
  Gomory: 4
  Implied bound: 2
  MIR: 3
  Zero half: 1
  RLT: 12
  Relax-and-lift: 2

Explored 1 nodes (3144 simplex iterations) in 0.60 seconds
Thread count was 20 (of 40 available processors)

Solution count 2: 2688.1 17110.9 

Optimal solution found (tolerance 1.00e-04)
Best objective 2.688104533333e+03, best bound 2.688104533333e+03, gap 0.0000%
