
Gurobi 9.0.2 (linux64, Python) logging started Sat Dec  5 11:30:56 2020

Using license file /share/apps/gurobi/9.0.2/gurobi_client.lic
Set parameter TokenServer to value 10.1.1.1
Set parameter LogFile to value /storage/users/anderhva/051220-103929/logs/O6-C2-V1-WS2.log
Set parameter LogToConsole to value 0
Changed value of parameter TimeLimit to 3600.0
   Prev: inf  Min: 0.0  Max: inf  Default: inf
Gurobi Optimizer version 9.0.2 build v9.0.2rc0 (linux64)
Optimize a model with 760 rows, 2910 columns and 14536 nonzeros
Model fingerprint: 0x7e69f5cb
Variable types: 32 continuous, 2878 integer (2878 binary)
Coefficient statistics:
  Matrix range     [1e+00, 1e+02]
  Objective range  [1e+00, 1e+04]
  Bounds range     [1e+00, 1e+00]
  RHS range        [1e+00, 1e+02]
Presolve removed 311 rows and 1003 columns
Presolve time: 0.10s
Presolved: 449 rows, 1907 columns, 8110 nonzeros
Variable types: 24 continuous, 1883 integer (1881 binary)

Root relaxation: objective 3.414782e+03, 395 iterations, 0.02 seconds

    Nodes    |    Current Node    |     Objective Bounds      |     Work
 Expl Unexpl |  Obj  Depth IntInf | Incumbent    BestBd   Gap | It/Node Time

     0     0 3414.78174    0   10          - 3414.78174      -     -    0s
H    0     0                    3475.5334310 3414.78174  1.75%     -    0s
     0     0     cutoff    0      3475.53343 3475.53343  0.00%     -    0s

Cutting planes:
  Gomory: 2
  Implied bound: 3
  MIR: 3
  Flow cover: 3
  Relax-and-lift: 1

Explored 1 nodes (462 simplex iterations) in 0.18 seconds
Thread count was 20 (of 40 available processors)

Solution count 1: 3475.53 

Optimal solution found (tolerance 1.00e-04)
Best objective 3.475533430952e+03, best bound 3.475533430952e+03, gap 0.0000%
