
Gurobi 9.0.2 (linux64, Python) logging started Sat Dec  5 11:31:00 2020

Using license file /share/apps/gurobi/9.0.2/gurobi_client.lic
Set parameter TokenServer to value 10.1.1.1
Set parameter LogFile to value /storage/users/anderhva/051220-103929/logs/O8-C1-V1-WS2.log
Set parameter LogToConsole to value 0
Changed value of parameter TimeLimit to 3600.0
   Prev: inf  Min: 0.0  Max: inf  Default: inf
Gurobi Optimizer version 9.0.2 build v9.0.2rc0 (linux64)
Optimize a model with 1204 rows, 5816 columns and 31026 nonzeros
Model fingerprint: 0x664a7ab6
Variable types: 40 continuous, 5776 integer (5776 binary)
Coefficient statistics:
  Matrix range     [1e+00, 1e+02]
  Objective range  [1e+00, 1e+04]
  Bounds range     [1e+00, 1e+00]
  RHS range        [1e+00, 1e+02]
Presolve removed 342 rows and 1182 columns
Presolve time: 0.14s
Presolved: 862 rows, 4634 columns, 20578 nonzeros
Variable types: 32 continuous, 4602 integer (4600 binary)
Found heuristic solution: objective 23938.702109

Root relaxation: objective 3.014391e+03, 983 iterations, 0.04 seconds

    Nodes    |    Current Node    |     Objective Bounds      |     Work
 Expl Unexpl |  Obj  Depth IntInf | Incumbent    BestBd   Gap | It/Node Time

     0     0 3014.39112    0   14 23938.7021 3014.39112  87.4%     -    0s
H    0     0                    3459.2806757 3014.39112  12.9%     -    0s
H    0     0                    3453.7147266 3014.39112  12.7%     -    0s
     0     0 3123.95082    0   19 3453.71473 3123.95082  9.55%     -    0s

Cutting planes:
  Implied bound: 3
  MIR: 6
  Flow cover: 1

Explored 1 nodes (1072 simplex iterations) in 0.40 seconds
Thread count was 20 (of 40 available processors)

Solution count 3: 3453.71 3459.28 23938.7 

Optimal solution found (tolerance 1.00e-04)
Best objective 3.453714726587e+03, best bound 3.453714726587e+03, gap 0.0000%
