
Gurobi 9.1.1 (mac64, Python) logging started Sat Feb 20 20:52:34 2021


Gurobi 9.1.1 (mac64, Python) logging started Sat Feb 20 20:54:56 2021


Gurobi 9.1.1 (mac64, Python) logging started Sat Feb 20 20:56:30 2021


Gurobi 9.1.1 (mac64, Python) logging started Sat Feb 20 20:58:48 2021


Gurobi 9.1.1 (mac64, Python) logging started Sat Feb 20 21:00:05 2021

Academic license - for non-commercial use only - expires 2021-04-21
Using license file /Library/gurobi911/mac64/gurobi.lic
Set parameter LogFile to value /Users/andersvandvik/Repositories/project-thesis/output/local/misc/logs/O4-C1-V1-WS0.log
Changed value of parameter TimeLimit to 3600.0
   Prev: inf  Min: 0.0  Max: inf  Default: inf
Gurobi Optimizer version 9.1.1 build v9.1.1rc0 (mac64)
Thread count: 2 physical cores, 4 logical processors, using up to 4 threads
Optimize a model with 1782 rows, 7438 columns and 37590 nonzeros
Model fingerprint: 0x2ed1bfab
Variable types: 24 continuous, 7414 integer (7414 binary)
Coefficient statistics:
  Matrix range     [1e+00, 1e+02]
  Objective range  [1e+00, 7e+03]
  Bounds range     [1e+00, 1e+00]
  RHS range        [1e+00, 1e+02]
Presolve removed 138 rows and 302 columns
Presolve time: 0.23s
Presolved: 1644 rows, 7136 columns, 29230 nonzeros
Variable types: 16 continuous, 7120 integer (7118 binary)
Found heuristic solution: objective 11267.658750

Root relaxation: objective 1.104731e+03, 2038 iterations, 0.20 seconds

    Nodes    |    Current Node    |     Objective Bounds      |     Work
 Expl Unexpl |  Obj  Depth IntInf | Incumbent    BestBd   Gap | It/Node Time

     0     0 1144.22501    0   39 11267.6587 1144.22501  89.8%     -    1s
H    0     0                    1873.4316667 1144.22501  38.9%     -    1s
     0     0     cutoff    0      1873.43167 1873.43167  0.00%     -    1s

Cutting planes:
  Gomory: 3
  Implied bound: 1
  MIR: 3
  Flow cover: 1
  Zero half: 6
  RLT: 13
  Relax-and-lift: 3

Explored 1 nodes (3081 simplex iterations) in 1.13 seconds
Thread count was 4 (of 4 available processors)

Solution count 2: 1873.43 11267.7 

Optimal solution found (tolerance 1.00e-04)
Best objective 1.873431666667e+03, best bound 1.873431666667e+03, gap 0.0000%

    Variable            X 
-------------------------
x_0_63_1_94_0            1 
x_1_94_2_99_0            1 
x_2_99_3_113_0            1 
x_3_113_4_114_0            1 
x_4_114_5_146_0            1 
x_0_63_5_63_1            1 
       u_0_0            1 
       u_1_0            1 
       u_2_0            1 
       u_3_0            1 
       u_4_0            1 
       u_5_0            1 
       u_0_1            1 
       u_5_1            1 
     l_D_0_0        41.25 
     l_D_1_0        26.25 
     l_D_2_0           15 
     l_P_4_0        11.25 
     l_P_5_0        11.25 

Gurobi 9.1.1 (mac64, Python) logging started Sat Feb 20 21:00:25 2021

Academic license - for non-commercial use only - expires 2021-04-21
Using license file /Library/gurobi911/mac64/gurobi.lic
Set parameter LogFile to value /Users/andersvandvik/Repositories/project-thesis/output/local/misc/logs/O4-C1-V1-WS0.log
Changed value of parameter TimeLimit to 3600.0
   Prev: inf  Min: 0.0  Max: inf  Default: inf
Gurobi Optimizer version 9.1.1 build v9.1.1rc0 (mac64)
Thread count: 2 physical cores, 4 logical processors, using up to 4 threads
Optimize a model with 1782 rows, 7438 columns and 37590 nonzeros
Model fingerprint: 0x2ed1bfab
Variable types: 24 continuous, 7414 integer (7414 binary)
Coefficient statistics:
  Matrix range     [1e+00, 1e+02]
  Objective range  [1e+00, 7e+03]
  Bounds range     [1e+00, 1e+00]
  RHS range        [1e+00, 1e+02]
Presolve removed 138 rows and 302 columns
Presolve time: 0.15s
Presolved: 1644 rows, 7136 columns, 29230 nonzeros
Variable types: 16 continuous, 7120 integer (7118 binary)
Found heuristic solution: objective 11267.658750

Root relaxation: objective 1.104731e+03, 2038 iterations, 0.20 seconds

    Nodes    |    Current Node    |     Objective Bounds      |     Work
 Expl Unexpl |  Obj  Depth IntInf | Incumbent    BestBd   Gap | It/Node Time

     0     0 1144.22501    0   39 11267.6587 1144.22501  89.8%     -    0s
H    0     0                    1873.4316667 1144.22501  38.9%     -    0s
     0     0     cutoff    0      1873.43167 1873.43167  0.00%     -    0s

Cutting planes:
  Gomory: 3
  Implied bound: 1
  MIR: 3
  Flow cover: 1
  Zero half: 6
  RLT: 13
  Relax-and-lift: 3

Explored 1 nodes (3081 simplex iterations) in 0.91 seconds
Thread count was 4 (of 4 available processors)

Solution count 2: 1873.43 11267.7 

Optimal solution found (tolerance 1.00e-04)
Best objective 1.873431666667e+03, best bound 1.873431666667e+03, gap 0.0000%

    Variable            X 
-------------------------
x_0_63_1_94_0            1 
x_1_94_2_99_0            1 
x_2_99_3_113_0            1 
x_3_113_4_114_0            1 
x_4_114_5_146_0            1 
x_0_63_5_63_1            1 
       u_0_0            1 
       u_1_0            1 
       u_2_0            1 
       u_3_0            1 
       u_4_0            1 
       u_5_0            1 
       u_0_1            1 
       u_5_1            1 
     l_D_0_0        41.25 
     l_D_1_0        26.25 
     l_D_2_0           15 
     l_P_4_0        11.25 
     l_P_5_0        11.25 
