
Gurobi 9.0.2 (linux64, Python) logging started Sat Dec  5 19:57:36 2020

Using license file /share/apps/gurobi/9.0.2/gurobi_client.lic
Set parameter TokenServer to value 10.1.1.1
Set parameter LogFile to value /storage/users/anderhva/051220-191547/logs/O10-C4-V3-WS0.log
Set parameter LogToConsole to value 0
Changed value of parameter TimeLimit to 3600.0
   Prev: inf  Min: 0.0  Max: inf  Default: inf
Gurobi Optimizer version 9.0.2 build v9.0.2rc0 (linux64)
Optimize a model with 9136 rows, 126004 columns and 720740 nonzeros
Model fingerprint: 0xe80f4383
Variable types: 96 continuous, 125908 integer (125908 binary)
Coefficient statistics:
  Matrix range     [1e+00, 1e+02]
  Objective range  [1e+00, 8e+03]
  Bounds range     [1e+00, 1e+00]
  RHS range        [1e+00, 1e+02]
Presolve removed 610 rows and 2992 columns
Presolve time: 2.12s
Presolved: 8526 rows, 123012 columns, 580724 nonzeros
Variable types: 80 continuous, 122932 integer (122928 binary)

Root simplex log...

Iteration    Objective       Primal Inf.    Dual Inf.      Time
    2850    1.1496076e+03   1.457633e+02   0.000000e+00      5s
   10917    1.2391290e+03   1.100908e+02   0.000000e+00     10s
   18609    1.6853892e+03   2.847682e+03   0.000000e+00     15s
   19111    1.7065931e+03   0.000000e+00   0.000000e+00     16s

Root relaxation: objective 1.706593e+03, 19111 iterations, 11.25 seconds

    Nodes    |    Current Node    |     Objective Bounds      |     Work
 Expl Unexpl |  Obj  Depth IntInf | Incumbent    BestBd   Gap | It/Node Time

     0     0 1706.59312    0  203          - 1706.59312      -     -   17s
H    0     0                    4393.2835417 1706.59312  61.2%     -   27s
H    0     0                    4393.2833172 1706.59312  61.2%     -   30s
H    0     0                    4393.2823949 1706.59312  61.2%     -   30s
H    0     0                    4393.2823159 1706.59312  61.2%     -   30s
     0     0 1849.85703    0  194 4393.28232 1849.85703  57.9%     -   32s
     0     0 2700.13903    0  126 4393.28232 2700.13903  38.5%     -   39s
     0     0 2700.13903    0  202 4393.28232 2700.13903  38.5%     -   59s
     0     0 2700.13903    0  233 4393.28232 2700.13903  38.5%     -   69s
H    0     0                    4393.2820273 2700.13903  38.5%     -   71s
     0     0 2700.26114    0  201 4393.28203 2700.26114  38.5%     -   74s
     0     0 2700.39071    0  189 4393.28203 2700.39071  38.5%     -   74s
     0     0 2800.18839    0  218 4393.28203 2800.18839  36.3%     -   79s
H    0     0                    4258.8053382 2800.18839  34.2%     -   81s
     0     0 2887.39495    0  250 4258.80534 2887.39495  32.2%     -   85s
     0     0 2888.26753    0  231 4258.80534 2888.26753  32.2%     -   86s
     0     0 2888.95667    0  151 4258.80534 2888.95667  32.2%     -   86s
     0     0 2891.22921    0  235 4258.80534 2891.22921  32.1%     -   87s
     0     0 2891.25949    0  275 4258.80534 2891.25949  32.1%     -   88s
     0     0 2906.59728    0  217 4258.80534 2906.59728  31.8%     -   92s
H    0     0                    4258.8045513 2906.59728  31.8%     -   96s
     0     0 2908.33873    0  243 4258.80455 2908.33873  31.7%     -   96s
     0     0 2908.82834    0  194 4258.80455 2908.82834  31.7%     -   97s
     0     0 2909.73769    0  282 4258.80455 2909.73769  31.7%     -   98s
     0     0 2925.67193    0  304 4258.80455 2925.67193  31.3%     -  105s
H    0     0                    4258.8045456 2925.67193  31.3%     -  108s
     0     0 2926.97111    0  230 4258.80455 2926.97111  31.3%     -  109s
     0     0 2927.66173    0  364 4258.80455 2927.66173  31.3%     -  110s
     0     0 2927.71360    0  402 4258.80455 2927.71360  31.3%     -  111s
     0     0 2934.94993    0  254 4258.80455 2934.94993  31.1%     -  114s
     0     0 2935.44715    0  324 4258.80455 2935.44715  31.1%     -  118s
     0     0 2936.64216    0  341 4258.80455 2936.64216  31.0%     -  119s
     0     0 2952.55336    0  303 4258.80455 2952.55336  30.7%     -  123s
     0     0 2952.59092    0  344 4258.80455 2952.59092  30.7%     -  124s
     0     0 2956.62998    0  271 4258.80455 2956.62998  30.6%     -  127s
     0     0 2956.63514    0  312 4258.80455 2956.63514  30.6%     -  129s
     0     0 2960.70697    0  277 4258.80455 2960.70697  30.5%     -  133s
     0     0 2961.24616    0  288 4258.80455 2961.24616  30.5%     -  134s
     0     0 2963.75220    0  243 4258.80455 2963.75220  30.4%     -  138s
H    0     0                    4258.8043572 2963.75220  30.4%     -  143s
     0     0 2963.92594    0  290 4258.80436 2963.92594  30.4%     -  143s
     0     0 2965.86693    0  330 4258.80436 2965.86693  30.4%     -  146s
     0     0 2965.88304    0  351 4258.80436 2965.88304  30.4%     -  147s
     0     0 2974.36568    0  247 4258.80436 2974.36568  30.2%     -  150s
     0     0 2974.36568    0  247 4258.80436 2974.36568  30.2%     -  154s
H    0     0                    4258.8041242 2974.36568  30.2%     -  157s
     0     2 2974.36568    0  247 4258.80412 2974.36568  30.2%     -  162s
     1     4 2976.53789    1  231 4258.80412 2974.47644  30.2%   723  179s
     3     6 2977.49539    2  206 4258.80412 2977.49539  30.1%   515  189s
     7    10 2977.62674    3  205 4258.80412 2977.62674  30.1%   691  193s
    13    14 2985.08989    4  194 4258.80412 2977.65020  30.1%   628  201s
    23    25 3872.21448    5  192 4258.80412 2985.09070  29.9%   703  208s
H   37    33                    4258.8041221 2995.37619  29.7%   659  227s
H   38    33                    4258.8041208 2995.37619  29.7%   668  227s
H   44    33                    4258.8039564 2995.37619  29.7%   675  227s
    77    33 4039.95518    7  118 4258.80396 3050.09135  28.4%   629  232s
    97    33 4040.32297    8  118 4258.80396 3193.91965  25.0%   597  235s
   144    38 4049.73206   11   97 4258.80396 3193.91965  25.0%   522  241s
   204    38     cutoff   14      4258.80396 3193.91965  25.0%   437  245s
   311    20 4123.53927   19  121 4258.80396 3193.91965  25.0%   359  250s
   435     8 4125.65453   12  167 4258.80396 4005.03788  5.96%   306  256s
   496     1 4218.55628   18   96 4258.80396 4218.55628  0.95%   291  260s

Cutting planes:
  Cover: 14
  Implied bound: 155
  Clique: 6
  MIR: 20
  StrongCG: 1
  Flow cover: 8
  Zero half: 6
  RLT: 36
  Relax-and-lift: 144

Explored 514 nodes (228475 simplex iterations) in 261.31 seconds
Thread count was 20 (of 40 available processors)

Solution count 2: 4258.8 4393.28 

Optimal solution found (tolerance 1.00e-04)
Best objective 4.258804319605e+03, best bound 4.258803956390e+03, gap 0.0000%
