
Gurobi 9.0.2 (linux64, Python) logging started Sun Dec  6 12:15:03 2020

Using license file /share/apps/gurobi/9.0.2/gurobi_client.lic
Set parameter TokenServer to value 10.1.1.1
Set parameter LogFile to value /storage/users/anderhva/061220-115738/logs/O10-C2-V5-WS0.log
Set parameter LogToConsole to value 0
Changed value of parameter TimeLimit to 3600.0
   Prev: inf  Min: 0.0  Max: inf  Default: inf
Gurobi Optimizer version 9.0.2 build v9.0.2rc0 (linux64)
Optimize a model with 12572 rows, 165276 columns and 941838 nonzeros
Model fingerprint: 0x5cfe1f41
Variable types: 144 continuous, 165132 integer (165132 binary)
Coefficient statistics:
  Matrix range     [1e+00, 1e+02]
  Objective range  [1e+00, 1e+04]
  Bounds range     [1e+00, 1e+00]
  RHS range        [1e+00, 1e+02]
Presolve removed 844 rows and 4974 columns
Presolve time: 2.76s
Presolved: 11728 rows, 160302 columns, 755022 nonzeros
Variable types: 120 continuous, 160182 integer (160176 binary)

Deterministic concurrent LP optimizer: primal and dual simplex
Showing first log only...


Root simplex log...

Iteration    Objective       Primal Inf.    Dual Inf.      Time
       0    1.6466335e+04   2.400000e+01   6.032452e+09      5s
   35606    1.1823725e+03   0.000000e+00   1.024380e+06     10s
   54023    1.2638784e+03   6.020540e+02   0.000000e+00     15s
   58332    1.3367265e+03   1.177553e+03   0.000000e+00     20s
   61932    1.4128767e+03   1.128403e+02   0.000000e+00     25s
Concurrent spin time: 0.00s

Solved with dual simplex

Root relaxation: objective 1.778129e+03, 24528 iterations, 22.92 seconds

    Nodes    |    Current Node    |     Objective Bounds      |     Work
 Expl Unexpl |  Obj  Depth IntInf | Incumbent    BestBd   Gap | It/Node Time

     0     0 1778.12903    0  126          - 1778.12903      -     -   30s
     0     0 1778.12903    0  165          - 1778.12903      -     -   37s
H    0     0                    4767.8897917 1778.12903  62.7%     -   44s
     0     0 2342.92775    0  153 4767.88979 2342.92775  50.9%     -   47s
     0     0 2387.81023    0  151 4767.88979 2387.81023  49.9%     -   59s
     0     0 2389.22246    0  150 4767.88979 2389.22246  49.9%     -   60s
     0     0 2389.22246    0  151 4767.88979 2389.22246  49.9%     -   60s
     0     0 2432.30198    0  147 4767.88979 2432.30198  49.0%     -   66s
H    0     0                    4744.0991667 2432.30198  48.7%     -   76s
     0     0 2443.82296    0  231 4744.09917 2443.82296  48.5%     -   82s
     0     0 2452.96660    0  203 4744.09917 2452.96660  48.3%     -   86s
     0     0 2453.25967    0  230 4744.09917 2453.25967  48.3%     -   87s
     0     0 2453.95351    0  229 4744.09917 2453.95351  48.3%     -   87s
     0     0 2477.66982    0  166 4744.09917 2477.66982  47.8%     -   95s
H    0     0                    4260.8200000 2477.66982  41.8%     -   96s
     0     0 2492.11489    0  157 4260.82000 2492.11489  41.5%     -   98s
     0     0 2505.68974    0  230 4260.82000 2505.68974  41.2%     -  105s
H    0     0                    4093.4516667 2505.68974  38.8%     -  106s
     0     0 2508.48816    0  185 4093.45167 2508.48816  38.7%     -  108s
     0     0 2523.79239    0  250 4093.45167 2523.79239  38.3%     -  115s
     0     0 2524.27952    0  287 4093.45167 2524.27952  38.3%     -  117s
     0     0 2524.29326    0  288 4093.45167 2524.29326  38.3%     -  118s
     0     0 2532.09642    0  312 4093.45167 2532.09642  38.1%     -  125s
     0     0 2533.57144    0  264 4093.45167 2533.57144  38.1%     -  135s
     0     0 2533.70194    0  218 4093.45167 2533.70194  38.1%     -  136s
     0     0 2533.72085    0  364 4093.45167 2533.72085  38.1%     -  137s
H    0     0                    4001.6533333 2533.72085  36.7%     -  140s
     0     0 2539.50807    0  270 4001.65333 2539.50807  36.5%     -  143s
     0     0 2541.37367    0  305 4001.65333 2541.37367  36.5%     -  149s
     0     0 2542.48661    0  367 4001.65333 2542.48661  36.5%     -  152s
     0     0 2542.73722    0  268 4001.65333 2542.73722  36.5%     -  153s
     0     0 2545.50707    0  207 4001.65333 2545.50707  36.4%     -  158s
     0     0 2545.82281    0  205 4001.65333 2545.82281  36.4%     -  159s
     0     0 2549.78555    0  307 4001.65333 2549.78555  36.3%     -  164s
     0     0 2550.54061    0  386 4001.65333 2550.54061  36.3%     -  167s
     0     0 2550.81963    0  322 4001.65333 2550.81963  36.3%     -  168s
     0     0 2550.86039    0  429 4001.65333 2550.86039  36.3%     -  168s
     0     0 2553.25117    0  304 4001.65333 2553.25117  36.2%     -  173s
     0     0 2555.54434    0  115 4001.65333 2555.54434  36.1%     -  177s
     0     0 2557.89759    0  186 4001.65333 2557.89759  36.1%     -  180s
     0     0 2558.27317    0  272 4001.65333 2558.27317  36.1%     -  181s
     0     0 2558.36125    0  323 4001.65333 2558.36125  36.1%     -  183s
     0     0 2560.39710    0  212 4001.65333 2560.39710  36.0%     -  187s
     0     0 2560.70037    0  263 4001.65333 2560.70037  36.0%     -  190s
H    0     0                    3922.6866667 2560.70037  34.7%     -  191s
     0     0 2563.68900    0  238 3922.68667 2563.68900  34.6%     -  193s
     0     0 2563.68900    0  149 3922.68667 2563.68900  34.6%     -  224s
     0     0 2563.68900    0  137 3922.68667 2563.68900  34.6%     -  233s
     0     0 2563.68900    0  195 3922.68667 2563.68900  34.6%     -  258s
     0     0 2563.68900    0  177 3922.68667 2563.68900  34.6%     -  263s
     0     0 2563.68900    0  253 3922.68667 2563.68900  34.6%     -  267s
     0     0 2563.68900    0  241 3922.68667 2563.68900  34.6%     -  269s
     0     0 2563.68900    0  291 3922.68667 2563.68900  34.6%     -  271s
     0     0 2563.68900    0  184 3922.68667 2563.68900  34.6%     -  273s
     0     0 2568.84064    0  260 3922.68667 2568.84064  34.5%     -  278s
     0     0 2575.89217    0  322 3922.68667 2575.89217  34.3%     -  293s
     0     0 2576.73278    0  398 3922.68667 2576.73278  34.3%     -  295s
     0     0 2577.03007    0  295 3922.68667 2577.03007  34.3%     -  295s
     0     0 2577.57503    0  371 3922.68667 2577.57503  34.3%     -  296s
     0     0 2582.78216    0  344 3922.68667 2582.78216  34.2%     -  302s
     0     0 2584.35006    0  324 3922.68667 2584.35006  34.1%     -  304s
     0     0 2584.43104    0  203 3922.68667 2584.43104  34.1%     -  304s
     0     0 2592.19980    0  254 3922.68667 2592.19980  33.9%     -  307s
     0     0 2593.10673    0  335 3922.68667 2593.10673  33.9%     -  310s
     0     0 2593.45199    0  413 3922.68667 2593.45199  33.9%     -  311s
     0     0 2593.62559    0  424 3922.68667 2593.62559  33.9%     -  312s
     0     0 2593.76977    0  425 3922.68667 2593.76977  33.9%     -  312s
     0     0 2601.95996    0  148 3922.68667 2601.95996  33.7%     -  316s
     0     0 2604.40341    0  310 3922.68667 2604.40341  33.6%     -  320s
     0     0 2604.59234    0  454 3922.68667 2604.59234  33.6%     -  322s
     0     0 2604.69273    0  459 3922.68667 2604.69273  33.6%     -  322s
H    0     0                    3882.2700000 2604.69273  32.9%     -  325s
     0     0 2609.95741    0  294 3882.27000 2609.95741  32.8%     -  327s
     0     0 2610.29253    0  393 3882.27000 2610.29253  32.8%     -  340s
     0     0 2610.30574    0  361 3882.27000 2610.30574  32.8%     -  340s
     0     0 2614.15684    0  302 3882.27000 2614.15684  32.7%     -  343s
     0     0 2614.78869    0  339 3882.27000 2614.78869  32.6%     -  345s
     0     0 2615.09324    0  345 3882.27000 2615.09324  32.6%     -  346s
     0     0 2615.22830    0  416 3882.27000 2615.22830  32.6%     -  347s
     0     0 2618.38533    0  393 3882.27000 2618.38533  32.6%     -  351s
     0     0 2618.39941    0  422 3882.27000 2618.39941  32.6%     -  352s
     0     0 2620.43925    0  399 3882.27000 2620.43925  32.5%     -  355s
     0     0 2620.84042    0  370 3882.27000 2620.84042  32.5%     -  357s
     0     0 2621.06264    0  401 3882.27000 2621.06264  32.5%     -  357s
     0     0 2624.54073    0  353 3882.27000 2624.54073  32.4%     -  358s
     0     0 2625.12154    0  369 3882.27000 2625.12154  32.4%     -  359s
     0     0 2626.34706    0  314 3882.27000 2626.34706  32.4%     -  359s
     0     0 2626.63181    0  304 3882.27000 2626.63181  32.3%     -  360s
     0     0 2628.36821    0  315 3882.27000 2628.36821  32.3%     -  362s
     0     0 2628.52967    0  370 3882.27000 2628.52967  32.3%     -  363s
     0     0 2632.47731    0  345 3882.27000 2632.47731  32.2%     -  367s
     0     0 2632.48011    0  413 3882.27000 2632.48011  32.2%     -  368s
     0     0 2633.83246    0  334 3882.27000 2633.83246  32.2%     -  371s
     0     0 2633.99882    0  337 3882.27000 2633.99882  32.2%     -  372s
     0     0 2638.16461    0  370 3882.27000 2638.16461  32.0%     -  376s
     0     0 2638.16461    0  373 3882.27000 2638.16461  32.0%     -  377s
     0     0 2639.95014    0  287 3882.27000 2639.95014  32.0%     -  380s
     0     0 2640.38417    0  317 3882.27000 2640.38417  32.0%     -  382s
     0     0 2640.55593    0  336 3882.27000 2640.55593  32.0%     -  382s
     0     0 2641.58018    0  273 3882.27000 2641.58018  32.0%     -  384s
     0     0 2641.63843    0  292 3882.27000 2641.63843  32.0%     -  386s
     0     0 2643.22869    0  343 3882.27000 2643.22869  31.9%     -  389s
     0     0 2643.22869    0  341 3882.27000 2643.22869  31.9%     -  395s
     0     2 2643.22869    0  341 3882.27000 2643.22869  31.9%     -  424s
     1     4 2656.22600    1  191 3882.27000 2647.93498  31.8%  1260  439s
     3     8 2662.95950    2  228 3882.27000 2656.28479  31.6%   914  454s
     7    16 2666.79042    3  300 3882.27000 2663.10669  31.4%   942  474s
    15    26 2677.42414    4  293 3882.27000 2666.85211  31.3%  1058  485s
    31    44 2681.55223    5  236 3882.27000 2677.58242  31.0%   831  524s
H   34    44                    3882.2676499 2677.58242  31.0%   793  524s
    51    64 2695.16143    6  295 3882.26765 2681.61686  30.9%   924  537s
    71    82 2744.12898    7  166 3882.26765 2681.61686  30.9%   777  544s
    89    82 3152.85026    7  140 3882.26765 2681.61686  30.9%   734  545s
   111   116 2744.62005    8  112 3882.26765 2681.61686  30.9%   691  558s
   143   143 2788.23647   10  176 3882.26765 2681.61686  30.9%   649  563s
   179   168 2804.56519   12  139 3882.26765 2681.61686  30.9%   587  567s
   216   189 2839.13911   14  118 3882.26765 2681.61686  30.9%   541  570s
   311   228 2902.93024   17   93 3882.26765 2681.61686  30.9%   444  578s
   372   247 2989.50721   19   97 3882.26765 2681.61686  30.9%   412  580s
   504   299 3041.09395   25  123 3882.26765 2681.61686  30.9%   358  585s
   575   326 3068.46942   30   97 3882.26765 2681.61686  30.9%   347  590s
   734   369 3093.33646   38   56 3882.26765 2681.61686  30.9%   317  597s
   844   375     cutoff   39      3882.26765 2735.52455  29.5%   296  606s
   943   375 2839.00451    7  167 3882.26765 2735.52455  29.5%   288  610s
  1040   401 2872.49553    8  147 3882.26765 2735.52455  29.5%   288  615s
  1298   483 3000.87323   10  135 3882.26765 2735.52455  29.5%   261  621s
  1419   554 3444.22065   11  102 3882.26765 2735.52455  29.5%   253  625s
  1608   591 3687.69777   17   84 3882.26765 2735.52455  29.5%   236  630s
  1982   642 3559.72194   13   25 3882.26765 2751.65108  29.1%   215  637s
  2411   767 3803.60456   35   19 3882.26765 2850.49391  26.6%   197  643s
  2699   829 3378.96147    7  206 3882.26765 2850.49391  26.6%   185  646s
  3287   927 3770.46091   18   47 3882.26765 3101.78888  20.1%   167  651s
  3911  1029 3674.58091   12   83 3882.26765 3206.31232  17.4%   156  657s
  4307  1036 3612.85424   12  100 3882.26765 3404.97107  12.3%   148  660s
  5021   807 3834.00083   26   21 3882.26765 3630.01631  6.50%   136  666s
  5820   331     cutoff   23      3882.26765 3671.39502  5.43%   124  671s

Cutting planes:
  Cover: 36
  Implied bound: 211
  Clique: 15
  MIR: 25
  StrongCG: 1
  Flow cover: 16
  GUB cover: 1
  Inf proof: 1
  Zero half: 17
  RLT: 22
  Relax-and-lift: 313

Explored 6718 nodes (841675 simplex iterations) in 674.06 seconds
Thread count was 20 (of 40 available processors)

Solution count 8: 3882.27 3882.27 3922.69 ... 4767.89
No other solutions better than 3882.27

Optimal solution found (tolerance 1.00e-04)
Best objective 3.882267311643e+03, best bound 3.882267311643e+03, gap 0.0000%
