
Gurobi 9.0.2 (linux64, Python) logging started Sat Dec  5 20:02:11 2020

Using license file /share/apps/gurobi/9.0.2/gurobi_client.lic
Set parameter TokenServer to value 10.1.1.1
Set parameter LogFile to value /storage/users/anderhva/051220-191547/logs/O10-C4-V4-WS0.log
Set parameter LogToConsole to value 0
Changed value of parameter TimeLimit to 3600.0
   Prev: inf  Min: 0.0  Max: inf  Default: inf
Gurobi Optimizer version 9.0.2 build v9.0.2rc0 (linux64)
Optimize a model with 11415 rows, 157100 columns and 898490 nonzeros
Model fingerprint: 0xc48d7566
Variable types: 120 continuous, 156980 integer (156980 binary)
Coefficient statistics:
  Matrix range     [1e+00, 1e+02]
  Objective range  [1e+00, 8e+03]
  Bounds range     [1e+00, 1e+00]
  RHS range        [1e+00, 1e+02]
Presolve removed 735 rows and 3680 columns
Presolve time: 2.70s
Presolved: 10680 rows, 153420 columns, 724495 nonzeros
Variable types: 100 continuous, 153320 integer (153315 binary)

Deterministic concurrent LP optimizer: primal and dual simplex
Showing first log only...


Root simplex log...

Iteration    Objective       Primal Inf.    Dual Inf.      Time
       0    2.1159004e+04   1.000000e+01   7.115640e+09      6s
   38776    1.1386284e+03   0.000000e+00   2.992492e+05     10s
   48064    1.2198742e+03   2.513398e+02   0.000000e+00     15s
   53672    1.3070040e+03   4.516474e+02   0.000000e+00     20s
   57792    1.3506149e+03   1.747125e+03   0.000000e+00     25s
   64692    1.5723331e+03   2.436972e+04   0.000000e+00     30s
Concurrent spin time: 0.96s

Solved with dual simplex

Root relaxation: objective 1.702275e+03, 29781 iterations, 27.36 seconds

    Nodes    |    Current Node    |     Objective Bounds      |     Work
 Expl Unexpl |  Obj  Depth IntInf | Incumbent    BestBd   Gap | It/Node Time

     0     0 1702.27452    0  240          - 1702.27452      -     -   37s
H    0     0                    4245.0554167 1702.27452  59.9%     -   53s
     0     0 1856.89821    0  166 4245.05542 1856.89821  56.3%     -   56s
     0     0 2713.85817    0  222 4245.05542 2713.85817  36.1%     -   67s
     0     0 2713.85817    0  209 4245.05542 2713.85817  36.1%     -   98s
     0     0 2713.85817    0  217 4245.05542 2713.85817  36.1%     -  108s
     0     0 2713.85817    0  233 4245.05542 2713.85817  36.1%     -  119s
     0     0 2713.85817    0  228 4245.05542 2713.85817  36.1%     -  120s
     0     0 2773.44478    0  134 4245.05542 2773.44478  34.7%     -  130s
     0     0 2784.76601    0  237 4245.05542 2784.76601  34.4%     -  141s
     0     0 2786.44456    0  246 4245.05542 2786.44456  34.4%     -  143s
     0     0 2791.18217    0  272 4245.05542 2791.18217  34.2%     -  145s
     0     0 2791.36340    0  280 4245.05542 2791.36340  34.2%     -  146s
     0     0 2821.48188    0  393 4245.05542 2821.48188  33.5%     -  158s
     0     0 2828.61411    0  304 4245.05542 2828.61411  33.4%     -  169s
     0     0 2828.93202    0  329 4245.05542 2828.93202  33.4%     -  171s
     0     0 2835.27809    0  394 4245.05542 2835.27809  33.2%     -  179s
     0     0 2836.71453    0  380 4245.05542 2836.71453  33.2%     -  181s
     0     0 2836.94285    0  393 4245.05542 2836.94285  33.2%     -  182s
     0     0 2841.30883    0  291 4245.05542 2841.30883  33.1%     -  189s
     0     0 2841.84494    0  295 4245.05542 2841.84494  33.1%     -  190s
     0     0 2843.96480    0  324 4245.05542 2843.96480  33.0%     -  196s
     0     0 2844.27213    0  363 4245.05542 2844.27213  33.0%     -  198s
     0     0 2848.97394    0  418 4245.05542 2848.97394  32.9%     -  205s
     0     0 2849.26462    0  474 4245.05542 2849.26462  32.9%     -  207s
     0     0 2854.71620    0  308 4245.05542 2854.71620  32.8%     -  213s
     0     0 2855.62108    0  344 4245.05542 2855.62108  32.7%     -  228s
     0     0 2855.62141    0  362 4245.05542 2855.62141  32.7%     -  228s
     0     0 2858.53251    0  300 4245.05542 2858.53251  32.7%     -  233s
     0     0 2859.10253    0  376 4245.05542 2859.10253  32.6%     -  235s
     0     0 2859.13317    0  394 4245.05542 2859.13317  32.6%     -  236s
     0     0 2866.66243    0  362 4245.05542 2866.66243  32.5%     -  246s
     0     0 2868.14702    0  416 4245.05542 2868.14702  32.4%     -  248s
     0     0 2868.24182    0  421 4245.05542 2868.24182  32.4%     -  249s
     0     0 2872.69063    0  336 4245.05542 2872.69063  32.3%     -  255s
     0     0 2873.63186    0  493 4245.05542 2873.63186  32.3%     -  259s
     0     0 2873.98051    0  328 4245.05542 2873.98051  32.3%     -  260s
     0     0 2874.30126    0  413 4245.05542 2874.30126  32.3%     -  262s
     0     0 2876.75650    0  322 4245.05542 2876.75650  32.2%     -  268s
     0     0 2876.79859    0  333 4245.05542 2876.79859  32.2%     -  269s
     0     0 2878.57473    0  458 4245.05542 2878.57473  32.2%     -  277s
     0     0 2883.66558    0  419 4245.05542 2883.66558  32.1%     -  284s
     0     0 2884.04831    0  552 4245.05542 2884.04831  32.1%     -  288s
     0     0 2884.04831    0  552 4245.05542 2884.04831  32.1%     -  288s
     0     0 2888.26991    0  394 4245.05542 2888.26991  32.0%     -  295s
     0     0 2888.54457    0  425 4245.05542 2888.54457  32.0%     -  297s
     0     0 2892.21436    0  387 4245.05542 2892.21436  31.9%     -  302s
     0     0 2892.36307    0  603 4245.05542 2892.36307  31.9%     -  306s
     0     0 2896.11188    0  548 4245.05542 2896.11188  31.8%     -  315s
     0     0 2896.16952    0  489 4245.05542 2896.16952  31.8%     -  316s
     0     0 2899.74573    0  579 4245.05542 2899.74573  31.7%     -  326s
H    0     0                    4245.0550910 2899.74573  31.7%     -  360s
     0     0 2899.98241    0  435 4245.05509 2899.98241  31.7%     -  360s
     0     0 2902.93024    0  511 4245.05509 2902.93024  31.6%     -  368s
     0     0 2903.90118    0  594 4245.05509 2903.90118  31.6%     -  370s
     0     0 2907.72568    0  562 4245.05509 2907.72568  31.5%     -  378s
     0     0 2908.07820    0  740 4245.05509 2908.07820  31.5%     -  382s
     0     0 2908.17518    0  749 4245.05509 2908.17518  31.5%     -  382s
     0     0 2913.87655    0  527 4245.05509 2913.87655  31.4%     -  391s
     0     0 2914.11461    0  448 4245.05509 2914.11461  31.4%     -  392s
     0     0 2916.12831    0  502 4245.05509 2916.12831  31.3%     -  396s
     0     0 2916.40422    0  585 4245.05509 2916.40422  31.3%     -  398s
     0     0 2922.03030    0  389 4245.05509 2922.03030  31.2%     -  403s
     0     0 2922.66062    0  416 4245.05509 2922.66062  31.2%     -  405s
     0     0 2925.43250    0  550 4245.05509 2925.43250  31.1%     -  410s
     0     0 2925.43250    0  546 4245.05509 2925.43250  31.1%     -  420s
H    0     0                    4245.0550349 2925.43250  31.1%     -  429s
     0     2 2925.43250    0  546 4245.05503 2925.43250  31.1%     -  437s
     1     4 2928.04313    1  287 4245.05503 2928.04313  31.0%   709  454s
     3     8 2949.45432    2  282 4245.05503 2928.22222  31.0%  1243  466s
     7    14 2963.21401    3  289 4245.05503 2949.51085  30.5%  1571  478s
    15    18 2993.11929    4  290 4245.05503 2955.79721  30.4%  1339  492s
    29    30 2994.91623    5  284 4245.05503 2962.42000  30.2%  1113  502s
    47    35 3017.62588    6  251 4245.05503 2994.91779  29.4%  1114  509s
    67    41 3125.33413    7  193 4245.05503 3017.66179  28.9%   911  520s
   107    48 3276.50316    9  207 4245.05503 3017.66179  28.9%   867  529s
   134    49 infeasible    9      4245.05503 3017.66179  28.9%   764  536s
   196    50 3324.63983   11  258 4245.05503 3017.66179  28.9%   617  543s
   226    53 3328.57668   12  225 4245.05503 3017.66179  28.9%   574  547s
   262    59 infeasible   13      4245.05503 3017.66179  28.9%   536  554s
   306    48 3662.18162   12   73 4245.05503 3017.66179  28.9%   495  559s
   342    52 4093.86293   12   50 4245.05503 3017.66179  28.9%   495  564s
   383    44 3921.48645   14   69 4245.05503 3017.66179  28.9%   470  569s
   423    52 3972.91231   18   76 4245.05503 3017.66179  28.9%   457  571s
   478    39 infeasible   19      4245.05503 3110.65421  26.7%   430  585s
H  536    36                    4245.0537759 3110.65421  26.7%   407  638s
H  542    36                    4245.0537751 3110.65421  26.7%   407  638s
   563    31 3671.11400    8  163 4245.05378 3110.65421  26.7%   405  644s
   621    35 4020.20945    9  118 4245.05378 3110.65421  26.7%   386  647s
   683    42 4023.44313   10   71 4245.05378 3110.65421  26.7%   366  650s
   825    27 3954.31386   13  108 4245.05378 3542.89098  16.5%   325  655s
   980     7 3725.91725   23  102 4245.05378 3677.68776  13.4%   290  660s
  1054     2     cutoff   34      4245.05378 3784.65106  10.8%   273  665s
  1079     2 3887.12785   54  105 4245.05378 3887.12785  8.43%   269  670s

Cutting planes:
  Cover: 28
  Implied bound: 372
  Clique: 12
  MIR: 17
  StrongCG: 1
  Flow cover: 12
  Zero half: 4
  RLT: 26
  Relax-and-lift: 374

Explored 1088 nodes (422096 simplex iterations) in 671.73 seconds
Thread count was 20 (of 40 available processors)

Solution count 1: 4245.05 
No other solutions better than 4245.05

Optimal solution found (tolerance 1.00e-04)
Best objective 4.245053456439e+03, best bound 4.245053456439e+03, gap 0.0000%
