
Gurobi 9.0.2 (linux64, Python) logging started Sat Dec  5 19:33:55 2020

Using license file /share/apps/gurobi/9.0.2/gurobi_client.lic
Set parameter TokenServer to value 10.1.1.1
Set parameter LogFile to value /storage/users/anderhva/051220-191547/logs/O10-C2-V3-WS0.log
Set parameter LogToConsole to value 0
Changed value of parameter TimeLimit to 3600.0
   Prev: inf  Min: 0.0  Max: inf  Default: inf
Gurobi Optimizer version 9.0.2 build v9.0.2rc0 (linux64)
Optimize a model with 8376 rows, 110584 columns and 630148 nonzeros
Model fingerprint: 0x7fd2d607
Variable types: 96 continuous, 110488 integer (110488 binary)
Coefficient statistics:
  Matrix range     [1e+00, 1e+02]
  Objective range  [1e+00, 1e+04]
  Bounds range     [1e+00, 1e+00]
  RHS range        [1e+00, 1e+02]
Presolve removed 578 rows and 3480 columns
Presolve time: 1.84s
Presolved: 7798 rows, 107104 columns, 504060 nonzeros
Variable types: 80 continuous, 107024 integer (107020 binary)

Root simplex log...

Iteration    Objective       Primal Inf.    Dual Inf.      Time
    6092    1.2995535e+03   2.227831e+02   0.000000e+00      5s
   12842    1.6031715e+03   3.748798e+02   0.000000e+00     10s
   18113    1.8339804e+03   0.000000e+00   0.000000e+00     15s

Root relaxation: objective 1.833980e+03, 18113 iterations, 11.35 seconds

    Nodes    |    Current Node    |     Objective Bounds      |     Work
 Expl Unexpl |  Obj  Depth IntInf | Incumbent    BestBd   Gap | It/Node Time

     0     0 1833.98045    0  194          - 1833.98045      -     -   16s
     0     0 2442.48705    0  133          - 2442.48705      -     -   22s
     0     0 2453.11078    0  181          - 2453.11078      -     -   24s
     0     0 2454.45982    0  181          - 2454.45982      -     -   25s
     0     0 2457.91725    0  133          - 2457.91725      -     -   25s
H    0     0                    22717.396667 2457.91725  89.2%     -   26s
H    0     0                    4136.2583333 2457.91725  40.6%     -   28s
     0     0 2540.58691    0  140 4136.25833 2540.58691  38.6%     -   28s
     0     0 2547.41180    0  117 4136.25833 2547.41180  38.4%     -   31s
     0     0 2553.23520    0  132 4136.25833 2553.23520  38.3%     -   33s
     0     0 2553.23520    0  174 4136.25833 2553.23520  38.3%     -   45s
     0     0 2553.23520    0  152 4136.25833 2553.23520  38.3%     -   53s
     0     0 2553.23520    0  170 4136.25833 2553.23520  38.3%     -   58s
     0     0 2556.33330    0  201 4136.25833 2556.33330  38.2%     -   59s
     0     0 2557.46982    0  180 4136.25833 2557.46982  38.2%     -   60s
     0     0 2557.81110    0  180 4136.25833 2557.81110  38.2%     -   60s
H    0     0                    4072.8916667 2557.81110  37.2%     -   62s
     0     0 2582.86484    0  106 4072.89167 2582.86484  36.6%     -   63s
     0     0 2586.29714    0  147 4072.89167 2586.29714  36.5%     -   64s
     0     0 2593.67871    0  155 4072.89167 2593.67871  36.3%     -   64s
     0     0 2594.68161    0  175 4072.89167 2594.68161  36.3%     -   65s
     0     0 2594.68161    0  178 4072.89167 2594.68161  36.3%     -   65s
     0     0 2610.03906    0  152 4072.89167 2610.03906  35.9%     -   68s
H    0     0                    4012.3866667 2610.03906  35.0%     -   71s
     0     0 2613.95150    0  146 4012.38667 2613.95150  34.9%     -   72s
     0     0 2614.83007    0  125 4012.38667 2614.83007  34.8%     -   73s
     0     0 2615.38951    0  199 4012.38667 2615.38951  34.8%     -   74s
     0     0 2627.70930    0  193 4012.38667 2627.70930  34.5%     -   76s
     0     0 2628.02119    0  196 4012.38667 2628.02119  34.5%     -   76s
     0     0 2647.83731    0  133 4012.38667 2647.83731  34.0%     -   79s
     0     0 2650.12402    0  204 4012.38667 2650.12402  34.0%     -   80s
     0     0 2650.42157    0  167 4012.38667 2650.42157  33.9%     -   80s
     0     0 2656.40620    0  198 4012.38667 2656.40620  33.8%     -   82s
     0     0 2656.50846    0  210 4012.38667 2656.50846  33.8%     -   83s
     0     0 2661.22657    0  243 4012.38667 2661.22657  33.7%     -   85s
     0     0 2661.33747    0  281 4012.38667 2661.33747  33.7%     -   86s
     0     0 2665.76498    0  139 4012.38667 2665.76498  33.6%     -   88s
     0     0 2666.16591    0  283 4012.38667 2666.16591  33.6%     -   89s
     0     0 2666.16743    0  310 4012.38667 2666.16743  33.6%     -   90s
     0     0 2675.67135    0  270 4012.38667 2675.67135  33.3%     -   92s
     0     0 2677.45005    0  219 4012.38667 2677.45005  33.3%     -   93s
     0     0 2677.59359    0  181 4012.38667 2677.59359  33.3%     -   93s
     0     0 2679.79905    0  279 4012.38667 2679.79905  33.2%     -   96s
     0     0 2679.94604    0  282 4012.38667 2679.94604  33.2%     -   96s
     0     0 2682.11556    0  186 4012.38667 2682.11556  33.2%     -   98s
H    0     0                    3945.6658333 2682.11556  32.0%     -  102s
     0     0 2682.56072    0  239 3945.66583 2682.56072  32.0%     -  103s
     0     0 2682.56119    0  234 3945.66583 2682.56119  32.0%     -  103s
     0     0 2688.35122    0  279 3945.66583 2688.35122  31.9%     -  105s
     0     0 2688.50548    0  294 3945.66583 2688.50548  31.9%     -  107s
     0     0 2690.21943    0  191 3945.66583 2690.21943  31.8%     -  108s
     0     0 2690.53907    0  230 3945.66583 2690.53907  31.8%     -  109s
     0     0 2690.99827    0  184 3945.66583 2690.99827  31.8%     -  109s
     0     0 2692.32445    0  288 3945.66583 2692.32445  31.8%     -  110s
     0     0 2695.00410    0  262 3945.66583 2695.00410  31.7%     -  112s
     0     0 2695.90234    0  253 3945.66583 2695.90234  31.7%     -  113s
     0     0 2695.91790    0  273 3945.66583 2695.91790  31.7%     -  114s
     0     0 2699.09008    0  241 3945.66583 2699.09008  31.6%     -  115s
     0     0 2699.15553    0  249 3945.66583 2699.15553  31.6%     -  116s
     0     0 2721.36312    0  111 3945.66583 2721.36312  31.0%     -  117s
     0     0 2721.56677    0  118 3945.66583 2721.56677  31.0%     -  118s
     0     0 2721.56677    0  115 3945.66583 2721.56677  31.0%     -  118s
     0     0 2723.39538    0  139 3945.66583 2723.39538  31.0%     -  119s
     0     0 2724.65798    0  244 3945.66583 2724.65798  30.9%     -  120s
     0     0 2724.81112    0  204 3945.66583 2724.81112  30.9%     -  120s
     0     0 2728.16101    0  130 3945.66583 2728.16101  30.9%     -  121s
     0     0 2728.16101    0  131 3945.66583 2728.16101  30.9%     -  122s
     0     0 2732.88570    0  116 3945.66583 2732.88570  30.7%     -  122s
     0     0 2733.20078    0  167 3945.66583 2733.20078  30.7%     -  123s
     0     0 2733.20078    0  170 3945.66583 2733.20078  30.7%     -  123s
     0     0 2734.90164    0  125 3945.66583 2734.90164  30.7%     -  124s
     0     0 2734.92421    0  140 3945.66583 2734.92421  30.7%     -  125s
     0     0 2736.17329    0  130 3945.66583 2736.17329  30.7%     -  126s
     0     0 2736.17329    0  130 3945.66583 2736.17329  30.7%     -  128s
H    0     0                    3945.6656989 2736.17329  30.7%     -  136s
     0     0 2736.17329    0  165 3945.66570 2736.17329  30.7%     -  147s
H    0     0                    3945.6655021 2736.17329  30.7%     -  149s
     0     0 2736.17329    0  148 3945.66550 2736.17329  30.7%     -  154s
H    0     0                    3945.6654925 2736.17329  30.7%     -  156s
     0     0 2736.17329    0  220 3945.66549 2736.17329  30.7%     -  160s
     0     0 2736.17329    0  177 3945.66549 2736.17329  30.7%     -  163s
     0     0 2736.17329    0  183 3945.66549 2736.17329  30.7%     -  165s
     0     0 2736.17329    0  148 3945.66549 2736.17329  30.7%     -  166s
     0     0 2736.17329    0  122 3945.66549 2736.17329  30.7%     -  166s
     0     0 2736.17329    0  128 3945.66549 2736.17329  30.7%     -  167s
     0     0 2736.17329    0  173 3945.66549 2736.17329  30.7%     -  167s
     0     0 2736.17329    0  128 3945.66549 2736.17329  30.7%     -  167s
     0     0 2747.87707    0  126 3945.66549 2747.87707  30.4%     -  168s
     0     0 2751.77272    0  196 3945.66549 2751.77272  30.3%     -  172s
     0     0 2752.29973    0  208 3945.66549 2752.29973  30.2%     -  172s
     0     0 2752.30025    0  209 3945.66549 2752.30025  30.2%     -  172s
     0     0 2756.14521    0  236 3945.66549 2756.14521  30.1%     -  174s
     0     0 2757.50762    0  217 3945.66549 2757.50762  30.1%     -  177s
     0     0 2757.88752    0  212 3945.66549 2757.88752  30.1%     -  178s
     0     0 2758.04776    0  236 3945.66549 2758.04776  30.1%     -  178s
     0     0 2760.34284    0  261 3945.66549 2760.34284  30.0%     -  179s
     0     0 2760.44349    0  238 3945.66549 2760.44349  30.0%     -  180s
     0     0 2761.01727    0  205 3945.66549 2761.01727  30.0%     -  181s
     0     0 2761.18418    0  264 3945.66549 2761.18418  30.0%     -  181s
     0     0 2763.44594    0  223 3945.66549 2763.44594  30.0%     -  182s
     0     0 2764.22512    0  227 3945.66549 2764.22512  29.9%     -  183s
     0     0 2764.35743    0  217 3945.66549 2764.35743  29.9%     -  183s
     0     0 2764.73021    0  216 3945.66549 2764.73021  29.9%     -  183s
     0     0 2764.75022    0  208 3945.66549 2764.75022  29.9%     -  184s
     0     0 2765.70514    0  289 3945.66549 2765.70514  29.9%     -  185s
     0     0 2765.70514    0  289 3945.66549 2765.70514  29.9%     -  188s
     0     0 2765.70514    0  175 3945.66549 2765.70514  29.9%     -  202s
     0     0 2765.70514    0  142 3945.66549 2765.70514  29.9%     -  207s
     0     0 2765.70514    0  186 3945.66549 2765.70514  29.9%     -  212s
     0     0 2765.70514    0  160 3945.66549 2765.70514  29.9%     -  215s
H    0     0                    3945.6652584 2765.70514  29.9%     -  217s
     0     0 2765.70514    0  117 3945.66526 2765.70514  29.9%     -  217s
     0     0 2765.70514    0  204 3945.66526 2765.70514  29.9%     -  218s
     0     0 2765.70514    0  350 3945.66526 2765.70514  29.9%     -  218s
     0     0 2765.70514    0  196 3945.66526 2765.70514  29.9%     -  219s
     0     0 2768.29224    0  388 3945.66526 2768.29224  29.8%     -  220s
     0     0 2769.03087    0  332 3945.66526 2769.03087  29.8%     -  223s
     0     0 2770.72805    0  265 3945.66526 2770.72805  29.8%     -  224s
     0     0 2770.80482    0  269 3945.66526 2770.80482  29.8%     -  224s
     0     0 2773.49783    0  401 3945.66526 2773.49783  29.7%     -  225s
     0     0 2773.67247    0  308 3945.66526 2773.67247  29.7%     -  229s
     0     0 2777.33501    0  394 3945.66526 2777.33501  29.6%     -  230s
     0     0 2777.37787    0  373 3945.66526 2777.37787  29.6%     -  230s
     0     0 2777.84918    0  345 3945.66526 2777.84918  29.6%     -  231s
     0     0 2777.86560    0  349 3945.66526 2777.86560  29.6%     -  232s
     0     0 2777.99797    0  420 3945.66526 2777.99797  29.6%     -  232s
     0     0 2779.12405    0  375 3945.66526 2779.12405  29.6%     -  233s
     0     0 2779.95425    0  479 3945.66526 2779.95425  29.5%     -  234s
     0     0 2780.47889    0  432 3945.66526 2780.47889  29.5%     -  234s
     0     0 2780.56074    0  460 3945.66526 2780.56074  29.5%     -  234s
     0     0 2785.42032    0  280 3945.66526 2785.42032  29.4%     -  235s
     0     0 2785.55438    0  313 3945.66526 2785.55438  29.4%     -  235s
     0     0 2787.25349    0  372 3945.66526 2787.25349  29.4%     -  236s
     0     0 2787.39202    0  398 3945.66526 2787.39202  29.4%     -  237s
     0     0 2787.77477    0  373 3945.66526 2787.77477  29.3%     -  237s
     0     0 2788.72215    0  435 3945.66526 2788.72215  29.3%     -  238s
     0     0 2788.77280    0  434 3945.66526 2788.77280  29.3%     -  238s
     0     0 2788.92415    0  457 3945.66526 2788.92415  29.3%     -  239s
     0     0 2788.92415    0  448 3945.66526 2788.92415  29.3%     -  243s
     0     2 2788.92415    0  448 3945.66526 2788.92415  29.3%     -  248s
     1     4 2794.01404    1  349 3945.66526 2794.01404  29.2%   251  254s
     3     8 2851.11476    2  293 3945.66526 2794.37930  29.2%   732  265s
     7    14 2906.19468    3  170 3945.66526 2833.03221  28.2%   821  270s
    15    21 2969.70588    4  266 3945.66526 2839.72514  28.0%   837  276s
    29    37 2982.14404    5  199 3945.66526 2911.44818  26.2%   760  284s
H   31    37                    3898.4200000 2911.90378  25.3%   720  284s
H   43    37                    3898.4198679 2911.90378  25.3%   684  284s
    49    47 2987.97747    6  216 3898.41987 2911.90378  25.3%   721  286s
   109    79 3027.42052    8  199 3898.41987 2921.75925  25.1%   461  291s
   200   105 3071.26529   13  101 3898.41987 2921.75925  25.1%   347  295s
   381   125 3631.31963   16  131 3898.41987 2921.75925  25.1%   279  300s
   733   156     cutoff   32      3898.41987 2966.11068  23.9%   188  305s
  1497    41     cutoff    9      3898.41987 3578.71541  8.20%   117  310s

Cutting planes:
  Cover: 18
  Implied bound: 88
  Clique: 4
  MIR: 7
  Flow cover: 6
  Zero half: 35
  RLT: 10
  Relax-and-lift: 71

Explored 1786 nodes (295005 simplex iterations) in 312.73 seconds
Thread count was 20 (of 40 available processors)

Solution count 7: 3898.42 3945.67 3945.67 ... 22717.4
No other solutions better than 3898.42

Optimal solution found (tolerance 1.00e-04)
Best objective 3.898419802345e+03, best bound 3.898419802345e+03, gap 0.0000%
