
Gurobi 9.0.2 (linux64, Python) logging started Sat Dec  5 19:50:45 2020

Using license file /share/apps/gurobi/9.0.2/gurobi_client.lic
Set parameter TokenServer to value 10.1.1.1
Set parameter LogFile to value /storage/users/anderhva/051220-191547/logs/O10-C3-V4-WS0.log
Set parameter LogToConsole to value 0
Changed value of parameter TimeLimit to 3600.0
   Prev: inf  Min: 0.0  Max: inf  Default: inf
Gurobi Optimizer version 9.0.2 build v9.0.2rc0 (linux64)
Optimize a model with 10390 rows, 152790 columns and 873280 nonzeros
Model fingerprint: 0x08513c7d
Variable types: 120 continuous, 152670 integer (152670 binary)
Coefficient statistics:
  Matrix range     [1e+00, 1e+02]
  Objective range  [1e+00, 1e+04]
  Bounds range     [1e+00, 1e+00]
  RHS range        [1e+00, 1e+02]
Presolve removed 895 rows and 6430 columns
Presolve time: 2.71s
Presolved: 9495 rows, 146360 columns, 693395 nonzeros
Variable types: 100 continuous, 146260 integer (146255 binary)

Root simplex log...

Iteration    Objective       Primal Inf.    Dual Inf.      Time
     786    1.8326133e+03   2.468750e+01   0.000000e+00      5s
   10452    2.0003218e+03   1.837505e+02   0.000000e+00     10s
   14366    2.0496478e+03   2.033594e+02   0.000000e+00     15s
   18066    2.1589388e+03   2.178960e+04   0.000000e+00     20s
   23128    2.2595660e+03   2.035552e+03   0.000000e+00     25s
   26668    2.3410305e+03   4.652847e+03   0.000000e+00     30s
   30528    2.3961314e+03   1.000551e+03   0.000000e+00     35s
   33798    2.4296072e+03   5.609098e+02   0.000000e+00     40s
   36998    2.4735882e+03   6.411028e+02   0.000000e+00     45s
   38978    2.4866596e+03   0.000000e+00   0.000000e+00     48s

Root relaxation: objective 2.486660e+03, 38978 iterations, 43.54 seconds

    Nodes    |    Current Node    |     Objective Bounds      |     Work
 Expl Unexpl |  Obj  Depth IntInf | Incumbent    BestBd   Gap | It/Node Time

     0     0 2486.65962    0  102          - 2486.65962      -     -   50s
H    0     0                    4523.8632469 2486.65962  45.0%     -   54s
H    0     0                    4523.8625641 2486.65962  45.0%     -   57s
H    0     0                    4523.8620226 2486.65962  45.0%     -   58s
     0     0 2486.65962    0  118 4523.86202 2486.65962  45.0%     -   60s
     0     0 2486.65962    0  130 4523.86202 2486.65962  45.0%     -   90s
H    0     0                    4523.8619788 2486.65962  45.0%     -   94s
     0     0 2639.03411    0  125 4523.86198 2639.03411  41.7%     -  101s
     0     0 2642.77553    0  136 4523.86198 2642.77553  41.6%     -  109s
     0     0 3152.87179    0  154 4523.86198 3152.87179  30.3%     -  116s
     0     0 3173.38383    0  124 4523.86198 3173.38383  29.9%     -  118s
     0     0 3174.48536    0  135 4523.86198 3174.48536  29.8%     -  119s
     0     0 3174.94516    0  129 4523.86198 3174.94516  29.8%     -  119s
     0     0 3205.00956    0   99 4523.86198 3205.00956  29.2%     -  121s
     0     0 3205.76965    0  114 4523.86198 3205.76965  29.1%     -  130s
     0     0 3219.43644    0  131 4523.86198 3219.43644  28.8%     -  133s
     0     0 3225.27911    0  113 4523.86198 3225.27911  28.7%     -  134s
     0     0 3248.87825    0  123 4523.86198 3248.87825  28.2%     -  137s
     0     0 3250.09722    0  202 4523.86198 3250.09722  28.2%     -  139s
     0     0 3252.53149    0  168 4523.86198 3252.53149  28.1%     -  139s
     0     0 3253.70836    0  180 4523.86198 3253.70836  28.1%     -  140s
     0     0 3254.11027    0  184 4523.86198 3254.11027  28.1%     -  141s
     0     0 3255.23214    0  187 4523.86198 3255.23214  28.0%     -  142s
H    0     0                    4445.2383333 3255.23214  26.8%     -  144s
     0     0 3285.67209    0  159 4445.23833 3285.67209  26.1%     -  145s
H    0     0                    4445.1083333 3285.67209  26.1%     -  146s
     0     0 3288.23364    0   74 4445.10833 3288.23364  26.0%     -  146s
     0     0 3289.65083    0  152 4445.10833 3289.65083  26.0%     -  147s
     0     0 3289.65195    0  167 4445.10833 3289.65195  26.0%     -  147s
     0     0 3302.83152    0  123 4445.10833 3302.83152  25.7%     -  150s
     0     0 3303.73919    0  220 4445.10833 3303.73919  25.7%     -  151s
     0     0 3303.74428    0  223 4445.10833 3303.74428  25.7%     -  151s
     0     0 3319.60399    0  173 4445.10833 3319.60399  25.3%     -  154s
     0     0 3321.01447    0  139 4445.10833 3321.01447  25.3%     -  156s
     0     0 3322.10233    0  161 4445.10833 3322.10233  25.3%     -  157s
     0     0 3333.24508    0  109 4445.10833 3333.24508  25.0%     -  159s
     0     0 3333.31012    0  178 4445.10833 3333.31012  25.0%     -  161s
     0     0 3336.65295    0  190 4445.10833 3336.65295  24.9%     -  163s
     0     0 3336.65418    0  195 4445.10833 3336.65418  24.9%     -  163s
     0     0 3343.98479    0  170 4445.10833 3343.98479  24.8%     -  166s
     0     0 3348.66302    0  220 4445.10833 3348.66302  24.7%     -  168s
     0     0 3348.66960    0  191 4445.10833 3348.66960  24.7%     -  168s
     0     0 3354.28995    0  322 4445.10833 3354.28995  24.5%     -  171s
     0     0 3354.62239    0  339 4445.10833 3354.62239  24.5%     -  181s
     0     0 3354.63382    0  345 4445.10833 3354.63382  24.5%     -  181s
     0     0 3357.45330    0  174 4445.10833 3357.45330  24.5%     -  183s
     0     0 3357.54421    0  236 4445.10833 3357.54421  24.5%     -  184s
     0     0 3359.25298    0  218 4445.10833 3359.25298  24.4%     -  186s
     0     0 3359.66540    0  331 4445.10833 3359.66540  24.4%     -  188s
     0     0 3359.89426    0  309 4445.10833 3359.89426  24.4%     -  189s
     0     0 3361.88561    0  230 4445.10833 3361.88561  24.4%     -  191s
     0     0 3362.43583    0  224 4445.10833 3362.43583  24.4%     -  192s
     0     0 3362.46568    0  227 4445.10833 3362.46568  24.4%     -  192s
     0     0 3364.92596    0  171 4445.10833 3364.92596  24.3%     -  194s
     0     0 3365.00022    0  178 4445.10833 3365.00022  24.3%     -  194s
     0     0 3365.96513    0  319 4445.10833 3365.96513  24.3%     -  196s
     0     0 3366.27530    0  321 4445.10833 3366.27530  24.3%     -  197s
     0     0 3367.00326    0  256 4445.10833 3367.00326  24.3%     -  199s
     0     0 3367.00326    0  256 4445.10833 3367.00326  24.3%     -  204s
     0     2 3367.00326    0  256 4445.10833 3367.00326  24.3%     -  215s
     1     2 3368.22774    1  243 4445.10833 3368.22774  24.2%   542  226s
     3     4 3376.57556    2  225 4445.10833 3368.42038  24.2%  1168  239s
     5     8 3379.70613    3  196 4445.10833 3376.62492  24.0%   872  254s
     9    14 3399.42545    4  132 4445.10833 3379.92555  24.0%   795  264s
    17    27 3528.24938    5  150 4445.10833 3399.43128  23.5%   943  280s
    31    46 3553.91059    6  120 4445.10833 3433.34915  22.8%  1049  292s
    51    64 3560.77032    7   84 4445.10833 3434.17634  22.7%   992  296s
    71    80 3585.48740    8  169 4445.10833 3434.17634  22.7%   835  319s
    91    96 3741.44158    8   96 4445.10833 3434.17634  22.7%   763  322s
   147   127 3728.75191   10   96 4445.10833 3434.17634  22.7%   578  326s
   218   154 3817.40271   12   79 4445.10833 3434.17634  22.7%   444  330s
   306   181 3827.64154   16   91 4445.10833 3434.17634  22.7%   368  336s
   408   209 3831.72442   23   92 4445.10833 3434.17634  22.7%   330  340s
   517   217 4117.53421    7   74 4445.10833 3469.05807  22.0%   304  346s
   639   239 infeasible    8      4445.10833 3469.05807  22.0%   279  350s
   778   258 4282.56632    9  102 4445.10833 3469.05807  22.0%   271  363s
   900   262 4334.02903   16   51 4445.10833 3469.05807  22.0%   247  366s
  1161   293 4381.53083   36   34 4445.10833 3469.05807  22.0%   222  371s
  1477   334 3794.99223    9   55 4445.10833 3585.59015  19.3%   200  375s
  1797   340 infeasible   15      4445.10833 3675.55176  17.3%   184  380s
  2443   294     cutoff   37      4445.10833 3940.54370  11.4%   159  386s
  3268    60 4378.02959   24   47 4445.10833 4162.66123  6.35%   135  392s

Cutting planes:
  Cover: 25
  Implied bound: 236
  Clique: 7
  MIR: 25
  StrongCG: 2
  Flow cover: 26
  GUB cover: 3
  Zero half: 18
  RLT: 17
  Relax-and-lift: 146

Explored 3618 nodes (541448 simplex iterations) in 393.54 seconds
Thread count was 20 (of 40 available processors)

Solution count 3: 4445.11 4445.24 4523.86 

Optimal solution found (tolerance 1.00e-04)
Best objective 4.445108333333e+03, best bound 4.445108333333e+03, gap 0.0000%
