
Gurobi 9.0.2 (linux64, Python) logging started Sat Dec  5 19:15:47 2020

Using license file /share/apps/gurobi/9.0.2/gurobi_client.lic
Set parameter TokenServer to value 10.1.1.1
Set parameter LogFile to value /storage/users/anderhva/051220-191547/logs/O10-C1-V3-WS0.log
Set parameter LogToConsole to value 0
Changed value of parameter TimeLimit to 3600.0
   Prev: inf  Min: 0.0  Max: inf  Default: inf
Gurobi Optimizer version 9.0.2 build v9.0.2rc0 (linux64)
Optimize a model with 8532 rows, 111864 columns and 636904 nonzeros
Model fingerprint: 0xbc623559
Variable types: 96 continuous, 111768 integer (111768 binary)
Coefficient statistics:
  Matrix range     [1e+00, 1e+02]
  Objective range  [1e+00, 1e+04]
  Bounds range     [1e+00, 1e+00]
  RHS range        [1e+00, 1e+02]
Presolve removed 598 rows and 3848 columns
Presolve time: 1.77s
Presolved: 7934 rows, 108016 columns, 508976 nonzeros
Variable types: 80 continuous, 107936 integer (107932 binary)

Root simplex log...

Iteration    Objective       Primal Inf.    Dual Inf.      Time
    6911    1.4946310e+03   3.772419e+02   0.000000e+00      5s
   12944    1.5739700e+03   1.788402e+03   0.000000e+00     10s
   17984    1.6184267e+03   1.201218e+03   0.000000e+00     15s
   23034    1.6636875e+03   3.941297e+03   0.000000e+00     20s
   28454    1.7432671e+03   5.190861e+03   0.000000e+00     25s
   33954    1.8046295e+03   2.295777e+03   0.000000e+00     30s
   38514    1.8469290e+03   5.323616e+02   0.000000e+00     35s
   40262    1.8576342e+03   0.000000e+00   0.000000e+00     37s

Root relaxation: objective 1.857634e+03, 40262 iterations, 34.14 seconds

    Nodes    |    Current Node    |     Objective Bounds      |     Work
 Expl Unexpl |  Obj  Depth IntInf | Incumbent    BestBd   Gap | It/Node Time

     0     0 1857.63419    0   97          - 1857.63419      -     -   38s
H    0     0                    25859.169375 1857.63419  92.8%     -   41s
     0     0 1894.44153    0  142 25859.1694 1894.44153  92.7%     -   45s
H    0     0                    5127.6914583 1894.44153  63.1%     -   46s
     0     0 2384.64466    0   95 5127.69146 2384.64466  53.5%     -   54s
     0     0 2384.64466    0  143 5127.69146 2384.64466  53.5%     -   75s
     0     0 2384.64466    0  173 5127.69146 2384.64466  53.5%     -   83s
H    0     0                    3439.8966667 2384.64466  30.7%     -   91s
     0     0 2385.88590    0  113 3439.89667 2385.88590  30.6%     -   94s
     0     0 2408.32156    0  145 3439.89667 2408.32156  30.0%     -   96s
     0     0 2428.17010    0  189 3439.89667 2428.17010  29.4%     -   98s
     0     0 2430.93280    0  284 3439.89667 2430.93280  29.3%     -  101s
     0     0 2431.21958    0  189 3439.89667 2431.21958  29.3%     -  101s
     0     0 2431.38798    0  208 3439.89667 2431.38798  29.3%     -  101s
     0     0 2444.25140    0  174 3439.89667 2444.25140  28.9%     -  104s
     0     0 2444.68879    0  121 3439.89667 2444.68879  28.9%     -  104s
     0     0 2445.19384    0  168 3439.89667 2445.19384  28.9%     -  105s
     0     0 2445.38058    0  168 3439.89667 2445.38058  28.9%     -  106s
     0     0 2446.96597    0  202 3439.89667 2446.96597  28.9%     -  106s
     0     0 2447.03422    0  172 3439.89667 2447.03422  28.9%     -  107s
     0     0 2458.02217    0  328 3439.89667 2458.02217  28.5%     -  109s
     0     0 2459.27114    0  236 3439.89667 2459.27114  28.5%     -  117s
     0     0 2459.60158    0  186 3439.89667 2459.60158  28.5%     -  118s
     0     0 2459.61904    0  219 3439.89667 2459.61904  28.5%     -  118s
     0     0 2462.94352    0  221 3439.89667 2462.94352  28.4%     -  120s
     0     0 2463.81652    0  272 3439.89667 2463.81652  28.4%     -  121s
     0     0 2464.00284    0  286 3439.89667 2464.00284  28.4%     -  121s
     0     0 2465.16614    0  218 3439.89667 2465.16614  28.3%     -  122s
     0     0 2465.37229    0  375 3439.89667 2465.37229  28.3%     -  123s
     0     0 2465.37573    0  367 3439.89667 2465.37573  28.3%     -  123s
     0     0 2472.58028    0  341 3439.89667 2472.58028  28.1%     -  126s
     0     0 2472.95227    0  229 3439.89667 2472.95227  28.1%     -  127s
     0     0 2473.11424    0  276 3439.89667 2473.11424  28.1%     -  128s
     0     0 2473.36021    0  332 3439.89667 2473.36021  28.1%     -  128s
     0     0 2473.37577    0  255 3439.89667 2473.37577  28.1%     -  128s
     0     0 2477.17299    0  281 3439.89667 2477.17299  28.0%     -  131s
     0     0 2477.90874    0  394 3439.89667 2477.90874  28.0%     -  134s
     0     0 2477.91553    0  390 3439.89667 2477.91553  28.0%     -  134s
     0     0 2481.45781    0  315 3439.89667 2481.45781  27.9%     -  137s
     0     0 2482.74393    0  398 3439.89667 2482.74393  27.8%     -  138s
     0     0 2482.77809    0  418 3439.89667 2482.77809  27.8%     -  138s
     0     0 2485.63429    0  385 3439.89667 2485.63429  27.7%     -  141s
     0     0 2485.83318    0  285 3439.89667 2485.83318  27.7%     -  142s
     0     0 2485.96109    0  296 3439.89667 2485.96109  27.7%     -  142s
     0     0 2489.68544    0  377 3439.89667 2489.68544  27.6%     -  144s
     0     0 2489.89686    0  323 3439.89667 2489.89686  27.6%     -  145s
     0     0 2490.09308    0  315 3439.89667 2490.09308  27.6%     -  146s
     0     0 2490.14028    0  327 3439.89667 2490.14028  27.6%     -  146s
     0     0 2519.58957    0  303 3439.89667 2519.58957  26.8%     -  148s
     0     0 2519.58957    0  299 3439.89667 2519.58957  26.8%     -  149s
     0     0 2519.58957    0  256 3439.89667 2519.58957  26.8%     -  150s
     0     0 2519.58957    0  251 3439.89667 2519.58957  26.8%     -  151s
     0     0 2519.58957    0  258 3439.89667 2519.58957  26.8%     -  152s
     0     0 2521.98533    0  238 3439.89667 2521.98533  26.7%     -  152s
     0     0 2521.98533    0  322 3439.89667 2521.98533  26.7%     -  153s
     0     0 2521.98533    0  330 3439.89667 2521.98533  26.7%     -  153s
     0     0 2521.98533    0  497 3439.89667 2521.98533  26.7%     -  155s
     0     0 2857.89900    0  458 3439.89667 2857.89900  16.9%     -  174s
     0     0 2857.89900    0  492 3439.89667 2857.89900  16.9%     -  175s
     0     0 2857.89900    0  321 3439.89667 2857.89900  16.9%     -  176s
     0     0 2857.89900    0  322 3439.89667 2857.89900  16.9%     -  177s
     0     0 2857.89900    0  336 3439.89667 2857.89900  16.9%     -  179s
     0     0 2857.89900    0  521 3439.89667 2857.89900  16.9%     -  180s
     0     0 2857.89900    0  431 3439.89667 2857.89900  16.9%     -  180s
     0     0 2866.95450    0  421 3439.89667 2866.95450  16.7%     -  182s
     0     0 2866.95450    0  417 3439.89667 2866.95450  16.7%     -  186s
     0     0 2866.95450    0  122 3439.89667 2866.95450  16.7%     -  218s
     0     0 2866.95450    0  129 3439.89667 2866.95450  16.7%     -  224s
     0     0 2866.95450    0  135 3439.89667 2866.95450  16.7%     -  230s
     0     0 2866.95450    0  260 3439.89667 2866.95450  16.7%     -  234s
     0     0 2866.95450    0  234 3439.89667 2866.95450  16.7%     -  235s
     0     0 2866.95450    0  273 3439.89667 2866.95450  16.7%     -  236s
     0     0 2866.95450    0  268 3439.89667 2866.95450  16.7%     -  236s
     0     0 2866.95450    0  272 3439.89667 2866.95450  16.7%     -  236s
     0     0 2866.95450    0  284 3439.89667 2866.95450  16.7%     -  237s
     0     0 2866.95450    0  245 3439.89667 2866.95450  16.7%     -  239s
     0     0 2866.95450    0  368 3439.89667 2866.95450  16.7%     -  247s
     0     0 2866.95450    0  363 3439.89667 2866.95450  16.7%     -  248s
     0     0 2866.95450    0  364 3439.89667 2866.95450  16.7%     -  249s
     0     0 2866.95450    0  313 3439.89667 2866.95450  16.7%     -  249s
     0     0 2866.95450    0  326 3439.89667 2866.95450  16.7%     -  250s
     0     0 2866.95450    0  359 3439.89667 2866.95450  16.7%     -  250s
     0     0 2866.95450    0  327 3439.89667 2866.95450  16.7%     -  252s
     0     0 2866.95450    0  484 3439.89667 2866.95450  16.7%     -  254s
     0     0 2866.95450    0  514 3439.89667 2866.95450  16.7%     -  257s
H    0     0                    3439.8961713 2866.95450  16.7%     -  271s
     0     0 2866.95450    0  501 3439.89617 2866.95450  16.7%     -  271s
     0     0 2866.95450    0  558 3439.89617 2866.95450  16.7%     -  274s
     0     0 2866.95450    0  560 3439.89617 2866.95450  16.7%     -  275s
     0     0 2866.95450    0  585 3439.89617 2866.95450  16.7%     -  276s
     0     0 2866.95450    0  552 3439.89617 2866.95450  16.7%     -  277s
     0     0 2866.95450    0  523 3439.89617 2866.95450  16.7%     -  278s
     0     0 2866.95450    0  554 3439.89617 2866.95450  16.7%     -  280s
     0     0 2866.95450    0  364 3439.89617 2866.95450  16.7%     -  281s
     0     0 2866.95450    0  568 3439.89617 2866.95450  16.7%     -  281s
     0     0 2866.95450    0  505 3439.89617 2866.95450  16.7%     -  283s
     0     0 2866.95450    0  468 3439.89617 2866.95450  16.7%     -  283s
     0     0 2866.95450    0  546 3439.89617 2866.95450  16.7%     -  285s
     0     0 2866.95450    0  546 3439.89617 2866.95450  16.7%     -  290s
H    0     0                    3439.8961699 2866.95450  16.7%     -  294s
     0     0 2866.95450    0   89 3439.89617 2866.95450  16.7%     -  326s
H    0     0                    3439.8961276 2866.95450  16.7%     -  327s
H    0     0                    3439.8960858 2866.95450  16.7%     -  331s
     0     0 2866.95450    0  151 3439.89609 2866.95450  16.7%     -  331s
     0     0 2866.95450    0  123 3439.89609 2866.95450  16.7%     -  338s
     0     0 2866.95450    0  239 3439.89609 2866.95450  16.7%     -  342s
     0     0 2866.95450    0  208 3439.89609 2866.95450  16.7%     -  345s
     0     0 2866.95450    0  277 3439.89609 2866.95450  16.7%     -  345s
     0     0 2866.95450    0  373 3439.89609 2866.95450  16.7%     -  346s
     0     0 2866.95450    0  272 3439.89609 2866.95450  16.7%     -  346s
     0     0 2866.95450    0  277 3439.89609 2866.95450  16.7%     -  346s
     0     0 2866.95450    0  280 3439.89609 2866.95450  16.7%     -  347s
     0     0 2866.95450    0  293 3439.89609 2866.95450  16.7%     -  347s
     0     0 2866.95450    0  333 3439.89609 2866.95450  16.7%     -  348s
     0     0 2866.95450    0  491 3439.89609 2866.95450  16.7%     -  349s
     0     0 2866.95450    0  443 3439.89609 2866.95450  16.7%     -  350s
     0     0 2866.95450    0  497 3439.89609 2866.95450  16.7%     -  350s
     0     0 2866.95450    0  502 3439.89609 2866.95450  16.7%     -  350s
     0     0 2866.95450    0  377 3439.89609 2866.95450  16.7%     -  352s
     0     0 2866.95450    0  415 3439.89609 2866.95450  16.7%     -  353s
     0     0 2866.95450    0  462 3439.89609 2866.95450  16.7%     -  357s
H    0     0                    3439.8960832 2866.95450  16.7%     -  362s
     0     0 2866.95450    0  526 3439.89608 2866.95450  16.7%     -  363s
     0     0 2866.95450    0  304 3439.89608 2866.95450  16.7%     -  364s
     0     0 2866.95450    0  372 3439.89608 2866.95450  16.7%     -  364s
     0     0 2866.95450    0  618 3439.89608 2866.95450  16.7%     -  366s
     0     0 2866.95450    0  611 3439.89608 2866.95450  16.7%     -  372s
     0     0 2866.95450    0  620 3439.89608 2866.95450  16.7%     -  373s
     0     0 2866.95450    0  445 3439.89608 2866.95450  16.7%     -  375s
     0     0 2866.95450    0  483 3439.89608 2866.95450  16.7%     -  375s
     0     0 2866.95450    0  731 3439.89608 2866.95450  16.7%     -  377s
     0     0 2866.95450    0  670 3439.89608 2866.95450  16.7%     -  378s
     0     0 2866.95450    0  671 3439.89608 2866.95450  16.7%     -  379s
     0     0 2866.95450    0  648 3439.89608 2866.95450  16.7%     -  380s
     0     0 2866.95450    0  701 3439.89608 2866.95450  16.7%     -  386s
     0     0 2866.95450    0  652 3439.89608 2866.95450  16.7%     -  388s
     0     0 2866.95450    0  657 3439.89608 2866.95450  16.7%     -  389s
     0     0 2866.95450    0  738 3439.89608 2866.95450  16.7%     -  390s
     0     0 2866.95450    0  736 3439.89608 2866.95450  16.7%     -  396s
H    0     0                    3439.8959852 2866.95450  16.7%     -  423s
     0     2 2866.95450    0  736 3439.89599 2866.95450  16.7%     -  429s
     1     4 2866.95450    1  572 3439.89599 2866.95450  16.7%   745  441s
     3     8 2866.95450    2  185 3439.89599 2866.95450  16.7%  1041  451s
     7    15 2866.95450    3  213 3439.89599 2866.95450  16.7%  1149  457s
    15    25 3134.22183    4  224 3439.89599 2866.95450  16.7%  1214  463s
    30    40 3172.84234    5  301 3439.89599 2866.95450  16.7%  1129  468s
    50    47 3226.06032    6  223 3439.89599 2866.95450  16.7%   905  481s
   110    71 3375.10411    8   36 3439.89599 3127.22661  9.09%   532  485s
   253    90 3142.29617    6  324 3439.89599 3137.94174  8.78%   300  491s
   480   116 3316.40388   15   60 3439.89599 3137.94174  8.78%   193  495s
   912    75     cutoff   17      3439.89599 3186.82648  7.36%   132  500s
  1386    18 infeasible   47      3439.89599 3241.39326  5.77%   107  505s

Cutting planes:
  Cover: 13
  Implied bound: 94
  Clique: 5
  MIR: 13
  Flow cover: 16
  Zero half: 9
  RLT: 4
  Relax-and-lift: 145

Explored 1557 nodes (348331 simplex iterations) in 506.83 seconds
Thread count was 20 (of 40 available processors)

Solution count 3: 3439.9 5127.69 25859.2 
No other solutions better than 3439.9

Optimal solution found (tolerance 1.00e-04)
Best objective 3.439895784063e+03, best bound 3.439895784063e+03, gap 0.0000%
