
Gurobi 9.0.2 (linux64, Python) logging started Sat Dec  5 19:46:33 2020

Using license file /share/apps/gurobi/9.0.2/gurobi_client.lic
Set parameter TokenServer to value 10.1.1.1
Set parameter LogFile to value /storage/users/anderhva/051220-191547/logs/O10-C3-V3-WS0.log
Set parameter LogToConsole to value 0
Changed value of parameter TimeLimit to 3600.0
   Prev: inf  Min: 0.0  Max: inf  Default: inf
Gurobi Optimizer version 9.0.2 build v9.0.2rc0 (linux64)
Optimize a model with 8336 rows, 123008 columns and 703596 nonzeros
Model fingerprint: 0x50e410ee
Variable types: 96 continuous, 122912 integer (122912 binary)
Coefficient statistics:
  Matrix range     [1e+00, 1e+02]
  Objective range  [1e+00, 1e+04]
  Bounds range     [1e+00, 1e+00]
  RHS range        [1e+00, 1e+02]
Presolve removed 674 rows and 4852 columns
Presolve time: 2.20s
Presolved: 7662 rows, 118156 columns, 560172 nonzeros
Variable types: 80 continuous, 118076 integer (118072 binary)

Root simplex log...

Iteration    Objective       Primal Inf.    Dual Inf.      Time
    4342    1.7336285e+03   1.141461e+02   0.000000e+00      5s
   11000    1.9500137e+03   7.798630e+02   0.000000e+00     10s
   16260    2.1612861e+03   1.566545e+04   0.000000e+00     15s
   21810    2.2735023e+03   1.233584e+04   0.000000e+00     20s
   26335    2.3453876e+03   0.000000e+00   0.000000e+00     25s

Root relaxation: objective 2.345388e+03, 26335 iterations, 20.81 seconds

    Nodes    |    Current Node    |     Objective Bounds      |     Work
 Expl Unexpl |  Obj  Depth IntInf | Incumbent    BestBd   Gap | It/Node Time

     0     0 2345.38760    0  101          - 2345.38760      -     -   26s
H    0     0                    7536.1750000 2345.38760  68.9%     -   31s
     0     0 2452.53694    0  118 7536.17500 2452.53694  67.5%     -   32s
H    0     0                    5185.2710417 2452.53694  52.7%     -   36s
     0     0 2461.84814    0  116 5185.27104 2461.84814  52.5%     -   40s
     0     0 2462.41885    0  116 5185.27104 2462.41885  52.5%     -   40s
     0     0 2914.05049    0  101 5185.27104 2914.05049  43.8%     -   43s
     0     0 2914.05049    0  101 5185.27104 2914.05049  43.8%     -   59s
     0     0 2914.05049    0  131 5185.27104 2914.05049  43.8%     -   65s
     0     0 2914.05049    0   96 5185.27104 2914.05049  43.8%     -   73s
     0     0 2914.05049    0   98 5185.27104 2914.05049  43.8%     -   73s
     0     0 2914.78133    0  107 5185.27104 2914.78133  43.8%     -   74s
     0     0 2917.64461    0  108 5185.27104 2917.64461  43.7%     -   75s
     0     0 2988.03516    0  130 5185.27104 2988.03516  42.4%     -   79s
H    0     0                    5014.9408333 2988.03516  40.4%     -   79s
     0     0 2997.03524    0  148 5014.94083 2997.03524  40.2%     -   80s
     0     0 2999.76861    0  126 5014.94083 2999.76861  40.2%     -   81s
     0     0 3000.41116    0  122 5014.94083 3000.41116  40.2%     -   81s
     0     0 3012.74381    0  120 5014.94083 3012.74381  39.9%     -   82s
     0     0 3013.40879    0  139 5014.94083 3013.40879  39.9%     -   83s
     0     0 3014.52467    0  137 5014.94083 3014.52467  39.9%     -   83s
     0     0 3025.16891    0  134 5014.94083 3025.16891  39.7%     -   85s
     0     0 3027.78600    0   94 5014.94083 3027.78600  39.6%     -   90s
     0     0 3028.34366    0  110 5014.94083 3028.34366  39.6%     -   91s
     0     0 3050.83736    0  129 5014.94083 3050.83736  39.2%     -   93s
H    0     0                    4475.6483333 3050.83736  31.8%     -  108s
     0     0 3055.33220    0  118 4475.64833 3055.33220  31.7%     -  108s
     0     0 3055.56142    0  141 4475.64833 3055.56142  31.7%     -  109s
     0     0 3062.56906    0  111 4475.64833 3062.56906  31.6%     -  110s
     0     0 3062.58577    0  153 4475.64833 3062.58577  31.6%     -  115s
     0     0 3064.93891    0  117 4475.64833 3064.93891  31.5%     -  116s
     0     0 3065.05648    0  129 4475.64833 3065.05648  31.5%     -  116s
     0     0 3065.14474    0  173 4475.64833 3065.14474  31.5%     -  117s
     0     0 3066.76089    0  218 4475.64833 3066.76089  31.5%     -  117s
     0     0 3067.07850    0  181 4475.64833 3067.07850  31.5%     -  118s
     0     0 3067.07861    0  188 4475.64833 3067.07861  31.5%     -  118s
     0     0 3069.22554    0  127 4475.64833 3069.22554  31.4%     -  119s
     0     0 3069.30930    0  142 4475.64833 3069.30930  31.4%     -  119s
     0     0 3071.39276    0  198 4475.64833 3071.39276  31.4%     -  120s
     0     0 3072.67871    0  158 4475.64833 3072.67871  31.3%     -  121s
     0     0 3073.00599    0  146 4475.64833 3073.00599  31.3%     -  121s
     0     0 3073.06546    0  161 4475.64833 3073.06546  31.3%     -  121s
     0     0 3074.47486    0  153 4475.64833 3074.47486  31.3%     -  122s
     0     0 3074.88326    0  134 4475.64833 3074.88326  31.3%     -  122s
     0     0 3075.12616    0  166 4475.64833 3075.12616  31.3%     -  123s
     0     0 3076.00698    0  192 4475.64833 3076.00698  31.3%     -  123s
     0     0 3076.21849    0  217 4475.64833 3076.21849  31.3%     -  124s
     0     0 3077.67176    0  117 4475.64833 3077.67176  31.2%     -  125s
H    0     0                    4397.4983333 3077.67176  30.0%     -  125s
     0     0 3077.97348    0  154 4397.49833 3077.97348  30.0%     -  125s
     0     0 3078.07493    0  184 4397.49833 3078.07493  30.0%     -  125s
     0     0 3079.44115    0  176 4397.49833 3079.44115  30.0%     -  126s
     0     0 3079.70341    0  174 4397.49833 3079.70341  30.0%     -  126s
     0     0 3079.71519    0  191 4397.49833 3079.71519  30.0%     -  127s
     0     0 3080.50629    0  179 4397.49833 3080.50629  29.9%     -  127s
     0     0 3083.65060    0  164 4397.49833 3083.65060  29.9%     -  128s
     0     0 3084.09326    0  186 4397.49833 3084.09326  29.9%     -  129s
     0     0 3084.11629    0  180 4397.49833 3084.11629  29.9%     -  129s
     0     0 3088.58932    0  179 4397.49833 3088.58932  29.8%     -  130s
     0     0 3088.78017    0  189 4397.49833 3088.78017  29.8%     -  130s
     0     0 3088.80023    0  189 4397.49833 3088.80023  29.8%     -  130s
     0     0 3091.80009    0  176 4397.49833 3091.80009  29.7%     -  131s
     0     0 3091.80456    0  181 4397.49833 3091.80456  29.7%     -  132s
     0     0 3094.76095    0  102 4397.49833 3094.76095  29.6%     -  132s
     0     0 3095.15603    0  111 4397.49833 3095.15603  29.6%     -  133s
     0     0 3095.90879    0  186 4397.49833 3095.90879  29.6%     -  133s
     0     0 3096.05905    0   97 4397.49833 3096.05905  29.6%     -  133s
     0     0 3096.48232    0  188 4397.49833 3096.48232  29.6%     -  134s
     0     0 3096.52195    0  149 4397.49833 3096.52195  29.6%     -  134s
     0     0 3097.18174    0   94 4397.49833 3097.18174  29.6%     -  135s
     0     0 3097.18174    0   94 4397.49833 3097.18174  29.6%     -  137s
     0     2 3097.18174    0   94 4397.49833 3097.18174  29.6%     -  143s
     1     4 3144.60056    1  139 4397.49833 3097.46475  29.6%   933  156s
     3     8 3436.46678    2   94 4397.49833 3126.02050  28.9%  1505  165s
     7    14 3509.08744    3  157 4397.49833 3150.50369  28.4%  1346  173s
    15    24 4250.50333    4   30 4397.49833 3153.25900  28.3%  1270  177s
    29    35 4262.81896    5  109 4397.49833 3175.27931  27.8%   963  182s
    49    46 4264.31201    6   49 4397.49833 3229.13754  26.6%   815  196s
H   53    46                    4355.6483333 3229.13754  25.9%   763  196s
    89    63 4294.07027    8   14 4355.64833 3231.35399  25.8%   535  200s
   174    92 3968.55947   12  111 4355.64833 3231.35399  25.8%   343  205s
   286   126 4032.69012   14   76 4355.64833 3231.35399  25.8%   273  210s
   481   178 4078.57029   19   86 4355.64833 3231.35399  25.8%   210  215s
   741   260 4159.02068   28   62 4355.64833 3293.42634  24.4%   171  220s
  1167   272 4102.86775   14   36 4355.64833 3293.42634  24.4%   135  225s
  1669   212 4153.66309   14   70 4355.64833 3845.56491  11.7%   121  230s
  2317   145     cutoff   22      4355.64833 4002.40086  8.11%   110  235s

Cutting planes:
  Cover: 21
  Implied bound: 140
  Clique: 10
  MIR: 17
  Flow cover: 18
  GUB cover: 3
  Inf proof: 1
  Zero half: 8
  RLT: 10
  Relax-and-lift: 126

Explored 2889 nodes (347576 simplex iterations) in 238.07 seconds
Thread count was 20 (of 40 available processors)

Solution count 6: 4355.65 4397.5 4475.65 ... 7536.18

Optimal solution found (tolerance 1.00e-04)
Best objective 4.355648333333e+03, best bound 4.355648333333e+03, gap 0.0000%
