
Gurobi 9.0.2 (linux64, Python) logging started Sat Dec  5 20:13:39 2020

Using license file /share/apps/gurobi/9.0.2/gurobi_client.lic
Set parameter TokenServer to value 10.1.1.1
Set parameter LogFile to value /storage/users/anderhva/051220-191547/logs/O12-C1-V3-WS0.log
Set parameter LogToConsole to value 0
Changed value of parameter TimeLimit to 3600.0
   Prev: inf  Min: 0.0  Max: inf  Default: inf
Gurobi Optimizer version 9.0.2 build v9.0.2rc0 (linux64)
Optimize a model with 10868 rows, 168192 columns and 969164 nonzeros
Model fingerprint: 0x2ea2125f
Variable types: 112 continuous, 168080 integer (168080 binary)
Coefficient statistics:
  Matrix range     [1e+00, 1e+02]
  Objective range  [1e+00, 1e+04]
  Bounds range     [1e+00, 1e+00]
  RHS range        [1e+00, 1e+02]
Presolve removed 668 rows and 2856 columns
Presolve time: 2.60s
Presolved: 10200 rows, 165336 columns, 788400 nonzeros
Variable types: 96 continuous, 165240 integer (165236 binary)

Deterministic concurrent LP optimizer: primal and dual simplex
Showing first log only...


Root simplex log...

Iteration    Objective       Primal Inf.    Dual Inf.      Time
       0    1.9840159e+04   2.600000e+01   5.584397e+09      6s
   44335    1.4149340e+03   0.000000e+00   8.646464e+05     10s
   65094    1.3376688e+03   6.158841e+02   0.000000e+00     15s
   71192    1.3780567e+03   2.915119e+02   0.000000e+00     20s
   73502    1.3914203e+03   1.160791e+03   0.000000e+00     25s
   76402    1.4176490e+03   2.166269e+04   0.000000e+00     30s
   81702    1.6496237e+03   1.660665e+04   0.000000e+00     35s
   84572    1.6828056e+03   1.694752e+03   0.000000e+00     40s
   84915    1.6832606e+03   0.000000e+00   0.000000e+00     41s
   84915    1.6832606e+03   0.000000e+00   0.000000e+00     41s
Concurrent spin time: 0.00s

Solved with primal simplex

Root relaxation: objective 1.683261e+03, 84915 iterations, 36.02 seconds

    Nodes    |    Current Node    |     Objective Bounds      |     Work
 Expl Unexpl |  Obj  Depth IntInf | Incumbent    BestBd   Gap | It/Node Time

     0     0 1691.24502    0  223          - 1691.24502      -     -   51s
     0     0 2189.56476    0  280          - 2189.56476      -     -   71s
H    0     0                    3200.1687500 2189.56476  31.6%     -   90s
     0     0 2205.75584    0  286 3200.16875 2205.75584  31.1%     -   95s
     0     0 2221.43931    0  105 3200.16875 2221.43931  30.6%     -  100s
     0     0 2221.43931    0  162 3200.16875 2221.43931  30.6%     -  137s
     0     0 2221.43931    0  279 3200.16875 2221.43931  30.6%     -  159s
     0     0 2222.89460    0  292 3200.16875 2222.89460  30.5%     -  173s
     0     0 2228.20381    0  350 3200.16875 2228.20381  30.4%     -  174s
     0     0 2247.25461    0  113 3200.16875 2247.25461  29.8%     -  184s
     0     0 2252.61720    0  375 3200.16875 2252.61720  29.6%     -  208s
     0     0 2254.44289    0  321 3200.16875 2254.44289  29.6%     -  210s
     0     0 2254.52419    0  301 3200.16875 2254.52419  29.5%     -  210s
     0     0 2263.74375    0  330 3200.16875 2263.74375  29.3%     -  218s
     0     0 2263.84961    0  301 3200.16875 2263.84961  29.3%     -  238s
     0     0 2263.91049    0  303 3200.16875 2263.91049  29.3%     -  238s
     0     0 2273.18570    0  551 3200.16875 2273.18570  29.0%     -  250s
     0     0 2273.83523    0  385 3200.16875 2273.83523  28.9%     -  252s
     0     0 2274.08732    0  412 3200.16875 2274.08732  28.9%     -  253s
     0     0 2284.98958    0  448 3200.16875 2284.98958  28.6%     -  261s
     0     0 2286.16180    0  442 3200.16875 2286.16180  28.6%     -  263s
     0     0 2286.52994    0  508 3200.16875 2286.52994  28.5%     -  265s
     0     0 2286.58143    0  474 3200.16875 2286.58143  28.5%     -  265s
     0     0 2295.87097    0  596 3200.16875 2295.87097  28.3%     -  275s
     0     0 2296.45737    0  580 3200.16875 2296.45737  28.2%     -  278s
     0     0 2296.63768    0  594 3200.16875 2296.63768  28.2%     -  279s
     0     0 2296.64188    0  595 3200.16875 2296.64188  28.2%     -  279s
     0     0 2307.55825    0  313 3200.16875 2307.55825  27.9%     -  285s
     0     0 2308.33277    0  402 3200.16875 2308.33277  27.9%     -  372s
     0     0 2308.38547    0  439 3200.16875 2308.38547  27.9%     -  372s
     0     0 2314.75207    0  403 3200.16875 2314.75207  27.7%     -  378s
     0     0 2316.67061    0  462 3200.16875 2316.67061  27.6%     -  401s
     0     0 2316.75970    0  499 3200.16875 2316.75970  27.6%     -  402s
     0     0 2327.11759    0  402 3200.16875 2327.11759  27.3%     -  408s
     0     0 2327.71388    0  430 3200.16875 2327.71388  27.3%     -  410s
     0     0 2327.76727    0  492 3200.16875 2327.76727  27.3%     -  411s
     0     0 2333.38731    0  568 3200.16875 2333.38731  27.1%     -  416s
     0     0 2334.34751    0  525 3200.16875 2334.34751  27.1%     -  418s
     0     0 2334.40679    0  551 3200.16875 2334.40679  27.1%     -  418s
     0     0 2343.17390    0  697 3200.16875 2343.17390  26.8%     -  425s
     0     0 2343.83283    0  688 3200.16875 2343.83283  26.8%     -  428s
     0     0 2343.83564    0  703 3200.16875 2343.83564  26.8%     -  428s
     0     0 2348.31699    0  461 3200.16875 2348.31699  26.6%     -  433s
     0     0 2349.66993    0  466 3200.16875 2349.66993  26.6%     -  436s
     0     0 2349.81864    0  525 3200.16875 2349.81864  26.6%     -  437s
     0     0 2349.83056    0  567 3200.16875 2349.83056  26.6%     -  438s
     0     0 2357.23795    0  653 3200.16875 2357.23795  26.3%     -  444s
     0     0 2359.88463    0  679 3200.16875 2359.88463  26.3%     -  447s
     0     0 2360.12940    0  705 3200.16875 2360.12940  26.2%     -  449s
     0     0 2360.16816    0  726 3200.16875 2360.16816  26.2%     -  450s
     0     0 2364.04324    0  445 3200.16875 2364.04324  26.1%     -  454s
     0     0 2364.54067    0  451 3200.16875 2364.54067  26.1%     -  456s
     0     0 2364.56147    0  454 3200.16875 2364.56147  26.1%     -  457s
     0     0 2367.84998    0  435 3200.16875 2367.84998  26.0%     -  460s
     0     0 2367.99089    0  413 3200.16875 2367.99089  26.0%     -  461s
     0     0 2368.02633    0  442 3200.16875 2368.02633  26.0%     -  461s
     0     0 2369.39821    0  479 3200.16875 2369.39821  26.0%     -  464s
     0     0 2369.40863    0  501 3200.16875 2369.40863  26.0%     -  464s
     0     0 2369.53139    0  435 3200.16875 2369.53139  26.0%     -  465s
     0     0 2369.53139    0  429 3200.16875 2369.53139  26.0%     -  465s
     0     0 2370.10315    0  384 3200.16875 2370.10315  25.9%     -  466s
     0     0 2370.10395    0  407 3200.16875 2370.10395  25.9%     -  467s
     0     0 2370.34679    0  477 3200.16875 2370.34679  25.9%     -  468s
     0     0 2370.34679    0  477 3200.16875 2370.34679  25.9%     -  477s
     0     0 2370.34679    0  239 3200.16875 2370.34679  25.9%     -  576s
     0     0 2370.34679    0  320 3200.16875 2370.34679  25.9%     -  598s
     0     0 2370.34679    0  282 3200.16875 2370.34679  25.9%     -  635s
     0     0 2370.34679    0  285 3200.16875 2370.34679  25.9%     -  642s
     0     0 2375.27530    0  484 3200.16875 2375.27530  25.8%     -  646s
     0     0 2375.63618    0  182 3200.16875 2375.63618  25.8%     -  647s
     0     0 2375.84494    0  428 3200.16875 2375.84494  25.8%     -  649s
     0     0 2375.86890    0  201 3200.16875 2375.86890  25.8%     -  650s
     0     0 2378.22761    0  545 3200.16875 2378.22761  25.7%     -  653s
     0     0 2383.99706    0  378 3200.16875 2383.99706  25.5%     -  679s
     0     0 2393.37593    0  570 3200.16875 2393.37593  25.2%     -  685s
     0     0 2395.32362    0  459 3200.16875 2395.32362  25.2%     -  688s
     0     0 2395.56015    0  506 3200.16875 2395.56015  25.1%     -  689s
     0     0 2395.73172    0  476 3200.16875 2395.73172  25.1%     -  690s
     0     0 2395.86795    0  502 3200.16875 2395.86795  25.1%     -  690s
     0     0 2396.02686    0  484 3200.16875 2396.02686  25.1%     -  691s
     0     0 2398.25240    0  635 3200.16875 2398.25240  25.1%     -  694s
     0     0 2398.43112    0  465 3200.16875 2398.43112  25.1%     -  695s
     0     0 2399.10597    0  522 3200.16875 2399.10597  25.0%     -  698s
     0     0 2399.74191    0  532 3200.16875 2399.74191  25.0%     -  699s
     0     0 2399.75391    0  558 3200.16875 2399.75391  25.0%     -  700s
     0     0 2400.03368    0  542 3200.16875 2400.03368  25.0%     -  701s
     0     0 2400.26264    0  522 3200.16875 2400.26264  25.0%     -  703s
     0     0 2400.26264    0  517 3200.16875 2400.26264  25.0%     -  711s
H    0     2                    3189.5166667 2400.26264  24.7%     -  811s
     0     2 2400.26264    0  513 3189.51667 2400.26264  24.7%     -  811s
     1     4 2405.96783    1  278 3189.51667 2400.32496  24.7%   404  829s
     3     8 2411.82562    2  419 3189.51667 2405.97230  24.6%   863  870s
     7    14 2426.48725    3  195 3189.51667 2420.28049  24.1%  1068  896s
    15    25 2436.71800    4  164 3189.51667 2426.56744  23.9%  1419  929s
H   29    40                    3181.4187500 2436.80737  23.4%  1332  992s
    49    54 2454.96123    6  180 3181.41875 2445.72540  23.1%  1139 1005s
    69    70 2464.60006    7  162 3181.41875 2445.72540  23.1%   946 1015s
    89    89 2466.20449    8  158 3181.41875 2445.72540  23.1%   824 1024s
   109   110 2480.07951    9  180 3181.41875 2445.72540  23.1%   776 1033s
   142   135 2489.12782   10  118 3181.41875 2445.72540  23.1%   730 1036s
   178   160 2558.68726   10  114 3181.41875 2445.72540  23.1%   637 1042s
   213   183 2492.57215   11   67 3181.41875 2445.72540  23.1%   576 1050s
   309   232 2512.42600   13  123 3181.41875 2445.72540  23.1%   472 1058s
   361   262 2526.34226   14  141 3181.41875 2445.72540  23.1%   451 1063s
   413   291 2530.54104   15  112 3181.41875 2445.72540  23.1%   442 1069s
   470   322 2533.24472   16  197 3181.41875 2445.72540  23.1%   434 1080s
   527   363 2536.10057   17  157 3181.41875 2445.72540  23.1%   424 1085s
   656   448 2543.74609   19  137 3181.41875 2445.72540  23.1%   413 1098s
   725   496 2544.10410   20  136 3181.41875 2445.72540  23.1%   413 1104s
   801   558 2544.31640   21  135 3181.41875 2445.72540  23.1%   414 1110s
   894   610 infeasible   22      3181.41875 2445.72540  23.1%   399 1115s
  1001   661 2623.78113   24  104 3181.41875 2445.72540  23.1%   390 1120s
  1100   736 2812.71053   25  102 3181.41875 2445.72540  23.1%   382 1125s
  1212   833 2665.08003   26   58 3181.41875 2445.72540  23.1%   369 1131s
  1360   891 2685.24336   32   92 3181.41875 2445.72540  23.1%   350 1136s
  1491   935 2700.70371   37  119 3181.41875 2445.72540  23.1%   341 1141s
  1610  1010 2710.67187   40   96 3181.41875 2445.72540  23.1%   336 1146s
  1766  1081 2765.44176   46   48 3181.41875 2445.72540  23.1%   325 1152s
  1942  1164 2813.80879   63   63 3181.41875 2445.72540  23.1%   313 1157s
  2065  1247 2924.52311   74  161 3181.41875 2445.72540  23.1%   315 1162s
  2232  1355 3067.37297   87   34 3181.41875 2478.76242  22.1%   309 1170s
  2448  1356 3041.52463   45  105 3181.41875 2478.76242  22.1%   298 1262s
  2450  1357 2980.94737   57  167 3181.41875 2478.76242  22.1%   297 1317s
  2451  1358 2687.81524   34  132 3181.41875 2478.76242  22.1%   297 1330s
  2452  1359 2763.17451   23  174 3181.41875 2478.76242  22.1%   297 1347s
  2453  1359 3053.44773   23  439 3181.41875 2478.76242  22.1%   297 1360s
  2454  1360 2907.78144   20  658 3181.41875 2478.76242  22.1%   297 1370s
  2456  1361 2961.57958   43  570 3181.41875 2478.76242  22.1%   297 1377s
  2457  1362 2870.41191   34  224 3181.41875 2478.76242  22.1%   297 1431s
  2458  1363 2964.32861   87  554 3181.41875 2478.76242  22.1%   296 1450s
  2460  1364 2973.04841   34  224 3181.41875 2478.76242  22.1%   296 1458s
  2461  1365 3064.11609   28  689 3181.41875 2478.76242  22.1%   296 1465s
  2463  1366 2834.40367   34  675 3181.41875 2478.76242  22.1%   296 1470s
  2465  1367 2693.02545   19  580 3181.41875 2478.76242  22.1%   296 1497s
  2466  1368 2723.11579   25  505 3181.41875 2478.76242  22.1%   295 1503s
  2467  1369 2632.44687    8  397 3181.41875 2478.76242  22.1%   295 1507s
  2468  1369 3013.84692   26  441 3181.41875 2478.76242  22.1%   295 1510s
  2470  1371 2595.83397   19  438 3181.41875 2478.76242  22.1%   295 1516s
  2472  1372 2872.40067   21  450 3181.41875 2478.76242  22.1%   295 1520s
  2474  1373 3175.43615   75  466 3181.41875 2478.76242  22.1%   294 1526s
  2476  1375 2794.15812   24  747 3181.41875 2478.76242  22.1%   294 1532s
  2478  1376 2665.26793   27  827 3181.41875 2478.76242  22.1%   294 1536s
  2479  1377 2569.32599   24  456 3181.41875 2478.76242  22.1%   294 1540s
  2482  1379 3078.71688   14  641 3181.41875 2478.76242  22.1%   294 1547s
  2483  1379 2705.77229   14  443 3181.41875 2478.76242  22.1%   293 1550s
  2485  1381 2871.07046   18  493 3181.41875 2478.76242  22.1%   293 1562s
  2487  1382 2509.30191    7  493 3181.41875 2478.76242  22.1%   293 1620s
  2488  1386 2478.76242   13  351 3181.41875 2478.76242  22.1%   321 1665s
  2490  1389 2478.76242   14  365 3181.41875 2478.76242  22.1%   321 1698s
  2494  1395 2478.76242   15  145 3181.41875 2478.76242  22.1%   322 1732s
  2502  1403 2478.76242   16  182 3181.41875 2478.76242  22.1%   325 1757s
  2517  1408 2478.76242   17  247 3181.41875 2478.76242  22.1%   330 1773s
  2537  1414 2478.76242   18  206 3181.41875 2478.76242  22.1%   332 1781s
  2557  1414 2551.81937   18   89 3181.41875 2478.76242  22.1%   333 1791s
  2577  1421 2478.76242   19  191 3181.41875 2478.76242  22.1%   334 1796s
  2597  1426 2561.52805   19  118 3181.41875 2478.76242  22.1%   336 1869s
H 2604  1354                    3181.4186069 2478.76242  22.1%   336 1869s
H 2606  1286                    3181.4166480 2478.76242  22.1%   336 1869s
  2617  1303 2487.89554   20  223 3181.41665 2478.76242  22.1%   337 1874s
  2652  1308 2488.13126   20  195 3181.41665 2487.89554  21.8%   337 1882s
  2689  1310 2488.44721   21  197 3181.41665 2488.00780  21.8%   335 1888s
  2734  1310     cutoff   21      3181.41665 2488.13190  21.8%   334 1893s
  2782  1312 2490.03291   22  203 3181.41665 2488.13190  21.8%   333 1897s
  2828  1312 2784.02879   22   20 3181.41665 2488.13190  21.8%   333 1901s
  2884  1319 2530.33956   23  117 3181.41665 2488.13190  21.8%   334 1905s
  2928  1324 3127.16872   23  133 3181.41665 2488.13190  21.8%   335 1910s
  3055  1338 2532.13603   25   99 3181.41665 2488.13190  21.8%   333 1920s
  3208  1373 2536.69332   27  157 3181.41665 2488.13190  21.8%   328 1929s
  3292  1369 2537.21220   28  141 3181.41665 2488.13190  21.8%   329 1939s
  3387  1373 2538.12231   29  179 3181.41665 2488.13190  21.8%   330 1951s
  3485  1371 2545.41600   30  174 3181.41665 2488.13190  21.8%   327 1955s
  3578  1397 2855.90413   30   40 3181.41665 2488.13190  21.8%   328 1961s
  3687  1426 2625.52863   31   47 3181.41665 2488.13190  21.8%   326 1967s
  3811  1408 2551.91649   32  355 3181.41665 2488.13190  21.8%   322 1974s
  3920  1403 2553.32681   33  363 3181.41665 2488.13190  21.8%   321 1984s
  4031  1425 2555.61635   34  159 3181.41665 2488.13190  21.8%   323 1989s
  4137  1472 2558.69901   36  171 3181.41665 2488.13190  21.8%   323 1996s
  4295  1510 2558.69901   37  173 3181.41665 2488.13190  21.8%   321 2003s
  4463  1533     cutoff   37      3181.41665 2488.13190  21.8%   317 2009s
  4639  1598 2560.97190   40  137 3181.41665 2488.13190  21.8%   314 2014s
  4864  1615     cutoff   41      3181.41665 2488.13190  21.8%   308 2019s
  5060  1668 2631.13672   43   72 3181.41665 2488.13190  21.8%   305 2824s
  5257  1748 2583.54625   44  188 3181.41665 2488.13190  21.8%   301 2832s
  5534  1748 2587.10918   46  195 3181.41665 2488.13190  21.8%   298 2838s
  5751  1752 2589.50428   48  212 3181.41665 2488.13190  21.8%   297 2846s
  5950  1781 2590.71207   50  189 3181.41665 2488.13190  21.8%   298 2855s
  6213  1868 2668.88227   52   95 3181.41665 2488.13190  21.8%   298 2865s
  6503  2007 2618.59506   54   63 3181.41665 2488.13190  21.8%   296 2872s
  6793  2126 2641.97827   57   67 3181.41665 2488.13190  21.8%   294 2882s
  7124  2283 2918.49469   59   20 3181.41665 2488.13190  21.8%   292 2891s
  7461  2403 2748.37101   60   25 3181.41665 2488.13190  21.8%   291 2907s
  7874  2507 2677.49988   62  201 3181.41665 2488.13190  21.8%   287 2919s
  8210  2683 2811.09382   64   35 3181.41665 2488.13190  21.8%   286 2934s
  8675  2808 2711.29267   68  142 3181.41665 2488.13190  21.8%   281 2945s
  9117  2884 2997.35938   72   34 3181.41665 2488.13190  21.8%   278 2955s
  9575  2974 2742.83010   79   57 3181.41665 2488.13190  21.8%   276 2969s
  9981  3009     cutoff   86      3181.41665 2488.14191  21.8%   276 3003s
 10179  3166 2530.38505   22  436 3181.41665 2488.14191  21.8%   277 3013s
 10815  3207 2551.62274   24  233 3181.41665 2488.14191  21.8%   274 3097s
H10828  3207                    3181.4165662 2488.14191  21.8%   274 3097s
 11107  3385 2572.89050   30  191 3181.41657 2488.14191  21.8%   274 3110s
 11760  3606 2596.74792   39  185 3181.41657 2488.14191  21.8%   273 3124s
 12427  3691 2627.84717   50  172 3181.41657 2488.14191  21.8%   272 3139s
 12698  3982 2678.99959   52  160 3181.41657 2488.14191  21.8%   273 3156s
 13334  4193 2715.20591   60  163 3181.41657 2488.14191  21.8%   272 3170s
 13892  4313 2744.95293   70  169 3181.41657 2488.14191  21.8%   275 3189s
 14255  4555 2759.54423   76  101 3181.41657 2488.14191  21.8%   276 3203s
 15007  4671 2759.65233   81   78 3181.41657 2488.14191  21.8%   275 3219s
 15575  4883 2777.24485   89  134 3181.41657 2488.14191  21.8%   275 3234s
 16481  5050 2881.49338  122   51 3181.41657 2488.14191  21.8%   272 3251s
 17240  5257 2910.70187  133  136 3181.41657 2627.02248  17.4%   271 3267s
 18123  5284 2639.94653   22  132 3181.41657 2639.94653  17.0%   268 3287s
 19084  5534     cutoff   71      3181.41657 2648.95523  16.7%   267 3305s
 20048  5664 2682.27462   44   67 3181.41657 2648.99582  16.7%   264 3321s
 21286  5779 2715.38134   77  116 3181.41657 2648.99582  16.7%   260 3339s
 22422  5855 2749.64527  106  118 3181.41657 2648.99582  16.7%   258 3363s
 23607  5759 2786.04314  127   96 3181.41657 2719.82836  14.5%   256 3380s
H25145  5783                    3181.4165658 2752.44096  13.5%   251 3414s
H25155  5783                    3181.4162828 2752.44096  13.5%   251 3414s
H25176  5783                    3181.4162005 2752.44096  13.5%   251 3414s
 25187  5735 2931.41786   40   76 3181.41620 2752.44096  13.5%   252 3440s
 26857  5655 2977.35240   55   65 3181.41620 2849.86432  10.4%   247 3457s
 28714  5084     cutoff   48      3181.41620 2868.74322  9.83%   241 3478s
 30500  4347 2995.55805   52   92 3181.41620 2888.00519  9.22%   235 3494s
 32672  3330     cutoff   95      3181.41620 2936.49688  7.70%   227 3508s
 34737  2049     cutoff   52      3181.41620 2967.97896  6.71%   219 3528s
 36791   562 3036.50417   74   43 3181.41620 3022.31688  5.00%   211 3539s
 38832     0 infeasible   43      3181.41620 3093.22355  2.77%   202 3542s

Cutting planes:
  Cover: 12
  Implied bound: 95
  Projected implied bound: 3
  Clique: 9
  MIR: 31
  Flow cover: 38
  Inf proof: 2
  Zero half: 15
  Mod-K: 3
  RLT: 5
  Relax-and-lift: 141

Explored 39489 nodes (8092042 simplex iterations) in 3542.93 seconds
Thread count was 20 (of 40 available processors)

Solution count 3: 3181.42 3189.52 3200.17 

Optimal solution found (tolerance 1.00e-04)
Best objective 3.181418750000e+03, best bound 3.181416200472e+03, gap 0.0001%
