
Gurobi 9.0.2 (linux64, Python) logging started Sat Dec  5 23:29:28 2020

Using license file /share/apps/gurobi/9.0.2/gurobi_client.lic
Set parameter TokenServer to value 10.1.1.1
Set parameter LogFile to value /storage/users/anderhva/051220-191547/logs/O12-C4-V4-WS0.log
Set parameter LogToConsole to value 0
Changed value of parameter TimeLimit to 3600.0
   Prev: inf  Min: 0.0  Max: inf  Default: inf
Gurobi Optimizer version 9.0.2 build v9.0.2rc0 (linux64)
Optimize a model with 14189 rows, 248110 columns and 1434475 nonzeros
Model fingerprint: 0xc0ae6b26
Variable types: 140 continuous, 247970 integer (247970 binary)
Coefficient statistics:
  Matrix range     [1e+00, 1e+02]
  Objective range  [1e+00, 8e+03]
  Bounds range     [1e+00, 1e+00]
  RHS range        [1e+00, 1e+02]
Presolve removed 952 rows and 5300 columns
Presolve time: 4.83s
Presolved: 13237 rows, 242810 columns, 1161560 nonzeros
Variable types: 120 continuous, 242690 integer (242685 binary)

Deterministic concurrent LP optimizer: primal and dual simplex
Showing first log only...


Root simplex log...

Iteration    Objective       Primal Inf.    Dual Inf.      Time
       0    2.9918655e+04   1.200000e+01   6.779948e+09     10s
   43041    1.8458223e+03   0.000000e+00   3.163262e+06     15s
   67087    1.0983846e+03   0.000000e+00   1.714290e+04     20s
   73199    1.2472292e+03   6.739830e+02   0.000000e+00     25s
   76099    1.2472293e+03   5.095665e+02   0.000000e+00     30s
   79364    1.3182663e+03   1.651722e+04   0.000000e+00     35s
   83424    1.6530202e+03   1.494354e+04   0.000000e+00     40s
   86274    1.7172690e+03   4.401050e+02   0.000000e+00     45s
   89064    1.7429782e+03   3.471354e+04   0.000000e+00     50s
   92044    1.8514615e+03   2.851191e+02   0.000000e+00     55s
   92811    1.8565652e+03   0.000000e+00   0.000000e+00     58s
   92811    1.8565652e+03   0.000000e+00   0.000000e+00     58s
Concurrent spin time: 0.00s

Solved with primal simplex

Root relaxation: objective 1.856565e+03, 92811 iterations, 48.44 seconds

    Nodes    |    Current Node    |     Objective Bounds      |     Work
 Expl Unexpl |  Obj  Depth IntInf | Incumbent    BestBd   Gap | It/Node Time

     0     0 1856.56518    0  195          - 1856.56518      -     -   61s
     0     0 1856.56518    0  208          - 1856.56518      -     -   73s
H    0     0                    6955.0433333 1856.56518  73.3%     -   93s
     0     0 2413.08108    0  198 6955.04333 2413.08108  65.3%     -  126s
     0     0 2415.18032    0  285 6955.04333 2415.18032  65.3%     -  142s
     0     0 2453.33135    0  224 6955.04333 2453.33135  64.7%     -  151s
     0     0 2455.88964    0  296 6955.04333 2455.88964  64.7%     -  171s
     0     0 2456.51748    0  302 6955.04333 2456.51748  64.7%     -  173s
     0     0 2477.61071    0  251 6955.04333 2477.61071  64.4%     -  184s
     0     0 2483.72971    0  448 6955.04333 2483.72971  64.3%     -  189s
     0     0 2484.04576    0  333 6955.04333 2484.04576  64.3%     -  191s
     0     0 2501.59000    0  314 6955.04333 2501.59000  64.0%     -  202s
     0     0 2504.38838    0  311 6955.04333 2504.38838  64.0%     -  206s
     0     0 2504.99611    0  301 6955.04333 2504.99611  64.0%     -  209s
     0     0 2505.05795    0  326 6955.04333 2505.05795  64.0%     -  210s
     0     0 2526.58745    0  267 6955.04333 2526.58745  63.7%     -  223s
     0     0 2532.63459    0  409 6955.04333 2532.63459  63.6%     -  228s
     0     0 2532.64733    0  357 6955.04333 2532.64733  63.6%     -  228s
     0     0 2552.38121    0  238 6955.04333 2552.38121  63.3%     -  239s
     0     0 2552.73094    0  268 6955.04333 2552.73094  63.3%     -  242s
     0     0 2564.91991    0  345 6955.04333 2564.91991  63.1%     -  253s
     0     0 2567.31402    0  288 6955.04333 2567.31402  63.1%     -  281s
     0     0 2567.40234    0  368 6955.04333 2567.40234  63.1%     -  283s
     0     0 2586.02647    0  322 6955.04333 2586.02647  62.8%     -  295s
     0     0 2592.72432    0  407 6955.04333 2592.72432  62.7%     -  301s
     0     0 2594.06395    0  462 6955.04333 2594.06395  62.7%     -  304s
     0     0 2594.39266    0  320 6955.04333 2594.39266  62.7%     -  305s
     0     0 2594.45579    0  400 6955.04333 2594.45579  62.7%     -  306s
     0     0 2622.20445    0  355 6955.04333 2622.20445  62.3%     -  320s
     0     0 2632.78763    0  458 6955.04333 2632.78763  62.1%     -  328s
     0     0 2632.78946    0  505 6955.04333 2632.78946  62.1%     -  329s
     0     0 2654.05344    0  292 6955.04333 2654.05344  61.8%     -  340s
     0     0 2655.32089    0  237 6955.04333 2655.32089  61.8%     -  342s
     0     0 2655.50054    0  284 6955.04333 2655.50054  61.8%     -  344s
     0     0 2665.41227    0  339 6955.04333 2665.41227  61.7%     -  353s
     0     0 2665.71700    0  449 6955.04333 2665.71700  61.7%     -  356s
     0     0 2665.77405    0  393 6955.04333 2665.77405  61.7%     -  357s
     0     0 2684.62893    0  355 6955.04333 2684.62893  61.4%     -  367s
     0     0 2690.12121    0  358 6955.04333 2690.12121  61.3%     -  371s
     0     0 2691.98329    0  490 6955.04333 2691.98329  61.3%     -  375s
     0     0 2692.69144    0  464 6955.04333 2692.69144  61.3%     -  377s
     0     0 2693.00112    0  521 6955.04333 2693.00112  61.3%     -  379s
     0     0 2722.37479    0  319 6955.04333 2722.37479  60.9%     -  387s
     0     0 2729.05434    0  429 6955.04333 2729.05434  60.8%     -  392s
     0     0 2729.12313    0  447 6955.04333 2729.12313  60.8%     -  393s
     0     0 2751.63949    0  340 6955.04333 2751.63949  60.4%     -  402s
     0     0 2755.04063    0  300 6955.04333 2755.04063  60.4%     -  404s
     0     0 2755.40146    0  293 6955.04333 2755.40146  60.4%     -  405s
     0     0 2766.59119    0  359 6955.04333 2766.59119  60.2%     -  413s
     0     0 2767.83748    0  446 6955.04333 2767.83748  60.2%     -  419s
     0     0 2767.95377    0  403 6955.04333 2767.95377  60.2%     -  421s
     0     0 2773.12401    0  396 6955.04333 2773.12401  60.1%     -  428s
     0     0 2773.50283    0  388 6955.04333 2773.50283  60.1%     -  431s
     0     0 2778.23625    0  334 6955.04333 2778.23625  60.1%     -  438s
H    0     0                    4692.7995524 2778.23625  40.8%     -  459s
     0     0 2778.31964    0  320 4692.79955 2778.31964  40.8%     -  461s
     0     0 2785.14758    0  401 4692.79955 2785.14758  40.7%     -  466s
     0     0 2785.14758    0  198 4692.79955 2785.14758  40.7%     -  525s
H    0     0                    4692.7995396 2785.14758  40.7%     -  528s
     0     0 2785.14758    0  228 4692.79954 2785.14758  40.7%     -  536s
     0     0 2785.14758    0  294 4692.79954 2785.14758  40.7%     -  594s
     0     0 2785.14758    0  441 4692.79954 2785.14758  40.7%     -  607s
     0     0 2785.14758    0  257 4692.79954 2785.14758  40.7%     -  620s
     0     0 2785.14758    0  433 4692.79954 2785.14758  40.7%     -  630s
     0     0 2785.14758    0  377 4692.79954 2785.14758  40.7%     -  638s
     0     0 2785.14758    0  343 4692.79954 2785.14758  40.7%     -  645s
     0     0 2785.14758    0  402 4692.79954 2785.14758  40.7%     -  649s
     0     0 2787.46751    0  437 4692.79954 2787.46751  40.6%     -  656s
     0     0 2787.78916    0  380 4692.79954 2787.78916  40.6%     -  657s
     0     0 2801.06808    0  634 4692.79954 2801.06808  40.3%     -  670s
H    0     0                    4301.3683517 2801.06808  34.9%     -  714s
     0     0 2801.12658    0  633 4301.36835 2801.12658  34.9%     -  715s
     0     0 2806.38569    0  589 4301.36835 2806.38569  34.8%     -  727s
     0     0 2806.63617    0  585 4301.36835 2806.63617  34.8%     -  748s
     0     0 2810.68783    0  554 4301.36835 2810.68783  34.7%     -  759s
     0     0 2811.08027    0  647 4301.36835 2811.08027  34.6%     -  787s
     0     0 2811.11006    0  569 4301.36835 2811.11006  34.6%     -  788s
     0     0 2815.67610    0  537 4301.36835 2815.67610  34.5%     -  798s
     0     0 2815.79769    0  599 4301.36835 2815.79769  34.5%     -  803s
     0     0 2818.98351    0  756 4301.36835 2818.98351  34.5%     -  818s
     0     0 2819.03716    0  815 4301.36835 2819.03716  34.5%     -  824s
     0     0 2822.12806    0  603 4301.36835 2822.12806  34.4%     -  835s
     0     0 2822.52467    0  687 4301.36835 2822.52467  34.4%     -  841s
     0     0 2822.55208    0  729 4301.36835 2822.55208  34.4%     -  842s
     0     0 2828.35307    0  777 4301.36835 2828.35307  34.2%     -  856s
     0     0 2828.82349    0  837 4301.36835 2828.82349  34.2%     -  863s
     0     0 2828.85567    0  906 4301.36835 2828.85567  34.2%     -  865s
     0     0 2833.15889    0  688 4301.36835 2833.15889  34.1%     -  877s
     0     0 2834.07887    0  660 4301.36835 2834.07887  34.1%     -  887s
     0     0 2834.10885    0  850 4301.36835 2834.10885  34.1%     -  888s
     0     0 2838.27982    0  601 4301.36835 2838.27982  34.0%     -  900s
     0     0 2838.70069    0  695 4301.36835 2838.70069  34.0%     -  910s
     0     0 2838.71211    0  616 4301.36835 2838.71211  34.0%     -  911s
     0     0 2840.62443    0  629 4301.36835 2840.62443  34.0%     -  917s
     0     0 2840.65307    0  639 4301.36835 2840.65307  34.0%     -  921s
     0     0 2842.62745    0  610 4301.36835 2842.62745  33.9%     -  930s
     0     0 2842.90383    0  639 4301.36835 2842.90383  33.9%     -  934s
     0     0 2843.01541    0  672 4301.36835 2843.01541  33.9%     -  936s
     0     0 2844.91599    0  745 4301.36835 2844.91599  33.9%     -  948s
H    0     0                    4301.3683498 2844.91599  33.9%     -  991s
     0     0 2844.94131    0 1183 4301.36835 2844.94131  33.9%     -  998s
     0     0 2847.20707    0  860 4301.36835 2847.20707  33.8%     - 1008s
     0     0 2847.40642    0  714 4301.36835 2847.40642  33.8%     - 1013s
     0     0 2847.49641    0  779 4301.36835 2847.49641  33.8%     - 1017s
     0     0 2849.51737    0  586 4301.36835 2849.51737  33.8%     - 1025s
     0     0 2849.59192    0  574 4301.36835 2849.59192  33.8%     - 1028s
     0     0 2851.73640    0 1070 4301.36835 2851.73640  33.7%     - 1043s
     0     0 2852.14204    0 1059 4301.36835 2852.14204  33.7%     - 1049s
     0     0 2852.15221    0 1123 4301.36835 2852.15221  33.7%     - 1050s
     0     0 2854.35027    0  921 4301.36835 2854.35027  33.6%     - 1061s
     0     0 2854.54902    0  885 4301.36835 2854.54902  33.6%     - 1067s
     0     0 2854.63400    0  924 4301.36835 2854.63400  33.6%     - 1070s
     0     0 2858.89093    0  516 4301.36835 2858.89093  33.5%     - 1081s
     0     0 2859.67073    0  568 4301.36835 2859.67073  33.5%     - 1088s
     0     0 2859.68752    0  828 4301.36835 2859.68752  33.5%     - 1091s
     0     0 2862.37072    0  555 4301.36835 2862.37072  33.5%     - 1098s
     0     0 2863.07054    0  910 4301.36835 2863.07054  33.4%     - 1109s
     0     0 2863.15979    0  746 4301.36835 2863.15979  33.4%     - 1112s
     0     0 2866.54186    0  445 4301.36835 2866.54186  33.4%     - 1119s
     0     0 2866.80477    0  488 4301.36835 2866.80477  33.4%     - 1122s
     0     0 2866.82934    0  519 4301.36835 2866.82934  33.4%     - 1124s
     0     0 2872.99724    0  776 4301.36835 2872.99724  33.2%     - 1135s
     0     0 2873.39446    0  693 4301.36835 2873.39446  33.2%     - 1139s
     0     0 2873.40228    0  740 4301.36835 2873.40228  33.2%     - 1140s
     0     0 2874.78343    0  536 4301.36835 2874.78343  33.2%     - 1147s
     0     0 2874.97932    0  475 4301.36835 2874.97932  33.2%     - 1150s
     0     0 2880.53463    0  844 4301.36835 2880.53463  33.0%     - 1162s
     0     0 2880.86453    0  890 4301.36835 2880.86453  33.0%     - 1167s
     0     0 2880.91835    0  959 4301.36835 2880.91835  33.0%     - 1171s
     0     0 2881.74381    0  542 4301.36835 2881.74381  33.0%     - 1175s
     0     0 2882.22421    0  453 4301.36835 2882.22421  33.0%     - 1181s
     0     0 2882.43147    0  617 4301.36835 2882.43147  33.0%     - 1184s
     0     0 2883.81327    0  767 4301.36835 2883.81327  33.0%     - 1194s
     0     0 2884.00824    0  815 4301.36835 2884.00824  33.0%     - 1200s
     0     0 2893.81244    0  511 4301.36835 2893.81244  32.7%     - 1209s
     0     0 2899.18988    0  322 4301.36835 2899.18988  32.6%     - 1218s
     0     0 2899.65254    0  588 4301.36835 2899.65254  32.6%     - 1223s
     0     0 2900.38065    0  642 4301.36835 2900.38065  32.6%     - 1226s
     0     0 2900.67380    0  676 4301.36835 2900.67380  32.6%     - 1229s
     0     0 2900.69568    0  463 4301.36835 2900.69568  32.6%     - 1229s
     0     0 2904.65792    0  445 4301.36835 2904.65792  32.5%     - 1236s
     0     0 2905.68426    0  778 4301.36835 2905.68426  32.4%     - 1242s
     0     0 2905.74323    0  755 4301.36835 2905.74323  32.4%     - 1243s
     0     0 2910.92874    0  490 4301.36835 2910.92874  32.3%     - 1251s
     0     0 2912.40431    0  536 4301.36835 2912.40431  32.3%     - 1256s
     0     0 2912.41205    0  541 4301.36835 2912.41205  32.3%     - 1256s
     0     0 2919.63577    0  416 4301.36835 2919.63577  32.1%     - 1264s
     0     0 2919.65297    0  390 4301.36835 2919.65297  32.1%     - 1316s
     0     0 2922.36127    0  399 4301.36835 2922.36127  32.1%     - 1319s
     0     0 2922.36431    0  398 4301.36835 2922.36431  32.1%     - 1321s
     0     0 2925.23222    0  333 4301.36835 2925.23222  32.0%     - 1324s
     0     0 2925.46686    0  405 4301.36835 2925.46686  32.0%     - 1326s
     0     0 2926.80313    0  402 4301.36835 2926.80313  32.0%     - 1329s
     0     0 2926.80313    0  400 4301.36835 2926.80313  32.0%     - 1343s
     0     2 2926.80313    0  398 4301.36835 2926.80313  32.0%     - 1396s
     1     4 2932.16850    1  413 4301.36835 2930.78465  31.9%  1886 1445s
     3     8 2933.85034    2  570 4301.36835 2932.18254  31.8%  1866 1505s
     7    16 2953.12812    3  639 4301.36835 2933.85304  31.8%  2191 1568s
    15    31 2991.89269    4  797 4301.36835 2953.21909  31.3%  2395 1623s
H   31    50                    4301.3682162 2964.95868  31.1%  2273 1762s
H   32    50                    4301.3681015 2964.95868  31.1%  2245 1762s
H   35    50                    4301.3674866 2964.95868  31.1%  2249 1762s
H   36    50                    4299.9641596 2964.95868  31.0%  2202 1762s
H   37    50                    4283.4520833 2964.95868  30.8%  2199 1762s
    51    65 3007.94085    6  667 4283.45208 2965.10279  30.8%  2380 1781s
    71    81 3044.22845    7  277 4283.45208 2965.10279  30.8%  2349 1797s
    91    95 3044.30507    8  252 4283.45208 2965.10279  30.8%  2181 1810s
   111   111 3044.66077    9  275 4283.45208 2965.10279  30.8%  2025 1825s
   144   125 3065.21525   11  220 4283.45208 2965.10279  30.8%  1757 1833s
   174   142 3068.32044   12  203 4283.45208 2965.10279  30.8%  1575 1843s
   207   164 3177.03740   13  115 4283.45208 2965.10279  30.8%  1442 1853s
   251   177 3868.69140   13  130 4283.45208 2965.10279  30.8%  1308 1862s
   296   193 3868.43906   14  100 4283.45208 2965.10279  30.8%  1218 1867s
   342   205 3201.87812   14   88 4283.45208 2965.10279  30.8%  1135 1873s
   404   229 3203.91801   18   88 4283.45208 2965.10279  30.8%  1022 1881s
   481   233 3210.44930   23  122 4283.45208 2965.10279  30.8%   909 1889s
   546   240 3774.56137   24  111 4283.45208 2965.10279  30.8%   863 1896s
   611   251 4223.15670   25  101 4283.45208 2984.13005  30.3%   810 1910s
   704   275 3040.80630    6  352 4283.45208 2984.13005  30.3%   755 1922s
   804   289 3075.04260    7  267 4283.45208 2984.13005  30.3%   712 1933s
   873   305 3085.29491    8  266 4283.45208 2984.13005  30.3%   713 1943s
   966   314 3529.44393    9   84 4283.45208 2984.13005  30.3%   692 1952s
  1084   332 3743.87578   10  127 4283.45208 2984.13005  30.3%   672 1961s
  1190   332 3861.05178   12  102 4283.45208 3007.96300  29.8%   658 1969s
  1317   338 3783.60361    7  163 4283.45208 3007.96300  29.8%   642 1979s
  1420   358 3902.19679    8  324 4283.45208 3007.96300  29.8%   639 1989s
  1530   405 3917.72985    9  131 4283.45208 3007.96300  29.8%   630 1999s
  1668   454 3974.10655   16   54 4283.45208 3007.96300  29.8%   621 2008s
  1840   495 4050.05767   26   84 4283.45208 3022.00425  29.4%   594 2017s
  2023   541 3044.57313    8  423 4283.45208 3022.02477  29.4%   571 2031s
  2223   600 3159.92364    9  537 4283.45208 3022.02477  29.4%   548 2041s
  2414   680 3844.56785   10  187 4283.45208 3022.02477  29.4%   525 2050s
  2667   735 4025.01081   21  134 4283.45208 3042.42787  29.0%   494 2067s
  2916   762 3058.84201    9  415 4283.45208 3048.44002  28.8%   473 2077s
  3101   783 3176.91863   11  404 4283.45208 3048.44002  28.8%   464 2086s
  3326   844 3269.17254   12  275 4283.45208 3048.44002  28.8%   452 2097s
  3645   953 3545.85374   14  271 4283.45208 3048.44002  28.8%   435 2107s
  3973  1017 3863.81058   17  146 4283.45208 3048.44002  28.8%   419 2125s
  4259  1046     cutoff   25      4283.45208 3109.03433  27.4%   409 2135s
  4640  1039 3608.02003   10  243 4283.45208 3109.03433  27.4%   393 2143s
  5099   933 infeasible   16      4283.45208 3585.18004  16.3%   375 2153s
  5669   787 4249.95258   12  138 4283.45208 3817.76731  10.9%   353 2160s
  6294   352     cutoff   17      4283.45208 3905.79681  8.82%   333 2168s
  7062    61 infeasible   16      4283.45208 4074.90652  4.87%   307 2174s
  7527     0 infeasible   25      4283.45208 4144.33264  3.25%   292 2175s

Cutting planes:
  Cover: 47
  Implied bound: 372
  Clique: 10
  MIR: 24
  StrongCG: 1
  Flow cover: 3
  Zero half: 8
  RLT: 40
  Relax-and-lift: 544

Explored 7592 nodes (2500327 simplex iterations) in 2175.57 seconds
Thread count was 20 (of 40 available processors)

Solution count 5: 4283.45 4299.96 4301.37 ... 6955.04

Optimal solution found (tolerance 1.00e-04)
Best objective 4.283452083333e+03, best bound 4.283452083333e+03, gap 0.0000%
