
Gurobi 9.0.2 (linux64, Python) logging started Sun Dec  6 15:09:00 2020

Using license file /share/apps/gurobi/9.0.2/gurobi_client.lic
Set parameter TokenServer to value 10.1.1.1
Set parameter LogFile to value /storage/users/anderhva/061220-115738/logs/O12-C4-V5-WS0.log
Set parameter LogToConsole to value 0
Changed value of parameter TimeLimit to 3600.0
   Prev: inf  Min: 0.0  Max: inf  Default: inf
Gurobi Optimizer version 9.0.2 build v9.0.2rc0 (linux64)
Optimize a model with 16968 rows, 296742 columns and 1714296 nonzeros
Model fingerprint: 0x143f3ac0
Variable types: 168 continuous, 296574 integer (296574 binary)
Coefficient statistics:
  Matrix range     [1e+00, 1e+02]
  Objective range  [1e+00, 8e+03]
  Bounds range     [1e+00, 1e+00]
  RHS range        [1e+00, 1e+02]
Presolve removed 1138 rows and 7200 columns (presolve time = 5s) ...
Presolve removed 1138 rows and 7200 columns
Presolve time: 5.19s
Presolved: 15830 rows, 289542 columns, 1383770 nonzeros
Variable types: 144 continuous, 289398 integer (289392 binary)

Deterministic concurrent LP optimizer: primal and dual simplex
Showing first log only...


Root simplex log...

Iteration    Objective       Primal Inf.    Dual Inf.      Time
       0    2.3392144e+04   1.200000e+01   1.067637e+10     10s
   43793    1.5108886e+03   0.000000e+00   1.735445e+06     15s
   63589    1.3971742e+03   2.620728e+02   0.000000e+00     20s
   68489    1.3971742e+03   7.688635e+02   0.000000e+00     25s
   71929    1.3971743e+03   4.058937e+02   0.000000e+00     30s
   74779    1.3971744e+03   5.430901e+02   0.000000e+00     35s
   79439    1.4767159e+03   1.322444e+03   0.000000e+00     40s
   82609    1.4980132e+03   4.745002e+03   0.000000e+00     45s
   84699    1.5130483e+03   9.615635e+04   0.000000e+00     50s
   86789    1.5392453e+03   6.017553e+03   0.000000e+00     55s
   89759    1.8422210e+03   2.325115e+04   0.000000e+00     60s
   92439    1.8766928e+03   9.267686e+03   0.000000e+00     65s
   94659    1.9214879e+03   1.346649e+04   0.000000e+00     70s
   96899    1.9652984e+03   3.836822e+04   0.000000e+00     75s
   99779    2.0029860e+03   1.939126e+03   0.000000e+00     80s
  101499    2.0158265e+03   7.128076e+03   0.000000e+00     85s
  103799    2.0245848e+03   6.342941e+04   0.000000e+00     90s
  105669    2.0356485e+03   1.011695e+02   0.000000e+00     95s
  106721    2.0380922e+03   0.000000e+00   0.000000e+00     99s
  106721    2.0380922e+03   0.000000e+00   0.000000e+00     99s
Concurrent spin time: 0.00s

Solved with primal simplex

Root relaxation: objective 2.038092e+03, 106721 iterations, 89.43 seconds
Total elapsed time = 100.13s

    Nodes    |    Current Node    |     Objective Bounds      |     Work
 Expl Unexpl |  Obj  Depth IntInf | Incumbent    BestBd   Gap | It/Node Time

     0     0 2038.09217    0  219          - 2038.09217      -     -  103s
     0     0 2038.09217    0  291          - 2038.09217      -     -  126s
H    0     0                    5280.9554167 2038.09217  61.4%     -  134s
     0     0 2272.37988    0  251 5280.95542 2272.37988  57.0%     -  204s
     0     0 2273.48215    0  236 5280.95542 2273.48215  56.9%     -  208s
     0     0 2279.79327    0  334 5280.95542 2279.79327  56.8%     -  216s
     0     0 2817.61383    0  264 5280.95542 2817.61383  46.6%     -  250s
     0     0 2843.25659    0  277 5280.95542 2843.25659  46.2%     -  271s
     0     0 2882.85602    0  290 5280.95542 2882.85602  45.4%     -  288s
     0     0 2887.37746    0  219 5280.95542 2887.37746  45.3%     -  319s
     0     0 2911.56453    0  217 5280.95542 2911.56453  44.9%     -  331s
     0     0 2911.57873    0  337 5280.95542 2911.57873  44.9%     -  373s
     0     0 2964.52336    0  324 5280.95542 2964.52336  43.9%     -  389s
     0     0 2966.76910    0  378 5280.95542 2966.76910  43.8%     -  394s
     0     0 2968.34158    0  378 5280.95542 2968.34158  43.8%     -  395s
     0     0 2968.36243    0  379 5280.95542 2968.36243  43.8%     -  395s
     0     0 2995.36448    0  255 5280.95542 2995.36448  43.3%     -  413s
     0     0 2996.89292    0  266 5280.95542 2996.89292  43.3%     -  417s
     0     0 2996.94654    0  277 5280.95542 2996.94654  43.2%     -  418s
     0     0 3016.88422    0  333 5280.95542 3016.88422  42.9%     -  437s
     0     0 3024.66500    0  424 5280.95542 3024.66500  42.7%     -  447s
     0     0 3028.13065    0  452 5280.95542 3028.13065  42.7%     -  459s
     0     0 3029.21268    0  440 5280.95542 3029.21268  42.6%     -  471s
     0     0 3029.41701    0  585 5280.95542 3029.41701  42.6%     -  480s
     0     0 3075.32192    0  345 5280.95542 3075.32192  41.8%     -  505s
     0     0 3077.34930    0  481 5280.95542 3077.34930  41.7%     -  514s
     0     0 3098.82386    0  291 5280.95542 3098.82386  41.3%     -  536s
     0     0 3099.28851    0  349 5280.95542 3099.28851  41.3%     -  552s
     0     0 3099.44213    0  344 5280.95542 3099.44213  41.3%     -  554s
     0     0 3099.47876    0  357 5280.95542 3099.47876  41.3%     -  554s
     0     0 3115.05084    0  279 5280.95542 3115.05084  41.0%     -  588s
     0     0 3116.69266    0  423 5280.95542 3116.69266  41.0%     -  598s
     0     0 3116.96014    0  411 5280.95542 3116.96014  41.0%     -  603s
     0     0 3127.67832    0  244 5280.95542 3127.67832  40.8%     -  610s
     0     0 3127.67832    0  271 5280.95542 3127.67832  40.8%     -  721s
     0     0 3127.67832    0  414 5280.95542 3127.67832  40.8%     -  760s
     0     0 3127.67832    0  333 5280.95542 3127.67832  40.8%     -  862s
     0     0 3127.67832    0  339 5280.95542 3127.67832  40.8%     -  903s
     0     0 3207.90418    0  339 5280.95542 3207.90418  39.3%     -  915s
     0     0 3214.26756    0  249 5280.95542 3214.26756  39.1%     -  924s
     0     0 3217.62486    0  290 5280.95542 3217.62486  39.1%     -  927s
     0     0 3217.74411    0  276 5280.95542 3217.74411  39.1%     -  928s
     0     0 3217.83659    0  276 5280.95542 3217.83659  39.1%     -  929s
     0     0 3231.96385    0  275 5280.95542 3231.96385  38.8%     -  942s
H    0     0                    4718.0835417 3231.96385  31.5%     -  946s
H    0     0                    4574.8554167 3231.96385  29.4%     - 1000s
     0     0 3244.42971    0  411 4574.85542 3244.42971  29.1%     - 1027s
     0     0 3268.39043    0  742 4574.85542 3268.39043  28.6%     - 1061s
     0     0 3268.84153    0  729 4574.85542 3268.84153  28.5%     - 1105s
     0     0 3289.09179    0  483 4574.85542 3289.09179  28.1%     - 1131s
     0     0 3291.46763    0  501 4574.85542 3291.46763  28.1%     - 1137s
     0     0 3291.74730    0  540 4574.85542 3291.74730  28.0%     - 1141s
     0     0 3302.98953    0  411 4574.85542 3302.98953  27.8%     - 1157s
     0     0 3303.59106    0  507 4574.85542 3303.59106  27.8%     - 1163s
     0     0 3303.81785    0  518 4574.85542 3303.81785  27.8%     - 1166s
     0     0 3303.83061    0  521 4574.85542 3303.83061  27.8%     - 1167s
     0     0 3307.40949    0  514 4574.85542 3307.40949  27.7%     - 1182s
     0     0 3308.65494    0  553 4574.85542 3308.65494  27.7%     - 1190s
     0     0 3308.70012    0  567 4574.85542 3308.70012  27.7%     - 1191s
     0     0 3312.34231    0  734 4574.85542 3312.34231  27.6%     - 1204s
     0     0 3312.45702    0  542 4574.85542 3312.45702  27.6%     - 1209s
     0     0 3314.58993    0  439 4574.85542 3314.58993  27.5%     - 1219s
H    0     0                    4574.8550860 3314.58993  27.5%     - 1222s
     0     0 3315.36811    0  639 4574.85509 3315.36811  27.5%     - 1229s
     0     0 3315.41695    0  589 4574.85509 3315.41695  27.5%     - 1230s
     0     0 3317.95716    0  558 4574.85509 3317.95716  27.5%     - 1243s
H    0     0                    4574.8543072 3317.95716  27.5%     - 1244s
     0     0 3317.98338    0  558 4574.85431 3317.98338  27.5%     - 1246s
     0     0 3320.78893    0  759 4574.85431 3320.78893  27.4%     - 1262s
     0     0 3320.99149    0  749 4574.85431 3320.99149  27.4%     - 1267s
     0     0 3324.03287    0  733 4574.85431 3324.03287  27.3%     - 1282s
     0     0 3324.52320    0  678 4574.85431 3324.52320  27.3%     - 1287s
     0     0 3325.22876    0  551 4574.85431 3325.22876  27.3%     - 1289s
     0     0 3325.29227    0  656 4574.85431 3325.29227  27.3%     - 1290s
     0     0 3327.42027    0  545 4574.85431 3327.42027  27.3%     - 1299s
     0     0 3327.52689    0  602 4574.85431 3327.52689  27.3%     - 1303s
     0     0 3329.86820    0  708 4574.85431 3329.86820  27.2%     - 1316s
     0     0 3330.09160    0  653 4574.85431 3330.09160  27.2%     - 1321s
     0     0 3332.15180    0  596 4574.85431 3332.15180  27.2%     - 1334s
     0     0 3332.15180    0  581 4574.85431 3332.15180  27.2%     - 1356s
H    0     0                    4574.8542320 3332.15180  27.2%     - 1382s
H    0     0                    4574.8530014 3332.15180  27.2%     - 1473s
     0     2 3332.15180    0  581 4574.85300 3332.15180  27.2%     - 1475s
     1     4 3345.22842    1  438 4574.85300 3334.22485  27.1%   754 1525s
     3     6 3346.86877    2  389 4574.85300 3345.22942  26.9%   870 1594s
     7    12 3351.84765    3  535 4574.85300 3346.87490  26.8%  1584 1702s
    13    24 3420.54087    4  220 4574.85300 3351.85146  26.7%  2606 1792s
    25    42 3432.37001    5  233 4574.85300 3369.05824  26.4%  2723 1839s
    45    58 3433.36232    6  300 4574.85300 3432.40421  25.0%  2553 1876s
    65    68 3437.17113    7  288 4574.85300 3432.40421  25.0%  2328 1906s
    85    82 3437.97703    8  241 4574.85300 3432.40421  25.0%  2237 1919s
   105    92 3440.33942    9  226 4574.85300 3432.40421  25.0%  2080 1946s
   137   107 3444.65517   10  189 4574.85300 3432.40421  25.0%  1817 1961s
   172   114 3459.61769   11  231 4574.85300 3432.40421  25.0%  1611 1975s
   206   120 4249.27454   11  133 4574.85300 3432.40421  25.0%  1503 2007s
   252   137 3492.54110   12  317 4574.85300 3432.40421  25.0%  1416 2024s
   292   137 3590.64737   13  381 4574.85300 3432.40421  25.0%  1354 2193s
H  295   137                    4574.8529901 3432.40421  25.0%  1355 2193s
H  296   137                    4574.8524925 3432.40421  25.0%  1367 2193s
H  297   137                    4574.8522063 3432.40421  25.0%  1364 2193s
   319   145 3600.22095   14  366 4574.85221 3432.40421  25.0%  1367 2219s
   376   146 3635.00272   15  322 4574.85221 3432.40421  25.0%  1291 2236s
   429   146 3759.61103   16  236 4574.85221 3432.40421  25.0%  1260 2270s
   493   149 4016.85261   17  216 4574.85221 3432.40421  25.0%  1236 2300s
   536   147 4492.71178   14  185 4574.85221 3432.40421  25.0%  1230 2321s
   626   151 4494.95003   20  178 4574.85221 3432.40421  25.0%  1179 2335s
   725   144 4496.44956   27  182 4574.85221 3432.40421  25.0%  1115 2352s
   826   149 infeasible   35      4574.85221 3452.98726  24.5%  1072 2370s
   935   145 4065.34597    7  160 4574.85221 3452.98726  24.5%  1049 2410s
  1075   145 4309.06741    8  276 4574.85221 3452.98726  24.5%   981 2420s
  1227   104     cutoff    9      4574.85221 3452.98726  24.5%   908 2437s
  1435    62     cutoff   11      4574.85221 3494.00058  23.6%   815 2457s
  1625    25 3774.84965    7  317 4574.85221 3630.81881  20.6%   750 2471s
  1752    13 3799.63661    8  257 4574.85221 3774.89035  17.5%   715 2478s
  1782    17 4196.56772    9  141 4574.85221 3800.39384  16.9%   717 2484s
  1822    11 4293.21800   10  144 4574.85221 3828.70458  16.3%   709 2489s
  1886    11     cutoff   20      4574.85221 4103.42399  10.3%   690 2496s
  1909     7 4496.06845    9  266 4574.85221 4234.61189  7.44%   692 2501s
  1947     6 4434.26173   13  118 4574.85221 4321.64725  5.53%   681 2505s

Cutting planes:
  Cover: 31
  Implied bound: 460
  Clique: 5
  MIR: 20
  Flow cover: 12
  Zero half: 11
  RLT: 61
  Relax-and-lift: 251

Explored 1997 nodes (1648033 simplex iterations) in 2505.72 seconds
Thread count was 20 (of 40 available processors)

Solution count 4: 4574.85 4574.86 4718.08 5280.96 
No other solutions better than 4574.85

Optimal solution found (tolerance 1.00e-04)
Best objective 4.574851682470e+03, best bound 4.574851682470e+03, gap 0.0000%
