
Gurobi 9.0.2 (linux64, Python) logging started Sat Dec  5 21:13:01 2020

Using license file /share/apps/gurobi/9.0.2/gurobi_client.lic
Set parameter TokenServer to value 10.1.1.1
Set parameter LogFile to value /storage/users/anderhva/051220-191547/logs/O12-C1-V4-WS0.log
Set parameter LogToConsole to value 0
Changed value of parameter TimeLimit to 3600.0
   Prev: inf  Min: 0.0  Max: inf  Default: inf
Gurobi Optimizer version 9.0.2 build v9.0.2rc0 (linux64)
Optimize a model with 13449 rows, 207515 columns and 1192565 nonzeros
Model fingerprint: 0x947b90e8
Variable types: 140 continuous, 207375 integer (207375 binary)
Coefficient statistics:
  Matrix range     [1e+00, 1e+02]
  Objective range  [1e+00, 1e+04]
  Bounds range     [1e+00, 1e+00]
  RHS range        [1e+00, 1e+02]
Found heuristic solution: objective 17600.125000
Presolve removed 897 rows and 6115 columns
Presolve time: 3.52s
Presolved: 12552 rows, 201400 columns, 958665 nonzeros
Variable types: 120 continuous, 201280 integer (201275 binary)

Deterministic concurrent LP optimizer: primal and dual simplex
Showing first log only...


Root simplex log...

Iteration    Objective       Primal Inf.    Dual Inf.      Time
   19721    1.9374112e+04   0.000000e+00   2.932653e+07      5s
   51725    1.7962992e+03   0.000000e+00   2.511145e+06     10s
   76880    1.4085316e+03   0.000000e+00   1.682301e+04     15s
   83984    1.6045606e+03   2.713855e+04   0.000000e+00     20s
   88421    1.6582791e+03   9.614581e+03   0.000000e+00     25s
   90921    1.6598140e+03   7.422332e+02   0.000000e+00     30s
   93947    1.6924485e+03   3.988278e+03   0.000000e+00     35s
   96567    1.7119584e+03   8.437759e+03   0.000000e+00     40s
  100207    1.7970979e+03   1.283832e+04   0.000000e+00     45s
  104887    2.0309271e+03   6.387036e+02   0.000000e+00     50s
Concurrent spin time: 0.00s

Solved with dual simplex

Root relaxation: objective 2.051839e+03, 39810 iterations, 48.02 seconds

    Nodes    |    Current Node    |     Objective Bounds      |     Work
 Expl Unexpl |  Obj  Depth IntInf | Incumbent    BestBd   Gap | It/Node Time

     0     0 2051.83854    0   83 17600.1250 2051.83854  88.3%     -   53s
     0     0 2051.83854    0   89 17600.1250 2051.83854  88.3%     -   75s
H    0     0                    5973.6460417 2051.83854  65.7%     -   91s
     0     0 2808.31758    0  133 5973.64604 2808.31758  53.0%     -  119s
H    0     0                    3899.5333333 2808.31758  28.0%     -  148s
     0     0 2821.43859    0  158 3899.53333 2821.43859  27.6%     -  156s
     0     0 2821.75062    0  139 3899.53333 2821.75062  27.6%     -  156s
     0     0 2821.86806    0  140 3899.53333 2821.86806  27.6%     -  157s
     0     0 2864.87812    0  169 3899.53333 2864.87812  26.5%     -  164s
     0     0 2864.87812    0   72 3899.53333 2864.87812  26.5%     -  224s
     0     0 2864.87812    0   89 3899.53333 2864.87812  26.5%     -  238s
     0     0 2864.87812    0  128 3899.53333 2864.87812  26.5%     -  267s
     0     0 2874.08588    0  166 3899.53333 2874.08588  26.3%     -  274s
     0     0 2881.04251    0  160 3899.53333 2881.04251  26.1%     -  278s
     0     0 2883.77279    0  128 3899.53333 2883.77279  26.0%     -  280s
H    0     0                    3884.5326003 2883.77279  25.8%     -  281s
     0     0 2916.23686    0  158 3884.53260 2916.23686  24.9%     -  292s
H    0     0                    3884.5313067 2916.23686  24.9%     -  305s
     0     0 2920.56345    0  165 3884.53131 2920.56345  24.8%     -  308s
     0     0 2921.90216    0  169 3884.53131 2921.90216  24.8%     -  310s
     0     0 2922.00241    0  163 3884.53131 2922.00241  24.8%     -  311s
     0     0 2937.57265    0  193 3884.53131 2937.57265  24.4%     -  317s
     0     0 2942.69027    0  264 3884.53131 2942.69027  24.2%     -  345s
     0     0 2947.42848    0  220 3884.53131 2947.42848  24.1%     -  351s
     0     0 2947.53375    0  251 3884.53131 2947.53375  24.1%     -  352s
     0     0 2971.41398    0  258 3884.53131 2971.41398  23.5%     -  365s
     0     0 2974.65062    0  194 3884.53131 2974.65062  23.4%     -  372s
     0     0 2974.67689    0  201 3884.53131 2974.67689  23.4%     -  372s
     0     0 2985.24911    0  190 3884.53131 2985.24911  23.2%     -  380s
     0     0 2987.47432    0  300 3884.53131 2987.47432  23.1%     -  387s
     0     0 2988.64828    0  373 3884.53131 2988.64828  23.1%     -  390s
     0     0 2989.46940    0  357 3884.53131 2989.46940  23.0%     -  393s
     0     0 2989.85572    0  304 3884.53131 2989.85572  23.0%     -  394s
     0     0 3001.47918    0  283 3884.53131 3001.47918  22.7%     -  405s
     0     0 3002.99830    0  303 3884.53131 3002.99830  22.7%     -  410s
     0     0 3003.02110    0  305 3884.53131 3003.02110  22.7%     -  410s
     0     0 3011.95986    0  352 3884.53131 3011.95986  22.5%     -  421s
     0     0 3012.33305    0  370 3884.53131 3012.33305  22.5%     -  423s
     0     0 3012.49980    0  332 3884.53131 3012.49980  22.4%     -  423s
     0     0 3012.96928    0  420 3884.53131 3012.96928  22.4%     -  425s
     0     0 3012.97076    0  450 3884.53131 3012.97076  22.4%     -  425s
     0     0 3021.37657    0  395 3884.53131 3021.37657  22.2%     -  439s
     0     0 3021.85137    0  489 3884.53131 3021.85137  22.2%     -  444s
     0     0 3022.24243    0  478 3884.53131 3022.24243  22.2%     -  446s
     0     0 3022.51431    0  400 3884.53131 3022.51431  22.2%     -  447s
     0     0 3026.32709    0  449 3884.53131 3026.32709  22.1%     -  457s
     0     0 3027.06797    0  509 3884.53131 3027.06797  22.1%     -  521s
     0     0 3027.07393    0  535 3884.53131 3027.07393  22.1%     -  522s
     0     0 3035.57544    0  490 3884.53131 3035.57544  21.9%     -  533s
     0     0 3036.47772    0  562 3884.53131 3036.47772  21.8%     -  539s
     0     0 3036.52273    0  572 3884.53131 3036.52273  21.8%     -  540s
     0     0 3043.20461    0  463 3884.53131 3043.20461  21.7%     -  550s
     0     0 3043.95254    0  383 3884.53131 3043.95254  21.6%     -  552s
     0     0 3044.03989    0  406 3884.53131 3044.03989  21.6%     -  553s
     0     0 3051.38606    0  441 3884.53131 3051.38606  21.4%     -  563s
     0     0 3051.64538    0  424 3884.53131 3051.64538  21.4%     -  565s
     0     0 3051.96386    0  598 3884.53131 3051.96386  21.4%     -  567s
     0     0 3051.99996    0  412 3884.53131 3051.99996  21.4%     -  567s
     0     0 3061.66820    0  351 3884.53131 3061.66820  21.2%     -  577s
     0     0 3064.17195    0  320 3884.53131 3064.17195  21.1%     -  584s
     0     0 3064.61929    0  413 3884.53131 3064.61929  21.1%     -  587s
     0     0 3068.38831    0  317 3884.53131 3068.38831  21.0%     -  591s
     0     0 3068.59413    0  391 3884.53131 3068.59413  21.0%     -  593s
     0     0 3070.97052    0  577 3884.53131 3070.97052  20.9%     -  600s
     0     0 3071.07719    0  605 3884.53131 3071.07719  20.9%     -  602s
     0     0 3072.56327    0  502 3884.53131 3072.56327  20.9%     -  607s
     0     0 3073.12218    0  481 3884.53131 3073.12218  20.9%     -  610s
     0     0 3073.15006    0  509 3884.53131 3073.15006  20.9%     -  610s
     0     0 3074.30361    0  619 3884.53131 3074.30361  20.9%     -  617s
     0     0 3074.33654    0  629 3884.53131 3074.33654  20.9%     -  618s
     0     0 3076.61104    0  635 3884.53131 3076.61104  20.8%     -  625s
     0     0 3076.66170    0  618 3884.53131 3076.66170  20.8%     -  627s
     0     0 3077.42209    0  477 3884.53131 3077.42209  20.8%     -  631s
     0     0 3077.45675    0  530 3884.53131 3077.45675  20.8%     -  632s
     0     0 3077.74784    0  585 3884.53131 3077.74784  20.8%     -  636s
     0     0 3077.78054    0  587 3884.53131 3077.78054  20.8%     -  637s
     0     0 3078.11567    0  442 3884.53131 3078.11567  20.8%     -  639s
     0     0 3078.11567    0  442 3884.53131 3078.11567  20.8%     -  650s
H    0     0                    3884.5308277 3078.11567  20.8%     -  685s
     0     2 3167.67521    0  438 3884.53083 3167.67521  18.5%     -  687s
     1     4 3167.67521    1  256 3884.53083 3167.67521  18.5%  1063  730s
     3     8 3167.67521    2  315 3884.53083 3167.67521  18.5%  1037  779s
     7    16 3167.67521    3  236 3884.53083 3167.67521  18.5%  1934  828s
    15    30 3167.67521    4  324 3884.53083 3167.67521  18.5%  2062  857s
    31    44 3167.67521    5  284 3884.53083 3167.67521  18.5%  1989  881s
    51    62 3428.54957    6  226 3884.53083 3167.67521  18.5%  1675  890s
    71    79 3201.15417    6  334 3884.53083 3167.67521  18.5%  1587  969s
H   76    79                    3884.5302591 3167.67521  18.5%  1548  969s
    91    91 3245.05241    7  266 3884.53026 3167.67521  18.5%  1415  978s
   111   104 3563.16432    8  111 3884.53026 3167.67521  18.5%  1295  983s
   145   115 3252.30920    8  278 3884.53026 3167.67521  18.5%  1147  988s
   181   129 3580.87147    9  104 3884.53026 3167.67521  18.5%  1053  995s
   271   179 3551.87515   11  103 3884.53026 3167.67521  18.5%   812 1004s
   322   205 3562.88743   12   94 3884.53026 3167.67521  18.5%   725 1007s
   390   226 3569.93530   15  101 3884.53026 3167.67521  18.5%   631 1010s
   521   286 3593.74616   19  108 3884.53026 3167.67521  18.5%   518 1016s
   600   329 3631.64278   25  118 3884.53026 3167.67521  18.5%   473 1020s
   769   356 3634.82869   30   84 3884.53026 3167.67521  18.5%   417 1029s
   830   381 3639.30924   36   58 3884.53026 3167.67521  18.5%   412 1034s
   921   421 3644.17218   44   56 3884.53026 3167.67521  18.5%   391 1038s
  1013   455 3646.68535   54   56 3884.53026 3167.67521  18.5%   375 1042s
  1112   497 3650.68344   62  107 3884.53026 3167.67521  18.5%   365 1045s
  1248   543 3654.80484   74   70 3884.53026 3167.67521  18.5%   345 1050s
  1443   587 3685.00514   90   71 3884.53026 3201.16920  17.6%   326 1059s
  1560   625 3558.48898    6  181 3884.53026 3446.99663  11.3%   322 1063s
  1660   620 3575.91980    7  250 3884.53026 3446.99663  11.3%   322 1068s
  1754   635 3722.89333   10   81 3884.53026 3446.99663  11.3%   328 1072s
  1881   634 3776.31358   15   47 3884.53026 3472.98853  10.6%   325 1077s
  2036   646 3570.37678    7  132 3884.53026 3472.98853  10.6%   323 1082s
  2222   617 infeasible    9      3884.53026 3472.98853  10.6%   315 1087s
  2435   565     cutoff    8      3884.53026 3534.60705  9.01%   305 1092s
  2653   493 3707.97251   12  121 3884.53026 3534.60705  9.01%   297 1095s
  3234   242 3840.66951   13   90 3884.53026 3616.94191  6.89%   274 1103s
  3579   106 3730.67829   12   75 3884.53026 3635.41996  6.41%   258 1107s
  3905    16     cutoff   24      3884.53026 3659.81819  5.78%   243 1111s
  4139     4 3839.96184   15  101 3884.53026 3660.69193  5.76%   233 1115s

Cutting planes:
  Cover: 28
  Implied bound: 416
  Clique: 13
  MIR: 27
  StrongCG: 1
  Flow cover: 33
  GUB cover: 1
  Zero half: 17
  RLT: 110
  Relax-and-lift: 295

Explored 4184 nodes (1126001 simplex iterations) in 1115.22 seconds
Thread count was 20 (of 40 available processors)

Solution count 4: 3884.53 3899.53 5973.65 17600.1 
No other solutions better than 3884.53

Optimal solution found (tolerance 1.00e-04)
Best objective 3.884529441231e+03, best bound 3.884529441231e+03, gap 0.0000%
