
Gurobi 9.0.2 (linux64, Python) logging started Sun Dec  6 14:08:30 2020

Using license file /share/apps/gurobi/9.0.2/gurobi_client.lic
Set parameter TokenServer to value 10.1.1.1
Set parameter LogFile to value /storage/users/anderhva/061220-115738/logs/O12-C3-V5-WS0.log
Set parameter LogToConsole to value 0
Changed value of parameter TimeLimit to 3600.0
   Prev: inf  Min: 0.0  Max: inf  Default: inf
Gurobi Optimizer version 9.0.2 build v9.0.2rc0 (linux64)
Optimize a model with 15984 rows, 274068 columns and 1584012 nonzeros
Model fingerprint: 0x6c5159b7
Variable types: 168 continuous, 273900 integer (273900 binary)
Coefficient statistics:
  Matrix range     [1e+00, 1e+02]
  Objective range  [1e+00, 1e+04]
  Bounds range     [1e+00, 1e+00]
  RHS range        [1e+00, 1e+02]
Presolve removed 1085 rows and 6467 columns (presolve time = 5s) ...
Presolve removed 1085 rows and 6467 columns
Presolve time: 5.15s
Presolved: 14899 rows, 267601 columns, 1280743 nonzeros
Variable types: 144 continuous, 267457 integer (267450 binary)

Deterministic concurrent LP optimizer: primal and dual simplex
Showing first log only...


Root simplex log...

Iteration    Objective       Primal Inf.    Dual Inf.      Time
       0    1.8424676e+04   2.600000e+01   9.662228e+09     10s
   17339    1.4370117e+04   0.000000e+00   1.262302e+07     10s
   47988    2.1439808e+03   0.000000e+00   1.157673e+07     15s
   67770    1.6529359e+03   0.000000e+00   2.733856e+05     20s
   86979    1.5693465e+03   0.000000e+00   1.980462e+03     25s
   90248    1.8353193e+03   9.002317e+01   0.000000e+00     30s
   92498    1.8604175e+03   4.782887e+03   0.000000e+00     35s
   94118    1.8803828e+03   8.023049e+01   0.000000e+00     40s
   95678    1.8930009e+03   5.300129e+02   0.000000e+00     45s
   97348    1.8963550e+03   3.486429e+02   0.000000e+00     50s
   99178    1.9031527e+03   1.163093e+03   0.000000e+00     55s
  101238    1.9266434e+03   8.134947e+03   0.000000e+00     60s
  103658    1.9669375e+03   6.194038e+02   0.000000e+00     65s
  106018    2.0649115e+03   2.762518e+04   0.000000e+00     70s
  108688    2.2559046e+03   1.736961e+03   0.000000e+00     75s
  110018    2.2807261e+03   9.342426e+02   0.000000e+00     80s
Concurrent spin time: 0.00s

Solved with dual simplex

Root relaxation: objective 2.287790e+03, 38165 iterations, 75.06 seconds

    Nodes    |    Current Node    |     Objective Bounds      |     Work
 Expl Unexpl |  Obj  Depth IntInf | Incumbent    BestBd   Gap | It/Node Time

     0     0 2308.20739    0  220          - 2308.20739      -     -  112s
     0     0 2326.69361    0  206          - 2326.69361      -     -  137s
     0     0 2805.91803    0  198          - 2805.91803      -     -  160s
     0     0 2840.91575    0  235          - 2840.91575      -     -  167s
     0     0 2853.97676    0  188          - 2853.97676      -     -  178s
H    0     0                    4905.3133195 2853.97676  41.8%     -  180s
H    0     0                    4241.4362500 2853.97676  32.7%     -  204s
     0     0 2854.76522    0  239 4241.43625 2854.76522  32.7%     -  207s
     0     0 2861.59621    0  173 4241.43625 2861.59621  32.5%     -  210s
     0     0 2868.41666    0  268 4241.43625 2868.41666  32.4%     -  216s
     0     0 2868.94545    0  290 4241.43625 2868.94545  32.4%     -  216s
     0     0 2872.09320    0  288 4241.43625 2872.09320  32.3%     -  218s
     0     0 2896.92288    0  373 4241.43625 2896.92288  31.7%     -  234s
     0     0 2898.73015    0  284 4241.43625 2898.73015  31.7%     -  261s
     0     0 2898.95886    0  295 4241.43625 2898.95886  31.7%     -  263s
     0     0 2899.09292    0  321 4241.43625 2899.09292  31.6%     -  265s
     0     0 2899.10718    0  342 4241.43625 2899.10718  31.6%     -  266s
     0     0 2907.21022    0  305 4241.43625 2907.21022  31.5%     -  277s
     0     0 2909.71784    0  319 4241.43625 2909.71784  31.4%     -  282s
     0     0 2910.91038    0  298 4241.43625 2910.91038  31.4%     -  283s
     0     0 2911.17373    0  346 4241.43625 2911.17373  31.4%     -  285s
     0     0 2911.35750    0  360 4241.43625 2911.35750  31.4%     -  286s
     0     0 2919.63082    0  380 4241.43625 2919.63082  31.2%     -  296s
     0     0 2922.23244    0  514 4241.43625 2922.23244  31.1%     -  305s
     0     0 2922.64476    0  411 4241.43625 2922.64476  31.1%     -  306s
     0     0 2922.71533    0  436 4241.43625 2922.71533  31.1%     -  307s
     0     0 2929.86752    0  491 4241.43625 2929.86752  30.9%     -  316s
     0     0 2930.25537    0  418 4241.43625 2930.25537  30.9%     -  349s
     0     0 2930.27116    0  435 4241.43625 2930.27116  30.9%     -  350s
     0     0 2939.62470    0  476 4241.43625 2939.62470  30.7%     -  361s
     0     0 2939.78877    0  481 4241.43625 2939.78877  30.7%     -  363s
     0     0 2940.17834    0  463 4241.43625 2940.17834  30.7%     -  365s
     0     0 2940.24683    0  471 4241.43625 2940.24683  30.7%     -  366s
     0     0 2948.76445    0  475 4241.43625 2948.76445  30.5%     -  375s
     0     0 2948.86288    0  465 4241.43625 2948.86288  30.5%     -  378s
     0     0 2954.31737    0  446 4241.43625 2954.31737  30.3%     -  386s
H    0     0                    4217.8133333 2954.31737  30.0%     -  430s
     0     0 2954.62454    0  518 4217.81333 2954.62454  29.9%     -  432s
     0     0 2954.65152    0  426 4217.81333 2954.65152  29.9%     -  433s
     0     0 2959.25679    0  530 4217.81333 2959.25679  29.8%     -  444s
     0     0 2959.34099    0  572 4217.81333 2959.34099  29.8%     -  445s
     0     0 2962.37570    0  465 4217.81333 2962.37570  29.8%     -  453s
     0     0 2963.27325    0  436 4217.81333 2963.27325  29.7%     -  455s
     0     0 2963.84338    0  550 4217.81333 2963.84338  29.7%     -  459s
     0     0 2966.67535    0  477 4217.81333 2966.67535  29.7%     -  466s
     0     0 2967.27089    0  644 4217.81333 2967.27089  29.6%     -  470s
     0     0 2967.44205    0  678 4217.81333 2967.44205  29.6%     -  472s
     0     0 2967.52099    0  683 4217.81333 2967.52099  29.6%     -  473s
     0     0 2971.06979    0  473 4217.81333 2971.06979  29.6%     -  480s
     0     0 2971.99991    0  589 4217.81333 2971.99991  29.5%     -  483s
     0     0 2972.09099    0  507 4217.81333 2972.09099  29.5%     -  485s
     0     0 2974.68591    0  611 4217.81333 2974.68591  29.5%     -  492s
     0     0 2975.29882    0  768 4217.81333 2975.29882  29.5%     -  499s
     0     0 2975.44365    0  659 4217.81333 2975.44365  29.5%     -  501s
     0     0 2975.47067    0  692 4217.81333 2975.47067  29.5%     -  501s
     0     0 2977.02823    0  731 4217.81333 2977.02823  29.4%     -  509s
     0     0 2977.49654    0  835 4217.81333 2977.49654  29.4%     -  514s
     0     0 2977.55266    0  807 4217.81333 2977.55266  29.4%     -  515s
     0     0 2979.83823    0  846 4217.81333 2979.83823  29.4%     -  525s
     0     0 2979.99986    0  830 4217.81333 2979.99986  29.3%     -  574s
     0     0 2980.05362    0  822 4217.81333 2980.05362  29.3%     -  574s
     0     0 2981.52101    0  551 4217.81333 2981.52101  29.3%     -  579s
     0     0 2981.59214    0  630 4217.81333 2981.59214  29.3%     -  581s
     0     0 2982.96721    0  459 4217.81333 2982.96721  29.3%     -  586s
     0     0 2983.87292    0  793 4217.81333 2983.87292  29.3%     -  592s
     0     0 2983.90095    0  782 4217.81333 2983.90095  29.3%     -  593s
     0     0 2986.00185    0  686 4217.81333 2986.00185  29.2%     -  600s
     0     0 2986.28325    0  655 4217.81333 2986.28325  29.2%     -  603s
     0     0 2986.29728    0  723 4217.81333 2986.29728  29.2%     -  603s
     0     0 2988.59020    0  560 4217.81333 2988.59020  29.1%     -  614s
     0     0 2988.62600    0  562 4217.81333 2988.62600  29.1%     -  617s
     0     0 2989.28410    0  618 4217.81333 2989.28410  29.1%     -  622s
     0     0 2989.44657    0  817 4217.81333 2989.44657  29.1%     -  625s
     0     0 2989.47313    0  816 4217.81333 2989.47313  29.1%     -  626s
     0     0 2990.58245    0  757 4217.81333 2990.58245  29.1%     -  630s
     0     0 2990.58245    0  211 4217.81333 2990.58245  29.1%     -  689s
     0     0 2990.58245    0  196 4217.81333 2990.58245  29.1%     -  702s
     0     0 2990.58245    0  243 4217.81333 2990.58245  29.1%     -  736s
     0     0 2990.58245    0  253 4217.81333 2990.58245  29.1%     -  751s
     0     0 2990.58245    0  490 4217.81333 2990.58245  29.1%     -  767s
     0     0 2990.58245    0  499 4217.81333 2990.58245  29.1%     -  778s
     0     0 2990.58245    0  511 4217.81333 2990.58245  29.1%     -  783s
     0     0 2990.58245    0  443 4217.81333 2990.58245  29.1%     -  786s
     0     0 2990.58245    0  557 4217.81333 2990.58245  29.1%     -  788s
     0     0 2990.58245    0  580 4217.81333 2990.58245  29.1%     -  792s
     0     0 2990.58245    0  588 4217.81333 2990.58245  29.1%     -  793s
     0     0 2993.21315    0  565 4217.81333 2993.21315  29.0%     -  797s
     0     0 2993.48144    0  496 4217.81333 2993.48144  29.0%     -  798s
     0     0 2993.50899    0  514 4217.81333 2993.50899  29.0%     -  799s
     0     0 2993.50929    0  515 4217.81333 2993.50929  29.0%     -  799s
     0     0 3007.65433    0  384 4217.81333 3007.65433  28.7%     -  808s
     0     0 3011.23165    0  416 4217.81333 3011.23165  28.6%     -  842s
     0     0 3011.47564    0  478 4217.81333 3011.47564  28.6%     -  844s
     0     0 3011.60211    0  475 4217.81333 3011.60211  28.6%     -  844s
     0     0 3016.99045    0  378 4217.81333 3016.99045  28.5%     -  851s
     0     0 3018.22719    0  355 4217.81333 3018.22719  28.4%     -  856s
     0     0 3018.36655    0  629 4217.81333 3018.36655  28.4%     -  861s
     0     0 3022.08463    0  512 4217.81333 3022.08463  28.3%     -  871s
     0     0 3022.30768    0  539 4217.81333 3022.30768  28.3%     -  876s
     0     0 3022.31459    0  541 4217.81333 3022.31459  28.3%     -  877s
     0     0 3026.45416    0  489 4217.81333 3026.45416  28.2%     -  883s
     0     0 3026.83421    0  792 4217.81333 3026.83421  28.2%     -  890s
     0     0 3026.91085    0  605 4217.81333 3026.91085  28.2%     -  891s
     0     0 3030.10439    0  667 4217.81333 3030.10439  28.2%     -  899s
     0     0 3030.47158    0  675 4217.81333 3030.47158  28.2%     -  904s
     0     0 3030.56038    0  875 4217.81333 3030.56038  28.1%     -  909s
     0     0 3032.17809    0  814 4217.81333 3032.17809  28.1%     -  919s
     0     0 3032.49192    0  691 4217.81333 3032.49192  28.1%     -  958s
     0     0 3032.57628    0  707 4217.81333 3032.57628  28.1%     -  958s
     0     0 3035.74063    0  676 4217.81333 3035.74063  28.0%     -  966s
     0     0 3036.06937    0  719 4217.81333 3036.06937  28.0%     -  973s
     0     0 3036.19623    0  721 4217.81333 3036.19623  28.0%     -  974s
H    0     0                    4217.8131592 3036.19623  28.0%     -  977s
     0     0 3038.05990    0  525 4217.81316 3038.05990  28.0%     -  979s
     0     0 3038.21446    0  567 4217.81316 3038.21446  28.0%     -  987s
     0     0 3039.04838    0  554 4217.81316 3039.04838  27.9%     -  990s
     0     0 3039.11292    0  593 4217.81316 3039.11292  27.9%     -  991s
     0     0 3040.09933    0  584 4217.81316 3040.09933  27.9%     -  995s
     0     0 3040.46050    0  723 4217.81316 3040.46050  27.9%     - 1001s
     0     0 3040.52181    0  707 4217.81316 3040.52181  27.9%     - 1002s
     0     0 3047.78299    0  496 4217.81316 3047.78299  27.7%     - 1013s
     0     0 3053.65016    0  708 4217.81316 3053.65016  27.6%     - 1022s
     0     0 3053.99774    0  735 4217.81316 3053.99774  27.6%     - 1024s
     0     0 3054.07584    0  766 4217.81316 3054.07584  27.6%     - 1026s
     0     0 3059.59312    0  527 4217.81316 3059.59312  27.5%     - 1036s
H    0     0                    4217.8127623 3059.59312  27.5%     - 1041s
     0     0 3062.98214    0  619 4217.81276 3062.98214  27.4%     - 1042s
     0     0 3064.85958    0  768 4217.81276 3064.85958  27.3%     - 1048s
     0     0 3064.97498    0  770 4217.81276 3064.97498  27.3%     - 1049s
     0     0 3067.35684    0  848 4217.81276 3067.35684  27.3%     - 1057s
     0     0 3068.31044    0  667 4217.81276 3068.31044  27.3%     - 1063s
     0     0 3068.48605    0  952 4217.81276 3068.48605  27.2%     - 1065s
     0     0 3068.68688    0  801 4217.81276 3068.68688  27.2%     - 1067s
     0     0 3068.72785    0  855 4217.81276 3068.72785  27.2%     - 1068s
     0     0 3070.89814    0  948 4217.81276 3070.89814  27.2%     - 1076s
     0     0 3071.44434    0 1024 4217.81276 3071.44434  27.2%     - 1081s
     0     0 3071.54553    0 1128 4217.81276 3071.54553  27.2%     - 1083s
     0     0 3075.38516    0 1086 4217.81276 3075.38516  27.1%     - 1090s
     0     0 3075.59019    0  815 4217.81276 3075.59019  27.1%     - 1093s
     0     0 3075.61228    0  829 4217.81276 3075.61228  27.1%     - 1094s
     0     0 3078.01135    0  769 4217.81276 3078.01135  27.0%     - 1101s
     0     0 3078.53271    0  829 4217.81276 3078.53271  27.0%     - 1113s
     0     0 3078.55323    0  735 4217.81276 3078.55323  27.0%     - 1114s
     0     0 3079.79198    0  790 4217.81276 3079.79198  27.0%     - 1118s
     0     0 3080.07816    0  956 4217.81276 3080.07816  27.0%     - 1122s
     0     0 3080.15309    0 1079 4217.81276 3080.15309  27.0%     - 1125s
     0     0 3081.69204    0  921 4217.81276 3081.69204  26.9%     - 1131s
     0     0 3082.02407    0  756 4217.81276 3082.02407  26.9%     - 1135s
     0     0 3082.05261    0  707 4217.81276 3082.05261  26.9%     - 1135s
     0     0 3083.07737    0  676 4217.81276 3083.07737  26.9%     - 1139s
     0     0 3083.20746    0  898 4217.81276 3083.20746  26.9%     - 1143s
     0     0 3083.91738    0  937 4217.81276 3083.91738  26.9%     - 1150s
     0     0 3084.05008    0  905 4217.81276 3084.05008  26.9%     - 1152s
     0     0 3085.44294    0  653 4217.81276 3085.44294  26.8%     - 1157s
     0     0 3085.44294    0  653 4217.81276 3085.44294  26.8%     - 1173s
H    0     0                    4217.8127476 3085.44294  26.8%     - 1297s
     0     2 3085.44294    0  653 4217.81275 3085.44294  26.8%     - 1298s
     1     4 3086.30402    1  783 4217.81275 3086.30402  26.8%   628 1386s
     3     8 3090.81627    2  879 4217.81275 3087.28898  26.8%  1573 1489s
     7    14 3091.73494    3  549 4217.81275 3090.82352  26.7%  2673 1543s
    15    24 3103.42998    4  283 4217.81275 3091.73608  26.7%  2617 1592s
    29    40 3140.65172    5  462 4217.81275 3103.44370  26.4%  2195 1762s
H   31    40                    4217.8126128 3103.44370  26.4%  2081 1762s
H   39    40                    4217.8125221 3103.44370  26.4%  1858 1762s
H   40    40                    4217.8125173 3103.44370  26.4%  1821 1762s
    49    52 3152.28370    6  306 4217.81252 3122.24183  26.0%  1881 1785s
    69    67 3160.38006    7  250 4217.81252 3122.25259  26.0%  1624 1799s
    89    81 3463.05402    8  135 4217.81252 3122.25259  26.0%  1536 1815s
   109    97 3191.29580    8  346 4217.81252 3122.25259  26.0%  1474 1827s
   141   116 3199.11096    9  311 4217.81252 3122.25259  26.0%  1262 1834s
   176   131 3202.79457   11  288 4217.81252 3122.25259  26.0%  1084 1841s
   214   148 3207.02165   13  301 4217.81252 3122.25259  26.0%   938 1853s
   263   165 3743.26400   15   88 4217.81252 3122.25259  26.0%   842 1858s
   310   201 3920.33692   16  139 4217.81252 3122.25259  26.0%   763 1865s
   367   237 3330.31747   16  216 4217.81252 3122.25259  26.0%   709 1873s
H  397   237                    4217.8125127 3122.25259  26.0%   674 1873s
   433   274 3334.55681   17  161 4217.81251 3122.25259  26.0%   627 1881s
   503   322 3705.89962   17   82 4217.81251 3122.25259  26.0%   565 1888s
   593   348 3609.78658   18  123 4217.81251 3122.25259  26.0%   513 1893s
   680   372 3999.81912   19  217 4217.81251 3122.25259  26.0%   470 1901s
   758   404 4006.58361   20  194 4217.81251 3122.25259  26.0%   448 1923s
   851   425 4016.34033   21  196 4217.81251 3122.25259  26.0%   440 1934s
   937   443 4030.85257   22   88 4217.81251 3122.25259  26.0%   428 1942s
  1044   473 4030.96699   24  179 4217.81251 3122.25259  26.0%   411 1953s
  1159   497     cutoff   25      4217.81251 3122.25259  26.0%   392 1960s
  1297   513 4058.89077   28   76 4217.81251 3122.25259  26.0%   369 1968s
  1438   564 4082.87269   32  174 4217.81251 3122.25259  26.0%   351 1973s
  1591   604 4095.49037   34  201 4217.81251 3122.25259  26.0%   338 1978s
  1752   669 4121.22737   38  168 4217.81251 3122.25259  26.0%   325 1982s
  1898   746 4135.19657   41  154 4217.81251 3145.09810  25.4%   314 1989s
  2106   781 3217.72925    7  210 4217.81251 3145.43255  25.4%   298 1995s
  2300   846 3313.13695    8  258 4217.81251 3145.43255  25.4%   291 2001s
  2519   920 3727.09370    9  131 4217.81251 3145.43255  25.4%   280 2006s
  2734   985 3736.67434   12   77 4217.81251 3145.43255  25.4%   270 2012s
  3015  1122 3745.72574   17   74 4217.81251 3145.43255  25.4%   257 2017s
  3331  1258 3769.75049   32  129 4217.81251 3145.43255  25.4%   244 2022s
  3707  1342 3926.16761   45   92 4217.81251 3145.43255  25.4%   230 2028s
  4069  1401 4137.54882   56   59 4217.81251 3337.97845  20.9%   219 2034s
  4368  1521 3933.37750    8  111 4217.81251 3337.97845  20.9%   213 2039s
  4707  1651 4075.43323   11  152 4217.81251 3365.21104  20.2%   207 2045s
  5051  1652 3959.75553   30  757 4217.81251 3365.21104  20.2%   203 2327s
  5053  1653 4171.52592   35  197 4217.81251 3365.21104  20.2%   203 2387s
  5054  1654 3949.16060   26  185 4217.81251 3365.21104  20.2%   203 2395s
  5055  1655 3846.69369   12  454 4217.81251 3365.21104  20.2%   203 2418s
  5056  1655 3953.70660   25  332 4217.81251 3365.21104  20.2%   203 2436s
  5057  1656 3962.22548   21  413 4217.81251 3365.21104  20.2%   203 2451s
  5058  1657 3851.26946   25  866 4217.81251 3365.21104  20.2%   203 2459s
  5059  1657 3925.89506   12  590 4217.81251 3365.21104  20.2%   203 2466s
  5060  1658 4022.12720   34  654 4217.81251 3365.21104  20.2%   203 2470s
  5062  1659 3988.07144   18  691 4217.81251 3365.21104  20.2%   203 2475s
  5064  1661 3915.09018   25  680 4217.81251 3365.21104  20.2%   203 2491s
  5065  1661 3829.30084   25  484 4217.81251 3365.21104  20.2%   203 2496s
  5066  1662 4107.88972   34  674 4217.81251 3365.21104  20.2%   202 2506s
  5067  1663 3921.22507   18  809 4217.81251 3365.21104  20.2%   202 2510s
  5068  1663 4075.80598   41  739 4217.81251 3365.21104  20.2%   202 2516s
  5069  1664 3964.74865   32  637 4217.81251 3365.21104  20.2%   202 2529s
  5070  1665 3993.31563   11  735 4217.81251 3365.21104  20.2%   202 2533s
  5071  1665 3988.70674   33  723 4217.81251 3365.21104  20.2%   202 2538s
  5072  1666 3916.87537   10  889 4217.81251 3365.21104  20.2%   202 2555s
  5074  1667 4022.78941   22  741 4217.81251 3365.21104  20.2%   202 2560s
  5076  1669 4037.70246   37  870 4217.81251 3365.21104  20.2%   202 2575s
  5078  1670 4061.31052   46 1215 4217.81251 3365.21104  20.2%   202 2583s
  5079  1671 4048.47110   17 1185 4217.81251 3365.21104  20.2%   202 2586s
  5080  1671 3980.56324   27  981 4217.81251 3365.21104  20.2%   202 2592s
  5081  1672 4122.53737   51  840 4217.81251 3365.21104  20.2%   202 2605s
  5083  1673 3731.13793   14 1146 4217.81251 3365.21104  20.2%   202 2615s
  5084  1674 4007.12184   18 1101 4217.81251 3365.21104  20.2%   202 2622s
  5085  1675 3839.15714   22  900 4217.81251 3365.21104  20.2%   202 2635s
  5086  1675 4021.82565   13 1111 4217.81251 3365.21104  20.2%   202 2641s
  5088  1677 3915.58266   15 1028 4217.81251 3365.21104  20.2%   202 2646s
  5090  1678 3987.98875   31 1006 4217.81251 3365.21104  20.2%   202 2652s
  5091  1679 3813.07749    8  935 4217.81251 3365.21104  20.2%   201 2664s
  5092  1679 4006.88475   37  978 4217.81251 3365.21104  20.2%   201 2668s
  5094  1681 4081.30417   56 1081 4217.81251 3365.21104  20.2%   201 2675s
  5095  1681 3874.38798   17  716 4217.81251 3365.21104  20.2%   201 2685s
  5097  1683 4098.50175   34  942 4217.81251 3365.21104  20.2%   201 2691s
  5099  1684 4010.68138   40  803 4217.81251 3365.21104  20.2%   201 2696s
  5100  1685 4068.48690   46  924 4217.81251 3365.21104  20.2%   201 2701s
  5101  1685 4132.91592   58  844 4217.81251 3365.21104  20.2%   201 2706s
  5102  1686 3944.01464   33 1025 4217.81251 3365.21104  20.2%   201 2715s
  5104  1687 3912.73076   18 1472 4217.81251 3365.21104  20.2%   201 2721s
  5105  1688 4160.06437   35 1526 4217.81251 3365.21104  20.2%   201 2728s
  5106  1689 3915.18979   26 1019 4217.81251 3365.21104  20.2%   201 2737s
  5107  1689 3948.79815   20 1152 4217.81251 3365.21104  20.2%   201 2742s
  5108  1690 4036.63151   31 1209 4217.81251 3365.21104  20.2%   201 2745s
  5111  1692 4084.18573   40 1266 4217.81251 3365.21104  20.2%   201 2754s
  5112  1693 4033.58934   22  780 4217.81251 3365.21104  20.2%   201 2768s
  5113  1693 3962.91647   15  844 4217.81251 3365.21104  20.2%   201 2775s
  5115  1695 4152.79114   25  756 4217.81251 3365.21104  20.2%   201 2781s
  5116  1695 3872.59076   14  751 4217.81251 3365.21104  20.2%   201 2785s
  5117  1696 4030.33949   46  537 4217.81251 3365.21104  20.2%   200 2792s
  5118  1697 4050.30994   31  930 4217.81251 3365.21104  20.2%   200 2797s
  5119  1697 4024.78175   30  956 4217.81251 3365.21104  20.2%   200 2801s
  5120  1698 3989.43019   35  630 4217.81251 3365.21104  20.2%   200 2810s
  5123  1700 4030.88226   36  931 4217.81251 3365.21104  20.2%   200 2823s
  5124  1701 4057.74647   13  948 4217.81251 3365.21104  20.2%   200 2825s
  5126  1702 4021.36720   15  816 4217.81251 3365.21104  20.2%   200 2837s
  5127  1703 4033.05937   30  813 4217.81251 3365.21104  20.2%   200 2840s
  5128  1703 3862.30186    9  811 4217.81251 3365.21104  20.2%   200 2846s
  5130  1705 4040.83054   16  894 4217.81251 3365.21104  20.2%   200 2870s
  5132  1706 4027.04964    9  894 4217.81251 3365.23444  20.2%   200 3093s
  5133  1710 3365.23444   14  737 4217.81251 3365.23444  20.2%   234 3272s
  5135  1713 3653.33173   15  190 4217.81251 3365.23444  20.2%   237 3379s
  5139  1716 3680.13128   16  233 4217.81251 3365.23444  20.2%   238 3465s
  5147  1725 3690.36762   17  240 4217.81251 3365.23444  20.2%   239 3508s
  5159  1735 3699.01851   18  189 4217.81251 3365.23444  20.2%   242 3600s

Cutting planes:
  Cover: 4
  Implied bound: 45
  Projected implied bound: 11
  Clique: 1
  MIR: 14
  StrongCG: 1
  Flow cover: 52
  Zero half: 5
  RLT: 10
  Relax-and-lift: 274

Explored 5179 nodes (1379771 simplex iterations) in 3600.15 seconds
Thread count was 20 (of 40 available processors)

Solution count 4: 4217.81 4217.81 4241.44 4905.31 

Time limit reached
Best objective 4.217812278114e+03, best bound 3.365234444605e+03, gap 20.2137%
