
Gurobi 9.0.2 (linux64, Python) logging started Sun Dec  6 18:53:18 2020

Using license file /share/apps/gurobi/9.0.2/gurobi_client.lic
Set parameter TokenServer to value 10.1.1.1
Set parameter LogFile to value /storage/users/anderhva/061220-115738/logs/O14-C4-V5-WS0.log
Set parameter LogToConsole to value 0
Changed value of parameter TimeLimit to 3600.0
   Prev: inf  Min: 0.0  Max: inf  Default: inf
Gurobi Optimizer version 9.0.2 build v9.0.2rc0 (linux64)
Optimize a model with 20188 rows, 408996 columns and 2376522 nonzeros
Model fingerprint: 0xd806e201
Variable types: 192 continuous, 408804 integer (408804 binary)
Coefficient statistics:
  Matrix range     [1e+00, 1e+02]
  Objective range  [1e+00, 8e+03]
  Bounds range     [1e+00, 1e+00]
  RHS range        [1e+00, 1e+02]
Presolve removed 1315 rows and 7812 columns (presolve time = 5s) ...
Presolve removed 1387 rows and 9216 columns
Presolve time: 8.11s
Presolved: 18801 rows, 399780 columns, 1923940 nonzeros
Variable types: 168 continuous, 399612 integer (399606 binary)

Deterministic concurrent LP optimizer: primal and dual simplex
Showing first log only...


Root simplex log...

Iteration    Objective       Primal Inf.    Dual Inf.      Time
       0    2.6897142e+04   1.400000e+01   1.441307e+10     16s
   34311    2.6657383e+03   0.000000e+00   4.914601e+07     20s
   53022    1.7067592e+03   0.000000e+00   6.670583e+06     25s
   70337    1.4290131e+03   0.000000e+00   7.958045e+05     30s
   83864    1.3569717e+03   0.000000e+00   1.371729e+06     35s
   98052    1.3262236e+03   0.000000e+00   1.472995e+04     40s
  104605    1.5756250e+03   5.881503e+02   0.000000e+00     45s
  106815    1.5756250e+03   4.324040e+02   0.000000e+00     50s
  109705    1.5756252e+03   8.329045e+03   0.000000e+00     55s
  112597    1.5777900e+03   2.010464e+03   0.000000e+00     60s
  114237    1.5778021e+03   1.722487e+03   0.000000e+00     65s
  115737    1.5778236e+03   4.719511e+02   0.000000e+00     70s
  116897    1.5778910e+03   7.055179e+02   0.000000e+00     75s
  117917    1.5778910e+03   1.665608e+03   0.000000e+00     80s
  118947    1.5779382e+03   2.653505e+03   0.000000e+00     85s
  119987    1.5835947e+03   4.154042e+03   0.000000e+00     90s
  121622    1.5914849e+03   3.907465e+04   0.000000e+00     95s
  123477    1.5914853e+03   1.305935e+05   0.000000e+00    100s
  124261    1.5914854e+03   8.364089e+04   0.000000e+00    106s
  125199    1.6164855e+03   1.904090e+04   0.000000e+00    110s
  125929    1.6164855e+03   1.153838e+04   0.000000e+00    115s
  126819    1.6575220e+03   8.475357e+03   0.000000e+00    121s
  127579    1.6875220e+03   1.032655e+04   0.000000e+00    125s
  128279    1.6900221e+03   1.821271e+04   0.000000e+00    130s
  129079    1.7607107e+03   4.003843e+03   0.000000e+00    135s
  129909    1.8341669e+03   1.418463e+04   0.000000e+00    140s
  130789    1.8341670e+03   1.789941e+04   0.000000e+00    145s
  131569    1.8341671e+03   1.126155e+04   0.000000e+00    150s
  132747    1.8341673e+03   3.139389e+04   0.000000e+00    155s
  135822    1.8649977e+03   4.114780e+03   0.000000e+00    160s
  137832    1.8848676e+03   2.252349e+04   0.000000e+00    165s
  140823    1.8970717e+03   1.248081e+04   0.000000e+00    170s
Concurrent spin time: 2.91s

Solved with dual simplex

Root relaxation: objective 2.186226e+03, 59819 iterations, 157.92 seconds

    Nodes    |    Current Node    |     Objective Bounds      |     Work
 Expl Unexpl |  Obj  Depth IntInf | Incumbent    BestBd   Gap | It/Node Time

     0     0 2186.22639    0  218          - 2186.22639      -     -  179s
H    0     0                    4785.6520833 2186.22639  54.3%     -  199s
     0     0 2186.22639    0  229 4785.65208 2186.22639  54.3%     -  218s
     0     0 2516.04146    0  274 4785.65208 2516.04146  47.4%     -  268s
     0     0 3039.31808    0  284 4785.65208 3039.31808  36.5%     -  388s
     0     0 3039.35301    0  267 4785.65208 3039.35301  36.5%     -  393s
     0     0 3081.61907    0  245 4785.65208 3081.61907  35.6%     -  417s
     0     0 3082.69296    0  270 4785.65208 3082.69296  35.6%     -  424s
     0     0 3082.79991    0  283 4785.65208 3082.79991  35.6%     -  426s
     0     0 3106.48451    0  270 4785.65208 3106.48451  35.1%     -  457s
     0     0 3108.61256    0  297 4785.65208 3108.61256  35.0%     -  474s
     0     0 3110.28324    0  369 4785.65208 3110.28324  35.0%     -  484s
     0     0 3144.57363    0  244 4785.65208 3144.57363  34.3%     -  513s
     0     0 3149.62787    0  296 4785.65208 3149.62787  34.2%     -  535s
     0     0 3150.35575    0  327 4785.65208 3150.35575  34.2%     -  543s
     0     0 3150.35720    0  321 4785.65208 3150.35720  34.2%     -  544s
     0     0 3176.21036    0  282 4785.65208 3176.21036  33.6%     -  579s
     0     0 3178.93949    0  270 4785.65208 3178.93949  33.6%     -  719s
     0     0 3179.93189    0  275 4785.65208 3179.93189  33.6%     -  722s
     0     0 3179.99080    0  309 4785.65208 3179.99080  33.6%     -  725s
     0     0 3203.00729    0  278 4785.65208 3203.00729  33.1%     -  748s
     0     0 3205.44043    0  366 4785.65208 3205.44043  33.0%     -  763s
     0     0 3205.75399    0  405 4785.65208 3205.75399  33.0%     -  768s
     0     0 3212.94408    0  347 4785.65208 3212.94408  32.9%     -  791s
     0     0 3221.95750    0  303 4785.65208 3221.95750  32.7%     -  810s
     0     0 3223.23506    0  298 4785.65208 3223.23506  32.6%     -  815s
     0     0 3223.25873    0  306 4785.65208 3223.25873  32.6%     -  817s
     0     0 3243.74880    0  443 4785.65208 3243.74880  32.2%     -  853s
     0     0 3245.49578    0  453 4785.65208 3245.49578  32.2%     -  869s
     0     0 3248.47007    0  459 4785.65208 3248.47007  32.1%     -  885s
     0     0 3248.47071    0  495 4785.65208 3248.47071  32.1%     -  886s
     0     0 3281.40473    0  326 4785.65208 3281.40473  31.4%     -  916s
     0     0 3281.58907    0  330 4785.65208 3281.58907  31.4%     -  925s
     0     0 3281.73890    0  287 4785.65208 3281.73890  31.4%     -  928s
     0     0 3288.09458    0  385 4785.65208 3288.09458  31.3%     -  948s
     0     0 3289.27256    0  459 4785.65208 3289.27256  31.3%     -  959s
     0     0 3299.90001    0  373 4785.65208 3299.90001  31.0%     -  979s
     0     0 3300.41630    0  368 4785.65208 3300.41630  31.0%     -  986s
     0     0 3300.52790    0  377 4785.65208 3300.52790  31.0%     -  987s
     0     0 3327.39720    0  376 4785.65208 3327.39720  30.5%     - 1012s
     0     0 3327.72021    0  389 4785.65208 3327.72021  30.5%     - 1017s
     0     0 3328.28722    0  419 4785.65208 3328.28722  30.5%     - 1024s
     0     0 3329.76096    0  425 4785.65208 3329.76096  30.4%     - 1030s
     0     0 3329.80837    0  516 4785.65208 3329.80837  30.4%     - 1034s
     0     0 3347.30822    0  324 4785.65208 3347.30822  30.1%     - 1056s
     0     0 3351.74017    0  403 4785.65208 3351.74017  30.0%     - 1068s
     0     0 3351.83886    0  422 4785.65208 3351.83886  30.0%     - 1070s
     0     0 3369.04840    0  298 4785.65208 3369.04840  29.6%     - 1086s
     0     0 3370.32776    0  307 4785.65208 3370.32776  29.6%     - 1093s
     0     0 3370.44190    0  449 4785.65208 3370.44190  29.6%     - 1099s
     0     0 3386.88476    0  316 4785.65208 3386.88476  29.2%     - 1119s
     0     0 3388.22724    0  289 4785.65208 3388.22724  29.2%     - 1132s
     0     0 3389.72967    0  478 4785.65208 3389.72967  29.2%     - 1143s
     0     0 3389.83224    0  561 4785.65208 3389.83224  29.2%     - 1149s
     0     0 3404.39176    0  386 4785.65208 3404.39176  28.9%     - 1170s
     0     0 3404.65151    0  377 4785.65208 3404.65151  28.9%     - 1176s
     0     0 3404.81611    0  383 4785.65208 3404.81611  28.9%     - 1180s
     0     0 3422.42671    0  263 4785.65208 3422.42671  28.5%     - 1196s
     0     0 3428.08631    0  461 4785.65208 3428.08631  28.4%     - 1208s
     0     0 3428.14268    0  490 4785.65208 3428.14268  28.4%     - 1209s
     0     0 3433.42835    0  403 4785.65208 3433.42835  28.3%     - 1224s
     0     0 3434.47754    0  560 4785.65208 3434.47754  28.2%     - 1236s
     0     0 3434.52364    0  586 4785.65208 3434.52364  28.2%     - 1237s
     0     0 3443.11168    0  443 4785.65208 3443.11168  28.1%     - 1258s
     0     0 3443.75512    0  393 4785.65208 3443.75512  28.0%     - 1267s
     0     0 3443.90510    0  359 4785.65208 3443.90510  28.0%     - 1270s
     0     0 3456.17061    0  562 4785.65208 3456.17061  27.8%     - 1286s
     0     0 3456.21576    0  590 4785.65208 3456.21576  27.8%     - 1292s
     0     0 3460.03013    0  337 4785.65208 3460.03013  27.7%     - 1306s
     0     0 3460.87029    0  370 4785.65208 3460.87029  27.7%     - 1314s
     0     0 3461.28188    0  520 4785.65208 3461.28188  27.7%     - 1320s
     0     0 3461.46220    0  387 4785.65208 3461.46220  27.7%     - 1324s
     0     0 3467.06646    0  483 4785.65208 3467.06646  27.6%     - 1344s
     0     0 3467.82847    0  470 4785.65208 3467.82847  27.5%     - 1351s
     0     0 3468.15424    0  496 4785.65208 3468.15424  27.5%     - 1355s
     0     0 3468.72376    0  627 4785.65208 3468.72376  27.5%     - 1362s
     0     0 3468.93108    0  650 4785.65208 3468.93108  27.5%     - 1365s
     0     0 3475.67446    0  490 4785.65208 3475.67446  27.4%     - 1383s
     0     0 3476.28782    0  448 4785.65208 3476.28782  27.4%     - 1390s
     0     0 3476.52771    0  448 4785.65208 3476.52771  27.4%     - 1393s
     0     0 3481.40989    0  545 4785.65208 3481.40989  27.3%     - 1411s
     0     0 3482.34530    0  715 4785.65208 3482.34530  27.2%     - 1423s
     0     0 3482.38537    0  704 4785.65208 3482.38537  27.2%     - 1425s
     0     0 3490.12452    0  502 4785.65208 3490.12452  27.1%     - 1442s
     0     0 3490.68487    0  710 4785.65208 3490.68487  27.1%     - 1453s
     0     0 3490.83612    0  666 4785.65208 3490.83612  27.1%     - 1458s
     0     0 3494.73404    0  533 4785.65208 3494.73404  27.0%     - 1478s
     0     0 3494.76288    0  602 4785.65208 3494.76288  27.0%     - 1483s
     0     0 3500.19962    0  604 4785.65208 3500.19962  26.9%     - 1504s
     0     0 3500.44838    0  560 4785.65208 3500.44838  26.9%     - 1514s
     0     0 3504.46138    0  508 4785.65208 3504.46138  26.8%     - 1526s
     0     0 3504.46138    0  213 4785.65208 3504.46138  26.8%     - 1681s
     0     0 3504.46138    0  240 4785.65208 3504.46138  26.8%     - 1709s
     0     0 3504.46138    0  195 4785.65208 3504.46138  26.8%     - 1770s
     0     0 3504.46138    0  262 4785.65208 3504.46138  26.8%     - 1826s
     0     0 3504.46138    0  267 4785.65208 3504.46138  26.8%     - 1861s
     0     0 3504.46138    0  381 4785.65208 3504.46138  26.8%     - 1880s
     0     0 3504.46138    0  396 4785.65208 3504.46138  26.8%     - 1890s
     0     0 3504.46180    0  506 4785.65208 3504.46180  26.8%     - 1899s
     0     0 3513.30522    0  543 4785.65208 3513.30522  26.6%     - 1920s
     0     0 3513.41364    0  513 4785.65208 3513.41364  26.6%     - 2030s
     0     0 3529.94633    0  424 4785.65208 3529.94633  26.2%     - 2050s
     0     0 3530.93643    0  398 4785.65208 3530.93643  26.2%     - 2057s
     0     0 3531.93694    0  464 4785.65208 3531.93694  26.2%     - 2063s
     0     0 3532.04260    0  432 4785.65208 3532.04260  26.2%     - 2065s
     0     0 3534.74799    0  441 4785.65208 3534.74799  26.1%     - 2079s
     0     0 3535.69212    0  503 4785.65208 3535.69212  26.1%     - 2092s
     0     0 3535.69453    0  550 4785.65208 3535.69453  26.1%     - 2093s
     0     0 3540.02446    0  586 4785.65208 3540.02446  26.0%     - 2112s
     0     0 3540.39465    0  816 4785.65208 3540.39465  26.0%     - 2122s
     0     0 3540.40432    0  790 4785.65208 3540.40432  26.0%     - 2124s
     0     0 3547.32448    0  588 4785.65208 3547.32448  25.9%     - 2140s
     0     0 3547.72705    0  646 4785.65208 3547.72705  25.9%     - 2153s
     0     0 3547.74271    0  659 4785.65208 3547.74271  25.9%     - 2154s
     0     0 3551.74363    0  752 4785.65208 3551.74363  25.8%     - 2172s
     0     0 3551.99757    0  555 4785.65208 3551.99757  25.8%     - 2183s
     0     0 3570.42549    0  487 4785.65208 3570.42549  25.4%     - 2211s
     0     0 3571.16933    0  593 4785.65208 3571.16933  25.4%     - 2219s
     0     0 3576.36074    0  432 4785.65208 3576.36074  25.3%     - 2238s
     0     0 3576.48728    0  639 4785.65208 3576.48728  25.3%     - 2247s
     0     0 3579.30226    0  479 4785.65208 3579.30226  25.2%     - 2266s
     0     0 3580.07176    0  634 4785.65208 3580.07176  25.2%     - 2282s
     0     0 3582.05919    0  797 4785.65208 3582.05919  25.2%     - 2302s
     0     0 3582.05919    0  791 4785.65208 3582.05919  25.2%     - 2346s
H    0     2                    4785.6511566 3582.05919  25.2%     - 2570s
     0     2 3582.05919    0  791 4785.65116 3582.05919  25.2%     - 2570s
     1     4 3584.59884    1  441 4785.65116 3582.71809  25.1%  1312 2654s
     3     6 3585.89753    2  573 4785.65116 3584.60880  25.1%  2411 2751s
     7    12 3587.96490    3  558 4785.65116 3587.14849  25.0%  2235 2843s
    13    21 3596.66291    4  541 4785.65116 3587.97405  25.0%  3179 2984s
    25    39 3612.11583    5  486 4785.65116 3596.68088  24.8%  3564 3088s
H   45    57                    4785.6510991 3612.11742  24.5%  2903 3443s
    65    73 3624.27365    7  558 4785.65110 3612.12226  24.5%  2857 3495s
    85    86 3625.20315    8  521 4785.65110 3612.12226  24.5%  2550 3529s
   105   105 3940.89284    8  322 4785.65110 3612.12226  24.5%  2341 3576s
H  108   105                    4785.6510417 3612.12226  24.5%  2290 3576s
   137   127 3627.50772    9  518 4785.65104 3612.12226  24.5%  2011 3600s

Cutting planes:
  Cover: 26
  Implied bound: 535
  Clique: 5
  MIR: 11
  StrongCG: 2
  Flow cover: 2
  Zero half: 9
  RLT: 69
  Relax-and-lift: 582

Explored 170 nodes (633586 simplex iterations) in 3600.34 seconds
Thread count was 20 (of 40 available processors)

Solution count 2: 4785.65 4785.65 

Time limit reached
Best objective 4.785650563996e+03, best bound 3.612122263102e+03, gap 24.5218%
