
Gurobi 9.0.2 (linux64, Python) logging started Sun Dec  6 05:11:26 2020

Using license file /share/apps/gurobi/9.0.2/gurobi_client.lic
Set parameter TokenServer to value 10.1.1.1
Set parameter LogFile to value /storage/users/anderhva/051220-191547/logs/O14-C4-V3-WS0.log
Set parameter LogToConsole to value 0
Changed value of parameter TimeLimit to 3600.0
   Prev: inf  Min: 0.0  Max: inf  Default: inf
Gurobi Optimizer version 9.0.2 build v9.0.2rc0 (linux64)
Optimize a model with 13476 rows, 272436 columns and 1583104 nonzeros
Model fingerprint: 0x4cecedf3
Variable types: 128 continuous, 272308 integer (272308 binary)
Coefficient statistics:
  Matrix range     [1e+00, 1e+02]
  Objective range  [1e+00, 8e+03]
  Bounds range     [1e+00, 1e+00]
  RHS range        [1e+00, 1e+02]
Presolve removed 930 rows and 5848 columns
Presolve time: 4.91s
Presolved: 12546 rows, 266588 columns, 1283068 nonzeros
Variable types: 112 continuous, 266476 integer (266472 binary)

Deterministic concurrent LP optimizer: primal and dual simplex
Showing first log only...


Root simplex log...

Iteration    Objective       Primal Inf.    Dual Inf.      Time
       0    3.4391595e+04   1.400000e+01   9.146324e+09     11s
   40447    6.4519760e+03   0.000000e+00   1.123121e+08     15s
   64121    1.7065781e+03   0.000000e+00   1.842007e+06     20s
   87810    1.3535505e+03   0.000000e+00   1.727504e+04     25s
   95040    1.5296650e+03   7.076540e+02   0.000000e+00     30s
   97537    1.5314274e+03   6.445360e+02   0.000000e+00     35s
  100204    1.5455240e+03   3.493768e+05   0.000000e+00     40s
  103484    1.5455250e+03   4.828244e+04   0.000000e+00     45s
  107606    1.6525829e+03   5.591368e+04   0.000000e+00     50s
  110179    1.8894975e+03   2.095986e+03   0.000000e+00     55s
Concurrent spin time: 0.00s

Solved with dual simplex

Root relaxation: objective 2.143565e+03, 27421 iterations, 49.61 seconds
Total elapsed time = 60.56s

    Nodes    |    Current Node    |     Objective Bounds      |     Work
 Expl Unexpl |  Obj  Depth IntInf | Incumbent    BestBd   Gap | It/Node Time

     0     0 2143.56548    0  237          - 2143.56548      -     -   64s
     0     0 2385.46033    0  338          - 2385.46033      -     -   96s
     0     0 2948.40316    0  307          - 2948.40316      -     -  121s
H    0     0                    7434.5350000 2948.40316  60.3%     -  144s
     0     0 2948.49250    0  271 7434.53500 2948.49250  60.3%     -  168s
     0     0 2995.61586    0  217 7434.53500 2995.61586  59.7%     -  182s
     0     0 2996.29342    0  277 7434.53500 2996.29342  59.7%     -  212s
     0     0 2996.30573    0  277 7434.53500 2996.30573  59.7%     -  212s
     0     0 3022.99940    0  384 7434.53500 3022.99940  59.3%     -  228s
     0     0 3023.60231    0  421 7434.53500 3023.60231  59.3%     -  235s
     0     0 3025.16645    0  428 7434.53500 3025.16645  59.3%     -  238s
     0     0 3061.44697    0  318 7434.53500 3061.44697  58.8%     -  258s
     0     0 3065.41670    0  369 7434.53500 3065.41670  58.8%     -  267s
     0     0 3068.01421    0  436 7434.53500 3068.01421  58.7%     -  274s
     0     0 3068.26760    0  434 7434.53500 3068.26760  58.7%     -  276s
     0     0 3068.28615    0  434 7434.53500 3068.28615  58.7%     -  277s
     0     0 3087.06890    0  411 7434.53500 3087.06890  58.5%     -  296s
     0     0 3088.56990    0  434 7434.53500 3088.56990  58.5%     -  302s
     0     0 3089.72828    0  427 7434.53500 3089.72828  58.4%     -  306s
     0     0 3089.76395    0  421 7434.53500 3089.76395  58.4%     -  308s
     0     0 3124.65772    0  342 7434.53500 3124.65772  58.0%     -  323s
     0     0 3125.83815    0  446 7434.53500 3125.83815  58.0%     -  397s
     0     0 3127.56239    0  413 7434.53500 3127.56239  57.9%     -  401s
     0     0 3127.58700    0  453 7434.53500 3127.58700  57.9%     -  402s
     0     0 3151.06706    0  321 7434.53500 3151.06706  57.6%     -  419s
     0     0 3156.00791    0  441 7434.53500 3156.00791  57.5%     -  430s
     0     0 3156.43316    0  415 7434.53500 3156.43316  57.5%     -  434s
     0     0 3190.70935    0  522 7434.53500 3190.70935  57.1%     -  451s
H    0     0                    5791.2254167 3190.70935  44.9%     -  484s
     0     0 3195.75633    0  486 5791.22542 3195.75633  44.8%     -  490s
     0     0 3196.33216    0  540 5791.22542 3196.33216  44.8%     -  492s
     0     0 3196.79779    0  544 5791.22542 3196.79779  44.8%     -  494s
     0     0 3196.79789    0  544 5791.22542 3196.79789  44.8%     -  495s
     0     0 3237.46769    0  422 5791.22542 3237.46769  44.1%     -  507s
     0     0 3237.46769    0  222 5791.22542 3237.46769  44.1%     -  569s
     0     0 3237.46769    0  342 5791.22542 3237.46769  44.1%     -  610s
     0     0 3237.46769    0  295 5791.22542 3237.46769  44.1%     -  662s
     0     0 3237.46769    0  311 5791.22542 3237.46769  44.1%     -  675s
     0     0 3237.46769    0  349 5791.22542 3237.46769  44.1%     -  686s
     0     0 3237.66793    0  393 5791.22542 3237.66793  44.1%     -  690s
     0     0 3237.72060    0  430 5791.22542 3237.72060  44.1%     -  691s
     0     0 3237.72215    0  429 5791.22542 3237.72215  44.1%     -  692s
     0     0 3253.25990    0  517 5791.22542 3253.25990  43.8%     -  712s
     0     0 3254.81054    0  458 5791.22542 3254.81054  43.8%     -  759s
     0     0 3256.22522    0  490 5791.22542 3256.22522  43.8%     -  764s
     0     0 3256.29185    0  493 5791.22542 3256.29185  43.8%     -  766s
     0     0 3288.25617    0  432 5791.22542 3288.25617  43.2%     -  783s
H    0     0                    4907.5816667 3288.25617  33.0%     -  786s
     0     0 3288.32369    0  370 4907.58167 3288.32369  33.0%     -  786s
     0     0 3300.70166    0  395 4907.58167 3300.70166  32.7%     -  794s
     0     0 3301.59931    0  450 4907.58167 3301.59931  32.7%     -  798s
     0     0 3301.64244    0  453 4907.58167 3301.64244  32.7%     -  799s
     0     0 3314.65005    0  561 4907.58167 3314.65005  32.5%     -  811s
     0     0 3319.19639    0  452 4907.58167 3319.19639  32.4%     -  822s
     0     0 3319.23879    0  472 4907.58167 3319.23879  32.4%     -  823s
     0     0 3339.24130    0  412 4907.58167 3339.24130  32.0%     -  833s
     0     0 3341.23578    0  364 4907.58167 3341.23578  31.9%     -  838s
     0     0 3341.49116    0  501 4907.58167 3341.49116  31.9%     -  843s
     0     0 3341.49379    0  465 4907.58167 3341.49379  31.9%     -  843s
     0     0 3350.26299    0  510 4907.58167 3350.26299  31.7%     -  855s
     0     0 3350.50976    0  506 4907.58167 3350.50976  31.7%     -  857s
     0     0 3350.51267    0  517 4907.58167 3350.51267  31.7%     -  858s
     0     0 3359.03167    0  479 4907.58167 3359.03167  31.6%     -  867s
     0     0 3359.27475    0  472 4907.58167 3359.27475  31.5%     -  870s
     0     0 3359.28849    0  458 4907.58167 3359.28849  31.5%     -  871s
     0     0 3371.52925    0  679 4907.58167 3371.52925  31.3%     -  886s
     0     0 3371.78140    0  751 4907.58167 3371.78140  31.3%     -  910s
     0     0 3371.81591    0  748 4907.58167 3371.81591  31.3%     -  911s
     0     0 3377.56806    0  519 4907.58167 3377.56806  31.2%     -  922s
     0     0 3377.70873    0  582 4907.58167 3377.70873  31.2%     -  925s
     0     0 3385.26724    0  747 4907.58167 3385.26724  31.0%     -  938s
     0     0 3385.90678    0  741 4907.58167 3385.90678  31.0%     -  944s
     0     0 3385.95497    0  750 4907.58167 3385.95497  31.0%     -  945s
     0     0 3391.51878    0  748 4907.58167 3391.51878  30.9%     -  956s
H    0     0                    4868.0253109 3391.51878  30.3%     -  959s
     0     0 3392.08791    0  816 4868.02531 3392.08791  30.3%     -  961s
     0     0 3392.14001    0  867 4868.02531 3392.14001  30.3%     -  962s
     0     0 3396.97113    0  608 4868.02531 3396.97113  30.2%     -  970s
     0     0 3400.22132    0  640 4868.02531 3400.22132  30.2%     -  976s
     0     0 3402.30175    0  791 4868.02531 3402.30175  30.1%     -  981s
     0     0 3402.32285    0  797 4868.02531 3402.32285  30.1%     -  981s
     0     0 3406.43185    0  820 4868.02531 3406.43185  30.0%     -  993s
     0     0 3406.57099    0  838 4868.02531 3406.57099  30.0%     -  995s
     0     0 3411.48670    0  874 4868.02531 3411.48670  29.9%     - 1006s
     0     0 3411.60277    0  965 4868.02531 3411.60277  29.9%     - 1009s
     0     0 3418.08250    0  722 4868.02531 3418.08250  29.8%     - 1022s
H    0     0                    4780.3170833 3418.08250  28.5%     - 1029s
     0     0 3418.11441    0  696 4780.31708 3418.11441  28.5%     - 1097s
     0     0 3422.19178    0  577 4780.31708 3422.19178  28.4%     - 1106s
     0     0 3422.19267    0  775 4780.31708 3422.19267  28.4%     - 1110s
     0     0 3429.23512    0  526 4780.31708 3429.23512  28.3%     - 1118s
     0     0 3429.96559    0  587 4780.31708 3429.96559  28.2%     - 1123s
     0     0 3430.01131    0  615 4780.31708 3430.01131  28.2%     - 1124s
     0     0 3434.76238    0  606 4780.31708 3434.76238  28.1%     - 1133s
     0     0 3434.93153    0  504 4780.31708 3434.93153  28.1%     - 1137s
     0     0 3440.39469    0  524 4780.31708 3440.39469  28.0%     - 1143s
     0     0 3442.70594    0  713 4780.31708 3442.70594  28.0%     - 1150s
     0     0 3442.83000    0  729 4780.31708 3442.83000  28.0%     - 1151s
     0     0 3448.80124    0  523 4780.31708 3448.80124  27.9%     - 1159s
     0     0 3449.13240    0  562 4780.31708 3449.13240  27.8%     - 1161s
     0     0 3449.20322    0  569 4780.31708 3449.20322  27.8%     - 1162s
     0     0 3453.98430    0  396 4780.31708 3453.98430  27.7%     - 1169s
     0     0 3454.23575    0  493 4780.31708 3454.23575  27.7%     - 1173s
     0     0 3456.49813    0  484 4780.31708 3456.49813  27.7%     - 1178s
     0     0 3459.36875    0  576 4780.31708 3459.36875  27.6%     - 1183s
     0     0 3459.63311    0  772 4780.31708 3459.63311  27.6%     - 1185s
     0     0 3465.98594    0  463 4780.31708 3465.98594  27.5%     - 1192s
     0     0 3466.43777    0  542 4780.31708 3466.43777  27.5%     - 1195s
     0     0 3466.46827    0  538 4780.31708 3466.46827  27.5%     - 1196s
     0     0 3469.78713    0  567 4780.31708 3469.78713  27.4%     - 1201s
     0     0 3469.81880    0  615 4780.31708 3469.81880  27.4%     - 1204s
     0     0 3472.54003    0  628 4780.31708 3472.54003  27.4%     - 1208s
     0     0 3472.56386    0  605 4780.31708 3472.56386  27.4%     - 1210s
     0     0 3473.60840    0  445 4780.31708 3473.60840  27.3%     - 1213s
     0     0 3473.65531    0  409 4780.31708 3473.65531  27.3%     - 1214s
     0     0 3475.72914    0  519 4780.31708 3475.72914  27.3%     - 1218s
     0     0 3475.72914    0  519 4780.31708 3475.72914  27.3%     - 1237s
     0     0 3475.72914    0  223 4780.31708 3475.72914  27.3%     - 1319s
     0     0 3475.72914    0  287 4780.31708 3475.72914  27.3%     - 1362s
     0     0 3475.72914    0  210 4780.31708 3475.72914  27.3%     - 1406s
     0     0 3475.72914    0  350 4780.31708 3475.72914  27.3%     - 1422s
     0     0 3475.72914    0  320 4780.31708 3475.72914  27.3%     - 1431s
     0     0 3475.72914    0  300 4780.31708 3475.72914  27.3%     - 1440s
     0     0 3476.24261    0  314 4780.31708 3476.24261  27.3%     - 1441s
     0     0 3478.12174    0  367 4780.31708 3478.12174  27.2%     - 1444s
     0     0 3478.27234    0  387 4780.31708 3478.27234  27.2%     - 1445s
     0     0 3482.28737    0  274 4780.31708 3482.28737  27.2%     - 1449s
     0     0 3489.86933    0  383 4780.31708 3489.86933  27.0%     - 1505s
     0     0 3498.55816    0  452 4780.31708 3498.55816  26.8%     - 1510s
     0     0 3499.54162    0  581 4780.31708 3499.54162  26.8%     - 1513s
     0     0 3499.56811    0  617 4780.31708 3499.56811  26.8%     - 1513s
     0     0 3510.65866    0  391 4780.31708 3510.65866  26.6%     - 1520s
     0     0 3511.27774    0  377 4780.31708 3511.27774  26.5%     - 1525s
     0     0 3511.61593    0  391 4780.31708 3511.61593  26.5%     - 1525s
     0     0 3511.90281    0  379 4780.31708 3511.90281  26.5%     - 1526s
     0     0 3516.22736    0  445 4780.31708 3516.22736  26.4%     - 1531s
     0     0 3516.42398    0  473 4780.31708 3516.42398  26.4%     - 1533s
     0     0 3518.90264    0  500 4780.31708 3518.90264  26.4%     - 1538s
     0     0 3518.99553    0  582 4780.31708 3518.99553  26.4%     - 1540s
     0     0 3520.61993    0  481 4780.31708 3520.61993  26.4%     - 1545s
     0     0 3520.93335    0  511 4780.31708 3520.93335  26.3%     - 1547s
     0     0 3520.93989    0  528 4780.31708 3520.93989  26.3%     - 1547s
     0     0 3522.20502    0  481 4780.31708 3522.20502  26.3%     - 1552s
     0     0 3522.20502    0  473 4780.31708 3522.20502  26.3%     - 1567s
H    0     0                    4769.0670167 3522.20502  26.1%     - 1587s
     0     2 3522.20502    0  471 4769.06702 3522.20502  26.1%     - 1607s
     1     4 3527.07975    1  391 4769.06702 3525.60789  26.1%   961 1668s
     3     8 3531.57546    2  323 4769.06702 3527.08869  26.0%  1948 1699s
     7    14 3542.07197    3  285 4769.06702 3533.55051  25.9%  1780 1722s
    15    24 3590.93733    4  293 4769.06702 3542.07197  25.7%  1895 1746s
H   29    42                    4769.0662757 3545.71670  25.7%  1552 1891s
H   34    42                    4769.0662408 3545.71670  25.7%  1606 1891s
H   35    42                    4769.0656917 3545.71670  25.7%  1569 1891s
    49    56 4155.83253    6  330 4769.06569 3564.81003  25.3%  1755 1908s
    69    72 3930.43565    6  386 4769.06569 3564.81164  25.3%  1646 1919s
    89    85 3952.04948    7  337 4769.06569 3564.81164  25.3%  1529 1931s
   109   108 4066.72993    8  260 4769.06569 3564.81164  25.3%  1378 1940s
   142   115 4248.30253    8  368 4769.06569 3564.81164  25.3%  1228 1945s
   176   112 4069.67756    9  244 4769.06569 3564.81164  25.3%  1083 1950s
   207   125 4075.40450   10  250 4769.06569 3564.81164  25.3%  1008 1957s
   245   142 4519.93637   12  126 4769.06569 3564.81164  25.3%   958 1964s
   286   161 4654.12962   12  129 4769.06569 3564.81164  25.3%   927 1974s
   328   180 4566.58676   13  121 4769.06569 3564.81164  25.3%   879 1978s
   382   193     cutoff   15      4769.06569 3564.81164  25.3%   810 1983s
   441   203     cutoff   18      4769.06569 3565.42712  25.2%   760 1990s
   497   215 4093.79569    7  254 4769.06569 3565.42712  25.2%   719 2001s
   554   241 4153.47122    8  268 4769.06569 3565.42712  25.2%   694 2011s
   613   274 4209.09717   10  261 4769.06569 3565.42712  25.2%   671 2017s
   698   303 4437.84904   13  172 4769.06569 3565.42712  25.2%   641 2023s
   775   337 4465.65324   16  134 4769.06569 3565.42712  25.2%   621 2028s
   855   377 4529.55756   19   97 4769.06569 3565.42712  25.2%   602 2038s
   967   391 4646.54556   28   43 4769.06569 3565.42712  25.2%   573 2044s
  1076   429 4665.41013   38   52 4769.06569 3565.42712  25.2%   549 2052s
  1203   491 4703.46788   49   50 4769.06569 3588.18075  24.8%   528 2059s
  1353   522 4184.83429    6  278 4769.06569 3588.18075  24.8%   505 2068s
  1469   579 4578.06486    7   57 4769.06569 3588.18075  24.8%   498 2077s
  1616   629 4400.94296   10  106 4769.06569 3588.18075  24.8%   485 2083s
  1776   675 infeasible   14      4769.06569 3588.18075  24.8%   473 2089s
  1971   669 4718.59083   15   62 4769.06569 3930.51086  17.6%   448 2221s
  2060   724 4623.76517    8  186 4769.06569 4047.06933  15.1%   451 2230s
  2243   781 4302.64767    9  228 4769.06569 4047.39701  15.1%   443 2241s
  2465   868 4377.31176   11  143 4769.06569 4143.82702  13.1%   429 2250s
  2725  1002 4547.96870   36  103 4769.06569 4143.82702  13.1%   416 2256s
  3027  1062 4611.51190   64   97 4769.06569 4143.82702  13.1%   394 2261s
  3319  1105 4667.23509   95   72 4769.06569 4302.87025  9.78%   379 2267s
  3620  1196 infeasible   10      4769.06569 4310.57782  9.61%   367 2273s
  3963  1339 infeasible   24      4769.06569 4312.68645  9.57%   355 2279s
  4398  1423 4534.38196   26  142 4769.06569 4357.48047  8.63%   342 2285s
  4822  1668     cutoff   13      4769.06569 4358.78784  8.60%   327 2292s
  5458  1669 4696.59774   66  422 4769.06569 4408.69094  7.56%   302 2474s
H 5459  1586                    4769.0656443 4408.69094  7.56%   302 2553s
  5460  1586 4660.80340   48  327 4769.06564 4408.69094  7.56%   302 2568s
  5461  1587 4718.00346   23  487 4769.06564 4408.69094  7.56%   302 2625s
  5462  1588 4564.48552   36  379 4769.06564 4408.69094  7.56%   302 2694s
  5463  1588 4583.47020   21  642 4769.06564 4408.69094  7.56%   302 2724s
  5464  1589 4701.47112   41  575 4769.06564 4408.69094  7.56%   302 2740s
  5465  1590 4710.62184   34  612 4769.06564 4408.69094  7.56%   302 2754s
  5466  1590 4702.14279   46  738 4769.06564 4408.69094  7.56%   302 2761s
  5467  1591 4570.96676   16  798 4769.06564 4408.69094  7.56%   302 2767s
  5468  1592 4738.43063   20  675 4769.06564 4408.69094  7.56%   301 2783s
  5469  1592 4644.11808   21  681 4769.06564 4408.69094  7.56%   301 2788s
  5470  1593 4689.32011   58  774 4769.06564 4408.69094  7.56%   301 2791s
  5471  1594 4612.22979   18  738 4769.06564 4408.69094  7.56%   301 2796s
  5472  1594 4666.89781   40  766 4769.06564 4408.69094  7.56%   301 2808s
  5473  1595 4644.75392   22  784 4769.06564 4408.69094  7.56%   301 2811s
  5475  1596 4582.79638   25  732 4769.06564 4408.69094  7.56%   301 2817s
  5476  1597 4511.39991   24  719 4769.06564 4408.69094  7.56%   301 2828s
  5477  1598 4649.67726   27  818 4769.06564 4408.69094  7.56%   301 2837s
  5478  1598 4639.95458   75  752 4769.06564 4408.69094  7.56%   301 2841s
  5479  1599 4571.39293   23  798 4769.06564 4408.69094  7.56%   301 2846s
  5480  1600 4625.94319   30  795 4769.06564 4408.69094  7.56%   301 2896s
  5481  1600 4657.44626   29  822 4769.06564 4408.69094  7.56%   301 2904s
  5482  1601 4669.20511   52  818 4769.06564 4408.69094  7.56%   301 2910s
  5484  1602 4535.54751   14  851 4769.06564 4408.69094  7.56%   301 2917s
  5485  1603 4677.01415   21  744 4769.06564 4408.69094  7.56%   301 2925s
  5486  1604 4599.47558   23  850 4769.06564 4408.69094  7.56%   300 2932s
  5487  1604 4690.45191   25  838 4769.06564 4408.69094  7.56%   300 2935s
  5488  1605 4648.08680   35  893 4769.06564 4408.69094  7.56%   300 2941s
  5489  1606 4701.54889   39  740 4769.06564 4408.69094  7.56%   300 2952s
  5490  1606 4666.21532   18  841 4769.06564 4408.69094  7.56%   300 2955s
  5491  1607 4456.84894   24  879 4769.06564 4408.69094  7.56%   300 2961s
  5492  1608 4500.71508   13  859 4769.06564 4408.69094  7.56%   300 2971s
  5493  1608 4679.20753   24  879 4769.06564 4408.69094  7.56%   300 2976s
  5494  1609 4596.90703   16  797 4769.06564 4408.69094  7.56%   300 3003s
  5495  1610 4576.59775   22  787 4769.06564 4408.69094  7.56%   300 3009s
  5496  1610 4641.30992   26  787 4769.06564 4408.69094  7.56%   300 3035s
  5497  1614 4408.69094   14  740 4769.06564 4408.69094  7.56%   319 3180s
  5499  1617 4408.69094   15  513 4769.06564 4408.69094  7.56%   319 3278s
  5503  1618 4408.69094   16  527 4769.06564 4408.69094  7.56%   320 3359s
  5511  1623 4408.69094   17  514 4769.06564 4408.69094  7.56%   322 3413s
  5521  1635 4408.69094   18  386 4769.06564 4408.69094  7.56%   326 3470s
  5539  1640 4408.69094   19  402 4769.06564 4408.69094  7.56%   335 3600s

Cutting planes:
  Cover: 5
  Implied bound: 88
  Projected implied bound: 1
  Clique: 1
  MIR: 25
  Flow cover: 49
  GUB cover: 1
  Zero half: 5
  Mod-K: 3
  RLT: 5
  Relax-and-lift: 333

Explored 5559 nodes (2199177 simplex iterations) in 3600.29 seconds
Thread count was 20 (of 40 available processors)

Solution count 6: 4769.07 4780.32 4868.03 ... 7434.53

Time limit reached
Best objective 4.769065236303e+03, best bound 4.408690937500e+03, gap 7.5565%
