
Gurobi 9.0.2 (linux64, Python) logging started Sun Dec  6 01:06:37 2020

Using license file /share/apps/gurobi/9.0.2/gurobi_client.lic
Set parameter TokenServer to value 10.1.1.1
Set parameter LogFile to value /storage/users/anderhva/051220-191547/logs/O14-C1-V4-WS0.log
Set parameter LogToConsole to value 0
Changed value of parameter TimeLimit to 3600.0
   Prev: inf  Min: 0.0  Max: inf  Default: inf
Gurobi Optimizer version 9.0.2 build v9.0.2rc0 (linux64)
Optimize a model with 16113 rows, 300305 columns and 1739365 nonzeros
Model fingerprint: 0x26c79e9d
Variable types: 160 continuous, 300145 integer (300145 binary)
Coefficient statistics:
  Matrix range     [1e+00, 1e+02]
  Objective range  [1e+00, 1e+04]
  Bounds range     [1e+00, 1e+00]
  RHS range        [1e+00, 1e+02]
Presolve removed 1104 rows and 8195 columns (presolve time = 5s) ...
Presolve removed 1104 rows and 8195 columns
Presolve time: 5.35s
Presolved: 15009 rows, 292110 columns, 1401615 nonzeros
Variable types: 140 continuous, 291970 integer (291965 binary)

Deterministic concurrent LP optimizer: primal and dual simplex
Showing first log only...


Root simplex log...

Iteration    Objective       Primal Inf.    Dual Inf.      Time
       0    2.5053853e+04   2.800000e+01   7.760725e+09     10s
   48350    3.6353961e+03   0.000000e+00   4.989922e+07     15s
   69340    2.0784887e+03   0.000000e+00   4.016065e+06     20s
   88456    1.7709652e+03   0.000000e+00   4.550711e+05     25s
  105571    1.8131467e+03   3.231717e+03   0.000000e+00     30s
  109451    1.9089801e+03   2.643376e+03   0.000000e+00     35s
  112534    1.9887177e+03   1.946003e+03   0.000000e+00     40s
  115524    2.0437457e+03   5.953783e+03   0.000000e+00     45s
  117704    2.0577860e+03   2.519968e+03   0.000000e+00     50s
  119954    2.0702772e+03   1.223035e+02   0.000000e+00     55s
  122104    2.0728135e+03   8.007571e+02   0.000000e+00     60s
  123744    2.0791445e+03   1.301773e+03   0.000000e+00     65s
  126088    2.0879848e+03   8.212020e+03   0.000000e+00     70s
  128098    2.0981975e+03   2.351652e+03   0.000000e+00     75s
  130408    2.1350528e+03   4.064899e+03   0.000000e+00     80s
  133208    2.2382880e+03   3.143432e+04   0.000000e+00     85s
  137549    2.4005626e+03   6.276984e+04   0.000000e+00     90s
  140321    2.5003485e+03   4.800159e+03   0.000000e+00     95s
  141721    2.5119942e+03   2.627640e+03   0.000000e+00    100s
Concurrent spin time: 0.00s

Solved with dual simplex

Root relaxation: objective 2.517595e+03, 46158 iterations, 92.55 seconds

    Nodes    |    Current Node    |     Objective Bounds      |     Work
 Expl Unexpl |  Obj  Depth IntInf | Incumbent    BestBd   Gap | It/Node Time

     0     0 2517.59450    0  147          - 2517.59450      -     -  105s
H    0     0                    7279.8054167 2517.59450  65.4%     -  112s
     0     0 2517.59450    0  147 7279.80542 2517.59450  65.4%     -  149s
     0     0 3375.04522    0  162 7279.80542 3375.04522  53.6%     -  175s
H    0     0                    6222.5633333 3375.04522  45.8%     -  184s
     0     0 3376.15813    0  179 6222.56333 3376.15813  45.7%     -  186s
     0     0 3376.29139    0  180 6222.56333 3376.29139  45.7%     -  187s
     0     0 3379.41197    0  181 6222.56333 3379.41197  45.7%     -  190s
     0     0 3380.05557    0  200 6222.56333 3380.05557  45.7%     -  192s
     0     0 3434.55468    0  171 6222.56333 3434.55468  44.8%     -  210s
H    0     0                    5126.0050000 3434.55468  33.0%     -  407s
     0     0 3434.63264    0  194 5126.00500 3434.63264  33.0%     -  409s
     0     0 3460.15768    0  231 5126.00500 3460.15768  32.5%     -  421s
     0     0 3460.15768    0  145 5126.00500 3460.15768  32.5%     -  512s
     0     0 3460.15768    0  208 5126.00500 3460.15768  32.5%     -  547s
     0     0 3460.15768    0  136 5126.00500 3460.15768  32.5%     -  573s
     0     0 3460.15768    0  234 5126.00500 3460.15768  32.5%     -  582s
     0     0 3461.35935    0  181 5126.00500 3461.35935  32.5%     -  588s
     0     0 3461.92217    0  204 5126.00500 3461.92217  32.5%     -  588s
     0     0 3486.38591    0  202 5126.00500 3486.38591  32.0%     -  599s
     0     0 3490.06209    0  227 5126.00500 3490.06209  31.9%     -  777s
     0     0 3490.96000    0  129 5126.00500 3490.96000  31.9%     -  779s
     0     0 3492.25233    0  237 5126.00500 3492.25233  31.9%     -  781s
     0     0 3492.68937    0  218 5126.00500 3492.68937  31.9%     -  782s
     0     0 3492.75973    0  206 5126.00500 3492.75973  31.9%     -  784s
     0     0 3512.85154    0  236 5126.00500 3512.85154  31.5%     -  795s
     0     0 3513.06528    0  210 5126.00500 3513.06528  31.5%     -  798s
     0     0 3513.15275    0  219 5126.00500 3513.15275  31.5%     -  799s
     0     0 3524.80259    0  192 5126.00500 3524.80259  31.2%     -  810s
     0     0 3525.49799    0  183 5126.00500 3525.49799  31.2%     -  812s
     0     0 3526.04207    0  233 5126.00500 3526.04207  31.2%     -  813s
     0     0 3526.14510    0  266 5126.00500 3526.14510  31.2%     -  815s
     0     0 3535.92707    0  223 5126.00500 3535.92707  31.0%     -  825s
     0     0 3536.36113    0  293 5126.00500 3536.36113  31.0%     -  829s
     0     0 3542.55415    0  226 5126.00500 3542.55415  30.9%     -  836s
     0     0 3545.47624    0  225 5126.00500 3545.47624  30.8%     -  841s
     0     0 3547.15903    0  218 5126.00500 3547.15903  30.8%     -  845s
     0     0 3548.02998    0  278 5126.00500 3548.02998  30.8%     -  847s
     0     0 3559.87922    0  232 5126.00500 3559.87922  30.6%     -  857s
     0     0 3563.75887    0  301 5126.00500 3563.75887  30.5%     -  865s
     0     0 3563.97736    0  260 5126.00500 3563.97736  30.5%     -  866s
     0     0 3579.93793    0  245 5126.00500 3579.93793  30.2%     -  875s
     0     0 3580.45633    0  361 5126.00500 3580.45633  30.2%     -  880s
     0     0 3580.49772    0  292 5126.00500 3580.49772  30.2%     -  881s
     0     0 3588.71309    0  379 5126.00500 3588.71309  30.0%     -  894s
     0     0 3592.26417    0  412 5126.00500 3592.26417  29.9%     -  902s
     0     0 3592.26632    0  444 5126.00500 3592.26632  29.9%     -  902s
     0     0 3598.92871    0  274 5126.00500 3598.92871  29.8%     -  910s
H    0     0                    5061.7908305 3598.92871  28.9%     -  914s
     0     0 3605.66694    0  315 5061.79083 3605.66694  28.8%     -  919s
     0     0 3609.76224    0  271 5061.79083 3609.76224  28.7%     -  926s
     0     0 3610.18460    0  299 5061.79083 3610.18460  28.7%     -  928s
     0     0 3610.25921    0  346 5061.79083 3610.25921  28.7%     -  930s
     0     0 3616.29370    0  420 5061.79083 3616.29370  28.6%     -  940s
H    0     0                    4887.0268750 3616.29370  26.0%     -  949s
     0     0 3619.03456    0  391 4887.02688 3619.03456  25.9%     -  953s
     0     0 3619.04434    0  396 4887.02688 3619.04434  25.9%     -  953s
     0     0 3627.07344    0  392 4887.02688 3627.07344  25.8%     -  961s
     0     0 3627.95253    0  417 4887.02688 3627.95253  25.8%     -  967s
     0     0 3628.00838    0  446 4887.02688 3628.00838  25.8%     -  969s
     0     0 3637.44165    0  366 4887.02688 3637.44165  25.6%     -  981s
H    0     0                    4730.4060417 3637.44165  23.1%     -  986s
     0     0 3637.93674    0  443 4730.40604 3637.93674  23.1%     -  989s
     0     0 3638.60281    0  498 4730.40604 3638.60281  23.1%     -  991s
     0     0 3638.60857    0  468 4730.40604 3638.60857  23.1%     -  992s
     0     0 3649.58867    0  438 4730.40604 3649.58867  22.8%     - 1002s
     0     0 3651.47508    0  545 4730.40604 3651.47508  22.8%     - 1008s
     0     0 3651.98105    0  500 4730.40604 3651.98105  22.8%     - 1010s
     0     0 3652.12326    0  539 4730.40604 3652.12326  22.8%     - 1011s
     0     0 3658.29789    0  464 4730.40604 3658.29789  22.7%     - 1021s
     0     0 3658.96214    0  498 4730.40604 3658.96214  22.7%     - 1028s
     0     0 3659.13376    0  487 4730.40604 3659.13376  22.6%     - 1030s
     0     0 3660.94454    0  384 4730.40604 3660.94454  22.6%     - 1038s
     0     0 3661.37421    0  576 4730.40604 3661.37421  22.6%     - 1042s
     0     0 3661.45651    0  594 4730.40604 3661.45651  22.6%     - 1043s
     0     0 3665.35161    0  391 4730.40604 3665.35161  22.5%     - 1052s
     0     0 3665.54894    0  586 4730.40604 3665.54894  22.5%     - 1057s
     0     0 3668.15105    0  497 4730.40604 3668.15105  22.5%     - 1064s
     0     0 3668.40936    0  519 4730.40604 3668.40936  22.5%     - 1068s
     0     0 3668.53020    0  602 4730.40604 3668.53020  22.4%     - 1070s
     0     0 3671.21294    0  365 4730.40604 3671.21294  22.4%     - 1078s
     0     0 3671.78727    0  511 4730.40604 3671.78727  22.4%     - 1084s
     0     0 3671.79792    0  574 4730.40604 3671.79792  22.4%     - 1085s
     0     0 3673.63684    0  437 4730.40604 3673.63684  22.3%     - 1094s
H    0     0                    4681.1603743 3673.63684  21.5%     - 1109s
     0     0 3673.93863    0  447 4681.16037 3673.93863  21.5%     - 1110s
     0     0 3673.95250    0  489 4681.16037 3673.95250  21.5%     - 1111s
     0     0 3678.41602    0  616 4681.16037 3678.41602  21.4%     - 1125s
     0     0 3678.88534    0  658 4681.16037 3678.88534  21.4%     - 1129s
     0     0 3679.01813    0  744 4681.16037 3679.01813  21.4%     - 1132s
     0     0 3681.95320    0  553 4681.16037 3681.95320  21.3%     - 1143s
     0     0 3682.22811    0  636 4681.16037 3682.22811  21.3%     - 1147s
     0     0 3682.30068    0  662 4681.16037 3682.30068  21.3%     - 1149s
     0     0 3683.72301    0  630 4681.16037 3683.72301  21.3%     - 1159s
     0     0 3684.06342    0  665 4681.16037 3684.06342  21.3%     - 1163s
     0     0 3684.11507    0  707 4681.16037 3684.11507  21.3%     - 1164s
     0     0 3686.39730    0  632 4681.16037 3686.39730  21.3%     - 1172s
     0     0 3686.64352    0  685 4681.16037 3686.64352  21.2%     - 1178s
     0     0 3686.80842    0  735 4681.16037 3686.80842  21.2%     - 1180s
     0     0 3688.26068    0  647 4681.16037 3688.26068  21.2%     - 1188s
     0     0 3688.53862    0  770 4681.16037 3688.53862  21.2%     - 1194s
     0     0 3689.53120    0  410 4681.16037 3689.53120  21.2%     - 1200s
     0     0 3689.76865    0  778 4681.16037 3689.76865  21.2%     - 1206s
     0     0 3689.78754    0  580 4681.16037 3689.78754  21.2%     - 1207s
     0     0 3690.64191    0  813 4681.16037 3690.64191  21.2%     - 1213s
     0     0 3690.64191    0  813 4681.16037 3690.64191  21.2%     - 1244s
H    0     0                    4592.3233333 3690.64191  19.6%     - 1276s
     0     2 3771.65992    0  813 4592.32333 3771.65992  17.9%     - 1348s
     1     4 3771.65992    1  367 4592.32333 3771.65992  17.9%  1916 1404s
     3     8 3771.65992    2  396 4592.32333 3771.65992  17.9%  2094 1477s
     7    16 3771.65992    3  267 4592.32333 3771.65992  17.9%  2308 1559s
    15    32 3771.65992    4  526 4592.32333 3771.65992  17.9%  3316 1646s
    31    51 3771.65992    5  426 4592.32333 3771.65992  17.9%  2791 1698s
    51    69 3813.38415    6  400 4592.32333 3771.65992  17.9%  2386 1727s
    71    88 3771.65992    6  355 4592.32333 3771.65992  17.9%  2072 1756s
    91   104 3771.92262    7  266 4592.32333 3771.65992  17.9%  1948 1767s
   111   123 3773.79465    8  281 4592.32333 3771.65992  17.9%  1778 1803s
   138   143 3986.35593    9  207 4592.32333 3771.65992  17.9%  1748 1819s
   167   161 3798.05695    9  210 4592.32333 3771.65992  17.9%  1643 1832s
   198   183 3803.21753   10  152 4592.32333 3771.65992  17.9%  1484 1844s
   230   207 3962.34984   11  201 4592.32333 3771.65992  17.9%  1380 1857s
   267   243 4028.02179   12  208 4592.32333 3771.65992  17.9%  1285 1869s
   312   284 4030.75653   12  131 4592.32333 3771.65992  17.9%  1168 1888s
   368   331 4076.20458   13  130 4592.32333 3771.65992  17.9%  1062 1902s
H  424   331                    4546.2154167 3771.65992  17.0%   959 1902s
   432   369 4085.34831   14  157 4546.21542 3771.65992  17.0%   944 1913s
   510   405 4098.99135   16  129 4546.21542 3771.65992  17.0%   834 1934s
   589   470 4126.01561   18  156 4546.21542 3771.65992  17.0%   785 1945s
   678   521 4141.92087   20  151 4546.21542 3771.65992  17.0%   712 1962s
   772   565 4188.81656   23  115 4546.21542 3771.65992  17.0%   663 1979s
   862   597 4209.43150   26   94 4546.21542 3771.65992  17.0%   626 2005s
H  940   597                    4522.8920833 3771.65992  16.6%   609 2005s
   942   614 4250.65624   32   77 4522.89208 3771.65992  16.6%   608 2200s
H  943   614                    4522.8917787 3771.65992  16.6%   608 2200s
H  947   614                    4522.8911138 3771.65992  16.6%   608 2200s
H  957   614                    4522.8906962 3771.65992  16.6%   609 2200s
H  960   614                    4522.8896790 3771.65992  16.6%   607 2200s
   962   652 4252.92730   33   88 4522.88968 3771.94002  16.6%   606 2216s
  1097   707 4126.35104    8  239 4522.88968 3771.94002  16.6%   560 2231s
  1225   759 4170.92210    9  197 4522.88968 3771.94002  16.6%   528 2246s
  1339   839 4302.96829   11   77 4522.88968 3771.94002  16.6%   514 2267s
  1486   916 4467.93158   15   24 4522.88968 3803.81251  15.9%   497 2290s
  1680   969 3993.65193    9  279 4522.88968 3803.81251  15.9%   472 2308s
  1836  1046 4070.47333   10  128 4522.88968 3803.81251  15.9%   457 2328s
  2027  1136 4192.00171   12  150 4522.88968 3803.81251  15.9%   438 2352s
  2213  1202 4389.51005   18   87 4522.88968 3819.74163  15.5%   426 2375s
  2353  1302 3955.32513   12  119 4522.88968 3819.74163  15.5%   428 2394s
  2537  1433 4237.58083   14  150 4522.88968 3819.74163  15.5%   422 2415s
  2760  1362 4068.66084    9  231 4522.88967 3819.74163  15.5%   411 3025s
H 2761  1295                    4522.8880843 3819.74163  15.5%   411 3168s
  2762  1295 4155.47676   13  166 4522.88808 3819.74163  15.5%   411 3177s
  2763  1296 4374.54798   16  323 4522.88808 3819.74163  15.5%   411 3226s
  2764  1297 4247.65970   47  246 4522.88808 3819.74163  15.5%   411 3258s
  2765  1297 4152.46204   17  535 4522.88808 3819.74163  15.5%   411 3301s
  2766  1298 4234.02457   26  576 4522.88808 3819.74163  15.5%   411 3323s
  2767  1299 4272.31432   12  339 4522.88808 3819.74163  15.5%   410 3332s
  2768  1299 4190.54454   28  460 4522.88808 3819.74163  15.5%   410 3343s
  2769  1300 4348.03165   28  465 4522.88808 3819.74163  15.5%   410 3346s
  2771  1301 4375.65708   84  496 4522.88808 3819.74163  15.5%   410 3354s
  2772  1302 4349.95205   13  522 4522.88808 3819.74163  15.5%   410 3374s
  2773  1303 4135.11129   33  594 4522.88808 3819.74163  15.5%   410 3384s
  2774  1303 4458.28028   71  537 4522.88808 3819.74163  15.5%   409 3391s
  2775  1304 4342.16796   18  581 4522.88808 3819.74163  15.5%   409 3403s
  2776  1305 4301.24541   19  524 4522.88808 3819.74163  15.5%   409 3524s
  2777  1305 4275.70957   25  597 4522.88808 3819.74163  15.5%   409 3542s
  2778  1306 4312.45162   35  583 4522.88808 3819.74163  15.5%   409 3545s
  2779  1307 4291.98029   21  608 4522.88808 3819.74163  15.5%   409 3551s
  2780  1307 3993.37063   10  441 4522.88808 3819.74163  15.5%   409 3566s
  2781  1308 4273.11020   19  418 4522.88808 3819.74163  15.5%   408 3572s
  2782  1309 3993.42138   12  619 4522.88808 3819.74163  15.5%   408 3577s
  2783  1309 4242.44597   41  653 4522.88808 3819.74163  15.5%   408 3590s

Cutting planes:
  Cover: 2
  Implied bound: 173
  Projected implied bound: 3
  Clique: 4
  MIR: 13
  StrongCG: 1
  Flow cover: 45
  Zero half: 9
  Mod-K: 1
  RLT: 30
  Relax-and-lift: 403

Explored 2783 nodes (1501069 simplex iterations) in 3600.16 seconds
Thread count was 20 (of 40 available processors)

Solution count 10: 4522.89 4546.22 4592.32 ... 7279.81

Time limit reached
Best objective 4.522887156939e+03, best bound 3.819741629918e+03, gap 15.5464%
