
Gurobi 9.0.2 (linux64, Python) logging started Sun Dec  6 16:51:57 2020

Using license file /share/apps/gurobi/9.0.2/gurobi_client.lic
Set parameter TokenServer to value 10.1.1.1
Set parameter LogFile to value /storage/users/anderhva/061220-115738/logs/O14-C2-V5-WS0.log
Set parameter LogToConsole to value 0
Changed value of parameter TimeLimit to 3600.0
   Prev: inf  Min: 0.0  Max: inf  Default: inf
Gurobi Optimizer version 9.0.2 build v9.0.2rc0 (linux64)
Optimize a model with 18706 rows, 345102 columns and 1998108 nonzeros
Model fingerprint: 0x0a30a0ae
Variable types: 192 continuous, 344910 integer (344910 binary)
Coefficient statistics:
  Matrix range     [1e+00, 1e+02]
  Objective range  [1e+00, 1e+04]
  Bounds range     [1e+00, 1e+00]
  RHS range        [1e+00, 1e+02]
Presolve removed 1322 rows and 9336 columns (presolve time = 6s) ...
Presolve removed 1322 rows and 9336 columns
Presolve time: 6.16s
Presolved: 17384 rows, 335766 columns, 1610274 nonzeros
Variable types: 168 continuous, 335598 integer (335592 binary)

Deterministic concurrent LP optimizer: primal and dual simplex
Showing first log only...


Root simplex log...

Iteration    Objective       Primal Inf.    Dual Inf.      Time
       0    2.4838928e+04   2.800000e+01   1.190682e+10     13s
   29686    6.7073874e+03   0.000000e+00   9.809580e+08     15s
   50491    1.9596098e+03   0.000000e+00   1.302519e+06     20s
   67629    1.6160925e+03   0.000000e+00   1.967119e+06     25s
   83457    1.4600239e+03   0.000000e+00   9.783070e+04     30s
   98665    1.4212483e+03   0.000000e+00   1.281340e+04     35s
  114463    1.4096575e+03   0.000000e+00   1.462481e+02     40s
  120578    1.4245190e+03   3.599002e+02   0.000000e+00     45s
  123288    1.4245191e+03   3.170393e+02   0.000000e+00     50s
  126298    1.4724358e+03   7.832961e+02   0.000000e+00     55s
  129531    1.4724365e+03   1.824751e+04   0.000000e+00     60s
  136432    1.5059448e+03   9.447846e+02   0.000000e+00     65s
  138822    1.5274480e+03   5.859940e+03   0.000000e+00     70s
  141384    1.5342748e+03   1.863186e+04   0.000000e+00     75s
  143584    1.5475465e+03   7.855120e+03   0.000000e+00     80s
  146164    1.5563172e+03   2.348077e+04   0.000000e+00     85s
  148754    1.5763753e+03   1.229438e+04   0.000000e+00     90s
  151668    1.5943265e+03   1.462543e+04   0.000000e+00     95s
  153738    1.6265626e+03   7.065588e+03   0.000000e+00    100s
  156248    1.8595661e+03   3.492564e+03   0.000000e+00    105s
  157838    1.8795177e+03   5.244389e+03   0.000000e+00    110s
  159618    1.8949064e+03   3.849035e+03   0.000000e+00    115s
  160968    1.9181106e+03   1.153454e+04   0.000000e+00    120s
  162928    1.9497646e+03   3.013430e+03   0.000000e+00    125s
  164818    1.9985035e+03   4.534180e+04   0.000000e+00    130s
  167362    2.0784483e+03   5.317132e+03   0.000000e+00    135s
  171092    2.2715417e+03   3.753832e+04   0.000000e+00    140s
  173050    2.3089021e+03   1.673534e+03   0.000000e+00    145s
  173970    2.3124600e+03   2.265557e+03   0.000000e+00    151s
  174870    2.3145263e+03   1.654110e+03   0.000000e+00    155s
  175790    2.3176664e+03   2.480668e+02   0.000000e+00    160s
  176730    2.3188579e+03   1.607356e+02   0.000000e+00    165s
  177740    2.3204670e+03   4.631160e+01   0.000000e+00    171s
  178580    2.3211889e+03   2.246405e+01   0.000000e+00    175s
  179129    2.3220783e+03   0.000000e+00   0.000000e+00    178s
  179129    2.3220783e+03   0.000000e+00   0.000000e+00    178s
Concurrent spin time: 0.11s

Solved with dual simplex

Root relaxation: objective 2.322078e+03, 70067 iterations, 165.67 seconds

    Nodes    |    Current Node    |     Objective Bounds      |     Work
 Expl Unexpl |  Obj  Depth IntInf | Incumbent    BestBd   Gap | It/Node Time

     0     0 2322.07829    0  155          - 2322.07829      -     -  182s
     0     0 2322.07829    0  163          - 2322.07829      -     -  199s
     0     0 2689.49493    0  153          - 2689.49493      -     -  243s
H    0     0                    16457.690000 2689.49493  83.7%     -  246s
H    0     0                    14462.436875 2689.49493  81.4%     -  385s
     0     0 3322.50171    0  209 14462.4369 3322.50171  77.0%     -  416s
H    0     0                    6849.1963432 3322.50171  51.5%     -  453s
     0     0 3365.63021    0  149 6849.19634 3365.63021  50.9%     -  470s
     0     0 3365.84266    0  185 6849.19634 3365.84266  50.9%     -  474s
     0     0 3403.83127    0  303 6849.19634 3403.83127  50.3%     -  500s
     0     0 3408.42707    0  257 6849.19634 3408.42707  50.2%     -  507s
     0     0 3436.19460    0  255 6849.19634 3436.19460  49.8%     -  534s
     0     0 3443.94187    0  228 6849.19634 3443.94187  49.7%     -  541s
     0     0 3443.94929    0  255 6849.19634 3443.94929  49.7%     -  543s
     0     0 3466.03674    0  233 6849.19634 3466.03674  49.4%     -  561s
     0     0 3467.41558    0  236 6849.19634 3467.41558  49.4%     -  567s
     0     0 3467.56158    0  241 6849.19634 3467.56158  49.4%     -  569s
     0     0 3495.13542    0  155 6849.19634 3495.13542  49.0%     -  584s
H    0     0                    5960.1033333 3495.13542  41.4%     -  615s
     0     0 3495.39142    0  218 5960.10333 3495.39142  41.4%     -  619s
     0     0 3506.49338    0  210 5960.10333 3506.49338  41.2%     -  634s
     0     0 3506.68874    0  236 5960.10333 3506.68874  41.2%     -  637s
     0     0 3506.71137    0  235 5960.10333 3506.71137  41.2%     -  638s
     0     0 3531.76331    0  374 5960.10333 3531.76331  40.7%     -  668s
     0     0 3532.15877    0  322 5960.10333 3532.15877  40.7%     -  672s
     0     0 3540.13493    0  240 5960.10333 3540.13493  40.6%     -  683s
     0     0 3540.63069    0  248 5960.10333 3540.63069  40.6%     -  687s
     0     0 3540.81462    0  330 5960.10333 3540.81462  40.6%     -  690s
     0     0 3553.39777    0  281 5960.10333 3553.39777  40.4%     -  708s
     0     0 3553.60972    0  303 5960.10333 3553.60972  40.4%     -  711s
     0     0 3553.73822    0  303 5960.10333 3553.73822  40.4%     -  712s
     0     0 3557.64070    0  340 5960.10333 3557.64070  40.3%     -  736s
     0     0 3559.16094    0  443 5960.10333 3559.16094  40.3%     -  751s
     0     0 3559.41025    0  328 5960.10333 3559.41025  40.3%     -  754s
     0     0 3559.63710    0  336 5960.10333 3559.63710  40.3%     -  756s
     0     0 3559.68633    0  355 5960.10333 3559.68633  40.3%     -  758s
     0     0 3565.06003    0  242 5960.10333 3565.06003  40.2%     -  774s
     0     0 3565.06003    0  159 5960.10333 3565.06003  40.2%     - 1008s
     0     0 3565.06003    0  219 5960.10333 3565.06003  40.2%     - 1070s
     0     0 3565.06003    0  216 5960.10333 3565.06003  40.2%     - 1207s
     0     0 3565.06003    0  229 5960.10333 3565.06003  40.2%     - 1291s
     0     0 3571.24477    0  294 5960.10333 3571.24477  40.1%     - 1328s
     0     0 3576.80196    0  332 5960.10333 3576.80196  40.0%     - 1350s
     0     0 3577.24167    0  365 5960.10333 3577.24167  40.0%     - 1353s
     0     0 3577.30920    0  374 5960.10333 3577.30920  40.0%     - 1360s
     0     0 3577.32319    0  350 5960.10333 3577.32319  40.0%     - 1365s
     0     0 3596.03248    0  339 5960.10333 3596.03248  39.7%     - 1413s
H    0     0                    5507.4129999 3596.03248  34.7%     - 1418s
H    0     0                    5507.4111038 3596.03248  34.7%     - 1577s
     0     0 3596.40802    0  471 5507.41110 3596.40802  34.7%     - 1580s
     0     0 3596.70584    0  674 5507.41110 3596.70584  34.7%     - 1594s
     0     0 3596.71732    0  515 5507.41110 3596.71732  34.7%     - 1595s
     0     0 3602.28761    0  483 5507.41110 3602.28761  34.6%     - 1628s
     0     0 3604.60680    0  411 5507.41110 3604.60680  34.5%     - 1654s
     0     0 3604.66067    0  468 5507.41110 3604.66067  34.5%     - 1658s
     0     0 3609.17635    0  721 5507.41110 3609.17635  34.5%     - 1682s
     0     0 3609.50399    0  593 5507.41110 3609.50399  34.5%     - 1689s
     0     0 3609.53533    0  610 5507.41110 3609.53533  34.5%     - 1691s
     0     0 3612.84782    0  394 5507.41110 3612.84782  34.4%     - 1710s
     0     0 3613.18025    0  421 5507.41110 3613.18025  34.4%     - 1722s
     0     0 3613.24539    0  439 5507.41110 3613.24539  34.4%     - 1724s
     0     0 3621.63139    0  526 5507.41110 3621.63139  34.2%     - 1749s
     0     0 3622.11071    0  650 5507.41110 3622.11071  34.2%     - 1762s
     0     0 3622.13148    0  544 5507.41110 3622.13148  34.2%     - 1764s
     0     0 3629.53517    0  696 5507.41110 3629.53517  34.1%     - 1797s
     0     0 3631.74981    0  571 5507.41110 3631.74981  34.1%     - 1802s
     0     0 3632.85110    0  615 5507.41110 3632.85110  34.0%     - 1812s
     0     0 3632.89434    0  641 5507.41110 3632.89434  34.0%     - 1814s
     0     0 3634.64393    0  379 5507.41110 3634.64393  34.0%     - 1827s
     0     0 3634.82790    0  484 5507.41110 3634.82790  34.0%     - 1838s
     0     0 3636.63156    0  571 5507.41110 3636.63156  34.0%     - 1850s
     0     0 3636.90396    0  555 5507.41110 3636.90396  34.0%     - 1857s
     0     0 3636.94632    0  524 5507.41110 3636.94632  34.0%     - 1858s
     0     0 3639.37999    0  419 5507.41110 3639.37999  33.9%     - 1871s
     0     0 3639.54317    0  467 5507.41110 3639.54317  33.9%     - 1880s
     0     0 3642.07857    0  525 5507.41110 3642.07857  33.9%     - 1894s
     0     0 3642.37794    0  580 5507.41110 3642.37794  33.9%     - 1906s
     0     0 3642.38271    0  611 5507.41110 3642.38271  33.9%     - 1907s
     0     0 3643.87696    0  589 5507.41110 3643.87696  33.8%     - 1931s
     0     0 3643.94384    0  549 5507.41110 3643.94384  33.8%     - 1935s
     0     0 3645.29311    0  565 5507.41110 3645.29311  33.8%     - 1951s
     0     0 3645.29311    0  560 5507.41110 3645.29311  33.8%     - 1983s
     0     2 3645.29311    0  556 5507.41110 3645.29311  33.8%     - 2081s
     1     4 3659.53034    1  425 5507.41110 3645.94643  33.8%  3731 2194s
     3     8 3665.11160    2  371 5507.41110 3657.91398  33.6%  2877 2277s
     7    16 3667.83484    3  492 5507.41110 3665.12972  33.5%  3246 2399s
    15    32 3677.92566    4  293 5507.41110 3667.83594  33.4%  3871 2620s
    31    52 3719.62100    5  590 5507.41110 3677.99978  33.2%  6080 3107s
H   37    52                    4601.7472917 3677.99978  20.1%  5511 3107s
    51    68 3801.90501    6  474 4601.74729 3680.40923  20.0%  5299 3176s
    71    84 3859.76220    6  291 4601.74729 3680.40923  20.0%  4734 3222s
    91    98 4083.50474    7  257 4601.74729 3680.40923  20.0%  4261 3268s
   111   125 3952.21015    7  263 4601.74729 3680.40923  20.0%  4016 3324s
   143   148 3956.81386    8  249 4601.74729 3680.40923  20.0%  3674 3359s
   175   163 4225.20077    8  119 4601.74729 3680.40923  20.0%  3449 3383s
   207   175 3971.77044    9  426 4601.74729 3680.40923  20.0%  3191 3416s
   255   192 4135.13960   10  320 4601.74729 3680.40923  20.0%  2851 3467s
   300   205 4142.34876   10  276 4601.74729 3680.40923  20.0%  2666 3538s
   328   214 4140.24855   11  258 4601.74729 3680.40923  20.0%  2634 3598s
   385   215 4302.94784   19  202 4601.74729 3680.40923  20.0%  2506 3600s

Cutting planes:
  Cover: 23
  Implied bound: 368
  Clique: 4
  MIR: 21
  StrongCG: 1
  Flow cover: 5
  Zero half: 8
  RLT: 59
  Relax-and-lift: 291

Explored 400 nodes (1410203 simplex iterations) in 3600.13 seconds
Thread count was 20 (of 40 available processors)

Solution count 6: 4601.75 5507.41 5960.1 ... 16457.7

Time limit reached
Best objective 4.601747291667e+03, best bound 3.680409233263e+03, gap 20.0215%
