
Gurobi 9.0.2 (linux64, Python) logging started Sun Dec  6 03:07:36 2020

Using license file /share/apps/gurobi/9.0.2/gurobi_client.lic
Set parameter TokenServer to value 10.1.1.1
Set parameter LogFile to value /storage/users/anderhva/051220-191547/logs/O14-C2-V4-WS0.log
Set parameter LogToConsole to value 0
Changed value of parameter TimeLimit to 3600.0
   Prev: inf  Min: 0.0  Max: inf  Default: inf
Gurobi Optimizer version 9.0.2 build v9.0.2rc0 (linux64)
Optimize a model with 15588 rows, 286770 columns and 1660135 nonzeros
Model fingerprint: 0xe70df695
Variable types: 160 continuous, 286610 integer (286610 binary)
Coefficient statistics:
  Matrix range     [1e+00, 1e+02]
  Objective range  [1e+00, 1e+04]
  Bounds range     [1e+00, 1e+00]
  RHS range        [1e+00, 1e+02]
Presolve removed 1119 rows and 7860 columns (presolve time = 5s) ...
Presolve removed 1119 rows and 7860 columns
Presolve time: 5.24s
Presolved: 14469 rows, 278910 columns, 1336880 nonzeros
Variable types: 140 continuous, 278770 integer (278765 binary)

Deterministic concurrent LP optimizer: primal and dual simplex
Showing first log only...


Root simplex log...

Iteration    Objective       Primal Inf.    Dual Inf.      Time
       0    2.7875722e+04   2.800000e+01   1.185451e+10     12s
   36727    6.5758312e+03   0.000000e+00   1.039568e+08     15s
   58294    2.1853726e+03   0.000000e+00   7.944457e+06     20s
   77122    1.6587737e+03   0.000000e+00   1.893343e+06     25s
   93921    1.4474204e+03   0.000000e+00   2.314388e+05     30s
  108847    1.4031278e+03   0.000000e+00   2.566293e+04     35s
  124722    1.3924879e+03   0.000000e+00   7.022786e+00     40s
  128947    1.6925448e+03   3.509091e+03   0.000000e+00     45s
  131017    1.7541897e+03   1.081329e+04   0.000000e+00     50s
  135027    1.7990036e+03   6.382192e+04   0.000000e+00     55s
  138057    1.8126397e+03   7.056047e+03   0.000000e+00     60s
  139767    1.8169004e+03   2.267197e+03   0.000000e+00     65s
  142329    1.8560359e+03   4.163927e+03   0.000000e+00     70s
  143749    1.8766354e+03   3.419141e+03   0.000000e+00     75s
  145149    1.8899383e+03   2.744564e+03   0.000000e+00     80s
  146579    1.9111009e+03   3.751552e+03   0.000000e+00     85s
  148349    1.9407865e+03   2.880729e+04   0.000000e+00     90s
  149689    1.9617597e+03   1.042698e+04   0.000000e+00     95s
  150809    1.9811018e+03   5.885085e+03   0.000000e+00    101s
  152056    2.0213083e+03   2.157901e+03   0.000000e+00    105s
  153333    2.0370999e+03   1.232614e+04   0.000000e+00    111s
  154550    2.0856529e+03   2.613741e+04   0.000000e+00    115s
  156650    2.2559547e+03   6.009468e+03   0.000000e+00    120s
  158010    2.3024673e+03   4.494012e+02   0.000000e+00    125s
  159210    2.3056009e+03   9.415844e+02   0.000000e+00    130s
Concurrent spin time: 8.66s

Solved with dual simplex

Root relaxation: objective 2.318090e+03, 59228 iterations, 122.83 seconds

    Nodes    |    Current Node    |     Objective Bounds      |     Work
 Expl Unexpl |  Obj  Depth IntInf | Incumbent    BestBd   Gap | It/Node Time

     0     0 2318.09036    0  155          - 2318.09036      -     -  137s
H    0     0                    29840.258333 2318.09036  92.2%     -  143s
     0     0 2318.09036    0  170 29840.2583 2318.09036  92.2%     -  177s
     0     0 3305.40663    0  185 29840.2583 3305.40663  88.9%     -  230s
H    0     0                    9571.7833333 3305.40663  65.5%     -  250s
     0     0 3348.91800    0  179 9571.78333 3348.91800  65.0%     -  264s
H    0     0                    5186.6652891 3348.91800  35.4%     -  268s
     0     0 3349.21529    0  208 5186.66529 3349.21529  35.4%     -  270s
     0     0 3383.81216    0  164 5186.66529 3383.81216  34.8%     -  285s
     0     0 3383.81216    0  164 5186.66529 3383.81216  34.8%     -  383s
H    0     0                    5186.6645213 3383.81216  34.8%     -  402s
     0     0 3383.81216    0  164 5186.66452 3383.81216  34.8%     -  408s
     0     0 3383.81216    0  225 5186.66452 3383.81216  34.8%     -  440s
     0     0 3383.81216    0  143 5186.66452 3383.81216  34.8%     -  448s
     0     0 3383.81216    0  172 5186.66452 3383.81216  34.8%     -  452s
     0     0 3402.52600    0  144 5186.66452 3402.52600  34.4%     -  470s
H    0     0                    5186.6644607 3402.52600  34.4%     -  483s
     0     0 3405.71104    0  189 5186.66446 3405.71104  34.3%     -  489s
     0     0 3406.24893    0  212 5186.66446 3406.24893  34.3%     -  492s
     0     0 3435.68840    0  151 5186.66446 3435.68840  33.8%     -  506s
     0     0 3445.38440    0  147 5186.66446 3445.38440  33.6%     -  524s
     0     0 3472.45733    0  191 5186.66446 3472.45733  33.1%     -  540s
     0     0 3477.24256    0  171 5186.66446 3477.24256  33.0%     -  579s
     0     0 3477.30376    0  169 5186.66446 3477.30376  33.0%     -  579s
     0     0 3488.71449    0  163 5186.66446 3488.71449  32.7%     -  589s
     0     0 3513.95287    0  259 5186.66446 3513.95287  32.3%     -  611s
     0     0 3516.08525    0  251 5186.66446 3516.08525  32.2%     -  616s
     0     0 3521.85822    0  358 5186.66446 3521.85822  32.1%     -  628s
     0     0 3522.11812    0  260 5186.66446 3522.11812  32.1%     -  632s
     0     0 3522.29453    0  357 5186.66446 3522.29453  32.1%     -  636s
     0     0 3528.32194    0  266 5186.66446 3528.32194  32.0%     -  650s
     0     0 3529.15229    0  329 5186.66446 3529.15229  32.0%     -  656s
     0     0 3529.27483    0  343 5186.66446 3529.27483  32.0%     -  658s
     0     0 3536.37126    0  311 5186.66446 3536.37126  31.8%     -  672s
     0     0 3536.60846    0  337 5186.66446 3536.60846  31.8%     -  677s
     0     0 3540.09640    0  355 5186.66446 3540.09640  31.7%     -  689s
     0     0 3540.50665    0  520 5186.66446 3540.50665  31.7%     -  697s
     0     0 3540.76456    0  506 5186.66446 3540.76456  31.7%     -  700s
     0     0 3540.76792    0  485 5186.66446 3540.76792  31.7%     -  700s
     0     0 3545.67418    0  446 5186.66446 3545.67418  31.6%     -  713s
     0     0 3545.91104    0  450 5186.66446 3545.91104  31.6%     -  717s
     0     0 3546.04653    0  475 5186.66446 3546.04653  31.6%     -  718s
     0     0 3551.92604    0  482 5186.66446 3551.92604  31.5%     -  733s
     0     0 3552.69976    0  565 5186.66446 3552.69976  31.5%     -  740s
     0     0 3552.72589    0  558 5186.66446 3552.72589  31.5%     -  740s
     0     0 3557.54686    0  635 5186.66446 3557.54686  31.4%     -  754s
     0     0 3557.79245    0  657 5186.66446 3557.79245  31.4%     -  757s
     0     0 3557.79384    0  649 5186.66446 3557.79384  31.4%     -  758s
     0     0 3560.47012    0  613 5186.66446 3560.47012  31.4%     -  770s
     0     0 3560.49689    0  639 5186.66446 3560.49689  31.4%     -  772s
     0     0 3566.38917    0  531 5186.66446 3566.38917  31.2%     -  784s
H    0     0                    5186.6637368 3566.38917  31.2%     -  891s
     0     0 3566.72170    0  563 5186.66374 3566.72170  31.2%     -  893s
     0     0 3566.78066    0  572 5186.66374 3566.78066  31.2%     -  895s
     0     0 3570.94278    0  540 5186.66374 3570.94278  31.2%     -  909s
     0     0 3571.26112    0  610 5186.66374 3571.26112  31.1%     -  914s
     0     0 3571.32055    0  629 5186.66374 3571.32055  31.1%     -  915s
     0     0 3576.35386    0  574 5186.66374 3576.35386  31.0%     -  929s
     0     0 3576.62052    0  628 5186.66374 3576.62052  31.0%     -  935s
     0     0 3576.63451    0  658 5186.66374 3576.63451  31.0%     -  936s
     0     0 3580.86704    0  583 5186.66374 3580.86704  31.0%     -  948s
     0     0 3580.97618    0  572 5186.66374 3580.97618  31.0%     -  950s
     0     0 3585.43404    0  618 5186.66374 3585.43404  30.9%     -  963s
     0     0 3585.50431    0  630 5186.66374 3585.50431  30.9%     -  965s
     0     0 3588.22418    0  568 5186.66374 3588.22418  30.8%     -  977s
     0     0 3588.88028    0  721 5186.66374 3588.88028  30.8%     -  984s
     0     0 3588.91895    0  646 5186.66374 3588.91895  30.8%     -  985s
     0     0 3592.96284    0  568 5186.66374 3592.96284  30.7%     -  997s
     0     0 3593.02637    0  656 5186.66374 3593.02637  30.7%     - 1000s
     0     0 3595.41742    0  702 5186.66374 3595.41742  30.7%     - 1012s
     0     0 3596.23788    0  696 5186.66374 3596.23788  30.7%     - 1020s
     0     0 3596.33872    0  763 5186.66374 3596.33872  30.7%     - 1022s
     0     0 3600.35202    0  582 5186.66374 3600.35202  30.6%     - 1036s
     0     0 3600.60386    0  650 5186.66374 3600.60386  30.6%     - 1041s
     0     0 3602.14997    0  714 5186.66374 3602.14997  30.5%     - 1051s
     0     0 3602.38248    0  763 5186.66374 3602.38248  30.5%     - 1056s
     0     0 3603.59964    0  633 5186.66374 3603.59964  30.5%     - 1066s
     0     0 3603.59964    0  629 5186.66374 3603.59964  30.5%     - 1089s
     0     2 3603.59964    0  629 5186.66374 3603.59964  30.5%     - 1169s
     1     4 3631.46155    1  388 5186.66374 3603.60188  30.5%  3286 1234s
     3     8 3640.25259    2  539 5186.66374 3628.51755  30.0%  3107 1350s
     7    16 3645.20976    3  436 5186.66374 3637.07485  29.9%  2648 1409s
    15    32 3651.05535    4  368 5186.66374 3641.56475  29.8%  2656 1467s
    31    52 3654.62429    5  498 5186.66374 3647.78641  29.7%  2536 1766s
H   33    52                    4668.9472917 3647.78641  21.9%  2477 1767s
H   43    52                    4668.9464058 3647.78641  21.9%  2409 1767s
    51    67 3759.71644    6  422 4668.94641 3654.32665  21.7%  2796 1826s
    71    83 3671.27596    6  455 4668.94641 3654.34079  21.7%  2539 1844s
    91    97 3720.69995    7  416 4668.94641 3654.34079  21.7%  2377 1867s
   111   115 3724.45555    7  381 4668.94641 3654.34079  21.7%  2204 1892s
   143   136     cutoff    8      4668.94641 3654.34079  21.7%  1925 1911s
   175   154 3786.58360    9  547 4668.94641 3654.34079  21.7%  1828 1939s
   208   173 4124.29409    9  218 4668.94641 3654.34079  21.7%  1680 1956s
   251   201 3797.99758   10  509 4668.94641 3654.34079  21.7%  1549 1966s
   295   233 3800.30278   11  313 4668.94641 3654.34079  21.7%  1450 1974s
   342   264 4093.93724   12  172 4668.94641 3654.34079  21.7%  1315 1986s
   401   285 3873.78756   12  321 4668.94641 3654.34079  21.7%  1215 2011s
   460   314 3881.42722   13  288 4668.94641 3654.34079  21.7%  1151 2035s
   523   329 4195.78147   14  157 4668.94641 3654.34079  21.7%  1092 2063s
   596   343 3939.44061   14  221 4668.94641 3654.34079  21.7%  1042 2094s
   673   381 4255.48650   15  128 4668.94641 3654.34079  21.7%  1010 2117s
   752   401 4272.77400   17  137 4668.94641 3654.34079  21.7%   961 2136s
   824   429 infeasible   19      4668.94641 3703.79846  20.7%   939 2162s
   908   445 3768.98261    7  351 4668.94641 3703.79846  20.7%   924 2204s
   998   460 4032.23134    9  260 4668.94641 3703.79846  20.7%   911 2225s
  1091   490 3856.43199    9  320 4668.94641 3703.79846  20.7%   904 2248s
  1223   522 4134.03116   10  276 4668.94641 3703.79846  20.7%   860 2276s
  1332   587 4301.43544   12  152 4668.94641 3703.79846  20.7%   855 2294s
  1499   640 4489.16450   15  247 4668.94641 3743.80794  19.8%   805 2313s
  1657   687 4027.82125    9  194 4668.94641 3743.80794  19.8%   778 2331s
  1816   725 infeasible   12      4668.94641 3765.82591  19.3%   764 2352s
  1976   734 4187.62262   13  186 4668.94641 3765.82591  19.3%   753 2372s
  2141   742     cutoff   15      4668.94641 3765.82591  19.3%   748 2396s
  2284   737 4559.04826   15  184 4668.94641 3921.62479  16.0%   763 2416s
  2473   737 4390.80899    8  174 4668.94641 4061.30804  13.0%   761 2446s
  2671   748 4272.00309    9  166 4668.94641 4081.63480  12.6%   761 2475s
  2906   767 infeasible   48      4668.94641 4133.41088  11.5%   757 2495s
  3175   744 4312.01728   11  226 4668.94641 4141.11784  11.3%   746 2514s
  3402   782 infeasible   13      4668.94641 4174.92582  10.6%   747 2532s
  3819   813 4624.30334   20   39 4668.94641 4254.10675  8.89%   710 2550s
  4330   931 4575.19031   25   95 4668.94641 4296.20984  7.98%   665 2565s
  4994  1214     cutoff   10      4668.94641 4373.29287  6.33%   603 2576s
  5898  1300 infeasible   25      4668.94641 4409.69209  5.55%   527 2586s
  6917  1357 4520.19161   35   41 4668.94641 4426.63723  5.19%   461 2596s
  8083  1038 4608.94309   35   28 4668.94641 4485.07136  3.94%   401 2604s
  9186   611 infeasible   47      4668.94641 4503.35676  3.55%   358 2612s
 10098    56 infeasible   30      4668.94641 4567.98424  2.16%   330 2620s

Cutting planes:
  Cover: 41
  Implied bound: 668
  Clique: 10
  MIR: 33
  StrongCG: 2
  Flow cover: 14
  Inf proof: 1
  Zero half: 11
  RLT: 131
  Relax-and-lift: 598

Explored 10907 nodes (3561137 simplex iterations) in 2621.13 seconds
Thread count was 20 (of 40 available processors)

Solution count 4: 4668.95 5186.66 9571.78 29840.3 
No other solutions better than 4668.95

Optimal solution found (tolerance 1.00e-04)
Best objective 4.668946079764e+03, best bound 4.668946079764e+03, gap 0.0000%
