
Gurobi 9.0.2 (linux64, Python) logging started Sun Dec  6 02:07:10 2020

Using license file /share/apps/gurobi/9.0.2/gurobi_client.lic
Set parameter TokenServer to value 10.1.1.1
Set parameter LogFile to value /storage/users/anderhva/051220-191547/logs/O14-C2-V3-WS0.log
Set parameter LogToConsole to value 0
Changed value of parameter TimeLimit to 3600.0
   Prev: inf  Min: 0.0  Max: inf  Default: inf
Gurobi Optimizer version 9.0.2 build v9.0.2rc0 (linux64)
Optimize a model with 12464 rows, 229104 columns and 1325968 nonzeros
Model fingerprint: 0x8b580357
Variable types: 128 continuous, 228976 integer (228976 binary)
Coefficient statistics:
  Matrix range     [1e+00, 1e+02]
  Objective range  [1e+00, 1e+04]
  Bounds range     [1e+00, 1e+00]
  RHS range        [1e+00, 1e+02]
Presolve removed 930 rows and 6580 columns
Presolve time: 4.06s
Presolved: 11534 rows, 222524 columns, 1066492 nonzeros
Variable types: 112 continuous, 222412 integer (222408 binary)

Deterministic concurrent LP optimizer: primal and dual simplex
Showing first log only...


Root simplex log...

Iteration    Objective       Primal Inf.    Dual Inf.      Time
       0    3.1649749e+04   2.800000e+01   7.369684e+09      9s
   25536    1.8169685e+04   0.000000e+00   1.344574e+08     10s
   55870    1.8660753e+03   0.000000e+00   2.421388e+07     15s
   77017    1.5615849e+03   0.000000e+00   2.964601e+05     20s
   97114    1.5135806e+03   0.000000e+00   1.320483e+04     25s
  104835    1.9389941e+03   4.219858e+03   0.000000e+00     30s
  107055    1.9496969e+03   5.029474e+02   0.000000e+00     35s
  109774    1.9696007e+03   7.722744e+03   0.000000e+00     40s
  112549    2.1104713e+03   7.611496e+02   0.000000e+00     45s
  116554    2.3891638e+03   4.515028e+02   0.000000e+00     50s
  118314    2.3980551e+03   1.018736e+03   0.000000e+00     55s
  119522    2.4052574e+03   0.000000e+00   0.000000e+00     58s
  119522    2.4052574e+03   0.000000e+00   0.000000e+00     58s
Concurrent spin time: 4.90s

Solved with primal simplex

Root relaxation: objective 2.405257e+03, 119522 iterations, 54.98 seconds

    Nodes    |    Current Node    |     Objective Bounds      |     Work
 Expl Unexpl |  Obj  Depth IntInf | Incumbent    BestBd   Gap | It/Node Time

     0     0 2405.25740    0  151          - 2405.25740      -     -   65s
H    0     0                    18686.700833 2405.25740  87.1%     -   85s
H    0     0                    18675.105000 2405.25740  87.1%     -  101s
     0     0 2843.30270    0  197 18675.1050 2843.30270  84.8%     -  116s
H    0     0                    11416.248333 2843.30270  75.1%     -  142s
     0     0 3504.83665    0  152 11416.2483 3504.83665  69.3%     -  154s
     0     0 3547.47621    0  149 11416.2483 3547.47621  68.9%     -  161s
     0     0 3594.20703    0  197 11416.2483 3594.20703  68.5%     -  170s
     0     0 3594.67713    0  155 11416.2483 3594.67713  68.5%     -  171s
     0     0 3594.71459    0  187 11416.2483 3594.71459  68.5%     -  172s
     0     0 3629.95413    0  195 11416.2483 3629.95413  68.2%     -  184s
     0     0 3630.27881    0  199 11416.2483 3630.27881  68.2%     -  186s
     0     0 3646.48252    0  182 11416.2483 3646.48252  68.1%     -  194s
     0     0 3648.22805    0  191 11416.2483 3648.22805  68.0%     -  197s
     0     0 3648.23420    0  180 11416.2483 3648.23420  68.0%     -  197s
     0     0 3677.58047    0  182 11416.2483 3677.58047  67.8%     -  207s
     0     0 3678.73603    0  237 11416.2483 3678.73603  67.8%     -  212s
     0     0 3683.99928    0  190 11416.2483 3683.99928  67.7%     -  220s
     0     0 3684.57585    0  241 11416.2483 3684.57585  67.7%     -  222s
     0     0 3684.62490    0  263 11416.2483 3684.62490  67.7%     -  224s
     0     0 3688.49491    0  242 11416.2483 3688.49491  67.7%     -  232s
     0     0 3689.13281    0  320 11416.2483 3689.13281  67.7%     -  236s
     0     0 3693.58355    0  312 11416.2483 3693.58355  67.6%     -  244s
     0     0 3693.58837    0  316 11416.2483 3693.58837  67.6%     -  245s
     0     0 3696.51385    0  318 11416.2483 3696.51385  67.6%     -  253s
     0     0 3696.72386    0  318 11416.2483 3696.72386  67.6%     -  255s
     0     0 3696.75019    0  322 11416.2483 3696.75019  67.6%     -  255s
     0     0 3699.08204    0  393 11416.2483 3699.08204  67.6%     -  263s
     0     0 3699.54727    0  424 11416.2483 3699.54727  67.6%     -  266s
     0     0 3699.80345    0  443 11416.2483 3699.80345  67.6%     -  268s
     0     0 3699.84690    0  453 11416.2483 3699.84690  67.6%     -  269s
     0     0 3703.04326    0  460 11416.2483 3703.04326  67.6%     -  278s
     0     0 3703.36138    0  464 11416.2483 3703.36138  67.6%     -  280s
     0     0 3705.94805    0  366 11416.2483 3705.94805  67.5%     -  286s
H    0     0                    8312.7816667 3705.94805  55.4%     -  424s
     0     0 3706.05639    0  431 8312.78167 3706.05639  55.4%     -  425s
     0     0 3709.07507    0  463 8312.78167 3709.07507  55.4%     -  430s
     0     0 3709.07507    0  155 8312.78167 3709.07507  55.4%     -  494s
H    0     0                    7922.7066667 3709.07507  53.2%     -  512s
     0     0 3709.07507    0  263 7922.70667 3709.07507  53.2%     -  536s
     0     0 3709.07507    0  194 7922.70667 3709.07507  53.2%     -  568s
     0     0 3709.07507    0  325 7922.70667 3709.07507  53.2%     -  578s
     0     0 3709.07507    0  501 7922.70667 3709.07507  53.2%     -  584s
     0     0 3709.07541    0  479 7922.70667 3709.07541  53.2%     -  585s
     0     0 3713.06030    0  631 7922.70667 3713.06030  53.1%     -  602s
H    0     0                    5957.8056250 3713.06030  37.7%     -  604s
     0     0 3713.38760    0  525 5957.80562 3713.38760  37.7%     -  606s
     0     0 3713.41176    0  599 5957.80562 3713.41176  37.7%     -  607s
     0     0 3716.80904    0  693 5957.80562 3716.80904  37.6%     -  619s
H    0     0                    5886.7691667 3716.80904  36.9%     -  621s
     0     0 3716.97822    0  700 5886.76917 3716.97822  36.9%     -  622s
     0     0 3720.25961    0  612 5886.76917 3720.25961  36.8%     -  634s
     0     0 3720.52007    0  594 5886.76917 3720.52007  36.8%     -  636s
     0     0 3720.54500    0  640 5886.76917 3720.54500  36.8%     -  637s
H    0     0                    5608.8993750 3720.54500  33.7%     -  643s
     0     0 3723.67339    0  635 5608.89938 3723.67339  33.6%     -  647s
H    0     0                    5451.6400000 3723.67339  31.7%     -  692s
     0     0 3723.81662    0  670 5451.64000 3723.81662  31.7%     -  694s
     0     0 3727.53125    0  583 5451.64000 3727.53125  31.6%     -  704s
     0     0 3727.86642    0  657 5451.64000 3727.86642  31.6%     -  708s
     0     0 3730.87604    0  755 5451.64000 3730.87604  31.6%     -  720s
     0     0 3730.89675    0  783 5451.64000 3730.89675  31.6%     -  721s
     0     0 3732.73177    0  865 5451.64000 3732.73177  31.5%     -  733s
     0     0 3732.86356    0  881 5451.64000 3732.86356  31.5%     -  737s
     0     0 3735.39096    0  862 5451.64000 3735.39096  31.5%     -  749s
     0     0 3735.46370    0  806 5451.64000 3735.46370  31.5%     -  753s
     0     0 3737.80577    0  794 5451.64000 3737.80577  31.4%     -  764s
     0     0 3738.10025    0  829 5451.64000 3738.10025  31.4%     -  769s
     0     0 3738.13346    0  861 5451.64000 3738.13346  31.4%     -  770s
     0     0 3740.22710    0  787 5451.64000 3740.22710  31.4%     -  780s
     0     0 3740.24966    0  829 5451.64000 3740.24966  31.4%     -  781s
     0     0 3742.59719    0  726 5451.64000 3742.59719  31.3%     -  792s
     0     0 3742.71986    0  819 5451.64000 3742.71986  31.3%     -  796s
     0     0 3744.61311    0  858 5451.64000 3744.61311  31.3%     -  806s
     0     0 3744.67637    0  809 5451.64000 3744.67637  31.3%     -  809s
     0     0 3747.09575    0  820 5451.64000 3747.09575  31.3%     -  818s
     0     0 3747.12270    0  858 5451.64000 3747.12270  31.3%     -  820s
     0     0 3748.83147    0  802 5451.64000 3748.83147  31.2%     -  830s
     0     0 3748.85338    0  855 5451.64000 3748.85338  31.2%     -  833s
H    0     0                    5252.0639583 3748.85338  28.6%     -  839s
     0     0 3751.03634    0  757 5252.06396 3751.03634  28.6%     -  842s
     0     0 3751.03634    0  755 5252.06396 3751.03634  28.6%     -  861s
     0     2 3751.03634    0  755 5252.06396 3751.03634  28.6%     -  930s
     1     4 3807.39795    1  396 5252.06396 3752.54052  28.6%  2679  985s
     3     8 3837.53439    2  441 5252.06396 3787.37360  27.9%  2456 1034s
     7    16 3872.73207    3  282 5252.06396 3797.85897  27.7%  3009 1073s
    15    31 3892.09370    4  141 5252.06396 3834.62179  27.0%  2602 1100s
    31    51 3976.57137    5  302 5252.06396 3892.13682  25.9%  2208 1138s
    51    69 4056.74579    6  283 5252.06396 3907.28800  25.6%  2256 1208s
H   52    69                    5172.0224723 3907.28800  24.5%  2213 1208s
H   58    69                    5084.5223117 3907.28800  23.2%  2186 1208s
    71    82 4084.70783    6  244 5084.52231 3907.28800  23.2%  2136 1224s
    91    96 4493.82142    7  152 5084.52231 3907.28800  23.2%  2048 1234s
   111   111 4413.17342    7  183 5084.52231 3907.28800  23.2%  1910 1246s
   144   130 4515.39217    8   96 5084.52231 3907.28800  23.2%  1632 1255s
   180   158 4537.43505   10  105 5084.52231 3907.28800  23.2%  1426 1263s
   218   182 4706.29949   11  115 5084.52231 3907.28800  23.2%  1292 1274s
   266   207 4583.94747   12   95 5084.52231 3907.28800  23.2%  1143 1279s
   320   233 4589.83936   13   77 5084.52231 3907.28800  23.2%  1000 1289s
   388   246 4866.83390   16   78 5084.52231 3907.28800  23.2%   881 1297s
   452   280 4901.15858    9  146 5084.52231 3907.28800  23.2%   816 1304s
   529   318 4490.08939    9  202 5084.52231 3907.28800  23.2%   745 1311s
   607   365 4527.21674   10  178 5084.52231 3907.28800  23.2%   696 1317s
   696   408 4532.76409   11  161 5084.52231 3907.28800  23.2%   639 1330s
   781   448 4657.51635   13  116 5084.52231 3907.28800  23.2%   609 1342s
   874   509 4835.77888   14  137 5084.52231 3907.28800  23.2%   585 1350s
   979   571 4732.03853   17  100 5084.52231 3907.28800  23.2%   559 1356s
  1089   607 4874.15328   19  114 5084.52231 3907.28800  23.2%   523 1362s
  1213   675 4884.16752   21  118 5084.52231 3907.28800  23.2%   496 1366s
  1358   721     cutoff   26      5084.52231 3907.28800  23.2%   464 1373s
  1553   746 4971.90935   31  140 5084.52231 3907.28800  23.2%   425 1379s
  1705   802 5024.91818   41   66 5084.52231 4098.32104  19.4%   407 1386s
  1869   859 4375.01924    6  218 5084.52231 4098.32104  19.4%   392 1394s
  2045   953 4641.39644    7  230 5084.52231 4098.32104  19.4%   379 1400s
  2320  1041 4712.50391    8  215 5084.52231 4098.32104  19.4%   349 1405s
  2663  1104 4722.04091   10  169 5084.52231 4098.32104  19.4%   317 1412s
  2950  1137 infeasible   19      5084.52231 4165.62386  18.1%   301 1604s
H 2972  1137                    5084.3556250 4413.31802  13.2%   302 1604s
  3111  1161     cutoff    8      5084.35563 4512.13324  11.3%   295 1610s
  3391  1264 infeasible   26      5084.35563 4556.46936  10.4%   285 1615s
  3753  1368 4785.59369   13  151 5084.35563 4589.91000  9.72%   276 1620s
  4118  1516 4863.00321   23  115 5084.35563 4640.13276  8.74%   266 1625s
  4545  1648 4859.34043    9  136 5084.35563 4641.56486  8.71%   254 1631s
  5079  1739 4971.87493   11  121 5084.35563 4688.87196  7.78%   238 1636s
  5459  1929 4970.11603   11  131 5084.35563 4713.62310  7.29%   232 1641s
  5978  1930 4797.34979   15  463 5084.35562 4728.27679  7.00%   223 1820s
  5980  1931 4979.40911   28  187 5084.35562 4728.27679  7.00%   222 1919s
  5981  1932 4800.06921   10  289 5084.35562 4728.27679  7.00%   222 1940s
  5982  1933 4907.18827   21  264 5084.35562 4728.27679  7.00%   222 1970s
  5983  1933 4825.12516   15  513 5084.35562 4728.27679  7.00%   222 1998s
  5984  1934 5076.20417   19  593 5084.35562 4728.27679  7.00%   222 2017s
  5985  1935 4898.57064   35  575 5084.35562 4728.27679  7.00%   222 2022s
  5986  1935 4830.44879   13  425 5084.35562 4728.27679  7.00%   222 2027s
  5987  1936 4916.14649   35  655 5084.35562 4728.27679  7.00%   222 2173s
  5988  1937 5056.72153   53  743 5084.35562 4728.27679  7.00%   222 2230s
  5989  1937 5028.46569   15  747 5084.35562 4728.27679  7.00%   222 2235s
  5990  1938 4907.06352   48  739 5084.35562 4728.27679  7.00%   222 2241s
  5991  1939 4979.65419   14  824 5084.35562 4728.27679  7.00%   222 2260s
  5992  1939 4928.34193   90  790 5084.35562 4728.27679  7.00%   222 2271s
  5993  1940 4843.71561   23  773 5084.35562 4728.27679  7.00%   222 2283s
  5994  1941 5016.46636   23  831 5084.35562 4728.27679  7.00%   222 2287s
  5995  1941 4776.52777   20  827 5084.35562 4728.27679  7.00%   222 2292s
  5996  1942 4853.28995   16  881 5084.35562 4728.27679  7.00%   222 2309s
  5997  1943 4917.34883   15  927 5084.35562 4728.27679  7.00%   222 2315s
  5999  1944 4913.28767   26  984 5084.35562 4728.27679  7.00%   222 2324s
  6000  1945 4740.26486   15  939 5084.35562 4728.27679  7.00%   222 2342s
  6001  1945 5015.31771   24  958 5084.35562 4728.27679  7.00%   222 2348s
  6002  1946 4903.11157   16  996 5084.35562 4728.27679  7.00%   222 2361s
  6003  1947 4884.46614   17  984 5084.35562 4728.27679  7.00%   222 2368s
  6004  1947 4872.44210   34  952 5084.35562 4728.27679  7.00%   222 2380s
  6005  1948 5001.93428   29  960 5084.35562 4728.27679  7.00%   222 2389s
  6006  1949 4825.34885   19  951 5084.35562 4728.27679  7.00%   221 2419s
  6007  1949 4783.20666   10  951 5084.35562 4728.27679  7.00%   221 2423s
  6008  1950 4894.57229   16  951 5084.35562 4728.27679  7.00%   221 2471s
  6009  1954 4728.27679   12  891 5084.35562 4728.27679  7.00%   241 2645s
  6011  1957 4728.27679   13  881 5084.35562 4728.27679  7.00%   242 2788s
  6015  1962 4728.27679   14  659 5084.35562 4728.27679  7.00%   245 2898s
  6023  1973 4728.27679   15  695 5084.35562 4728.27679  7.00%   249 2980s
  6037  1984 4728.27679   16  436 5084.35562 4728.27679  7.00%   264 3151s
H 6049  1882                    5084.3553673 4728.27679  7.00%   271 3151s
  6057  1897 4728.27679   17  404 5084.35537 4728.27679  7.00%   277 3168s
  6077  1904 4728.27679   17  431 5084.35537 4728.27679  7.00%   284 3195s
  6097  1914 4728.27679   18  333 5084.35537 4728.27679  7.00%   293 3206s
  6117  1926 4728.27679   18  298 5084.35537 4728.27679  7.00%   296 3224s
  6146  1941 4728.27679   19  337 5084.35537 4728.27679  7.00%   303 3236s
  6182  1956 4728.27679   20  377 5084.35537 4728.27679  7.00%   306 3253s
  6214  1978 4801.80758   21  104 5084.35537 4728.27679  7.00%   314 3262s
  6255  1985 4728.27679   22  206 5084.35537 4728.27679  7.00%   316 3282s
  6301  1985 4728.27679   23  209 5084.35537 4728.27679  7.00%   321 3292s
  6347  1994 4728.27679   24  171 5084.35537 4728.27679  7.00%   325 3303s
  6401  2000 4728.27679   26  203 5084.35537 4728.27679  7.00%   328 3322s
  6455  2005 4728.27679   27  199 5084.35537 4728.27679  7.00%   331 3336s
  6526  2013 4728.27679   29  174 5084.35537 4728.27679  7.00%   334 3350s
  6599  2014 4728.27679   30  174 5084.35537 4728.27679  7.00%   339 3364s
  6676  2018 4728.27679   33  137 5084.35537 4728.27679  7.00%   341 3382s
  6754  2021 4728.27679   35  135 5084.35537 4728.27679  7.00%   345 3404s
  6821  2048 4728.27679   37   92 5084.35537 4728.27679  7.00%   351 3416s
  6915  2066     cutoff   40      5084.35537 4728.27679  7.00%   356 3428s
  7020  2056 4811.58005   46  123 5084.35537 4728.27679  7.00%   360 3450s
  7120  2058     cutoff   50      5084.35537 4728.27679  7.00%   367 3468s
  7235  2059 4728.27679   17  423 5084.35537 4728.27679  7.00%   372 3491s
  7332  2065 4728.27679   17  340 5084.35537 4728.27679  7.00%   379 3512s
  7411  2083 4782.23577   18  101 5084.35537 4728.27679  7.00%   387 3528s
  7522  2113 4728.27679   19  248 5084.35537 4728.27679  7.00%   393 3549s
  7672  2115 4728.27679   20  212 5084.35537 4728.27679  7.00%   397 3563s
  7821  2129 4828.67396   22  193 5084.35537 4728.27679  7.00%   401 3580s
  8005  2102     cutoff   24      5084.35537 4728.27679  7.00%   404 3595s
  8224  2024     cutoff   29      5084.35537 4728.27679  7.00%   405 3600s

Cutting planes:
  Cover: 9
  Implied bound: 125
  Projected implied bound: 8
  Clique: 4
  MIR: 39
  StrongCG: 1
  Flow cover: 16
  RLT: 11
  Relax-and-lift: 421

Explored 8267 nodes (3614627 simplex iterations) in 3600.61 seconds
Thread count was 20 (of 40 available processors)

Solution count 10: 5084.36 5084.52 5172.02 ... 8312.78

Time limit reached
Best objective 5.084355004309e+03, best bound 4.728276785714e+03, gap 7.0034%
