
Gurobi 9.0.2 (linux64, Python) logging started Sun Dec  6 15:51:17 2020

Using license file /share/apps/gurobi/9.0.2/gurobi_client.lic
Set parameter TokenServer to value 10.1.1.1
Set parameter LogFile to value /storage/users/anderhva/061220-115738/logs/O14-C1-V5-WS0.log
Set parameter LogToConsole to value 0
Changed value of parameter TimeLimit to 3600.0
   Prev: inf  Min: 0.0  Max: inf  Default: inf
Gurobi Optimizer version 9.0.2 build v9.0.2rc0 (linux64)
Optimize a model with 19306 rows, 358212 columns and 2073618 nonzeros
Model fingerprint: 0x2de7b247
Variable types: 192 continuous, 358020 integer (358020 binary)
Coefficient statistics:
  Matrix range     [1e+00, 1e+02]
  Objective range  [1e+00, 1e+04]
  Bounds range     [1e+00, 1e+00]
  RHS range        [1e+00, 1e+02]
Presolve removed 1358 rows and 10506 columns (presolve time = 5s) ...
Presolve removed 1358 rows and 10506 columns
Presolve time: 6.52s
Presolved: 17948 rows, 347706 columns, 1668600 nonzeros
Variable types: 168 continuous, 347538 integer (347532 binary)

Deterministic concurrent LP optimizer: primal and dual simplex
Showing first log only...


Root simplex log...

Iteration    Objective       Primal Inf.    Dual Inf.      Time
       0    2.0160886e+04   2.800000e+01   1.235031e+10     14s
   21456    8.6153729e+03   0.000000e+00   1.696809e+07     15s
   42901    2.7856475e+03   0.000000e+00   4.290060e+06     20s
   57690    2.0401459e+03   0.000000e+00   7.111803e+06     25s
   72031    1.8347918e+03   0.000000e+00   2.411267e+05     30s
   85723    1.7544086e+03   0.000000e+00   9.918542e+04     35s
   98174    1.8291067e+03   5.515910e+02   0.000000e+00     40s
  102164    1.8291067e+03   3.583975e+02   0.000000e+00     45s
  104292    1.8401679e+03   1.329988e+03   0.000000e+00     50s
  105942    1.8468624e+03   3.021288e+03   0.000000e+00     55s
  108032    1.9046083e+03   9.650694e+02   0.000000e+00     60s
  109532    1.9251982e+03   1.186593e+04   0.000000e+00     65s
  111510    1.9919755e+03   1.063878e+04   0.000000e+00     70s
  113200    2.0564964e+03   1.468882e+04   0.000000e+00     75s
  114530    2.0677198e+03   3.140797e+03   0.000000e+00     80s
  116100    2.0844621e+03   5.533447e+02   0.000000e+00     85s
  117580    2.0966880e+03   5.568579e+03   0.000000e+00     90s
  118400    2.1003947e+03   1.292849e+03   0.000000e+00     95s
  119350    2.1044318e+03   2.880597e+03   0.000000e+00    100s
  120400    2.1180348e+03   1.090264e+04   0.000000e+00    105s
  121510    2.1365441e+03   5.936355e+03   0.000000e+00    110s
  122970    2.1752171e+03   2.020437e+04   0.000000e+00    115s
  125877    2.2307916e+03   1.104811e+05   0.000000e+00    120s
  128959    2.3927301e+03   5.402029e+04   0.000000e+00    125s
  131335    2.5157550e+03   3.977692e+03   0.000000e+00    130s
  132335    2.5277409e+03   2.914500e+03   0.000000e+00    135s
  133365    2.5372709e+03   2.282270e+02   0.000000e+00    140s
  134245    2.5460638e+03   1.971641e+02   0.000000e+00    145s
  134915    2.5494005e+03   4.147612e+01   0.000000e+00    150s
  135615    2.5499107e+03   1.305031e+01   0.000000e+00    156s
  136295    2.5507329e+03   1.331473e+01   0.000000e+00    160s
  136614    2.5509530e+03   0.000000e+00   0.000000e+00    162s
  136614    2.5509530e+03   0.000000e+00   0.000000e+00    162s
Concurrent spin time: 0.00s

Solved with primal simplex

Root relaxation: objective 2.550953e+03, 136614 iterations, 149.47 seconds

    Nodes    |    Current Node    |     Objective Bounds      |     Work
 Expl Unexpl |  Obj  Depth IntInf | Incumbent    BestBd   Gap | It/Node Time

     0     0 2550.95298    0  155          - 2550.95298      -     -  167s
H    0     0                    5778.5070833 2550.95298  55.9%     -  174s
     0     0 2550.95298    0  192 5778.50708 2550.95298  55.9%     -  209s
     0     0 3374.07888    0  154 5778.50708 3374.07888  41.6%     -  272s
     0     0 3388.54247    0  152 5778.50708 3388.54247  41.4%     -  280s
     0     0 3449.46819    0  161 5778.50708 3449.46819  40.3%     -  295s
H    0     0                    5071.5608333 3449.46819  32.0%     -  296s
H    0     0                    4835.7800000 3449.46819  28.7%     -  316s
     0     0 3452.49154    0  172 4835.78000 3452.49154  28.6%     -  320s
     0     0 3497.20329    0  261 4835.78000 3497.20329  27.7%     -  341s
H    0     0                    4816.6014583 3497.20329  27.4%     -  346s
     0     0 3511.83345    0  212 4816.60146 3511.83345  27.1%     -  350s
     0     0 3515.06203    0  249 4816.60146 3515.06203  27.0%     -  353s
     0     0 3515.33744    0  246 4816.60146 3515.33744  27.0%     -  355s
     0     0 3515.42108    0  261 4816.60146 3515.42108  27.0%     -  357s
     0     0 3532.32162    0  222 4816.60146 3532.32162  26.7%     -  373s
H    0     0                    4787.4670833 3532.32162  26.2%     -  740s
     0     0 3533.02709    0  258 4787.46708 3533.02709  26.2%     -  744s
     0     0 3541.37972    0  162 4787.46708 3541.37972  26.0%     -  753s
     0     0 3541.46797    0  221 4787.46708 3541.46797  26.0%     -  757s
     0     0 3559.26132    0  194 4787.46708 3559.26132  25.7%     -  771s
     0     0 3564.59252    0  270 4787.46708 3564.59252  25.5%     -  780s
     0     0 3564.83439    0  227 4787.46708 3564.83439  25.5%     -  782s
     0     0 3565.31339    0  252 4787.46708 3565.31339  25.5%     -  783s
     0     0 3565.74390    0  236 4787.46708 3565.74390  25.5%     -  785s
     0     0 3565.74532    0  230 4787.46708 3565.74532  25.5%     -  785s
     0     0 3586.49019    0  181 4787.46708 3586.49019  25.1%     -  797s
     0     0 3586.95344    0  201 4787.46708 3586.95344  25.1%     -  801s
     0     0 3590.37998    0  245 4787.46708 3590.37998  25.0%     -  811s
     0     0 3591.74891    0  327 4787.46708 3591.74891  25.0%     -  818s
     0     0 3591.82066    0  333 4787.46708 3591.82066  25.0%     -  820s
     0     0 3598.32406    0  325 4787.46708 3598.32406  24.8%     -  833s
     0     0 3598.50572    0  304 4787.46708 3598.50572  24.8%     -  841s
     0     0 3598.56246    0  337 4787.46708 3598.56246  24.8%     -  843s
     0     0 3602.94812    0  268 4787.46708 3602.94812  24.7%     -  856s
     0     0 3603.01570    0  292 4787.46708 3603.01570  24.7%     -  859s
     0     0 3607.36360    0  298 4787.46708 3607.36360  24.6%     -  872s
     0     0 3607.64245    0  315 4787.46708 3607.64245  24.6%     -  876s
     0     0 3612.87938    0  396 4787.46708 3612.87938  24.5%     -  889s
     0     0 3614.37195    0  320 4787.46708 3614.37195  24.5%     -  898s
     0     0 3615.20985    0  438 4787.46708 3615.20985  24.5%     -  903s
     0     0 3615.24043    0  455 4787.46708 3615.24043  24.5%     -  904s
     0     0 3621.18681    0  291 4787.46708 3621.18681  24.4%     -  919s
     0     0 3621.75301    0  467 4787.46708 3621.75301  24.3%     -  929s
     0     0 3621.76889    0  432 4787.46708 3621.76889  24.3%     -  930s
     0     0 3625.53084    0  192 4787.46708 3625.53084  24.3%     -  940s
     0     0 3627.32365    0  254 4787.46708 3627.32365  24.2%     -  949s
     0     0 3627.36557    0  341 4787.46708 3627.36557  24.2%     -  951s
     0     0 3631.34546    0  322 4787.46708 3631.34546  24.1%     -  961s
     0     0 3631.92377    0  261 4787.46708 3631.92377  24.1%     -  966s
     0     0 3632.25927    0  278 4787.46708 3632.25927  24.1%     -  970s
     0     0 3632.49974    0  339 4787.46708 3632.49974  24.1%     -  974s
     0     0 3632.55168    0  327 4787.46708 3632.55168  24.1%     -  975s
     0     0 3638.31268    0  364 4787.46708 3638.31268  24.0%     -  989s
     0     0 3639.22500    0  404 4787.46708 3639.22500  24.0%     -  995s
     0     0 3639.41758    0  514 4787.46708 3639.41758  24.0%     -  999s
     0     0 3639.44161    0  498 4787.46708 3639.44161  24.0%     - 1000s
     0     0 3644.11798    0  377 4787.46708 3644.11798  23.9%     - 1015s
     0     0 3644.27372    0  361 4787.46708 3644.27372  23.9%     - 1018s
     0     0 3648.11357    0  234 4787.46708 3648.11357  23.8%     - 1028s
     0     0 3648.61061    0  298 4787.46708 3648.61061  23.8%     - 1035s
     0     0 3648.69105    0  277 4787.46708 3648.69105  23.8%     - 1036s
     0     0 3652.03654    0  347 4787.46708 3652.03654  23.7%     - 1044s
     0     0 3652.89522    0  374 4787.46708 3652.89522  23.7%     - 1050s
     0     0 3652.96110    0  361 4787.46708 3652.96110  23.7%     - 1053s
     0     0 3654.53333    0  198 4787.46708 3654.53333  23.7%     - 1059s
     0     0 3656.18969    0  358 4787.46708 3656.18969  23.6%     - 1068s
     0     0 3656.27706    0  456 4787.46708 3656.27706  23.6%     - 1071s
     0     0 3659.84233    0  217 4787.46708 3659.84233  23.6%     - 1080s
     0     0 3660.21750    0  291 4787.46708 3660.21750  23.5%     - 1088s
     0     0 3661.28438    0  341 4787.46708 3661.28438  23.5%     - 1093s
     0     0 3661.38186    0  434 4787.46708 3661.38186  23.5%     - 1095s
     0     0 3665.35789    0  367 4787.46708 3665.35789  23.4%     - 1106s
     0     0 3665.69404    0  366 4787.46708 3665.69404  23.4%     - 1113s
     0     0 3666.16835    0  371 4787.46708 3666.16835  23.4%     - 1119s
     0     0 3666.20083    0  425 4787.46708 3666.20083  23.4%     - 1120s
     0     0 3671.43921    0  537 4787.46708 3671.43921  23.3%     - 1140s
     0     0 3672.03612    0  394 4787.46708 3672.03612  23.3%     - 1145s
     0     0 3672.08034    0  397 4787.46708 3672.08034  23.3%     - 1146s
     0     0 3673.37692    0  211 4787.46708 3673.37692  23.3%     - 1152s
     0     0 3674.08731    0  316 4787.46708 3674.08731  23.3%     - 1158s
     0     0 3674.38106    0  304 4787.46708 3674.38106  23.2%     - 1161s
     0     0 3674.66724    0  453 4787.46708 3674.66724  23.2%     - 1167s
     0     0 3674.74649    0  354 4787.46708 3674.74649  23.2%     - 1168s
     0     0 3676.21161    0  281 4787.46708 3676.21161  23.2%     - 1175s
     0     0 3677.00190    0  573 4787.46708 3677.00190  23.2%     - 1187s
     0     0 3677.25201    0  518 4787.46708 3677.25201  23.2%     - 1189s
     0     0 3677.26012    0  542 4787.46708 3677.26012  23.2%     - 1190s
     0     0 3679.93954    0  403 4787.46708 3679.93954  23.1%     - 1201s
     0     0 3680.14064    0  515 4787.46708 3680.14064  23.1%     - 1206s
     0     0 3681.33727    0  409 4787.46708 3681.33727  23.1%     - 1213s
     0     0 3681.59272    0  404 4787.46708 3681.59272  23.1%     - 1221s
     0     0 3681.62556    0  418 4787.46708 3681.62556  23.1%     - 1223s
     0     0 3682.60263    0  347 4787.46708 3682.60263  23.1%     - 1229s
     0     0 3682.97683    0  278 4787.46708 3682.97683  23.1%     - 1235s
     0     0 3683.04951    0  286 4787.46708 3683.04951  23.1%     - 1237s
     0     0 3686.09035    0  315 4787.46708 3686.09035  23.0%     - 1246s
     0     0 3686.09035    0  315 4787.46708 3686.09035  23.0%     - 1266s
     0     0 3779.97589    0  166 4787.46708 3779.97589  21.0%     - 1508s
H    0     0                    4752.0233333 3779.97589  20.5%     - 1531s
     0     0 3779.97589    0  208 4752.02333 3779.97589  20.5%     - 1657s
H    0     0                    4728.0650000 3779.97589  20.1%     - 1820s
     0     0 3779.97589    0  241 4728.06500 3779.97589  20.1%     - 1909s
     0     0 3779.97589    0  207 4728.06500 3779.97589  20.1%     - 1932s
     0     0 3779.97589    0  237 4728.06500 3779.97589  20.1%     - 1942s
     0     0 3779.97589    0  292 4728.06500 3779.97589  20.1%     - 1948s
     0     0 3779.97589    0  299 4728.06500 3779.97589  20.1%     - 1956s
     0     0 3779.97589    0  344 4728.06500 3779.97589  20.1%     - 1960s
     0     0 3779.97589    0  352 4728.06500 3779.97589  20.1%     - 1977s
     0     0 3779.97589    0  392 4728.06500 3779.97589  20.1%     - 1987s
     0     0 3779.97589    0  456 4728.06500 3779.97589  20.1%     - 1990s
     0     0 3779.97589    0  417 4728.06500 3779.97589  20.1%     - 2002s
     0     0 3779.97589    0  489 4728.06500 3779.97589  20.1%     - 2008s
     0     0 3779.97589    0  560 4728.06500 3779.97589  20.1%     - 2022s
     0     0 3779.97589    0  477 4728.06500 3779.97589  20.1%     - 2029s
     0     0 3779.97589    0  482 4728.06500 3779.97589  20.1%     - 2030s
     0     0 3779.97589    0  615 4728.06500 3779.97589  20.1%     - 2044s
     0     0 3779.97589    0  532 4728.06500 3779.97589  20.1%     - 2049s
     0     0 3779.97589    0  423 4728.06500 3779.97589  20.1%     - 2065s
     0     0 3779.97589    0  552 4728.06500 3779.97589  20.1%     - 2072s
     0     0 3779.97589    0  425 4728.06500 3779.97589  20.1%     - 2075s
     0     0 3779.97589    0  384 4728.06500 3779.97589  20.1%     - 2085s
     0     0 3779.97589    0  464 4728.06500 3779.97589  20.1%     - 2093s
     0     0 3779.97589    0  465 4728.06500 3779.97589  20.1%     - 2094s
     0     0 3779.97589    0  437 4728.06500 3779.97589  20.1%     - 2101s
     0     0 3779.97589    0  432 4728.06500 3779.97589  20.1%     - 2105s
     0     0 3779.97589    0  490 4728.06500 3779.97589  20.1%     - 2113s
     0     0 3779.97589    0  556 4728.06500 3779.97589  20.1%     - 2120s
     0     0 3779.97589    0  484 4728.06500 3779.97589  20.1%     - 2125s
     0     0 3779.97589    0  480 4728.06500 3779.97589  20.1%     - 2150s
     0     2 3820.97192    0  480 4728.06500 3820.97192  19.2%     - 2324s
     1     4 3820.97192    1  624 4728.06500 3820.97192  19.2%  2337 2524s
     3     8 3820.97192    2  414 4728.06500 3820.97192  19.2%  2240 2616s
     7    16 3820.97192    3  403 4728.06500 3820.97192  19.2%  3266 2688s
    15    31 3820.97192    4  229 4728.06500 3820.97192  19.2%  2898 2799s
    31    51 3820.97192    5  312 4728.06500 3820.97192  19.2%  3034 2840s
    51    71 3820.97192    6  295 4728.06500 3820.97192  19.2%  2484 2888s
    71    88 3820.97192    7  598 4728.06500 3820.97192  19.2%  2489 2944s
    91   108 3820.97192    8  484 4728.06500 3820.97192  19.2%  2374 2962s
   111   126 3820.97192    9  436 4728.06500 3820.97192  19.2%  2131 3600s
H  113   126                    4728.0649862 3820.97192  19.2%  2105 3600s
H  114   126                    4586.6387442 3820.97192  16.7%  2091 3600s
H  123   126                    4578.5415631 3820.97192  16.5%  2040 3600s

Cutting planes:
  Cover: 9
  Implied bound: 259
  Clique: 4
  MIR: 26
  StrongCG: 2
  Flow cover: 17
  GUB cover: 1
  Zero half: 14
  RLT: 35
  Relax-and-lift: 665

Explored 132 nodes (616777 simplex iterations) in 3600.60 seconds
Thread count was 20 (of 40 available processors)

Solution count 9: 4578.54 4586.64 4728.06 ... 5778.51

Time limit reached
Best objective 4.578541185040e+03, best bound 3.820971920486e+03, gap 16.5461%
