
Gurobi 9.0.2 (linux64, Python) logging started Sun Dec  6 06:11:54 2020

Using license file /share/apps/gurobi/9.0.2/gurobi_client.lic
Set parameter TokenServer to value 10.1.1.1
Set parameter LogFile to value /storage/users/anderhva/051220-191547/logs/O14-C4-V4-WS0.log
Set parameter LogToConsole to value 0
Changed value of parameter TimeLimit to 3600.0
   Prev: inf  Min: 0.0  Max: inf  Default: inf
Gurobi Optimizer version 9.0.2 build v9.0.2rc0 (linux64)
Optimize a model with 16813 rows, 338995 columns and 1969000 nonzeros
Model fingerprint: 0xd13f9b01
Variable types: 160 continuous, 338835 integer (338835 binary)
Coefficient statistics:
  Matrix range     [1e+00, 1e+02]
  Objective range  [1e+00, 8e+03]
  Bounds range     [1e+00, 1e+00]
  RHS range        [1e+00, 1e+02]
Presolve removed 1209 rows and 8120 columns (presolve time = 6s) ...
Presolve removed 1209 rows and 8120 columns
Presolve time: 6.19s
Presolved: 15604 rows, 330875 columns, 1591195 nonzeros
Variable types: 140 continuous, 330735 integer (330730 binary)

Deterministic concurrent LP optimizer: primal and dual simplex
Showing first log only...


Root simplex log...

Iteration    Objective       Primal Inf.    Dual Inf.      Time
       0    2.7666607e+04   1.400000e+01   1.429779e+10     13s
   31325    1.4589392e+04   0.000000e+00   5.945576e+07     15s
   61153    2.3250129e+03   0.000000e+00   1.291439e+07     20s
   83411    1.4921195e+03   0.000000e+00   4.539216e+05     25s
  102247    1.3760424e+03   0.000000e+00   8.492164e+04     30s
  111670    1.5914400e+03   3.253830e+02   0.000000e+00     35s
  114510    1.5914401e+03   1.457773e+04   0.000000e+00     40s
  116850    1.5937059e+03   7.189266e+02   0.000000e+00     45s
  118720    1.5937424e+03   6.264365e+03   0.000000e+00     50s
  120746    1.5937532e+03   2.911928e+03   0.000000e+00     55s
  122677    1.6073002e+03   2.712700e+04   0.000000e+00     60s
  123877    1.6073003e+03   4.801251e+04   0.000000e+00     65s
  124884    1.6073004e+03   6.553729e+03   0.000000e+00     70s
  126208    1.6073006e+03   1.858436e+04   0.000000e+00     75s
  127496    1.6073007e+03   4.811116e+04   0.000000e+00     80s
  130161    1.6451216e+03   5.094371e+03   0.000000e+00     85s
  132522    1.7680151e+03   1.088540e+03   0.000000e+00     90s
  134852    1.9450963e+03   6.348093e+03   0.000000e+00     95s
Concurrent spin time: 0.00s

Solved with dual simplex

Root relaxation: objective 2.214515e+03, 42601 iterations, 84.01 seconds

    Nodes    |    Current Node    |     Objective Bounds      |     Work
 Expl Unexpl |  Obj  Depth IntInf | Incumbent    BestBd   Gap | It/Node Time

     0     0 2214.51489    0  237          - 2214.51489      -     -  100s
H    0     0                    4906.2311054 2214.51489  54.9%     -  132s
H    0     0                    4906.2310310 2214.51489  54.9%     -  135s
     0     0 2214.51489    0  208 4906.23103 2214.51489  54.9%     -  143s
     0     0 2214.51489    0  208 4906.23103 2214.51489  54.9%     -  242s
H    0     0                    4827.7150521 2214.51489  54.1%     -  258s
H    0     0                    4827.7148083 2214.51489  54.1%     -  261s
     0     0 2231.86679    0  259 4827.71481 2231.86679  53.8%     -  280s
H    0     0                    4827.7147140 2231.86679  53.8%     -  284s
     0     0 2570.69182    0  257 4827.71471 2570.69182  46.8%     -  320s
     0     0 2588.47954    0  268 4827.71471 2588.47954  46.4%     -  333s
     0     0 2589.21450    0  275 4827.71471 2589.21450  46.4%     -  335s
     0     0 2589.21450    0  273 4827.71471 2589.21450  46.4%     -  336s
     0     0 3159.55925    0  183 4827.71471 3159.55925  34.6%     -  370s
     0     0 3159.56462    0  209 4827.71471 3159.56462  34.6%     -  393s
     0     0 3201.54403    0  287 4827.71471 3201.54403  33.7%     -  410s
     0     0 3201.61942    0  242 4827.71471 3201.61942  33.7%     -  442s
     0     0 3241.03421    0  278 4827.71471 3241.03421  32.9%     -  468s
     0     0 3247.69338    0  303 4827.71471 3247.69338  32.7%     -  478s
     0     0 3260.40567    0  239 4827.71471 3260.40567  32.5%     -  499s
     0     0 3263.48319    0  246 4827.71471 3263.48319  32.4%     -  507s
     0     0 3264.12203    0  315 4827.71471 3264.12203  32.4%     -  511s
     0     0 3264.29670    0  337 4827.71471 3264.29670  32.4%     -  512s
     0     0 3304.70511    0  269 4827.71471 3304.70511  31.5%     -  532s
     0     0 3304.86961    0  298 4827.71471 3304.86961  31.5%     -  537s
     0     0 3306.60939    0  326 4827.71471 3306.60939  31.5%     -  545s
     0     0 3308.27307    0  361 4827.71471 3308.27307  31.5%     -  554s
     0     0 3308.29618    0  434 4827.71471 3308.29618  31.5%     -  556s
     0     0 3323.04842    0  406 4827.71471 3323.04842  31.2%     -  574s
     0     0 3326.83438    0  411 4827.71471 3326.83438  31.1%     -  581s
     0     0 3328.03979    0  345 4827.71471 3328.03979  31.1%     -  590s
     0     0 3328.82563    0  479 4827.71471 3328.82563  31.0%     -  597s
     0     0 3328.96525    0  471 4827.71471 3328.96525  31.0%     -  599s
     0     0 3344.09007    0  265 4827.71471 3344.09007  30.7%     -  618s
H    0     0                    4827.7147105 3344.09007  30.7%     -  680s
     0     0 3346.48655    0  351 4827.71471 3346.48655  30.7%     -  688s
     0     0 3346.66091    0  351 4827.71471 3346.66091  30.7%     -  691s
     0     0 3382.73609    0  304 4827.71471 3382.73609  29.9%     -  710s
     0     0 3385.76972    0  355 4827.71471 3385.76972  29.9%     -  717s
     0     0 3386.08909    0  445 4827.71471 3386.08909  29.9%     -  722s
     0     0 3386.12011    0  420 4827.71471 3386.12011  29.9%     -  723s
     0     0 3410.09507    0  291 4827.71471 3410.09507  29.4%     -  739s
     0     0 3417.66097    0  340 4827.71471 3417.66097  29.2%     -  759s
     0     0 3419.82966    0  340 4827.71471 3419.82966  29.2%     -  765s
     0     0 3420.00961    0  373 4827.71471 3420.00961  29.2%     -  768s
     0     0 3435.72312    0  295 4827.71471 3435.72312  28.8%     -  782s
     0     0 3436.78157    0  346 4827.71471 3436.78157  28.8%     -  789s
     0     0 3437.14569    0  416 4827.71471 3437.14569  28.8%     -  791s
     0     0 3437.20459    0  413 4827.71471 3437.20459  28.8%     -  792s
     0     0 3452.83768    0  374 4827.71471 3452.83768  28.5%     -  806s
     0     0 3457.80634    0  372 4827.71471 3457.80634  28.4%     -  815s
     0     0 3458.91354    0  365 4827.71471 3458.91354  28.4%     -  819s
     0     0 3458.98163    0  402 4827.71471 3458.98163  28.4%     -  820s
     0     0 3479.65858    0  294 4827.71471 3479.65858  27.9%     -  834s
     0     0 3481.11794    0  314 4827.71471 3481.11794  27.9%     -  841s
     0     0 3481.35825    0  311 4827.71471 3481.35825  27.9%     -  842s
     0     0 3504.04522    0  287 4827.71471 3504.04522  27.4%     -  855s
     0     0 3508.04496    0  367 4827.71471 3508.04496  27.3%     -  865s
     0     0 3509.20421    0  423 4827.71471 3509.20421  27.3%     -  871s
     0     0 3509.21320    0  448 4827.71471 3509.21320  27.3%     -  871s
     0     0 3517.50966    0  363 4827.71471 3517.50966  27.1%     -  885s
     0     0 3519.51330    0  376 4827.71471 3519.51330  27.1%     -  892s
     0     0 3520.15610    0  383 4827.71471 3520.15610  27.1%     -  897s
     0     0 3520.52824    0  409 4827.71471 3520.52824  27.1%     -  899s
     0     0 3520.52917    0  430 4827.71471 3520.52917  27.1%     -  900s
     0     0 3533.13925    0  400 4827.71471 3533.13925  26.8%     -  917s
     0     0 3535.03899    0  444 4827.71471 3535.03899  26.8%     -  923s
     0     0 3535.35385    0  473 4827.71471 3535.35385  26.8%     -  925s
     0     0 3542.18675    0  323 4827.71471 3542.18675  26.6%     -  941s
     0     0 3542.75605    0  394 4827.71471 3542.75605  26.6%     -  946s
     0     0 3551.68630    0  358 4827.71471 3551.68630  26.4%     -  960s
     0     0 3551.98855    0  509 4827.71471 3551.98855  26.4%     -  969s
     0     0 3552.01625    0  531 4827.71471 3552.01625  26.4%     -  970s
     0     0 3557.65948    0  428 4827.71471 3557.65948  26.3%     -  984s
     0     0 3558.86554    0  479 4827.71471 3558.86554  26.3%     -  998s
     0     0 3559.24069    0  496 4827.71471 3559.24069  26.3%     - 1001s
     0     0 3559.24069    0  501 4827.71471 3559.24069  26.3%     - 1001s
     0     0 3568.50510    0  316 4827.71471 3568.50510  26.1%     - 1015s
     0     0 3570.95324    0  394 4827.71471 3570.95324  26.0%     - 1027s
     0     0 3571.25373    0  417 4827.71471 3571.25373  26.0%     - 1030s
     0     0 3576.62798    0  402 4827.71471 3576.62798  25.9%     - 1042s
     0     0 3576.91390    0  449 4827.71471 3576.91390  25.9%     - 1048s
     0     0 3579.89264    0  475 4827.71471 3579.89264  25.8%     - 1059s
     0     0 3580.64244    0  248 4827.71471 3580.64244  25.8%     - 1064s
     0     0 3580.81929    0  493 4827.71471 3580.81929  25.8%     - 1066s
     0     0 3585.09395    0  411 4827.71471 3585.09395  25.7%     - 1078s
     0     0 3585.27789    0  453 4827.71471 3585.27789  25.7%     - 1141s
     0     0 3588.42957    0  444 4827.71471 3588.42957  25.7%     - 1154s
     0     0 3588.70414    0  474 4827.71471 3588.70414  25.7%     - 1156s
     0     0 3592.00762    0  508 4827.71471 3592.00762  25.6%     - 1168s
     0     0 3594.68806    0  579 4827.71471 3594.68806  25.5%     - 1174s
     0     0 3594.72247    0  586 4827.71471 3594.72247  25.5%     - 1175s
     0     0 3610.52734    0  373 4827.71471 3610.52734  25.2%     - 1186s
     0     0 3611.06617    0  418 4827.71471 3611.06617  25.2%     - 1192s
     0     0 3611.25435    0  445 4827.71471 3611.25435  25.2%     - 1194s
     0     0 3617.78482    0  338 4827.71471 3617.78482  25.1%     - 1203s
     0     0 3620.05595    0  370 4827.71471 3620.05595  25.0%     - 1211s
     0     0 3620.64325    0  347 4827.71471 3620.64325  25.0%     - 1214s
     0     0 3629.64208    0  352 4827.71471 3629.64208  24.8%     - 1225s
     0     0 3630.60032    0  421 4827.71471 3630.60032  24.8%     - 1232s
     0     0 3630.97165    0  569 4827.71471 3630.97165  24.8%     - 1237s
     0     0 3631.30698    0  430 4827.71471 3631.30698  24.8%     - 1240s
     0     0 3642.74093    0  202 4827.71471 3642.74093  24.5%     - 1249s
     0     0 3646.23918    0  314 4827.71471 3646.23918  24.5%     - 1256s
     0     0 3646.61541    0  293 4827.71471 3646.61541  24.5%     - 1257s
     0     0 3651.12350    0  336 4827.71471 3651.12350  24.4%     - 1266s
     0     0 3651.46645    0  357 4827.71471 3651.46645  24.4%     - 1269s
     0     0 3656.21405    0  279 4827.71471 3656.21405  24.3%     - 1278s
     0     0 3657.66605    0  298 4827.71471 3657.66605  24.2%     - 1285s
     0     0 3657.74475    0  324 4827.71471 3657.74475  24.2%     - 1287s
     0     0 3666.15563    0  377 4827.71471 3666.15563  24.1%     - 1300s
     0     0 3666.42986    0  364 4827.71471 3666.42986  24.1%     - 1302s
     0     0 3670.75691    0  332 4827.71471 3670.75691  24.0%     - 1309s
     0     0 3671.07494    0  307 4827.71471 3671.07494  24.0%     - 1311s
     0     0 3676.41779    0  348 4827.71471 3676.41779  23.8%     - 1320s
     0     0 3677.16203    0  331 4827.71471 3677.16203  23.8%     - 1324s
     0     0 3677.23028    0  344 4827.71471 3677.23028  23.8%     - 1325s
     0     0 3684.05063    0  289 4827.71471 3684.05063  23.7%     - 1334s
     0     0 3684.56448    0  244 4827.71471 3684.56448  23.7%     - 1337s
     0     0 3688.54653    0  306 4827.71471 3688.54653  23.6%     - 1344s
     0     0 3688.63890    0  327 4827.71471 3688.63890  23.6%     - 1347s
     0     0 3693.02223    0  367 4827.71471 3693.02223  23.5%     - 1356s
     0     0 3693.84910    0  366 4827.71471 3693.84910  23.5%     - 1365s
     0     0 3693.88983    0  421 4827.71471 3693.88983  23.5%     - 1367s
     0     0 3695.50793    0  463 4827.71471 3695.50793  23.5%     - 1373s
     0     0 3695.50793    0  459 4827.71471 3695.50793  23.5%     - 1396s
     0     0 3695.50793    0  185 4827.71471 3695.50793  23.5%     - 1468s
H    0     0                    4827.7147096 3695.50793  23.5%     - 1470s
     0     0 3695.50793    0  219 4827.71471 3695.50793  23.5%     - 1477s
H    0     0                    4827.7147091 3695.50793  23.5%     - 1480s
     0     0 3695.50793    0  240 4827.71471 3695.50793  23.5%     - 1519s
     0     0 3695.50793    0  245 4827.71471 3695.50793  23.5%     - 1539s
     0     0 3695.50793    0  186 4827.71471 3695.50793  23.5%     - 1548s
     0     0 3695.50793    0  292 4827.71471 3695.50793  23.5%     - 1560s
     0     0 3695.50793    0  365 4827.71471 3695.50793  23.5%     - 1566s
     0     0 3695.50793    0  337 4827.71471 3695.50793  23.5%     - 1569s
     0     0 3695.50793    0  461 4827.71471 3695.50793  23.5%     - 1573s
     0     0 3695.50793    0  435 4827.71471 3695.50793  23.5%     - 1577s
     0     0 3695.50793    0  517 4827.71471 3695.50793  23.5%     - 1581s
     0     0 3695.50793    0  525 4827.71471 3695.50793  23.5%     - 1581s
     0     0 3696.46027    0  275 4827.71471 3696.46027  23.4%     - 1584s
     0     0 3697.27043    0  261 4827.71471 3697.27043  23.4%     - 1587s
     0     0 3697.30347    0  291 4827.71471 3697.30347  23.4%     - 1587s
     0     0 3707.84232    0  457 4827.71471 3707.84232  23.2%     - 1597s
H    0     0                    4827.7147078 3707.84232  23.2%     - 1609s
     0     0 3708.84872    0  495 4827.71471 3708.84872  23.2%     - 1612s
     0     0 3713.25282    0  613 4827.71471 3713.25282  23.1%     - 1623s
H    0     0                    4827.7147067 3713.25282  23.1%     - 1635s
     0     0 3713.92850    0  590 4827.71471 3713.92850  23.1%     - 1639s
     0     0 3715.43648    0  584 4827.71471 3715.43648  23.0%     - 1642s
     0     0 3718.85922    0  694 4827.71471 3718.85922  23.0%     - 1654s
H    0     0                    4827.7144671 3718.85922  23.0%     - 1668s
     0     0 3719.02083    0  622 4827.71447 3719.02083  23.0%     - 1669s
     0     0 3723.36402    0  414 4827.71447 3723.36402  22.9%     - 1678s
     0     0 3724.73861    0  382 4827.71447 3724.73861  22.8%     - 1683s
     0     0 3724.77753    0  406 4827.71447 3724.77753  22.8%     - 1685s
     0     0 3732.69252    0  658 4827.71447 3732.69252  22.7%     - 1698s
     0     0 3734.12079    0  612 4827.71447 3734.12079  22.7%     - 1715s
     0     0 3734.48304    0  657 4827.71447 3734.48304  22.6%     - 1717s
     0     0 3741.69439    0  534 4827.71447 3741.69439  22.5%     - 1727s
     0     0 3742.43872    0  696 4827.71447 3742.43872  22.5%     - 1733s
     0     0 3742.62529    0  674 4827.71447 3742.62529  22.5%     - 1736s
     0     0 3745.73585    0  684 4827.71447 3745.73585  22.4%     - 1748s
     0     0 3746.27501    0  632 4827.71447 3746.27501  22.4%     - 1751s
     0     0 3746.31518    0  547 4827.71447 3746.31518  22.4%     - 1752s
     0     0 3747.38458    0  559 4827.71447 3747.38458  22.4%     - 1758s
     0     0 3747.38458    0  545 4827.71447 3747.38458  22.4%     - 1771s
H    0     0                    4827.7144631 3747.38458  22.4%     - 1786s
H    0     2                    4827.7144619 3747.38458  22.4%     - 1805s
     0     2 3747.38458    0  545 4827.71446 3747.38458  22.4%     - 1805s
     1     4 3757.02526    1  517 4827.71446 3747.38474  22.4%  2525 1862s
     3     8 3758.60058    2  425 4827.71446 3757.04131  22.2%  1726 1916s
     7    14 3763.56028    3  418 4827.71446 3758.60450  22.1%  2353 1960s
    15    24 3767.00662    4  385 4827.71446 3763.56195  22.0%  2438 1986s
H   29    36                    4827.7144612 3767.01346  22.0%  1733 2023s
H   37    36                    4827.7144603 3767.01346  22.0%  1541 2023s
    49    53 3820.56347    6  477 4827.71446 3782.58310  21.6%  1480 2046s
    69    63 3822.04364    7  338 4827.71446 3782.58310  21.6%  1579 2054s
    89    77 4067.26795    8  294 4827.71446 3782.58310  21.6%  1495 2066s
   109    93 3851.22300    8  264 4827.71446 3782.58310  21.6%  1353 2073s
   140   104 3923.44199    9  242 4827.71446 3782.58310  21.6%  1216 2080s
   171   117 3927.25020   10  343 4827.71446 3782.58310  21.6%  1137 2088s
   205   141 3936.85997   11  276 4827.71446 3782.58310  21.6%  1054 2096s
   247   168 3946.41234   12  240 4827.71446 3782.58310  21.6%   982 2100s
   292   191 3956.26388   13  244 4827.71446 3782.58310  21.6%   888 2107s
   343   213 4060.85643   14  243 4827.71446 3782.58310  21.6%   822 2116s
   408   246 4065.92006   15  265 4827.71446 3782.58310  21.6%   738 2121s
   470   271 4585.41551   16  200 4827.71446 3782.58310  21.6%   696 2126s
   532   289 4641.15261   16  201 4827.71446 3782.58310  21.6%   655 2138s
   606   321 4603.10096   17  222 4827.71446 3782.58310  21.6%   623 2153s
   683   357 infeasible   19      4827.71446 3802.55981  21.2%   598 2183s
   767   392 4100.73802    7  251 4827.71446 3802.55981  21.2%   575 2190s
   876   434 4361.49186    8  160 4827.71446 3802.55981  21.2%   544 2197s
   979   460 4712.85132    9  220 4827.71446 3802.55981  21.2%   522 2204s
  1102   504     cutoff    9      4827.71446 3802.55981  21.2%   498 2210s
  1232   584 4371.28544    9  178 4827.71446 3802.55981  21.2%   480 2216s
  1393   649 4455.98374   12  159 4827.71446 3802.55981  21.2%   453 2222s
  1574   706 4631.28443   23  130 4827.71446 3802.55981  21.2%   425 2229s
  1770   781 4712.15988   30   56 4827.71446 3802.55981  21.2%   406 2237s
  2003   839     cutoff   14      4827.71446 3835.13143  20.6%   378 2243s
  2204   932 4180.44975    7  400 4827.71446 3835.32229  20.6%   362 2250s
  2447  1059 4208.51700    8  286 4827.71446 3835.32229  20.6%   342 2255s
  2721  1172 4431.38956   10  188 4827.71446 3835.32229  20.6%   323 2262s
  3027  1264 4550.47302   18  160 4827.71446 3835.32229  20.6%   304 2268s
  3350  1370 infeasible   44      4827.71446 4136.23782  14.3%   287 2276s
H 3639  1371                    4827.7139058 4136.59741  14.3%   278 2393s
  3673  1490     cutoff    8      4827.71391 4136.59741  14.3%   279 2399s
  3986  1749 4351.03577    9  244 4827.71391 4136.59741  14.3%   269 2404s
  4455  1946     cutoff   11      4827.71391 4136.59741  14.3%   252 2409s
  4916  1947 4733.79312   28  208 4827.71391 4136.59741  14.3%   239 2627s
  4918  1948 4628.43993   13  155 4827.71391 4136.59741  14.3%   239 2678s
  4919  1949 4724.35152   78  198 4827.71391 4136.59741  14.3%   239 2687s
  4920  1950 4747.67033   40  297 4827.71391 4136.59741  14.3%   239 2750s
  4921  1950 4654.49945   38  264 4827.71391 4136.59741  14.3%   239 2777s
  4922  1951 4645.19992   21  424 4827.71391 4136.59741  14.3%   239 2795s
  4923  1952 4651.52233   24  440 4827.71391 4136.59741  14.3%   239 2808s
  4924  1952 4685.80703   25  308 4827.71391 4136.59741  14.3%   239 2814s
  4925  1953 4717.82381   28  416 4827.71391 4136.59741  14.3%   239 2817s
  4928  1955 4666.02080   22  449 4827.71391 4136.59741  14.3%   239 2822s
  4929  1956 4671.26173   31  572 4827.71391 4136.59741  14.3%   239 2860s
  4930  1956 4593.07243   23  539 4827.71391 4136.59741  14.3%   239 2878s
  4931  1957 4720.34356   40  334 4827.71391 4136.59741  14.3%   239 2906s
  4932  1958 4704.60526   33  640 4827.71391 4136.59741  14.3%   238 2935s
  4933  1958 4644.28040   32  568 4827.71391 4136.59741  14.3%   238 2943s
  4934  1959 4689.23671  100  770 4827.71391 4136.59741  14.3%   238 2953s
  4935  1960 4826.91082   36  867 4827.71391 4136.59741  14.3%   238 2982s
  4936  1960 4611.55778   33  849 4827.71391 4136.59741  14.3%   238 2987s
H 4936  1861                    4827.7139039 4136.59741  14.3%   238 3234s
  4937  1862 4638.79124   27  849 4827.71390 4136.59741  14.3%   238 3235s
  4938  1866 4136.59741   12  613 4827.71390 4136.59741  14.3%   259 3353s
  4940  1867 4136.59741   13  451 4827.71390 4136.59741  14.3%   260 3399s
  4944  1868 4136.59741   14  531 4827.71390 4136.59741  14.3%   260 3426s
  4950  1870 4136.59741   15  533 4827.71390 4136.59741  14.3%   262 3481s
  4958  1872 4136.59741   16  369 4827.71390 4136.59741  14.3%   266 3527s
  4970  1877 4136.59741   17  325 4827.71390 4136.59741  14.3%   270 3575s
  4987  1878 4136.59741   18  373 4827.71390 4136.59741  14.3%   275 3600s

Cutting planes:
  Cover: 6
  Implied bound: 182
  Projected implied bound: 2
  Clique: 13
  MIR: 15
  StrongCG: 1
  Flow cover: 32
  Inf proof: 1
  Zero half: 9
  Mod-K: 5
  RLT: 26
  Relax-and-lift: 606

Explored 5007 nodes (1714049 simplex iterations) in 3600.59 seconds
Thread count was 20 (of 40 available processors)

Solution count 2: 4827.71 4906.23 

Time limit reached
Warning: max constraint violation (1.7983e-06) exceeds tolerance
Best objective 4.827713525376e+03, best bound 4.136597405781e+03, gap 14.3156%
