
Gurobi 9.0.2 (linux64, Python) logging started Fri Dec  4 08:49:13 2020

Using license file /share/apps/gurobi/9.0.2/gurobi_client.lic
Set parameter TokenServer to value 10.1.1.1
Set parameter LogFile to value /storage/users/anderhva/041220-084838/logs/O4-C4-V3-WS0.log
Set parameter LogToConsole to value 0
Changed value of parameter TimeLimit to 3600.0
   Prev: inf  Min: 0.0  Max: inf  Default: inf
Gurobi Optimizer version 9.0.2 build v9.0.2rc0 (linux64)
Optimize a model with 3408 rows, 14316 columns and 72528 nonzeros
Model fingerprint: 0xee606e81
Variable types: 48 continuous, 14268 integer (14268 binary)
Coefficient statistics:
  Matrix range     [1e+00, 1e+02]
  Objective range  [1e+00, 8e+03]
  Bounds range     [1e+00, 1e+00]
  RHS range        [1e+00, 1e+02]
Presolve removed 244 rows and 552 columns
Presolve time: 0.21s
Presolved: 3164 rows, 13764 columns, 56460 nonzeros
Variable types: 32 continuous, 13732 integer (13728 binary)
Found heuristic solution: objective 15369.586667

Root relaxation: objective 7.916492e+02, 5735 iterations, 0.73 seconds

    Nodes    |    Current Node    |     Objective Bounds      |     Work
 Expl Unexpl |  Obj  Depth IntInf | Incumbent    BestBd   Gap | It/Node Time

     0     0  798.79981    0   66 15369.5867  798.79981  94.8%     -    2s
     0     0  957.03380    0   81 15369.5867  957.03380  93.8%     -    2s
     0     0 2165.99500    0   28 15369.5867 2165.99500  85.9%     -   11s
H    0     0                    2257.8700000 2165.99500  4.07%     -   11s
H    0     0                    2214.1200000 2165.99500  2.17%     -   11s

Cutting planes:
  Gomory: 5
  Cover: 2
  Implied bound: 8
  MIR: 3
  Flow cover: 4
  RLT: 6
  Relax-and-lift: 4

Explored 1 nodes (9092 simplex iterations) in 11.59 seconds
Thread count was 20 (of 40 available processors)

Solution count 3: 2214.12 2257.87 15369.6 

Optimal solution found (tolerance 1.00e-04)
Best objective 2.214120000000e+03, best bound 2.214120000000e+03, gap 0.0000%
