
Gurobi 9.0.2 (linux64, Python) logging started Fri Dec  4 19:52:23 2020

Using license file /share/apps/gurobi/9.0.2/gurobi_client.lic
Set parameter TokenServer to value 10.1.1.1
Set parameter LogFile to value /storage/users/anderhva/041220-194853/logs/O6-C1-V4-WS0.log
Set parameter LogToConsole to value 0
Changed value of parameter TimeLimit to 3600.0
   Prev: inf  Min: 0.0  Max: inf  Default: inf
Gurobi Optimizer version 9.0.2 build v9.0.2rc0 (linux64)
Optimize a model with 5542 rows, 38215 columns and 206845 nonzeros
Model fingerprint: 0xa8eb4c31
Variable types: 80 continuous, 38135 integer (38135 binary)
Coefficient statistics:
  Matrix range     [1e+00, 1e+02]
  Objective range  [1e+00, 1e+04]
  Bounds range     [1e+00, 1e+00]
  RHS range        [1e+00, 1e+02]
Found heuristic solution: objective 21216.020833
Presolve removed 501 rows and 2050 columns
Presolve time: 0.61s
Presolved: 5041 rows, 36165 columns, 161445 nonzeros
Variable types: 60 continuous, 36105 integer (36100 binary)

Root relaxation: objective 1.707338e+03, 10336 iterations, 2.85 seconds

    Nodes    |    Current Node    |     Objective Bounds      |     Work
 Expl Unexpl |  Obj  Depth IntInf | Incumbent    BestBd   Gap | It/Node Time

     0     0 1707.33833    0   42 21216.0208 1707.33833  92.0%     -    3s
H    0     0                    2308.2766667 1707.33833  26.0%     -    4s
     0     0 1707.33833    0   42 2308.27667 1707.33833  26.0%     -    4s

Cutting planes:
  Cover: 6
  Implied bound: 11
  Clique: 6
  Flow cover: 2
  GUB cover: 2
  Zero half: 6
  RLT: 11
  Relax-and-lift: 4

Explored 1 nodes (11060 simplex iterations) in 6.86 seconds
Thread count was 20 (of 40 available processors)

Solution count 2: 2308.28 21216 

Optimal solution found (tolerance 1.00e-04)
Best objective 2.308276666667e+03, best bound 2.308276666667e+03, gap 0.0000%
