
Gurobi 9.0.2 (linux64, Python) logging started Fri Dec  4 08:49:26 2020

Using license file /share/apps/gurobi/9.0.2/gurobi_client.lic
Set parameter TokenServer to value 10.1.1.1
Set parameter LogFile to value /storage/users/anderhva/041220-084838/logs/O6-C1-V2-WS0.log
Set parameter LogToConsole to value 0
Changed value of parameter TimeLimit to 3600.0
   Prev: inf  Min: 0.0  Max: inf  Default: inf
Gurobi Optimizer version 9.0.2 build v9.0.2rc0 (linux64)
Optimize a model with 3324 rows, 22803 columns and 123279 nonzeros
Model fingerprint: 0xa9ac2ecb
Variable types: 48 continuous, 22755 integer (22755 binary)
Coefficient statistics:
  Matrix range     [1e+00, 1e+02]
  Objective range  [1e+00, 1e+04]
  Bounds range     [1e+00, 1e+00]
  RHS range        [1e+00, 1e+02]
Presolve removed 294 rows and 1239 columns
Presolve time: 0.36s
Presolved: 3030 rows, 21564 columns, 96138 nonzeros
Variable types: 36 continuous, 21528 integer (21525 binary)

Root relaxation: objective 1.711568e+03, 4787 iterations, 0.77 seconds

    Nodes    |    Current Node    |     Objective Bounds      |     Work
 Expl Unexpl |  Obj  Depth IntInf | Incumbent    BestBd   Gap | It/Node Time

     0     0 1737.52559    0   55          - 1737.52559      -     -    1s
H    0     0                    2326.0483333 1737.52559  25.3%     -    2s
     0     0 2155.91459    0   37 2326.04833 2155.91459  7.31%     -    2s
H    0     0                    2312.5066667 2155.91459  6.77%     -    2s
     0     0 2177.95813    0   70 2312.50667 2177.95813  5.82%     -    3s

Cutting planes:
  Gomory: 12
  Cover: 5
  Implied bound: 12
  Clique: 5
  Flow cover: 4
  Zero half: 6
  RLT: 4
  Relax-and-lift: 2

Explored 1 nodes (6693 simplex iterations) in 3.10 seconds
Thread count was 20 (of 40 available processors)

Solution count 2: 2312.51 2326.05 

Optimal solution found (tolerance 1.00e-04)
Best objective 2.312506666667e+03, best bound 2.312506666667e+03, gap 0.0000%
