
Gurobi 9.0.2 (linux64, Python) logging started Fri Dec  4 08:51:17 2020

Using license file /share/apps/gurobi/9.0.2/gurobi_client.lic
Set parameter TokenServer to value 10.1.1.1
Set parameter LogFile to value /storage/users/anderhva/041220-084838/logs/O6-C4-V3-WS0.log
Set parameter LogToConsole to value 0
Changed value of parameter TimeLimit to 3600.0
   Prev: inf  Min: 0.0  Max: inf  Default: inf
Gurobi Optimizer version 9.0.2 build v9.0.2rc0 (linux64)
Optimize a model with 5260 rows, 44364 columns and 244772 nonzeros
Model fingerprint: 0x7e009320
Variable types: 64 continuous, 44300 integer (44300 binary)
Coefficient statistics:
  Matrix range     [1e+00, 1e+02]
  Objective range  [1e+00, 8e+03]
  Bounds range     [1e+00, 1e+00]
  RHS range        [1e+00, 1e+02]
Found heuristic solution: objective 26645.703333
Presolve removed 450 rows and 2004 columns
Presolve time: 0.72s
Presolved: 4810 rows, 42360 columns, 192912 nonzeros
Variable types: 48 continuous, 42312 integer (42308 binary)

Root simplex log...

Iteration    Objective       Primal Inf.    Dual Inf.      Time
   14208    1.5294483e+03   1.489011e+02   0.000000e+00      5s
   15060    1.5314650e+03   0.000000e+00   0.000000e+00      5s

Root relaxation: objective 1.531465e+03, 15060 iterations, 4.69 seconds

    Nodes    |    Current Node    |     Objective Bounds      |     Work
 Expl Unexpl |  Obj  Depth IntInf | Incumbent    BestBd   Gap | It/Node Time

     0     0 1531.46500    0   73 26645.7033 1531.46500  94.3%     -    6s
     0     0 1544.59000    0   34 26645.7033 1544.59000  94.2%     -    8s
     0     0 2056.04369    0  142 26645.7033 2056.04369  92.3%     -   11s
H    0     0                    4974.4600000 2056.04369  58.7%     -   11s
H    0     0                    2711.3983333 2056.04369  24.2%     -   11s
H    0     0                    2633.9650000 2056.04369  21.9%     -   11s
     0     0 2075.71444    0  105 2633.96500 2075.71444  21.2%     -   13s
H    0     0                    2618.9650000 2075.71444  20.7%     -   13s
H    0     0                    2614.3816667 2075.71444  20.6%     -   13s
     0     0 2150.48163    0  143 2614.38167 2150.48163  17.7%     -   14s
     0     0 infeasible    0      2614.38167 2614.38167  0.00%     -   32s

Explored 1 nodes (28963 simplex iterations) in 32.62 seconds
Thread count was 20 (of 40 available processors)

Solution count 6: 2614.38 2618.97 2633.97 ... 26645.7

Optimal solution found (tolerance 1.00e-04)
Best objective 2.614381666667e+03, best bound 2.614381666667e+03, gap 0.0000%
