
Gurobi 9.0.2 (linux64, Python) logging started Fri Dec  4 08:55:38 2020

Using license file /share/apps/gurobi/9.0.2/gurobi_client.lic
Set parameter TokenServer to value 10.1.1.1
Set parameter LogFile to value /storage/users/anderhva/041220-084838/logs/O8-C3-V3-WS0.log
Set parameter LogToConsole to value 0
Changed value of parameter TimeLimit to 3600.0
   Prev: inf  Min: 0.0  Max: inf  Default: inf
Gurobi Optimizer version 9.0.2 build v9.0.2rc0 (linux64)
Optimize a model with 7336 rows, 94580 columns and 537712 nonzeros
Model fingerprint: 0x112855c7
Variable types: 80 continuous, 94500 integer (94500 binary)
Coefficient statistics:
  Matrix range     [1e+00, 1e+02]
  Objective range  [1e+00, 8e+03]
  Bounds range     [1e+00, 1e+00]
  RHS range        [1e+00, 1e+02]
Presolve removed 516 rows and 2848 columns
Presolve time: 1.48s
Presolved: 6820 rows, 91732 columns, 430788 nonzeros
Variable types: 64 continuous, 91668 integer (91664 binary)

Root simplex log...

Iteration    Objective       Primal Inf.    Dual Inf.      Time
    5828    1.6423251e+03   3.837378e+01   0.000000e+00      5s
   12998    1.9071845e+03   9.885586e+02   0.000000e+00     10s
   13858    1.9159544e+03   0.000000e+00   0.000000e+00     11s

Root relaxation: objective 1.915954e+03, 13858 iterations, 8.04 seconds

    Nodes    |    Current Node    |     Objective Bounds      |     Work
 Expl Unexpl |  Obj  Depth IntInf | Incumbent    BestBd   Gap | It/Node Time

     0     0 1915.95439    0  107          - 1915.95439      -     -   12s
H    0     0                    5773.8666667 1915.95439  66.8%     -   20s
     0     0 1976.56353    0  108 5773.86667 1976.56353  65.8%     -   21s
     0     0 1976.56353    0  108 5773.86667 1976.56353  65.8%     -   23s
     0     0 2421.25929    0   75 5773.86667 2421.25929  58.1%     -   26s
     0     0 2421.25929    0   72 5773.86667 2421.25929  58.1%     -   37s
     0     0 2421.25929    0  120 5773.86667 2421.25929  58.1%     -   44s
     0     0 2436.52187    0   73 5773.86667 2436.52187  57.8%     -   48s
     0     0 2443.57156    0   96 5773.86667 2443.57156  57.7%     -   49s
     0     0 2448.21515    0   79 5773.86667 2448.21515  57.6%     -   50s
     0     0 2465.82616    0   79 5773.86667 2465.82616  57.3%     -   51s
H    0     0                    3247.3416667 2465.82616  24.1%     -   51s
     0     0 2467.18611    0   66 3247.34167 2467.18611  24.0%     -   51s
     0     0 2481.84243    0  130 3247.34167 2481.84243  23.6%     -   53s
H    0     0                    3206.4916667 2481.84243  22.6%     -   54s
     0     0 2482.18204    0  147 3206.49167 2482.18204  22.6%     -   55s
     0     0 2482.19353    0  146 3206.49167 2482.19353  22.6%     -   55s
H    0     0                    3144.5843750 2482.19353  21.1%     -   56s
     0     0 2485.57743    0   75 3144.58438 2485.57743  21.0%     -   57s
H    0     0                    3089.0729167 2485.57743  19.5%     -   58s
     0     0 2497.26875    0   68 3089.07292 2497.26875  19.2%     -   59s
     0     0 2497.26875    0   85 3089.07292 2497.26875  19.2%     -   66s
     0     0 2497.26875    0  105 3089.07292 2497.26875  19.2%     -   71s
     0     0 2497.26875    0  105 3089.07292 2497.26875  19.2%     -   73s
     0     0 2497.26875    0  123 3089.07292 2497.26875  19.2%     -   75s
     0     0 2497.26875    0  107 3089.07292 2497.26875  19.2%     -   75s
     0     0 2497.26875    0  129 3089.07292 2497.26875  19.2%     -   75s
     0     0 2498.05309    0   98 3089.07292 2498.05309  19.1%     -   75s
     0     0 2526.17246    0  137 3089.07292 2526.17246  18.2%     -   77s
     0     0 2530.48341    0   77 3089.07292 2530.48341  18.1%     -   79s
     0     0 2538.65937    0  107 3089.07292 2538.65937  17.8%     -   81s
     0     0 2540.10505    0   99 3089.07292 2540.10505  17.8%     -   82s
H    0     0                    3065.4500000 2540.10505  17.1%     -   82s
     0     0 2540.81098    0   75 3065.45000 2540.81098  17.1%     -   82s
     0     0 2541.17654    0   75 3065.45000 2541.17654  17.1%     -   82s
     0     0 2541.64089    0  129 3065.45000 2541.64089  17.1%     -   83s
     0     0 2541.66428    0  145 3065.45000 2541.66428  17.1%     -   83s
     0     0 2543.17656    0   72 3065.45000 2543.17656  17.0%     -   83s
     0     0 2543.38958    0  207 3065.45000 2543.38958  17.0%     -   84s
     0     0 2544.12113    0  206 3065.45000 2544.12113  17.0%     -   84s
     0     0 2544.31785    0  223 3065.45000 2544.31785  17.0%     -   84s
     0     0 2545.68304    0  102 3065.45000 2545.68304  17.0%     -   85s
     0     0 2546.08022    0  179 3065.45000 2546.08022  16.9%     -   86s
     0     0 2546.08600    0  182 3065.45000 2546.08600  16.9%     -   86s
     0     0 2547.01866    0  127 3065.45000 2547.01866  16.9%     -   86s
     0     0 2548.20230    0  170 3065.45000 2548.20230  16.9%     -   87s
     0     0 2548.20230    0  170 3065.45000 2548.20230  16.9%     -   88s
     0     0 2548.20230    0   87 3065.45000 2548.20230  16.9%     -   97s
     0     0 2548.20230    0   84 3065.45000 2548.20230  16.9%     -  100s
     0     0 2548.20230    0   64 3065.45000 2548.20230  16.9%     -  104s
     0     0 2548.20230    0  131 3065.45000 2548.20230  16.9%     -  106s
     0     0 2548.20230    0   91 3065.45000 2548.20230  16.9%     -  106s
     0     0 2548.20230    0  120 3065.45000 2548.20230  16.9%     -  106s
     0     0 2548.20230    0  157 3065.45000 2548.20230  16.9%     -  107s
     0     0 2548.20230    0  145 3065.45000 2548.20230  16.9%     -  107s
     0     0 2548.29170    0  145 3065.45000 2548.29170  16.9%     -  107s
     0     0 2549.65942    0  211 3065.45000 2549.65942  16.8%     -  107s
     0     0 2549.73675    0  227 3065.45000 2549.73675  16.8%     -  109s
     0     0 2551.34701    0  146 3065.45000 2551.34701  16.8%     -  110s
     0     0 2551.47335    0  113 3065.45000 2551.47335  16.8%     -  111s
     0     0 2553.26730    0  112 3065.45000 2553.26730  16.7%     -  112s
     0     0 2553.95969    0  126 3065.45000 2553.95969  16.7%     -  113s
     0     0 2553.99657    0  144 3065.45000 2553.99657  16.7%     -  113s
     0     0 2554.85505    0  105 3065.45000 2554.85505  16.7%     -  114s
     0     0 2555.14861    0  156 3065.45000 2555.14861  16.6%     -  114s
     0     0 2555.16069    0  156 3065.45000 2555.16069  16.6%     -  114s
     0     0 2556.00905    0  109 3065.45000 2556.00905  16.6%     -  115s
     0     0 2556.00905    0  109 3065.45000 2556.00905  16.6%     -  116s
     0     2 2556.00905    0  109 3065.45000 2556.00905  16.6%     -  118s
     1     5 2557.59309    1  106 3065.45000 2557.59309  16.6%   366  121s
     7     6 2567.62894    3   61 3065.45000 2560.90591  16.5%   576  126s
    12     7 2573.03689    4  128 3065.45000 2567.65688  16.2%   548  134s
    18     9 2586.18637    5   99 3065.45000 2578.22039  15.9%   469  139s
    25    12 2591.16581    6   88 3065.45000 2591.16581  15.5%   449  140s
    46    10 2608.63805    8   85 3065.45000 2608.63805  14.9%   345  145s
    88     9 2711.45687   12   40 3065.45000 2711.45687  11.5%   274  151s
   132     9 2763.12246   16   53 3065.45000 2748.17679  10.3%   221  155s
   186     6 2809.32847   21   36 3065.45000 2809.32847  8.36%   176  160s
   282     2 2967.31302   45   31 3065.45000 2967.31302  3.20%   135  165s

Cutting planes:
  Cover: 18
  Implied bound: 70
  Clique: 7
  MIR: 7
  Flow cover: 16
  Zero half: 18
  RLT: 6
  Relax-and-lift: 103

Explored 295 nodes (130166 simplex iterations) in 166.38 seconds
Thread count was 20 (of 40 available processors)

Solution count 6: 3065.45 3089.07 3144.58 ... 5773.87

Optimal solution found (tolerance 1.00e-04)
Best objective 3.065450000000e+03, best bound 3.065450000000e+03, gap 0.0000%
