
Gurobi 9.0.2 (linux64, Python) logging started Fri Dec  4 19:57:16 2020

Using license file /share/apps/gurobi/9.0.2/gurobi_client.lic
Set parameter TokenServer to value 10.1.1.1
Set parameter LogFile to value /storage/users/anderhva/041220-194853/logs/O8-C2-V4-WS0.log
Set parameter LogToConsole to value 0
Changed value of parameter TimeLimit to 3600.0
   Prev: inf  Min: 0.0  Max: inf  Default: inf
Gurobi Optimizer version 9.0.2 build v9.0.2rc0 (linux64)
Optimize a model with 7791 rows, 79040 columns and 442885 nonzeros
Model fingerprint: 0xd41adce4
Variable types: 100 continuous, 78940 integer (78940 binary)
Coefficient statistics:
  Matrix range     [1e+00, 1e+02]
  Objective range  [1e+00, 1e+04]
  Bounds range     [1e+00, 1e+00]
  RHS range        [1e+00, 1e+02]
Presolve removed 678 rows and 3525 columns
Presolve time: 1.37s
Presolved: 7113 rows, 75515 columns, 349620 nonzeros
Variable types: 80 continuous, 75435 integer (75430 binary)

Root simplex log...

Iteration    Objective       Primal Inf.    Dual Inf.      Time
    7131    1.3037229e+03   5.858062e+02   0.000000e+00      5s
   13661    1.4948594e+03   6.624969e+02   0.000000e+00     10s
   20921    1.7270155e+03   7.068359e+02   0.000000e+00     15s
   21865    1.7563149e+03   0.000000e+00   0.000000e+00     16s

Root relaxation: objective 1.756315e+03, 21865 iterations, 13.19 seconds

    Nodes    |    Current Node    |     Objective Bounds      |     Work
 Expl Unexpl |  Obj  Depth IntInf | Incumbent    BestBd   Gap | It/Node Time

     0     0 1756.31486    0   79          - 1756.31486      -     -   16s
     0     0 1756.31486    0   79          - 1756.31486      -     -   20s
H    0     0                    13485.645833 1756.31486  87.0%     -   21s
H    0     0                    3625.5066667 1756.31486  51.6%     -   26s
     0     0 2389.15527    0  132 3625.50667 2389.15527  34.1%     -   27s
     0     0 2396.96871    0  105 3625.50667 2396.96871  33.9%     -   29s
     0     0 2403.51899    0  105 3625.50667 2403.51899  33.7%     -   29s
     0     0 2404.71210    0   90 3625.50667 2404.71210  33.7%     -   30s
     0     0 2411.97913    0  127 3625.50667 2411.97913  33.5%     -   31s
     0     0 2420.09096    0  105 3625.50667 2420.09096  33.2%     -   32s
     0     0 2425.69626    0  119 3625.50667 2425.69626  33.1%     -   32s
     0     0 2425.69626    0   75 3625.50667 2425.69626  33.1%     -   44s
     0     0 2425.69626    0   79 3625.50667 2425.69626  33.1%     -   47s
     0     0 2425.69626    0   92 3625.50667 2425.69626  33.1%     -   51s
     0     0 2425.69626    0   92 3625.50667 2425.69626  33.1%     -   51s
     0     0 2425.69626    0   83 3625.50667 2425.69626  33.1%     -   52s
     0     0 2425.69626    0  106 3625.50667 2425.69626  33.1%     -   52s
     0     0 2425.69626    0  129 3625.50667 2425.69626  33.1%     -   53s
     0     0 2429.71709    0  104 3625.50667 2429.71709  33.0%     -   53s
     0     0 2464.20301    0   85 3625.50667 2464.20301  32.0%     -   54s
     0     0 2465.96421    0   87 3625.50667 2465.96421  32.0%     -   55s
H    0     0                    3057.3066667 2465.96421  19.3%     -   57s
     0     0 2469.08519    0   85 3057.30667 2469.08519  19.2%     -   57s
     0     0 2471.10679    0   83 3057.30667 2471.10679  19.2%     -   58s
     0     0 2471.10679    0   79 3057.30667 2471.10679  19.2%     -   72s
     0     0 2471.10679    0  117 3057.30667 2471.10679  19.2%     -   79s
H    0     0                    2943.5566667 2471.10679  16.1%     -   79s
     0     0 2498.62333    0   66 2943.55667 2498.62333  15.1%     -   83s
     0     0 2505.85475    0   92 2943.55667 2505.85475  14.9%     -   85s
     0     0 2514.26501    0   92 2943.55667 2514.26501  14.6%     -   87s
     0     0 2547.09419    0  106 2943.55667 2547.09419  13.5%     -   88s
     0     0 2547.09419    0  129 2943.55667 2547.09419  13.5%     -   97s
     0     0 2668.55667    0    9 2943.55667 2668.55667  9.34%     -  102s
     0     0 2703.55667    0   34 2943.55667 2703.55667  8.15%     -  102s
     0     0 2705.05904    0   53 2943.55667 2705.05904  8.10%     -  103s
     0     0 2705.05904    0    9 2943.55667 2705.05904  8.10%     -  103s
     0     0 2783.80536    0   24 2943.55667 2783.80536  5.43%     -  103s

Cutting planes:
  Implied bound: 3
  MIR: 4
  Flow cover: 4

Explored 1 nodes (101938 simplex iterations) in 104.01 seconds
Thread count was 20 (of 40 available processors)

Solution count 4: 2943.56 3057.31 3625.51 13485.6 

Optimal solution found (tolerance 1.00e-04)
Best objective 2.943556666667e+03, best bound 2.943556666667e+03, gap 0.0000%
