
Gurobi 9.0.2 (linux64, Python) logging started Fri Dec  4 20:08:31 2020

Using license file /share/apps/gurobi/9.0.2/gurobi_client.lic
Set parameter TokenServer to value 10.1.1.1
Set parameter LogFile to value /storage/users/anderhva/041220-194853/logs/O8-C4-V4-WS0.log
Set parameter LogToConsole to value 0
Changed value of parameter TimeLimit to 3600.0
   Prev: inf  Min: 0.0  Max: inf  Default: inf
Gurobi Optimizer version 9.0.2 build v9.0.2rc0 (linux64)
Optimize a model with 9091 rows, 101725 columns and 575435 nonzeros
Model fingerprint: 0xad0d5bd0
Variable types: 100 continuous, 101625 integer (101625 binary)
Coefficient statistics:
  Matrix range     [1e+00, 1e+02]
  Objective range  [1e+00, 8e+03]
  Bounds range     [1e+00, 1e+00]
  RHS range        [1e+00, 1e+02]
Presolve removed 553 rows and 2065 columns
Presolve time: 3.27s
Presolved: 8538 rows, 99660 columns, 464235 nonzeros
Variable types: 80 continuous, 99580 integer (99575 binary)

Root simplex log...

Iteration    Objective       Primal Inf.    Dual Inf.      Time
       0    2.4375000e+01   9.039062e+01   0.000000e+00      5s
    5426    9.1143758e+02   4.414482e+00   0.000000e+00     10s
    8116    9.1143762e+02   5.340827e+02   0.000000e+00     15s
   11816    9.7611461e+02   3.320109e+03   0.000000e+00     20s
   15862    1.1612161e+03   1.309434e+04   0.000000e+00     25s
   18232    1.2655097e+03   3.679315e+02   0.000000e+00     30s
   19358    1.2886415e+03   0.000000e+00   0.000000e+00     34s

Root relaxation: objective 1.288641e+03, 19358 iterations, 28.83 seconds

    Nodes    |    Current Node    |     Objective Bounds      |     Work
 Expl Unexpl |  Obj  Depth IntInf | Incumbent    BestBd   Gap | It/Node Time

     0     0 1288.64149    0  168          - 1288.64149      -     -   38s
     0     0 1288.64149    0  193          - 1288.64149      -     -   47s
H    0     0                    3882.2437500 1288.64149  66.8%     -   54s
     0     0 2217.65013    0  172 3882.24375 2217.65013  42.9%     -   59s
H    0     0                    2998.7020833 2217.65013  26.0%     -   60s
     0     0 2217.65013    0  172 2998.70208 2217.65013  26.0%     -   61s
     0     0 2230.82880    0  171 2998.70208 2230.82880  25.6%     -   62s
     0     0 2230.82880    0  165 2998.70208 2230.82880  25.6%     -   98s
     0     0 2230.82880    0  206 2998.70208 2230.82880  25.6%     -  128s
H    0     0                    2907.8687500 2230.82880  23.3%     -  132s
H    0     0                    2902.0354167 2230.82880  23.1%     -  132s
     0     0 2230.82880    0  175 2902.03542 2230.82880  23.1%     -  143s
     0     0 2234.31917    0  165 2902.03542 2234.31917  23.0%     -  149s
     0     0 2241.67260    0  155 2902.03542 2241.67260  22.8%     -  151s
     0     0 2244.91154    0  166 2902.03542 2244.91154  22.6%     -  159s
     0     0 2246.73165    0  192 2902.03542 2246.73165  22.6%     -  162s
     0     0 2271.05319    0  103 2902.03542 2271.05319  21.7%     -  163s
     0     0 2271.05319    0  150 2902.03542 2271.05319  21.7%     -  187s
     0     0 2271.05319    0  178 2902.03542 2271.05319  21.7%     -  197s
     0     0 2271.05319    0  150 2902.03542 2271.05319  21.7%     -  204s
     0     0 2280.75283    0  158 2902.03542 2280.75283  21.4%     -  206s
     0     0 2286.87528    0  158 2902.03542 2286.87528  21.2%     -  206s
     0     0 2290.13887    0  179 2902.03542 2290.13887  21.1%     -  207s
     0     0 2308.00861    0  114 2902.03542 2308.00861  20.5%     -  208s
     0     0 2308.00861    0  141 2902.03542 2308.00861  20.5%     -  224s
     0     0 2308.00861    0  139 2902.03542 2308.00861  20.5%     -  229s
     0     0 2316.25696    0   69 2902.03542 2316.25696  20.2%     -  234s
     0     0 2330.76048    0   73 2902.03542 2330.76048  19.7%     -  239s
     0     0 2340.48830    0   73 2902.03542 2340.48830  19.4%     -  241s
     0     0 2347.94586    0   71 2902.03542 2347.94586  19.1%     -  243s
     0     0 2348.08466    0  149 2902.03542 2348.08466  19.1%     -  245s
     0     0 2357.42937    0  159 2902.03542 2357.42937  18.8%     -  251s
     0     0 2358.96310    0  130 2902.03542 2358.96310  18.7%     -  254s
     0     0 2359.88121    0  174 2902.03542 2359.88121  18.7%     -  256s
     0     0 2389.27830    0  157 2902.03542 2389.27830  17.7%     -  264s
     0     0 2390.92192    0  293 2902.03542 2390.92192  17.6%     -  269s
     0     0 2393.34087    0  181 2902.03542 2393.34087  17.5%     -  270s
     0     0 2395.86959    0  183 2902.03542 2395.86959  17.4%     -  272s
     0     0 2396.08926    0  194 2902.03542 2396.08926  17.4%     -  272s
     0     0 2417.72941    0  250 2902.03542 2417.72941  16.7%     -  287s
     0     0 2479.54025    0  262 2902.03542 2479.54025  14.6%     -  302s
     0     0 2496.80726    0  123 2902.03542 2496.80726  14.0%     -  306s
     0     0 2497.28480    0  130 2902.03542 2497.28480  13.9%     -  308s
     0     0 2502.19621    0  161 2902.03542 2502.19621  13.8%     -  311s
     0     0 2504.31444    0  180 2902.03542 2504.31444  13.7%     -  313s
     0     0 2518.42292    0  264 2902.03542 2518.42292  13.2%     -  318s
     0     0 2526.60041    0  196 2902.03542 2526.60041  12.9%     -  320s
     0     0 2526.60041    0  110 2902.03542 2526.60041  12.9%     -  338s
     0     0 2526.60041    0   35 2902.03542 2526.60041  12.9%     -  344s
     0     0 2526.60041    0   31 2902.03542 2526.60041  12.9%     -  348s
     0     0 2594.28790    0  195 2902.03542 2594.28790  10.6%     -  351s
     0     0 2619.15208    0   50 2902.03542 2619.15208  9.75%     -  352s
     0     0 2636.46433    0   47 2902.03542 2636.46433  9.15%     -  352s
     0     0 2647.03542    0   31 2902.03542 2647.03542  8.79%     -  352s
     0     0 2647.03542    0   31 2902.03542 2647.03542  8.79%     -  353s
     0     0 2647.03542    0   41 2902.03542 2647.03542  8.79%     -  356s
     0     0 2647.03542    0   51 2902.03542 2647.03542  8.79%     -  357s
     0     0 2647.03542    0   13 2902.03542 2647.03542  8.79%     -  357s
     0     0 2647.03542    0   26 2902.03542 2647.03542  8.79%     -  357s
     0     0 2662.34792    0   26 2902.03542 2662.34792  8.26%     -  357s
     0     0 2668.91719    0   25 2902.03542 2668.91719  8.03%     -  357s
     0     0 2670.65236    0   30 2902.03542 2670.65236  7.97%     -  357s
     0     0 2671.67513    0   45 2902.03542 2671.67513  7.94%     -  357s
     0     0 2689.49742    0   21 2902.03542 2689.49742  7.32%     -  357s
     0     0 2689.49742    0   41 2902.03542 2689.49742  7.32%     -  358s
     0     0 2689.49742    0   24 2902.03542 2689.49742  7.32%     -  358s
     0     0 2689.49742    0   12 2902.03542 2689.49742  7.32%     -  358s
     0     0 2689.49742    0   23 2902.03542 2689.49742  7.32%     -  358s
     0     0 2689.49742    0   40 2902.03542 2689.49742  7.32%     -  358s
     0     0 2689.69139    0   17 2902.03542 2689.69139  7.32%     -  358s
     0     0 2691.06079    0   38 2902.03542 2691.06079  7.27%     -  358s
     0     0 2691.62156    0   18 2902.03542 2691.62156  7.25%     -  358s
     0     0 2708.03285    0   63 2902.03542 2708.03285  6.69%     -  358s
     0     0 2708.44006    0   17 2902.03542 2708.44006  6.67%     -  358s
     0     0 2709.23016    0   47 2902.03542 2709.23016  6.64%     -  358s
     0     0 2710.65667    0   47 2902.03542 2710.65667  6.59%     -  358s
     0     0 2727.13013    0   53 2902.03542 2727.13013  6.03%     -  358s
     0     0 2730.26071    0   33 2902.03542 2730.26071  5.92%     -  358s
     0     0 2735.06145    0   30 2902.03542 2735.06145  5.75%     -  358s
     0     0 2735.18392    0   34 2902.03542 2735.18392  5.75%     -  358s
     0     0 2741.07873    0   29 2902.03542 2741.07873  5.55%     -  358s
     0     0     cutoff    0      2902.03542 2902.03542  0.00%     -  359s

Explored 1 nodes (150011 simplex iterations) in 359.44 seconds
Thread count was 20 (of 40 available processors)

Solution count 5: 2902.04 2902.04 2907.87 ... 3882.24

Optimal solution found (tolerance 1.00e-04)
Best objective 2.902035416667e+03, best bound 2.902035416667e+03, gap 0.0000%
