
Gurobi 9.0.2 (linux64, Python) logging started Fri Dec  4 08:59:27 2020

Using license file /share/apps/gurobi/9.0.2/gurobi_client.lic
Set parameter TokenServer to value 10.1.1.1
Set parameter LogFile to value /storage/users/anderhva/041220-084838/logs/O8-C4-V3-WS0.log
Set parameter LogToConsole to value 0
Changed value of parameter TimeLimit to 3600.0
   Prev: inf  Min: 0.0  Max: inf  Default: inf
Gurobi Optimizer version 9.0.2 build v9.0.2rc0 (linux64)
Optimize a model with 7268 rows, 80920 columns and 457464 nonzeros
Model fingerprint: 0x8f9c7978
Variable types: 80 continuous, 80840 integer (80840 binary)
Coefficient statistics:
  Matrix range     [1e+00, 1e+02]
  Objective range  [1e+00, 8e+03]
  Bounds range     [1e+00, 1e+00]
  RHS range        [1e+00, 1e+02]
Found heuristic solution: objective 27497.359792
Presolve removed 476 rows and 1968 columns
Presolve time: 1.35s
Presolved: 6792 rows, 78952 columns, 368084 nonzeros
Variable types: 64 continuous, 78888 integer (78884 binary)

Root simplex log...

Iteration    Objective       Primal Inf.    Dual Inf.      Time
   10453    1.1298667e+03   4.128352e+04   0.000000e+00      5s
   14586    1.3363102e+03   0.000000e+00   0.000000e+00      7s

Root relaxation: objective 1.336310e+03, 14586 iterations, 5.69 seconds

    Nodes    |    Current Node    |     Objective Bounds      |     Work
 Expl Unexpl |  Obj  Depth IntInf | Incumbent    BestBd   Gap | It/Node Time

     0     0 1336.31021    0  217 27497.3598 1336.31021  95.1%     -    8s
     0     0 1456.50425    0  215 27497.3598 1456.50425  94.7%     -   17s
H    0     0                    3044.5079167 1456.50425  52.2%     -   20s
     0     0 1457.89019    0  206 3044.50792 1457.89019  52.1%     -   20s
     0     0 1458.26838    0  215 3044.50792 1458.26838  52.1%     -   20s
     0     0 1460.33938    0  213 3044.50792 1460.33938  52.0%     -   21s
     0     0 2278.05807    0  156 3044.50792 2278.05807  25.2%     -   23s
     0     0 2278.05807    0  174 3044.50792 2278.05807  25.2%     -   32s
H    0     0                    3015.3412500 2278.05807  24.5%     -   33s
     0     0 2278.05807    0  135 3015.34125 2278.05807  24.5%     -   35s
     0     0 2278.05807    0  110 3015.34125 2278.05807  24.5%     -   36s
     0     0 2278.05807    0  143 3015.34125 2278.05807  24.5%     -   37s
     0     0 2278.05807    0  143 3015.34125 2278.05807  24.5%     -   37s
     0     0 2278.05807    0  168 3015.34125 2278.05807  24.5%     -   37s
     0     0 2285.82734    0  168 3015.34125 2285.82734  24.2%     -   37s
     0     0 2292.16060    0  135 3015.34125 2292.16060  24.0%     -   38s
     0     0 2294.46264    0  168 3015.34125 2294.46264  23.9%     -   38s
     0     0 2296.28929    0  168 3015.34125 2296.28929  23.8%     -   38s
     0     0 2303.91370    0  141 3015.34125 2303.91370  23.6%     -   38s
     0     0 2347.72864    0  151 3015.34125 2347.72864  22.1%     -   39s
     0     0 2350.04770    0  176 3015.34125 2350.04770  22.1%     -   41s
     0     0 2350.04770    0  176 3015.34125 2350.04770  22.1%     -   41s
     0     0 2354.22135    0  209 3015.34125 2354.22135  21.9%     -   42s
H    0     0                    2941.7454167 2354.22135  20.0%     -   42s
     0     0 2354.68394    0  183 2941.74542 2354.68394  20.0%     -   43s
     0     0 2361.10587    0  258 2941.74542 2361.10587  19.7%     -   44s
     0     0 2383.80920    0  257 2941.74542 2383.80920  19.0%     -   44s
     0     0 2383.80920    0  282 2941.74542 2383.80920  19.0%     -   44s
     0     0 2383.80920    0  214 2941.74542 2383.80920  19.0%     -   45s
     0     0 2383.80920    0  174 2941.74542 2383.80920  19.0%     -   52s
     0     0 2383.80920    0  117 2941.74542 2383.80920  19.0%     -   57s
     0     0 2383.80920    0  133 2941.74542 2383.80920  19.0%     -   60s
     0     0 2383.80920    0  159 2941.74542 2383.80920  19.0%     -   61s
     0     0 2383.80920    0   95 2941.74542 2383.80920  19.0%     -   61s
     0     0 2383.80920    0   95 2941.74542 2383.80920  19.0%     -   61s
     0     0 2383.80920    0   95 2941.74542 2383.80920  19.0%     -   61s
     0     0 2383.80920    0   95 2941.74542 2383.80920  19.0%     -   61s
     0     0 2385.14537    0   70 2941.74542 2385.14537  18.9%     -   62s
     0     0 2385.14537    0  167 2941.74542 2385.14537  18.9%     -   66s
     0     0 2385.14537    0  104 2941.74542 2385.14537  18.9%     -   68s
     0     0 2385.14537    0  134 2941.74542 2385.14537  18.9%     -   71s
     0     0 2385.14537    0  154 2941.74542 2385.14537  18.9%     -   72s
     0     0 2385.14537    0  160 2941.74542 2385.14537  18.9%     -   72s
     0     0 2402.63005    0  161 2941.74542 2402.63005  18.3%     -   74s
     0     0 2405.02415    0  176 2941.74542 2405.02415  18.2%     -   75s
     0     0 2405.02415    0  176 2941.74542 2405.02415  18.2%     -   75s
     0     0 2451.99361    0  223 2941.74542 2451.99361  16.6%     -   78s
     0     0 2457.69897    0  162 2941.74542 2457.69897  16.5%     -   79s
     0     0 2496.67713    0  187 2941.74542 2496.67713  15.1%     -   81s
     0     0 2511.45326    0  160 2941.74542 2511.45326  14.6%     -   83s
     0     0 2531.31716    0  155 2941.74542 2531.31716  14.0%     -   83s
     0     0 2531.31716    0  150 2941.74542 2531.31716  14.0%     -   89s
     0     0 2531.31716    0   87 2941.74542 2531.31716  14.0%     -   92s
     0     0 2617.53852    0   96 2941.74542 2617.53852  11.0%     -   94s
     0     0 2632.55716    0   92 2941.74542 2632.55716  10.5%     -   94s
     0     0 2643.16390    0  104 2941.74542 2643.16390  10.1%     -   95s
     0     0 2647.31536    0   60 2941.74542 2647.31536  10.0%     -   95s
     0     0 2647.36966    0   69 2941.74542 2647.36966  10.0%     -   95s
     0     0 2661.45946    0  120 2941.74542 2661.45946  9.53%     -   95s
     0     0 2661.45946    0   27 2941.74542 2661.45946  9.53%     -   97s
     0     0 2661.45946    0   39 2941.74542 2661.45946  9.53%     -   97s
     0     0 2675.03654    0   25 2941.74542 2675.03654  9.07%     -   97s
     0     0 2691.74542    0   26 2941.74542 2691.74542  8.50%     -   97s
     0     0 2700.44806    0   23 2941.74542 2700.44806  8.20%     -   97s
     0     0 2700.44806    0   31 2941.74542 2700.44806  8.20%     -   97s
     0     0 2700.44806    0   22 2941.74542 2700.44806  8.20%     -   98s
     0     0 2700.44806    0    9 2941.74542 2700.44806  8.20%     -   98s
     0     0 2700.50314    0   22 2941.74542 2700.50314  8.20%     -   98s
     0     0 2708.79855    0   10 2941.74542 2708.79855  7.92%     -   98s
     0     0 2709.11442    0   22 2941.74542 2709.11442  7.91%     -   98s
     0     0 2716.31988    0   41 2941.74542 2716.31988  7.66%     -   98s
     0     0 2756.36458    0   29 2941.74542 2756.36458  6.30%     -   98s
     0     0 2756.83770    0   48 2941.74542 2756.83770  6.29%     -   98s
     0     0 2757.48697    0   44 2941.74542 2757.48697  6.26%     -   98s
     0     0 2769.00915    0   27 2941.74542 2769.00915  5.87%     -   98s

Cutting planes:
  Gomory: 1
  Cover: 5
  Implied bound: 24
  Clique: 2
  MIR: 3
  Flow cover: 13
  Zero half: 1
  RLT: 6
  Relax-and-lift: 19

Explored 1 nodes (104350 simplex iterations) in 98.44 seconds
Thread count was 20 (of 40 available processors)

Solution count 4: 2941.75 3015.34 3044.51 27497.4 

Optimal solution found (tolerance 1.00e-04)
Best objective 2.941745416667e+03, best bound 2.941745416667e+03, gap 0.0000%
