
Gurobi 9.0.2 (linux64, Python) logging started Fri Dec  4 08:54:40 2020

Using license file /share/apps/gurobi/9.0.2/gurobi_client.lic
Set parameter TokenServer to value 10.1.1.1
Set parameter LogFile to value /storage/users/anderhva/041220-084838/logs/O8-C3-V2-WS0.log
Set parameter LogToConsole to value 0
Changed value of parameter TimeLimit to 3600.0
   Prev: inf  Min: 0.0  Max: inf  Default: inf
Gurobi Optimizer version 9.0.2 build v9.0.2rc0 (linux64)
Optimize a model with 5515 rows, 71088 columns and 404340 nonzeros
Model fingerprint: 0x778c3a5c
Variable types: 60 continuous, 71028 integer (71028 binary)
Coefficient statistics:
  Matrix range     [1e+00, 1e+02]
  Objective range  [1e+00, 8e+03]
  Bounds range     [1e+00, 1e+00]
  RHS range        [1e+00, 1e+02]
Presolve removed 395 rows and 2163 columns
Presolve time: 1.17s
Presolved: 5120 rows, 68925 columns, 324096 nonzeros
Variable types: 48 continuous, 68877 integer (68874 binary)

Root simplex log...

Iteration    Objective       Primal Inf.    Dual Inf.      Time
    7672    1.8463833e+03   5.636251e+02   0.000000e+00      5s
    8221    1.8587569e+03   0.000000e+00   0.000000e+00      5s

Root relaxation: objective 1.858757e+03, 8221 iterations, 3.44 seconds

    Nodes    |    Current Node    |     Objective Bounds      |     Work
 Expl Unexpl |  Obj  Depth IntInf | Incumbent    BestBd   Gap | It/Node Time

     0     0 1858.75688    0   92          - 1858.75688      -     -    6s
     0     0 2356.58068    0   63          - 2356.58068      -     -    9s
     0     0 2378.11648    0   99          - 2378.11648      -     -   10s
     0     0 2378.40815    0  131          - 2378.40815      -     -   11s
H    0     0                    3020.6443750 2378.40815  21.3%     -   12s
H    0     0                    2965.1329167 2378.40815  19.8%     -   12s
     0     0 2398.10722    0   64 2965.13292 2398.10722  19.1%     -   12s
     0     0 2409.35722    0   23 2965.13292 2409.35722  18.7%     -   13s
     0     0 2409.35722    0   23 2965.13292 2409.35722  18.7%     -   13s
     0     0 2409.35722    0   89 2965.13292 2409.35722  18.7%     -   17s
     0     0 2409.35722    0  115 2965.13292 2409.35722  18.7%     -   19s
     0     0 2409.35722    0   23 2965.13292 2409.35722  18.7%     -   20s
     0     0 2409.35722    0   23 2965.13292 2409.35722  18.7%     -   20s
     0     0 2454.10493    0  109 2965.13292 2454.10493  17.2%     -   22s
     0     0 2468.87648    0  135 2965.13292 2468.87648  16.7%     -   23s
     0     0 2468.87648    0   73 2965.13292 2468.87648  16.7%     -   26s
     0     0 2468.87648    0   65 2965.13292 2468.87648  16.7%     -   27s
     0     0 2468.87648    0   92 2965.13292 2468.87648  16.7%     -   29s
     0     0 2470.41545    0   92 2965.13292 2470.41545  16.7%     -   29s
     0     0 2470.46864    0  137 2965.13292 2470.46864  16.7%     -   29s
     0     0 2486.70085    0  113 2965.13292 2486.70085  16.1%     -   30s
     0     0 2498.64341    0  115 2965.13292 2498.64341  15.7%     -   31s
     0     0 2499.87712    0   76 2965.13292 2499.87712  15.7%     -   31s
     0     0 2500.57494    0   76 2965.13292 2500.57494  15.7%     -   31s
     0     0 2500.57494    0   76 2965.13292 2500.57494  15.7%     -   31s
     0     0 2521.06587    0  172 2965.13292 2521.06587  15.0%     -   32s
     0     0 2523.77634    0  110 2965.13292 2523.77634  14.9%     -   32s
     0     0 2532.93366    0  242 2965.13292 2532.93366  14.6%     -   33s
     0     0 2533.02152    0  235 2965.13292 2533.02152  14.6%     -   33s
     0     0 2551.27505    0  159 2965.13292 2551.27505  14.0%     -   34s
     0     0 2551.27505    0   86 2965.13292 2551.27505  14.0%     -   36s
     0     0 2551.27505    0   78 2965.13292 2551.27505  14.0%     -   38s
     0     0 2551.27505    0   62 2965.13292 2551.27505  14.0%     -   39s
     0     0 2551.27505    0  163 2965.13292 2551.27505  14.0%     -   40s
H    0     0                    2941.5100000 2551.27505  13.3%     -   40s
     0     0 2551.71422    0  145 2941.51000 2551.71422  13.3%     -   40s
     0     0 2562.95995    0   78 2941.51000 2562.95995  12.9%     -   41s
     0     0 2563.01854    0   74 2941.51000 2563.01854  12.9%     -   41s
     0     0 2599.93295    0  123 2941.51000 2599.93295  11.6%     -   42s
     0     0 2600.74154    0  105 2941.51000 2600.74154  11.6%     -   43s
     0     0 2601.04811    0   84 2941.51000 2601.04811  11.6%     -   43s
     0     0 2660.02838    0  137 2941.51000 2660.02838  9.57%     -   45s
     0     0 2664.08260    0  161 2941.51000 2664.08260  9.43%     -   45s
     0     0 2684.49341    0   41 2941.51000 2684.49341  8.74%     -   46s
     0     0 2684.49341    0   40 2941.51000 2684.49341  8.74%     -   49s
     0     0 2684.49341    0   91 2941.51000 2684.49341  8.74%     -   49s
     0     0 2779.46532    0   37 2941.51000 2779.46532  5.51%     -   50s
     0     0 2794.79201    0   30 2941.51000 2794.79201  4.99%     -   50s
     0     0 2812.53266    0   32 2941.51000 2812.53266  4.38%     -   50s
     0     0 2812.53266    0   13 2941.51000 2812.53266  4.38%     -   50s
     0     0 2892.44077    0    6 2941.51000 2892.44077  1.67%     -   50s
     0     0 2906.55854    0   12 2941.51000 2906.55854  1.19%     -   50s

Cutting planes:
  Gomory: 6
  Implied bound: 3
  MIR: 4
  Flow cover: 6
  RLT: 1
  Relax-and-lift: 5

Explored 1 nodes (69389 simplex iterations) in 50.38 seconds
Thread count was 20 (of 40 available processors)

Solution count 3: 2941.51 2965.13 3020.64 

Optimal solution found (tolerance 1.00e-04)
Best objective 2.941510000000e+03, best bound 2.941510000000e+03, gap 0.0000%
