
Gurobi 9.0.2 (linux64, Python) logging started Fri Dec  4 19:54:41 2020

Using license file /share/apps/gurobi/9.0.2/gurobi_client.lic
Set parameter TokenServer to value 10.1.1.1
Set parameter LogFile to value /storage/users/anderhva/041220-194853/logs/O8-C1-V4-WS0.log
Set parameter LogToConsole to value 0
Changed value of parameter TimeLimit to 3600.0
   Prev: inf  Min: 0.0  Max: inf  Default: inf
Gurobi Optimizer version 9.0.2 build v9.0.2rc0 (linux64)
Optimize a model with 8026 rows, 67225 columns and 372185 nonzeros
Model fingerprint: 0xb6257a91
Variable types: 100 continuous, 67125 integer (67125 binary)
Coefficient statistics:
  Matrix range     [1e+00, 1e+02]
  Objective range  [1e+00, 1e+04]
  Bounds range     [1e+00, 1e+00]
  RHS range        [1e+00, 1e+02]
Presolve removed 573 rows and 2510 columns
Presolve time: 1.06s
Presolved: 7453 rows, 64715 columns, 283980 nonzeros
Variable types: 80 continuous, 64635 integer (64630 binary)

Root simplex log...

Iteration    Objective       Primal Inf.    Dual Inf.      Time
    9717    1.3338562e+03   1.477533e+02   0.000000e+00      5s
   17617    1.4051520e+03   8.500047e+02   0.000000e+00     10s
   26459    1.6230158e+03   2.725994e+02   0.000000e+00     15s
   28228    1.6520035e+03   0.000000e+00   0.000000e+00     16s

Root relaxation: objective 1.652004e+03, 28228 iterations, 14.65 seconds

    Nodes    |    Current Node    |     Objective Bounds      |     Work
 Expl Unexpl |  Obj  Depth IntInf | Incumbent    BestBd   Gap | It/Node Time

     0     0 1652.00354    0   77          - 1652.00354      -     -   17s
H    0     0                    25390.870000 1652.00354  93.5%     -   18s
     0     0 1652.00354    0   90 25390.8700 1652.00354  93.5%     -   19s
     0     0 2086.66771    0   35 25390.8700 2086.66771  91.8%     -   24s
H    0     0                    3597.5750000 2086.66771  42.0%     -   25s
     0     0 2086.66771    0   97 3597.57500 2086.66771  42.0%     -   25s
     0     0 2116.70916    0  115 3597.57500 2116.70916  41.2%     -   27s
     0     0 2116.70916    0   73 3597.57500 2116.70916  41.2%     -   41s
     0     0 2116.70916    0   67 3597.57500 2116.70916  41.2%     -   43s
     0     0 2116.70916    0   90 3597.57500 2116.70916  41.2%     -   47s
H    0     0                    3165.8145833 2116.70916  33.1%     -   50s
     0     0 2124.49531    0  129 3165.81458 2124.49531  32.9%     -   51s
     0     0 2134.32852    0  124 3165.81458 2134.32852  32.6%     -   51s
     0     0 2148.63145    0   60 3165.81458 2148.63145  32.1%     -   53s
H    0     0                    2880.5522917 2148.63145  25.4%     -   53s
     0     0 2148.63145    0   62 2880.55229 2148.63145  25.4%     -   54s
     0     0 2148.63145    0   64 2880.55229 2148.63145  25.4%     -   54s
     0     0 2148.63145    0   54 2880.55229 2148.63145  25.4%     -   56s
     0     0 2148.63145    0   56 2880.55229 2148.63145  25.4%     -   56s
H    0     0                    2578.1404167 2148.63145  16.7%     -   56s
     0     0 2148.65323    0   80 2578.14042 2148.65323  16.7%     -   57s
     0     0 2148.65323    0   81 2578.14042 2148.65323  16.7%     -   67s
     0     0 2148.65323    0   74 2578.14042 2148.65323  16.7%     -   69s
     0     0 2148.65323    0  101 2578.14042 2148.65323  16.7%     -   73s
     0     0 2148.65323    0   60 2578.14042 2148.65323  16.7%     -   75s
     0     0 2148.65323    0   62 2578.14042 2148.65323  16.7%     -   75s
     0     0 2148.65323    0   30 2578.14042 2148.65323  16.7%     -   76s
     0     0 2148.65323    0   30 2578.14042 2148.65323  16.7%     -   77s
     0     0 2148.67880    0   83 2578.14042 2148.67880  16.7%     -   78s
     0     0 2149.59851    0   62 2578.14042 2149.59851  16.6%     -   79s
     0     0 2149.86630    0  142 2578.14042 2149.86630  16.6%     -   80s
     0     0 2150.10705    0  150 2578.14042 2150.10705  16.6%     -   80s
     0     0 2150.11692    0  171 2578.14042 2150.11692  16.6%     -   81s
     0     0 2150.63093    0   62 2578.14042 2150.63093  16.6%     -   81s
H    0     0                    2512.0987500 2150.63093  14.4%     -   82s
     0     0 2150.75905    0  340 2512.09875 2150.75905  14.4%     -   84s
     0     0 2150.80370    0  234 2512.09875 2150.80370  14.4%     -   84s
     0     0 2151.65558    0  196 2512.09875 2151.65558  14.3%     -   85s
     0     0 2151.79332    0  136 2512.09875 2151.79332  14.3%     -   86s
     0     0 2151.79682    0  145 2512.09875 2151.79682  14.3%     -   86s
     0     0 2152.37301    0  187 2512.09875 2152.37301  14.3%     -   87s
     0     0 2152.37301    0  187 2512.09875 2152.37301  14.3%     -   89s
     0     0 2165.54227    0   71 2512.09875 2165.54227  13.8%     -   96s
     0     0 2165.54227    0   99 2512.09875 2165.54227  13.8%     -  100s
     0     0 2165.54227    0   61 2512.09875 2165.54227  13.8%     -  103s
     0     0 2165.54227    0  146 2512.09875 2165.54227  13.8%     -  106s
     0     0 2165.54227    0  154 2512.09875 2165.54227  13.8%     -  107s
     0     0 2165.54227    0   30 2512.09875 2165.54227  13.8%     -  107s
     0     0 2165.54227    0   62 2512.09875 2165.54227  13.8%     -  108s
     0     0 2165.54227    0  108 2512.09875 2165.54227  13.8%     -  108s
     0     0 2165.54227    0  154 2512.09875 2165.54227  13.8%     -  108s
     0     0 2165.54227    0  165 2512.09875 2165.54227  13.8%     -  108s
     0     0 2165.54227    0   32 2512.09875 2165.54227  13.8%     -  109s
     0     0 2165.54227    0  217 2512.09875 2165.54227  13.8%     -  110s
     0     0 2165.54227    0  213 2512.09875 2165.54227  13.8%     -  112s
     0     0 2165.54227    0  202 2512.09875 2165.54227  13.8%     -  113s
     0     0 2174.95602    0  269 2512.09875 2174.95602  13.4%     -  114s
     0     0 2176.24688    0  268 2512.09875 2176.24688  13.4%     -  115s
     0     0 2176.24688    0  268 2512.09875 2176.24688  13.4%     -  115s
     0     0 2176.24688    0  518 2512.09875 2176.24688  13.4%     -  118s
     0     0 2179.93339    0  518 2512.09875 2179.93339  13.2%     -  120s
     0     0 2179.93969    0   95 2512.09875 2179.93969  13.2%     -  129s
     0     0 2179.93969    0   18 2512.09875 2179.93969  13.2%     -  131s
     0     0 2179.93969    0   59 2512.09875 2179.93969  13.2%     -  134s
     0     0 2179.93969    0   34 2512.09875 2179.93969  13.2%     -  136s
     0     0 2194.80202    0   48 2512.09875 2194.80202  12.6%     -  137s
     0     0 2209.61174    0   50 2512.09875 2209.61174  12.0%     -  139s
     0     0 2222.99481    0   78 2512.09875 2222.99481  11.5%     -  140s
     0     0 2238.29360    0  115 2512.09875 2238.29360  10.9%     -  142s
     0     0 2247.09875    0   26 2512.09875 2247.09875  10.5%     -  142s
     0     0 2247.09875    0   26 2512.09875 2247.09875  10.5%     -  142s

Cutting planes:
  Cover: 10
  Implied bound: 31
  Clique: 7
  MIR: 2
  Flow cover: 25
  Zero half: 2
  RLT: 15
  Relax-and-lift: 24

Explored 1 nodes (178453 simplex iterations) in 145.90 seconds
Thread count was 20 (of 40 available processors)

Solution count 6: 2512.1 2578.14 2880.55 ... 25390.9

Optimal solution found (tolerance 1.00e-04)
Best objective 2.512098750000e+03, best bound 2.512098750000e+03, gap 0.0000%
