
Gurobi 9.0.2 (linux64, Python) logging started Fri Dec  4 08:51:55 2020

Using license file /share/apps/gurobi/9.0.2/gurobi_client.lic
Set parameter TokenServer to value 10.1.1.1
Set parameter LogFile to value /storage/users/anderhva/041220-084838/logs/O8-C1-V2-WS0.log
Set parameter LogToConsole to value 0
Changed value of parameter TimeLimit to 3600.0
   Prev: inf  Min: 0.0  Max: inf  Default: inf
Gurobi Optimizer version 9.0.2 build v9.0.2rc0 (linux64)
Optimize a model with 4780 rows, 40185 columns and 221865 nonzeros
Model fingerprint: 0x015f063d
Variable types: 60 continuous, 40125 integer (40125 binary)
Coefficient statistics:
  Matrix range     [1e+00, 1e+02]
  Objective range  [1e+00, 1e+04]
  Bounds range     [1e+00, 1e+00]
  RHS range        [1e+00, 1e+02]
Presolve removed 368 rows and 2037 columns
Presolve time: 0.65s
Presolved: 4412 rows, 38148 columns, 167142 nonzeros
Variable types: 48 continuous, 38100 integer (38097 binary)

Root relaxation: objective 1.815154e+03, 11972 iterations, 3.50 seconds

    Nodes    |    Current Node    |     Objective Bounds      |     Work
 Expl Unexpl |  Obj  Depth IntInf | Incumbent    BestBd   Gap | It/Node Time

     0     0 1815.15438    0   69          - 1815.15438      -     -    4s
H    0     0                    23833.353750 1815.15438  92.4%     -    5s
H    0     0                    21348.723750 1815.15438  91.5%     -    5s
     0     0 2228.48771    0   80 21348.7238 2228.48771  89.6%     -    7s
H    0     0                    19821.970417 2228.48771  88.8%     -    8s
     0     0 2244.21655    0  118 19821.9704 2244.21655  88.7%     -    9s
     0     0 2250.49622    0  125 19821.9704 2250.49622  88.6%     -    9s
H    0     0                    18631.939792 2250.49622  87.9%     -   10s
H    0     0                    2796.2104167 2250.49622  19.5%     -   10s
     0     0 2279.31125    0   44 2796.21042 2279.31125  18.5%     -   10s
     0     0 2291.07470    0  110 2796.21042 2291.07470  18.1%     -   11s
     0     0 2293.39268    0  135 2796.21042 2293.39268  18.0%     -   11s
     0     0 2293.39268    0   56 2796.21042 2293.39268  18.0%     -   14s
     0     0 2293.39268    0   94 2796.21042 2293.39268  18.0%     -   16s
     0     0 2293.39838    0  126 2796.21042 2293.39838  18.0%     -   18s
     0     0 2296.85645    0  203 2796.21042 2296.85645  17.9%     -   18s
     0     0 2297.73423    0  123 2796.21042 2297.73423  17.8%     -   19s
     0     0 2300.92001    0  248 2796.21042 2300.92001  17.7%     -   20s
     0     0 2300.94359    0  272 2796.21042 2300.94359  17.7%     -   20s
H    0     0                    2728.2666667 2300.94359  15.7%     -   20s
     0     0 2305.62713    0  197 2728.26667 2305.62713  15.5%     -   21s
     0     0 2305.69359    0  189 2728.26667 2305.69359  15.5%     -   21s
     0     0 2308.43065    0  262 2728.26667 2308.43065  15.4%     -   21s
     0     0 2308.43065    0   71 2728.26667 2308.43065  15.4%     -   24s
     0     0 2329.91164    0   96 2728.26667 2329.91164  14.6%     -   27s
     0     0 2368.15942    0   37 2728.26667 2368.15942  13.2%     -   28s
     0     0 2387.10595    0   20 2728.26667 2387.10595  12.5%     -   28s
     0     0 2393.22741    0   44 2728.26667 2393.22741  12.3%     -   28s
     0     0 2402.04226    0  160 2728.26667 2402.04226  12.0%     -   29s
     0     0 2402.04226    0   11 2728.26667 2402.04226  12.0%     -   30s
     0     0 2402.04226    0   11 2728.26667 2402.04226  12.0%     -   30s
     0     0 2416.26148    0   11 2728.26667 2416.26148  11.4%     -   30s
     0     0 2418.33625    0    8 2728.26667 2418.33625  11.4%     -   30s
     0     0 2438.59866    0   31 2728.26667 2438.59866  10.6%     -   30s
     0     0 2445.84240    0   39 2728.26667 2445.84240  10.4%     -   30s
     0     0 2447.55116    0   23 2728.26667 2447.55116  10.3%     -   30s
     0     0 2483.10062    0   17 2728.26667 2483.10062  8.99%     -   30s
     0     0 2496.83146    0   45 2728.26667 2496.83146  8.48%     -   31s
     0     0 2500.24479    0   44 2728.26667 2500.24479  8.36%     -   31s
     0     0 2503.98854    0   40 2728.26667 2503.98854  8.22%     -   31s
     0     0 2543.09283    0   22 2728.26667 2543.09283  6.79%     -   31s
     0     0 2585.44688    0   24 2728.26667 2585.44688  5.23%     -   31s
     0     0 2596.26345    0   17 2728.26667 2596.26345  4.84%     -   31s

Cutting planes:
  Implied bound: 6
  MIR: 15
  Flow cover: 6
  RLT: 2
  Relax-and-lift: 11

Explored 1 nodes (55400 simplex iterations) in 31.15 seconds
Thread count was 20 (of 40 available processors)

Solution count 6: 2728.27 2796.21 18631.9 ... 23833.4

Optimal solution found (tolerance 1.00e-04)
Best objective 2.728266666667e+03, best bound 2.728266666667e+03, gap 0.0000%
