
Gurobi 9.0.2 (linux64, Python) logging started Fri Dec  4 22:37:52 2020

Using license file /share/apps/gurobi/9.0.2/gurobi_client.lic
Set parameter TokenServer to value 10.1.1.1
Set parameter LogFile to value /storage/users/anderhva/041220-223751/logs/O10-C1-V2-WS0.log
Set parameter LogToConsole to value 0
Changed value of parameter TimeLimit to 3600.0
   Prev: inf  Min: 0.0  Max: inf  Default: inf
Gurobi Optimizer version 9.0.2 build v9.0.2rc0 (linux64)
Optimize a model with 6368 rows, 29973 columns and 156351 nonzeros
Model fingerprint: 0x1dcd298e
Variable types: 72 continuous, 29901 integer (29901 binary)
Coefficient statistics:
  Matrix range     [1e+00, 1e+02]
  Objective range  [1e+00, 1e+04]
  Bounds range     [1e+00, 1e+00]
  RHS range        [1e+00, 1e+02]
Found heuristic solution: objective 23752.640000
Presolve removed 568 rows and 984 columns
Presolve time: 0.44s
Presolved: 5800 rows, 28989 columns, 123429 nonzeros
Variable types: 60 continuous, 28929 integer (28926 binary)

Root relaxation: objective 2.261770e+03, 17813 iterations, 4.44 seconds
Total elapsed time = 5.01s

    Nodes    |    Current Node    |     Objective Bounds      |     Work
 Expl Unexpl |  Obj  Depth IntInf | Incumbent    BestBd   Gap | It/Node Time

     0     0 2261.77000    0  125 23752.6400 2261.77000  90.5%     -    5s
H    0     0                    22624.250000 2261.77000  90.0%     -    5s
     0     0 2318.77569    0  110 22624.2500 2318.77569  89.8%     -    7s
H    0     0                    9372.7200000 2318.77569  75.3%     -    7s
     0     0 3026.90642    0  129 9372.72000 3026.90642  67.7%     -    8s
     0     0 3052.59511    0  126 9372.72000 3052.59511  67.4%     -   10s
     0     0 3060.30426    0  114 9372.72000 3060.30426  67.3%     -   10s
     0     0 3060.48221    0  129 9372.72000 3060.48221  67.3%     -   10s
     0     0 3060.94168    0  150 9372.72000 3060.94168  67.3%     -   10s
     0     0 3114.87270    0  205 9372.72000 3114.87270  66.8%     -   12s
H    0     0                    4609.9200000 3114.87270  32.4%     -   12s
     0     0 3115.86745    0  190 4609.92000 3115.86745  32.4%     -   13s
     0     0 3117.12993    0  155 4609.92000 3117.12993  32.4%     -   13s
     0     0 3117.57710    0  173 4609.92000 3117.57710  32.4%     -   13s
     0     0 3119.53353    0  212 4609.92000 3119.53353  32.3%     -   13s
     0     0 3137.94792    0  215 4609.92000 3137.94792  31.9%     -   13s
     0     0 3137.94792    0  114 4609.92000 3137.94792  31.9%     -   17s
     0     0 3137.94792    0  160 4609.92000 3137.94792  31.9%     -   19s
     0     0 3139.90999    0  143 4609.92000 3139.90999  31.9%     -   20s
     0     0 3176.80903    0  177 4609.92000 3176.80903  31.1%     -   21s
     0     0 3179.79740    0  209 4609.92000 3179.79740  31.0%     -   21s
     0     0 3185.91625    0  205 4609.92000 3185.91625  30.9%     -   21s
     0     0 3185.91625    0  264 4609.92000 3185.91625  30.9%     -   21s
     0     0 3185.91625    0  218 4609.92000 3185.91625  30.9%     -   22s
     0     0 3405.02200    0  237 4609.92000 3405.02200  26.1%     -   23s
     0     0 3495.05000    0  234 4609.92000 3495.05000  24.2%     -   24s
     0     0 3495.05000    0  197 4609.92000 3495.05000  24.2%     -   24s
     0     0 3495.05000    0  163 4609.92000 3495.05000  24.2%     -   25s
     0     0 3495.05000    0  192 4609.92000 3495.05000  24.2%     -   25s
     0     0 3495.05000    0  205 4609.92000 3495.05000  24.2%     -   25s
     0     0 3566.64038    0  276 4609.92000 3566.64038  22.6%     -   27s
     0     0 3589.45685    0  226 4609.92000 3589.45685  22.1%     -   27s
     0     0 3592.92520    0  272 4609.92000 3592.92520  22.1%     -   28s
     0     0 3593.49906    0  262 4609.92000 3593.49906  22.0%     -   28s
     0     0 3593.56925    0  305 4609.92000 3593.56925  22.0%     -   28s
     0     0 3602.33668    0  322 4609.92000 3602.33668  21.9%     -   29s
     0     0 3602.41231    0  333 4609.92000 3602.41231  21.9%     -   29s
     0     0 3606.60305    0  353 4609.92000 3606.60305  21.8%     -   30s
     0     0 3606.64096    0  372 4609.92000 3606.64096  21.8%     -   30s
     0     0 3609.26332    0  359 4609.92000 3609.26332  21.7%     -   31s
     0     0 3609.31439    0  352 4609.92000 3609.31439  21.7%     -   31s
     0     0 3993.96209    0  342 4609.92000 3993.96209  13.4%     -   31s
     0     0 3993.96209    0  342 4609.92000 3993.96209  13.4%     -   32s
     0     2 3993.96209    0  342 4609.92000 3993.96209  13.4%     -   35s
     3     8 4015.46699    2  194 4609.92000 3994.92714  13.3%   969   43s
     7    13 4110.87364    3   51 4609.92000 4007.04941  13.1%   920   45s
*   22    17               4    4489.0200000 4097.63198  8.72%   656   46s
H   29    18                    4455.4200000 4097.63198  8.03%   595   47s

Cutting planes:
  Cover: 4
  Implied bound: 20
  Clique: 3
  MIR: 14
  Flow cover: 13
  Zero half: 16
  RLT: 5
  Relax-and-lift: 15

Explored 114 nodes (88795 simplex iterations) in 49.36 seconds
Thread count was 20 (of 40 available processors)

Solution count 6: 4455.42 4489.02 4609.92 ... 23752.6

Optimal solution found (tolerance 1.00e-04)
Best objective 4.455420000000e+03, best bound 4.455420000000e+03, gap 0.0000%
