
Gurobi 9.0.2 (linux64, Python) logging started Fri Dec  4 22:39:32 2020

Using license file /share/apps/gurobi/9.0.2/gurobi_client.lic
Set parameter TokenServer to value 10.1.1.1
Set parameter LogFile to value /storage/users/anderhva/041220-223751/logs/O10-C4-V2-WS0.log
Set parameter LogToConsole to value 0
Changed value of parameter TimeLimit to 3600.0
   Prev: inf  Min: 0.0  Max: inf  Default: inf
Gurobi Optimizer version 9.0.2 build v9.0.2rc0 (linux64)
Optimize a model with 6830 rows, 32568 columns and 170841 nonzeros
Model fingerprint: 0xe5a27689
Variable types: 72 continuous, 32496 integer (32496 binary)
Coefficient statistics:
  Matrix range     [1e+00, 1e+02]
  Objective range  [1e+00, 7e+03]
  Bounds range     [1e+00, 1e+00]
  RHS range        [1e+00, 1e+02]
Presolve removed 562 rows and 876 columns
Presolve time: 0.44s
Presolved: 6268 rows, 31692 columns, 135270 nonzeros
Variable types: 60 continuous, 31632 integer (31629 binary)

Root relaxation: objective 1.971610e+03, 11657 iterations, 2.58 seconds

    Nodes    |    Current Node    |     Objective Bounds      |     Work
 Expl Unexpl |  Obj  Depth IntInf | Incumbent    BestBd   Gap | It/Node Time

     0     0 2017.03423    0  177          - 2017.03423      -     -    5s
     0     0 3400.46982    0  164          - 3400.46982      -     -    7s
H    0     0                    6794.0000000 3400.46982  49.9%     -    8s
     0     0 3418.37337    0  157 6794.00000 3418.37337  49.7%     -    8s
     0     0 3421.35744    0  138 6794.00000 3421.35744  49.6%     -    8s
     0     0 3423.31874    0  130 6794.00000 3423.31874  49.6%     -    8s
     0     0 3529.23569    0  201 6794.00000 3529.23569  48.1%     -   10s
     0     0 3529.23569    0  178 6794.00000 3529.23569  48.1%     -   14s
     0     0 3529.23569    0  219 6794.00000 3529.23569  48.1%     -   15s
     0     0 3529.23569    0  195 6794.00000 3529.23569  48.1%     -   17s
     0     0 3540.82658    0  209 6794.00000 3540.82658  47.9%     -   17s
     0     0 3540.82658    0  209 6794.00000 3540.82658  47.9%     -   17s
     0     0 3565.72357    0  259 6794.00000 3565.72357  47.5%     -   18s
     0     0 3585.17237    0  228 6794.00000 3585.17237  47.2%     -   18s
     0     0 3634.28599    0  200 6794.00000 3634.28599  46.5%     -   19s
     0     0 3635.07269    0  216 6794.00000 3635.07269  46.5%     -   19s
     0     0 3636.11134    0  240 6794.00000 3636.11134  46.5%     -   19s
     0     0 3636.17596    0  208 6794.00000 3636.17596  46.5%     -   19s
     0     0 3640.00409    0  218 6794.00000 3640.00409  46.4%     -   19s
H    0     0                    6748.0450000 3640.00409  46.1%     -   20s
H    0     0                    6706.6450000 3640.00409  45.7%     -   20s
H    0     0                    6614.2950000 3640.00409  45.0%     -   20s
     0     0 3640.85042    0  215 6614.29500 3640.85042  45.0%     -   20s
     0     0 3640.97094    0  217 6614.29500 3640.97094  45.0%     -   20s
     0     0 3643.65336    0  220 6614.29500 3643.65336  44.9%     -   20s
     0     0 3644.04280    0  288 6614.29500 3644.04280  44.9%     -   20s
     0     0 3644.07650    0  263 6614.29500 3644.07650  44.9%     -   21s
     0     0 3645.23116    0  304 6614.29500 3645.23116  44.9%     -   21s
     0     0 3645.23448    0  349 6614.29500 3645.23448  44.9%     -   21s
     0     0 3660.75264    0  319 6614.29500 3660.75264  44.7%     -   21s
     0     0 3660.75264    0  383 6614.29500 3660.75264  44.7%     -   22s
     0     0 4104.59680    0  302 6614.29500 4104.59680  37.9%     -   22s
     0     0 4104.59680    0  237 6614.29500 4104.59680  37.9%     -   23s
     0     0 4104.59680    0  301 6614.29500 4104.59680  37.9%     -   23s
     0     0 4104.59680    0  342 6614.29500 4104.59680  37.9%     -   23s
     0     0 4104.59680    0  277 6614.29500 4104.59680  37.9%     -   23s
     0     0 4104.59680    0  329 6614.29500 4104.59680  37.9%     -   23s
     0     0 4104.59680    0  360 6614.29500 4104.59680  37.9%     -   24s
     0     0 4104.59680    0  411 6614.29500 4104.59680  37.9%     -   24s
     0     0 4104.59680    0  411 6614.29500 4104.59680  37.9%     -   25s
H    0     0                    6536.3450000 4104.59680  37.2%     -   26s
     0     2 4104.59680    0  411 6536.34500 4104.59680  37.2%     -   28s
     1     4 4104.59680    1  178 6536.34500 4104.59680  37.2%  1003   32s
     3     8 4131.74345    2  200 6536.34500 4104.59680  37.2%  1317   35s
*   37    23               5    5586.7950000 4155.42868  25.6%   452   39s
    40     5 4204.61680    6  204 5586.79500 4155.94237  25.6%   450   41s
    84     1 4246.50710   22  215 5586.79500 4246.50710  24.0%   243   45s

Cutting planes:
  Gomory: 1
  Cover: 4
  Implied bound: 15
  Clique: 3
  MIR: 2
  Flow cover: 10
  Zero half: 19
  RLT: 2
  Relax-and-lift: 13

Explored 107 nodes (67535 simplex iterations) in 46.99 seconds
Thread count was 20 (of 40 available processors)

Solution count 6: 5586.8 6536.34 6614.3 ... 6794

Optimal solution found (tolerance 1.00e-04)
Best objective 5.586795000000e+03, best bound 5.586795000000e+03, gap 0.0000%
