
Gurobi 9.0.2 (linux64, Python) logging started Fri Dec  4 22:39:06 2020

Using license file /share/apps/gurobi/9.0.2/gurobi_client.lic
Set parameter TokenServer to value 10.1.1.1
Set parameter LogFile to value /storage/users/anderhva/041220-223751/logs/O10-C3-V2-WS0.log
Set parameter LogToConsole to value 0
Changed value of parameter TimeLimit to 3600.0
   Prev: inf  Min: 0.0  Max: inf  Default: inf
Gurobi Optimizer version 9.0.2 build v9.0.2rc0 (linux64)
Optimize a model with 6230 rows, 28908 columns and 150378 nonzeros
Model fingerprint: 0x3a4f5d17
Variable types: 72 continuous, 28836 integer (28836 binary)
Coefficient statistics:
  Matrix range     [1e+00, 1e+02]
  Objective range  [1e+00, 1e+04]
  Bounds range     [1e+00, 1e+00]
  RHS range        [1e+00, 1e+02]
Presolve removed 601 rows and 1101 columns
Presolve time: 0.42s
Presolved: 5629 rows, 27807 columns, 118074 nonzeros
Variable types: 60 continuous, 27747 integer (27744 binary)

Root relaxation: objective 2.855610e+03, 9808 iterations, 2.03 seconds

    Nodes    |    Current Node    |     Objective Bounds      |     Work
 Expl Unexpl |  Obj  Depth IntInf | Incumbent    BestBd   Gap | It/Node Time

     0     0 2855.60952    0  153          - 2855.60952      -     -    3s
     0     0 3663.82685    0  135          - 3663.82685      -     -    5s
     0     0 3709.95855    0  126          - 3709.95855      -     -    5s
H    0     0                    6613.2450000 3709.95855  43.9%     -    6s
     0     0 3832.63927    0  117 6613.24500 3832.63927  42.0%     -    7s
     0     0 3832.75758    0  109 6613.24500 3832.75758  42.0%     -    7s
     0     0 3843.59884    0  119 6613.24500 3843.59884  41.9%     -    7s
     0     0 3843.59884    0  139 6613.24500 3843.59884  41.9%     -    9s
     0     0 3843.59884    0  120 6613.24500 3843.59884  41.9%     -   11s
     0     0 3843.59884    0  109 6613.24500 3843.59884  41.9%     -   12s
     0     0 3845.30310    0   90 6613.24500 3845.30310  41.9%     -   12s
     0     0 3845.38622    0  111 6613.24500 3845.38622  41.9%     -   12s
     0     0 3910.24373    0   85 6613.24500 3910.24373  40.9%     -   13s
H    0     0                    6423.2450000 3910.24373  39.1%     -   13s
     0     0 3918.30090    0  123 6423.24500 3918.30090  39.0%     -   13s
     0     0 3918.70698    0  126 6423.24500 3918.70698  39.0%     -   13s
     0     0 3918.77517    0  128 6423.24500 3918.77517  39.0%     -   13s
     0     0 3967.42022    0  146 6423.24500 3967.42022  38.2%     -   13s
H    0     0                    5710.5350000 3967.42022  30.5%     -   14s
     0     0 3998.38855    0  121 5710.53500 3998.38855  30.0%     -   14s
     0     0 4003.05845    0  160 5710.53500 4003.05845  29.9%     -   14s
     0     0 4020.63663    0  179 5710.53500 4020.63663  29.6%     -   14s
     0     0 4020.64895    0  180 5710.53500 4020.64895  29.6%     -   14s
     0     0 4023.85498    0   90 5710.53500 4023.85498  29.5%     -   14s
     0     0 4030.74249    0  138 5710.53500 4030.74249  29.4%     -   15s
     0     0 4031.31501    0  150 5710.53500 4031.31501  29.4%     -   15s
     0     0 4040.84599    0  154 5710.53500 4040.84599  29.2%     -   15s
H    0     0                    5357.4950000 4040.84599  24.6%     -   15s
     0     0 4041.59777    0  161 5357.49500 4041.59777  24.6%     -   15s
     0     0 4055.10128    0   92 5357.49500 4055.10128  24.3%     -   15s
     0     0 4055.10128    0  131 5357.49500 4055.10128  24.3%     -   17s
     0     0 4055.10128    0   82 5357.49500 4055.10128  24.3%     -   19s
     0     0 4065.34819    0  101 5357.49500 4065.34819  24.1%     -   19s
     0     0 4701.42417    0  126 5357.49500 4701.42417  12.2%     -   20s
     0     0 4761.82097    0  120 5357.49500 4761.82097  11.1%     -   20s
     0     0 4808.00236    0  129 5357.49500 4808.00236  10.3%     -   21s
     0     0 4812.09281    0   92 5357.49500 4812.09281  10.2%     -   21s
     0     0 4812.27643    0   82 5357.49500 4812.27643  10.2%     -   21s
     0     0 4883.08329    0  113 5357.49500 4883.08329  8.86%     -   21s
     0     0     cutoff    0      5357.49500 5357.49500  0.00%     -   21s

Explored 1 nodes (43908 simplex iterations) in 21.65 seconds
Thread count was 20 (of 40 available processors)

Solution count 4: 5357.49 5710.54 6423.25 6613.24 

Optimal solution found (tolerance 1.00e-04)
Best objective 5.357495000000e+03, best bound 5.357495000000e+03, gap 0.0000%
