
Gurobi 9.0.2 (linux64, Python) logging started Fri Dec  4 22:42:44 2020

Using license file /share/apps/gurobi/9.0.2/gurobi_client.lic
Set parameter TokenServer to value 10.1.1.1
Set parameter LogFile to value /storage/users/anderhva/041220-223751/logs/O12-C3-V2-WS0.log
Set parameter LogToConsole to value 0
Changed value of parameter TimeLimit to 3600.0
   Prev: inf  Min: 0.0  Max: inf  Default: inf
Gurobi Optimizer version 9.0.2 build v9.0.2rc0 (linux64)
Optimize a model with 7896 rows, 42243 columns and 225147 nonzeros
Model fingerprint: 0x20c4302b
Variable types: 84 continuous, 42159 integer (42159 binary)
Coefficient statistics:
  Matrix range     [1e+00, 1e+02]
  Objective range  [1e+00, 1e+04]
  Bounds range     [1e+00, 1e+00]
  RHS range        [1e+00, 1e+02]
Presolve removed 708 rows and 1233 columns
Presolve time: 0.62s
Presolved: 7188 rows, 41010 columns, 178845 nonzeros
Variable types: 72 continuous, 40938 integer (40935 binary)

Root simplex log...

Iteration    Objective       Primal Inf.    Dual Inf.      Time
   13904    3.0802954e+03   2.071378e+03   0.000000e+00      5s
   17701    3.3053826e+03   0.000000e+00   0.000000e+00      7s

Root relaxation: objective 3.305383e+03, 17701 iterations, 5.53 seconds

    Nodes    |    Current Node    |     Objective Bounds      |     Work
 Expl Unexpl |  Obj  Depth IntInf | Incumbent    BestBd   Gap | It/Node Time

     0     0 3326.52100    0  151          - 3326.52100      -     -    7s
     0     0 4463.90739    0  162          - 4463.90739      -     -   11s
     0     0 4488.80915    0  142          - 4488.80915      -     -   12s
     0     0 4492.65788    0  149          - 4492.65788      -     -   12s
     0     0 4493.10511    0  175          - 4493.10511      -     -   12s
     0     0 4582.76047    0  153          - 4582.76047      -     -   13s
H    0     0                    15979.265000 4582.76047  71.3%     -   13s
H    0     0                    11008.400000 4582.76047  58.4%     -   14s
     0     0 4584.04882    0  123 11008.4000 4584.04882  58.4%     -   14s
H    0     0                    6700.2250000 4584.04882  31.6%     -   14s
     0     0 4586.55818    0  139 6700.22500 4586.55818  31.5%     -   14s
H    0     0                    6352.4650000 4586.55818  27.8%     -   14s
     0     0 4608.96692    0  121 6352.46500 4608.96692  27.4%     -   14s
     0     0 4869.22148    0  127 6352.46500 4869.22148  23.3%     -   19s
     0     0 5297.96040    0  113 6352.46500 5297.96040  16.6%     -   22s
     0     0 5347.66318    0  117 6352.46500 5347.66318  15.8%     -   22s
     0     0 5351.21645    0  177 6352.46500 5351.21645  15.8%     -   23s
     0     0 5365.72571    0  116 6352.46500 5365.72571  15.5%     -   23s
     0     0 5404.22261    0  170 6352.46500 5404.22261  14.9%     -   24s
     0     0 5408.95602    0  209 6352.46500 5408.95602  14.9%     -   24s
     0     0 5409.31943    0  221 6352.46500 5409.31943  14.8%     -   24s
     0     0 5409.47726    0  204 6352.46500 5409.47726  14.8%     -   24s
     0     0 5426.76211    0   97 6352.46500 5426.76211  14.6%     -   25s
     0     0 5427.73900    0  215 6352.46500 5427.73900  14.6%     -   25s
     0     0 5429.82449    0  176 6352.46500 5429.82449  14.5%     -   25s
     0     0 5434.06098    0  178 6352.46500 5434.06098  14.5%     -   25s
     0     0 5448.48857    0  201 6352.46500 5448.48857  14.2%     -   26s
     0     0 5448.48857    0  114 6352.46500 5448.48857  14.2%     -   29s
     0     0 5448.48857    0   79 6352.46500 5448.48857  14.2%     -   31s
     0     0 5483.67149    0  124 6352.46500 5483.67149  13.7%     -   31s
     0     0 5494.82114    0  117 6352.46500 5494.82114  13.5%     -   31s
     0     0 5494.83162    0  118 6352.46500 5494.83162  13.5%     -   32s
     0     0 5519.22193    0  118 6352.46500 5519.22193  13.1%     -   32s
     0     0 5519.22193    0   74 6352.46500 5519.22193  13.1%     -   35s
     0     0 5519.22193    0  138 6352.46500 5519.22193  13.1%     -   37s
     0     0 5524.80463    0  102 6352.46500 5524.80463  13.0%     -   38s
H    0     0                    6252.7950000 5524.80463  11.6%     -   38s
     0     0 5542.34782    0  105 6252.79500 5542.34782  11.4%     -   38s
     0     0 5560.13401    0  112 6252.79500 5560.13401  11.1%     -   38s
     0     0 5560.71561    0  108 6252.79500 5560.71561  11.1%     -   38s
     0     0 5561.05087    0  112 6252.79500 5561.05087  11.1%     -   38s
     0     0 5569.02836    0  113 6252.79500 5569.02836  10.9%     -   38s
H    0     0                    6179.0450000 5569.02836  9.87%     -   38s
     0     0 5575.14535    0  116 6179.04500 5575.14535  9.77%     -   38s
     0     0 5599.38955    0  120 6179.04500 5599.38955  9.38%     -   39s
     0     0 5697.12192    0   39 6179.04500 5697.12192  7.80%     -   41s
     0     0 5835.53197    0   46 6179.04500 5835.53197  5.56%     -   41s
     0     0 5835.53197    0   42 6179.04500 5835.53197  5.56%     -   41s
     0     0 5931.33182    0   47 6179.04500 5931.33182  4.01%     -   41s
     0     0 5944.26340    0   48 6179.04500 5944.26340  3.80%     -   41s
     0     0 5945.74904    0   47 6179.04500 5945.74904  3.78%     -   41s
     0     0 5945.75808    0   49 6179.04500 5945.75808  3.78%     -   41s
     0     0 6056.51127    0   46 6179.04500 6056.51127  1.98%     -   41s
     0     0 6101.30880    0   52 6179.04500 6101.30880  1.26%     -   41s
     0     0 6119.96500    0   45 6179.04500 6119.96500  0.96%     -   41s
     0     0 6140.55885    0   48 6179.04500 6140.55885  0.62%     -   41s
     0     0 6179.04500    0   48 6179.04500 6179.04500  0.00%     -   41s

Cutting planes:
  Implied bound: 18
  Clique: 3
  MIR: 13
  Flow cover: 11
  RLT: 11
  Relax-and-lift: 22

Explored 1 nodes (73415 simplex iterations) in 41.30 seconds
Thread count was 20 (of 40 available processors)

Solution count 6: 6179.04 6252.8 6352.47 ... 15979.3

Optimal solution found (tolerance 1.00e-04)
Best objective 6.179045000000e+03, best bound 6.179045000000e+03, gap 0.0000%
