
Gurobi 9.0.2 (linux64, Python) logging started Fri Dec  4 22:41:45 2020

Using license file /share/apps/gurobi/9.0.2/gurobi_client.lic
Set parameter TokenServer to value 10.1.1.1
Set parameter LogFile to value /storage/users/anderhva/041220-223751/logs/O12-C2-V2-WS0.log
Set parameter LogToConsole to value 0
Changed value of parameter TimeLimit to 3600.0
   Prev: inf  Min: 0.0  Max: inf  Default: inf
Gurobi Optimizer version 9.0.2 build v9.0.2rc0 (linux64)
Optimize a model with 7746 rows, 41844 columns and 223188 nonzeros
Model fingerprint: 0x138605e7
Variable types: 84 continuous, 41760 integer (41760 binary)
Coefficient statistics:
  Matrix range     [1e+00, 1e+02]
  Objective range  [1e+00, 1e+04]
  Bounds range     [1e+00, 1e+00]
  RHS range        [1e+00, 1e+02]
Presolve removed 702 rows and 1311 columns
Presolve time: 0.67s
Presolved: 7044 rows, 40533 columns, 176910 nonzeros
Variable types: 72 continuous, 40461 integer (40458 binary)

Root simplex log...

Iteration    Objective       Primal Inf.    Dual Inf.      Time
   13310    2.1417252e+03   8.713071e+02   0.000000e+00      5s
   25979    2.6516977e+03   0.000000e+00   0.000000e+00     10s

Root relaxation: objective 2.651698e+03, 25979 iterations, 8.01 seconds

    Nodes    |    Current Node    |     Objective Bounds      |     Work
 Expl Unexpl |  Obj  Depth IntInf | Incumbent    BestBd   Gap | It/Node Time

     0     0 2651.69773    0  156          - 2651.69773      -     -   10s
     0     0 4022.81265    0  145          - 4022.81265      -     -   13s
     0     0 4064.17544    0  185          - 4064.17544      -     -   15s
     0     0 4070.10238    0  177          - 4070.10238      -     -   16s
     0     0 4071.13647    0  169          - 4071.13647      -     -   16s
     0     0 4071.42171    0  173          - 4071.42171      -     -   16s
     0     0 4174.49177    0  131          - 4174.49177      -     -   18s
H    0     0                    6659.8500000 4174.49177  37.3%     -   19s
     0     0 4188.32185    0  140 6659.85000 4188.32185  37.1%     -   19s
     0     0 4192.23437    0  174 6659.85000 4192.23437  37.1%     -   19s
     0     0 4193.35976    0  195 6659.85000 4193.35976  37.0%     -   19s
     0     0 4195.92196    0  173 6659.85000 4195.92196  37.0%     -   19s
     0     0 4195.95046    0  186 6659.85000 4195.95046  37.0%     -   19s
     0     0 4302.84644    0  184 6659.85000 4302.84644  35.4%     -   20s
     0     0 4625.72500    0  114 6659.85000 4625.72500  30.5%     -   25s
     0     0 4779.14629    0  169 6659.85000 4779.14629  28.2%     -   27s
     0     0 4841.78049    0  193 6659.85000 4841.78049  27.3%     -   29s
     0     0 4855.59488    0  166 6659.85000 4855.59488  27.1%     -   29s
     0     0 4856.62992    0  187 6659.85000 4856.62992  27.1%     -   29s
     0     0 4856.69219    0  190 6659.85000 4856.69219  27.1%     -   29s
     0     0 4902.97434    0  243 6659.85000 4902.97434  26.4%     -   30s
     0     0 4903.88771    0  224 6659.85000 4903.88771  26.4%     -   30s
     0     0 4904.28259    0  207 6659.85000 4904.28259  26.4%     -   30s
     0     0 4904.28259    0  220 6659.85000 4904.28259  26.4%     -   30s
H    0     0                    6471.9200000 4904.28259  24.2%     -   31s
     0     0 4930.57864    0  209 6471.92000 4930.57864  23.8%     -   31s
     0     0 4930.72456    0  241 6471.92000 4930.72456  23.8%     -   32s
     0     0 4931.23159    0  214 6471.92000 4931.23159  23.8%     -   32s
     0     0 4931.27138    0  225 6471.92000 4931.27138  23.8%     -   32s
     0     0 4948.64741    0  204 6471.92000 4948.64741  23.5%     -   33s
     0     0 4949.46789    0  322 6471.92000 4949.46789  23.5%     -   34s
     0     0 4949.66838    0  275 6471.92000 4949.66838  23.5%     -   34s
     0     0 4949.67354    0  278 6471.92000 4949.67354  23.5%     -   34s
     0     0 4954.24985    0  433 6471.92000 4954.24985  23.5%     -   35s
     0     0 4954.25238    0  434 6471.92000 4954.25238  23.5%     -   36s
H    0     0                    5806.4000000 4954.25238  14.7%     -   36s
     0     0 4957.98623    0  445 5806.40000 4957.98623  14.6%     -   37s
     0     0 4958.09196    0  416 5806.40000 4958.09196  14.6%     -   37s
     0     0 4958.12286    0  417 5806.40000 4958.12286  14.6%     -   37s
     0     0 4960.46549    0  366 5806.40000 4960.46549  14.6%     -   38s
     0     0 4960.53604    0  412 5806.40000 4960.53604  14.6%     -   38s
     0     0 4963.15394    0  458 5806.40000 4963.15394  14.5%     -   39s
     0     0 4963.29730    0  502 5806.40000 4963.29730  14.5%     -   39s
     0     0 4963.73421    0  543 5806.40000 4963.73421  14.5%     -   39s
     0     0 4964.71408    0  473 5806.40000 4964.71408  14.5%     -   40s
     0     0 4964.73209    0  509 5806.40000 4964.73209  14.5%     -   40s
     0     0 4967.84969    0  399 5806.40000 4967.84969  14.4%     -   40s
     0     0 4970.61345    0  426 5806.40000 4970.61345  14.4%     -   40s
     0     0 4970.71430    0  500 5806.40000 4970.71430  14.4%     -   41s
     0     0 4973.59121    0  478 5806.40000 4973.59121  14.3%     -   41s
     0     0 4974.64872    0  436 5806.40000 4974.64872  14.3%     -   41s
H    0     0                    5793.7500000 4974.64872  14.1%     -   42s
     0     0 4975.17985    0  488 5793.75000 4975.17985  14.1%     -   42s
     0     0 4977.34531    0  458 5793.75000 4977.34531  14.1%     -   42s
     0     0 4977.61294    0  443 5793.75000 4977.61294  14.1%     -   42s
     0     0 4977.87025    0  479 5793.75000 4977.87025  14.1%     -   42s
     0     0 4977.93688    0  451 5793.75000 4977.93688  14.1%     -   42s
     0     0 4981.03373    0  439 5793.75000 4981.03373  14.0%     -   43s
     0     0 5067.98354    0   95 5793.75000 5067.98354  12.5%     -   45s
     0     0 5068.10000    0   58 5793.75000 5068.10000  12.5%     -   46s
     0     0 5240.21102    0  126 5793.75000 5240.21102  9.55%     -   50s
     0     0 5308.75599    0  105 5793.75000 5308.75599  8.37%     -   52s
     0     0 5362.06524    0   76 5793.75000 5362.06524  7.45%     -   52s
     0     0 5382.49273    0  102 5793.75000 5382.49273  7.10%     -   52s
     0     0 5429.79076    0   91 5793.75000 5429.79076  6.28%     -   52s
     0     0 5438.50969    0   97 5793.75000 5438.50969  6.13%     -   53s
     0     0 5439.07972    0  121 5793.75000 5439.07972  6.12%     -   53s
     0     0 5481.60904    0  119 5793.75000 5481.60904  5.39%     -   53s
     0     0 5481.60904    0   22 5793.75000 5481.60904  5.39%     -   53s
     0     0 5635.51226    0    5 5793.75000 5635.51226  2.73%     -   53s
     0     0 5789.96000    0    5 5793.75000 5789.96000  0.07%     -   53s

Cutting planes:
  Gomory: 2
  Implied bound: 31
  MIR: 18
  Flow cover: 24
  RLT: 20
  Relax-and-lift: 34

Explored 1 nodes (87456 simplex iterations) in 53.54 seconds
Thread count was 20 (of 40 available processors)

Solution count 4: 5793.75 5806.4 6471.92 6659.85 

Optimal solution found (tolerance 1.00e-04)
Best objective 5.793750000000e+03, best bound 5.793750000000e+03, gap 0.0000%
