
Gurobi 9.0.2 (linux64, Python) logging started Fri Dec  4 22:40:23 2020

Using license file /share/apps/gurobi/9.0.2/gurobi_client.lic
Set parameter TokenServer to value 10.1.1.1
Set parameter LogFile to value /storage/users/anderhva/041220-223751/logs/O12-C1-V2-WS0.log
Set parameter LogToConsole to value 0
Changed value of parameter TimeLimit to 3600.0
   Prev: inf  Min: 0.0  Max: inf  Default: inf
Gurobi Optimizer version 9.0.2 build v9.0.2rc0 (linux64)
Optimize a model with 8088 rows, 44013 columns and 235605 nonzeros
Model fingerprint: 0xa1f6359f
Variable types: 84 continuous, 43929 integer (43929 binary)
Coefficient statistics:
  Matrix range     [1e+00, 1e+02]
  Objective range  [1e+00, 1e+04]
  Bounds range     [1e+00, 1e+00]
  RHS range        [1e+00, 1e+02]
Presolve removed 588 rows and 900 columns
Presolve time: 0.61s
Presolved: 7500 rows, 43113 columns, 188517 nonzeros
Variable types: 72 continuous, 43041 integer (43038 binary)

Root simplex log...

Iteration    Objective       Primal Inf.    Dual Inf.      Time
   12877    1.9792404e+03   3.304267e+03   0.000000e+00      5s
   19910    2.3172316e+03   0.000000e+00   0.000000e+00      8s

Root relaxation: objective 2.317232e+03, 19910 iterations, 6.63 seconds

    Nodes    |    Current Node    |     Objective Bounds      |     Work
 Expl Unexpl |  Obj  Depth IntInf | Incumbent    BestBd   Gap | It/Node Time

     0     0 2348.39000    0  173          - 2348.39000      -     -   10s
     0     0 3328.03348    0  253          - 3328.03348      -     -   15s
     0     0 3333.21848    0  227          - 3333.21848      -     -   16s
     0     0 3411.79718    0  229          - 3411.79718      -     -   18s
H    0     0                    5894.4200000 3411.79718  42.1%     -   19s
H    0     0                    4860.4400000 3411.79718  29.8%     -   20s
     0     0 3413.43319    0  250 4860.44000 3413.43319  29.8%     -   20s
     0     0 3413.43478    0  253 4860.44000 3413.43478  29.8%     -   20s
     0     0 3430.73675    0  324 4860.44000 3430.73675  29.4%     -   21s
     0     0 4011.98000    0   94 4860.44000 4011.98000  17.5%     -   26s
H    0     0                    4677.6400000 4011.98000  14.2%     -   27s
     0     0 4146.73714    0  131 4677.64000 4146.73714  11.3%     -   28s
     0     0 4159.73290    0   99 4677.64000 4159.73290  11.1%     -   29s
     0     0 4163.95333    0   94 4677.64000 4163.95333  11.0%     -   29s
     0     0 4172.84582    0  170 4677.64000 4172.84582  10.8%     -   29s
     0     0 4172.84582    0   85 4677.64000 4172.84582  10.8%     -   32s
     0     0 4172.84582    0  117 4677.64000 4172.84582  10.8%     -   34s
     0     0 4172.84582    0   97 4677.64000 4172.84582  10.8%     -   35s
     0     0 4172.94762    0  183 4677.64000 4172.94762  10.8%     -   36s
     0     0 4173.16489    0  199 4677.64000 4173.16489  10.8%     -   36s
     0     0 4173.18865    0  208 4677.64000 4173.18865  10.8%     -   36s
     0     0 4174.30843    0  238 4677.64000 4174.30843  10.8%     -   36s
     0     0 4180.18308    0  239 4677.64000 4180.18308  10.6%     -   37s
     0     0 4181.18709    0  291 4677.64000 4181.18709  10.6%     -   38s
     0     0 4181.83244    0  308 4677.64000 4181.83244  10.6%     -   38s
     0     0 4181.99415    0  359 4677.64000 4181.99415  10.6%     -   38s
     0     0 4182.16192    0  310 4677.64000 4182.16192  10.6%     -   39s
     0     0 4182.17178    0  321 4677.64000 4182.17178  10.6%     -   39s
     0     0 4187.15146    0  337 4677.64000 4187.15146  10.5%     -   39s
     0     0 4187.70368    0  367 4677.64000 4187.70368  10.5%     -   40s
     0     0 4187.70368    0  368 4677.64000 4187.70368  10.5%     -   40s
     0     0 4191.01279    0  321 4677.64000 4191.01279  10.4%     -   41s
     0     0 4191.23350    0  356 4677.64000 4191.23350  10.4%     -   42s
     0     0 4191.27395    0  342 4677.64000 4191.27395  10.4%     -   42s
     0     0 4195.16450    0  365 4677.64000 4195.16450  10.3%     -   42s
     0     0 4195.55696    0  425 4677.64000 4195.55696  10.3%     -   43s
     0     0 4195.58380    0  379 4677.64000 4195.58380  10.3%     -   43s
     0     0 4197.58695    0  451 4677.64000 4197.58695  10.3%     -   44s
     0     0 4198.20924    0  410 4677.64000 4198.20924  10.2%     -   44s
     0     0 4201.01328    0  454 4677.64000 4201.01328  10.2%     -   44s
     0     0 4201.01330    0  472 4677.64000 4201.01330  10.2%     -   44s
     0     0 4204.62090    0  365 4677.64000 4204.62090  10.1%     -   45s
     0     0 4204.78832    0  424 4677.64000 4204.78832  10.1%     -   46s
     0     0 4206.12875    0  487 4677.64000 4206.12875  10.1%     -   46s
     0     0 4206.20023    0  479 4677.64000 4206.20023  10.1%     -   47s
     0     0 4208.90451    0  428 4677.64000 4208.90451  10.0%     -   47s
     0     0 4208.90451    0   71 4677.64000 4208.90451  10.0%     -   49s
     0     0 4208.90451    0  148 4677.64000 4208.90451  10.0%     -   51s
     0     0 4208.90451    0  249 4677.64000 4208.90451  10.0%     -   53s
     0     0 4208.90451    0  248 4677.64000 4208.90451  10.0%     -   53s
     0     0 4208.90451    0  281 4677.64000 4208.90451  10.0%     -   54s
     0     0 4208.90451    0  293 4677.64000 4208.90451  10.0%     -   54s
     0     0 4208.90451    0  310 4677.64000 4208.90451  10.0%     -   55s
     0     0 4208.90451    0  322 4677.64000 4208.90451  10.0%     -   55s
     0     0 4208.90451    0  337 4677.64000 4208.90451  10.0%     -   56s
     0     0 4208.90451    0  337 4677.64000 4208.90451  10.0%     -   56s
     0     0 4208.90451    0  346 4677.64000 4208.90451  10.0%     -   56s
     0     0 4213.98470    0  431 4677.64000 4213.98470  9.91%     -   57s
     0     0 4215.64528    0  389 4677.64000 4215.64528  9.88%     -   57s
     0     0 4215.74835    0  393 4677.64000 4215.74835  9.87%     -   57s
     0     0 4217.84624    0  397 4677.64000 4217.84624  9.83%     -   58s
     0     0 4217.84624    0  397 4677.64000 4217.84624  9.83%     -   58s
     0     0 4221.21604    0  462 4677.64000 4221.21604  9.76%     -   58s
     0     0 4221.46634    0  474 4677.64000 4221.46634  9.75%     -   59s
     0     0 4222.97633    0  454 4677.64000 4222.97633  9.72%     -   59s
     0     0 4223.33138    0  490 4677.64000 4223.33138  9.71%     -   59s
     0     0 4223.55591    0  455 4677.64000 4223.55591  9.71%     -   59s
     0     0 4223.62333    0  483 4677.64000 4223.62333  9.71%     -   59s
     0     0 4228.13980    0  486 4677.64000 4228.13980  9.61%     -   60s
     0     0 4229.33057    0  477 4677.64000 4229.33057  9.58%     -   60s
     0     0 4230.28543    0  518 4677.64000 4230.28543  9.56%     -   61s
     0     0 4230.28543    0  518 4677.64000 4230.28543  9.56%     -   61s
     0     0 4235.94573    0  437 4677.64000 4235.94573  9.44%     -   61s
     0     0 4236.24890    0  439 4677.64000 4236.24890  9.44%     -   62s
     0     0 4236.31558    0  489 4677.64000 4236.31558  9.43%     -   62s
     0     0 4246.67556    0  394 4677.64000 4246.67556  9.21%     -   63s
     0     0 4247.68899    0  428 4677.64000 4247.68899  9.19%     -   63s
     0     0 4247.80645    0  443 4677.64000 4247.80645  9.19%     -   63s
     0     0 4252.83084    0  421 4677.64000 4252.83084  9.08%     -   64s
     0     0 4253.58068    0  497 4677.64000 4253.58068  9.07%     -   64s
     0     0 4253.59530    0  498 4677.64000 4253.59530  9.07%     -   64s
     0     0 4260.17790    0  492 4677.64000 4260.17790  8.92%     -   65s
     0     0 4260.29513    0  495 4677.64000 4260.29513  8.92%     -   66s
     0     0 4264.10029    0  542 4677.64000 4264.10029  8.84%     -   66s
     0     0 4264.48716    0  574 4677.64000 4264.48716  8.83%     -   67s
     0     0 4264.50876    0  580 4677.64000 4264.50876  8.83%     -   67s
     0     0 4267.15699    0  582 4677.64000 4267.15699  8.78%     -   67s
     0     0 4267.15699    0   68 4677.64000 4267.15699  8.78%     -   70s
     0     0 4267.15699    0  231 4677.64000 4267.15699  8.78%     -   74s
     0     0 4309.06000    0   68 4677.64000 4309.06000  7.88%     -   75s
     0     0 4320.04800    0   91 4677.64000 4320.04800  7.64%     -   75s
     0     0 4330.29648    0   74 4677.64000 4330.29648  7.43%     -   75s
     0     0 4330.73429    0   94 4677.64000 4330.73429  7.42%     -   75s
     0     0 4344.77146    0  107 4677.64000 4344.77146  7.12%     -   75s
     0     0 4347.85022    0   97 4677.64000 4347.85022  7.05%     -   75s
     0     0 4360.41215    0   97 4677.64000 4360.41215  6.78%     -   76s
     0     0 4361.18523    0  133 4677.64000 4361.18523  6.77%     -   76s
     0     0 4361.25294    0  135 4677.64000 4361.25294  6.76%     -   76s
     0     0 4437.40527    0  227 4677.64000 4437.40527  5.14%     -   76s
     0     0 4607.64000    0    8 4677.64000 4607.64000  1.50%     -   76s

Cutting planes:
  Gomory: 3
  Implied bound: 9
  Flow cover: 1
  Relax-and-lift: 4

Explored 1 nodes (124380 simplex iterations) in 76.68 seconds
Thread count was 20 (of 40 available processors)

Solution count 3: 4677.64 4860.44 5894.42 

Optimal solution found (tolerance 1.00e-04)
Best objective 4.677640000000e+03, best bound 4.677640000000e+03, gap 0.0000%
