
Gurobi 9.0.2 (linux64, Python) logging started Fri Dec  4 22:43:31 2020

Using license file /share/apps/gurobi/9.0.2/gurobi_client.lic
Set parameter TokenServer to value 10.1.1.1
Set parameter LogFile to value /storage/users/anderhva/041220-223751/logs/O12-C4-V2-WS0.log
Set parameter LogToConsole to value 0
Changed value of parameter TimeLimit to 3600.0
   Prev: inf  Min: 0.0  Max: inf  Default: inf
Gurobi Optimizer version 9.0.2 build v9.0.2rc0 (linux64)
Optimize a model with 8463 rows, 46512 columns and 249078 nonzeros
Model fingerprint: 0x086b8279
Variable types: 84 continuous, 46428 integer (46428 binary)
Coefficient statistics:
  Matrix range     [1e+00, 1e+02]
  Objective range  [1e+00, 8e+03]
  Bounds range     [1e+00, 1e+00]
  RHS range        [1e+00, 1e+02]
Presolve removed 714 rows and 1113 columns
Presolve time: 0.67s
Presolved: 7749 rows, 45399 columns, 198582 nonzeros
Variable types: 72 continuous, 45327 integer (45324 binary)

Root simplex log...

Iteration    Objective       Primal Inf.    Dual Inf.      Time
   13911    2.0106808e+03   5.950475e+03   0.000000e+00      5s
   19062    2.3091186e+03   0.000000e+00   0.000000e+00      7s

Root relaxation: objective 2.309119e+03, 19062 iterations, 5.47 seconds

    Nodes    |    Current Node    |     Objective Bounds      |     Work
 Expl Unexpl |  Obj  Depth IntInf | Incumbent    BestBd   Gap | It/Node Time

     0     0 2309.11858    0  225          - 2309.11858      -     -    7s
     0     0 3202.44277    0  250          - 3202.44277      -     -   13s
H    0     0                    22283.960000 3202.44277  85.6%     -   13s
     0     0 3226.50029    0  322 22283.9600 3226.50029  85.5%     -   14s
     0     0 3226.68436    0  319 22283.9600 3226.68436  85.5%     -   14s
     0     0 3435.09950    0  382 22283.9600 3435.09950  84.6%     -   18s
H    0     0                    22215.895000 3435.09950  84.5%     -   20s
     0     0 3471.48907    0  344 22215.8950 3471.48907  84.4%     -   20s
     0     0 3480.95571    0  332 22215.8950 3480.95571  84.3%     -   21s
     0     0 3481.61452    0  366 22215.8950 3481.61452  84.3%     -   21s
     0     0 3854.72221    0  275 22215.8950 3854.72221  82.6%     -   23s
H    0     0                    14159.895000 3854.72221  72.8%     -   24s
     0     0 3855.86931    0  314 14159.8950 3855.86931  72.8%     -   24s
     0     0 3856.80956    0  333 14159.8950 3856.80956  72.8%     -   24s
     0     0 3856.88717    0  279 14159.8950 3856.88717  72.8%     -   25s
     0     0 3920.72264    0  221 14159.8950 3920.72264  72.3%     -   26s
     0     0 3928.07831    0  282 14159.8950 3928.07831  72.3%     -   28s
     0     0 3928.27542    0  268 14159.8950 3928.27542  72.3%     -   29s
H    0     0                    6899.2300000 3928.27542  43.1%     -   29s
     0     0 3944.36356    0  274 6899.23000 3944.36356  42.8%     -   29s
     0     0 3946.16648    0  320 6899.23000 3946.16648  42.8%     -   30s
     0     0 3949.26036    0  261 6899.23000 3949.26036  42.8%     -   30s
     0     0 3950.10485    0  262 6899.23000 3950.10485  42.7%     -   30s
     0     0 3950.21113    0  263 6899.23000 3950.21113  42.7%     -   30s
     0     0 3956.34444    0  258 6899.23000 3956.34444  42.7%     -   31s
     0     0 3956.34444    0  287 6899.23000 3956.34444  42.7%     -   37s
     0     0 4476.47482    0  247 6899.23000 4476.47482  35.1%     -   41s
     0     0 4612.12094    0  226 6899.23000 4612.12094  33.2%     -   44s
     0     0 4618.15977    0  211 6899.23000 4618.15977  33.1%     -   45s
     0     0 4618.16922    0  216 6899.23000 4618.16922  33.1%     -   45s
     0     0 4636.00102    0  236 6899.23000 4636.00102  32.8%     -   46s
     0     0 4640.69827    0  181 6899.23000 4640.69827  32.7%     -   48s
     0     0 4644.13646    0  211 6899.23000 4644.13646  32.7%     -   48s
     0     0 4645.05869    0  252 6899.23000 4645.05869  32.7%     -   48s
     0     0 4645.25668    0  236 6899.23000 4645.25668  32.7%     -   48s
     0     0 4694.17472    0  298 6899.23000 4694.17472  32.0%     -   50s
     0     0 4720.56860    0  271 6899.23000 4720.56860  31.6%     -   51s
     0     0 4724.11923    0  242 6899.23000 4724.11923  31.5%     -   52s
     0     0 4724.58616    0  222 6899.23000 4724.58616  31.5%     -   52s
     0     0 4724.81436    0  294 6899.23000 4724.81436  31.5%     -   52s
H    0     0                    6008.8800000 4724.81436  21.4%     -   53s
     0     0 4809.68825    0  233 6008.88000 4809.68825  20.0%     -   54s
H    0     0                    5823.2800000 4809.68825  17.4%     -   54s
     0     0 4811.89009    0  262 5823.28000 4811.89009  17.4%     -   54s
     0     0 4812.51177    0  344 5823.28000 4812.51177  17.4%     -   55s
     0     0 4812.71894    0  346 5823.28000 4812.71894  17.4%     -   55s
     0     0 4837.95377    0  343 5823.28000 4837.95377  16.9%     -   55s
     0     0 5203.44800    0  115 5823.28000 5203.44800  10.6%     -   61s
     0     0 5314.44742    0   81 5823.28000 5314.44742  8.74%     -   62s
     0     0 5532.03000    0   12 5823.28000 5532.03000  5.00%     -   62s
     0     0 5546.84932    0   13 5823.28000 5546.84932  4.75%     -   62s
     0     0 5573.79097    0   28 5823.28000 5573.79097  4.28%     -   62s

Cutting planes:
  Gomory: 13
  Implied bound: 36
  MIR: 36
  Flow cover: 24
  RLT: 26
  Relax-and-lift: 68

Explored 1 nodes (93367 simplex iterations) in 63.02 seconds
Thread count was 20 (of 40 available processors)

Solution count 6: 5823.28 6008.88 6899.23 ... 22284

Optimal solution found (tolerance 1.00e-04)
Best objective 5.823280000000e+03, best bound 5.823280000000e+03, gap 0.0000%
