
Gurobi 9.0.2 (linux64, Python) logging started Fri Dec  4 22:50:21 2020

Using license file /share/apps/gurobi/9.0.2/gurobi_client.lic
Set parameter TokenServer to value 10.1.1.1
Set parameter LogFile to value /storage/users/anderhva/041220-223751/logs/O14-C3-V2-WS0.log
Set parameter LogToConsole to value 0
Changed value of parameter TimeLimit to 3600.0
   Prev: inf  Min: 0.0  Max: inf  Default: inf
Gurobi Optimizer version 9.0.2 build v9.0.2rc0 (linux64)
Optimize a model with 9607 rows, 58746 columns and 318996 nonzeros
Model fingerprint: 0xcd14946a
Variable types: 96 continuous, 58650 integer (58650 binary)
Coefficient statistics:
  Matrix range     [1e+00, 1e+02]
  Objective range  [1e+00, 1e+04]
  Bounds range     [1e+00, 1e+00]
  RHS range        [1e+00, 1e+02]
Presolve removed 776 rows and 1317 columns
Presolve time: 0.87s
Presolved: 8831 rows, 57429 columns, 255594 nonzeros
Variable types: 84 continuous, 57345 integer (57342 binary)

Root simplex log...

Iteration    Objective       Primal Inf.    Dual Inf.      Time
   12097    2.6892958e+03   2.302717e+03   0.000000e+00      5s
   16437    3.2789000e+03   0.000000e+00   0.000000e+00      7s

Root relaxation: objective 3.278900e+03, 16437 iterations, 5.53 seconds

    Nodes    |    Current Node    |     Objective Bounds      |     Work
 Expl Unexpl |  Obj  Depth IntInf | Incumbent    BestBd   Gap | It/Node Time

     0     0 3278.90000    0  215          - 3278.90000      -     -    8s
     0     0 4617.40947    0  159          - 4617.40947      -     -   13s
     0     0 4650.36996    0  130          - 4650.36996      -     -   14s
     0     0 4651.53688    0  154          - 4651.53688      -     -   15s
     0     0 4692.84702    0  197          - 4692.84702      -     -   17s
     0     0 4714.27262    0  236          - 4714.27262      -     -   19s
     0     0 4714.56435    0  226          - 4714.56435      -     -   19s
     0     0 4775.82977    0  145          - 4775.82977      -     -   21s
H    0     0                    18261.845000 4775.82977  73.8%     -   22s
     0     0 4779.07750    0  225 18261.8450 4779.07750  73.8%     -   23s
     0     0 4779.22651    0  195 18261.8450 4779.22651  73.8%     -   23s
     0     0 4808.21320    0  175 18261.8450 4808.21320  73.7%     -   24s
H    0     0                    13405.240000 4808.21320  64.1%     -   24s
H    0     0                    6725.7750000 4808.21320  28.5%     -   25s
H    0     0                    6398.0150000 4808.21320  24.8%     -   25s
     0     0 4808.65459    0  178 6398.01500 4808.65459  24.8%     -   25s
     0     0 4809.18765    0  180 6398.01500 4809.18765  24.8%     -   25s
     0     0 4809.23559    0  199 6398.01500 4809.23559  24.8%     -   25s
     0     0 4840.82159    0  214 6398.01500 4840.82159  24.3%     -   26s
     0     0 4923.61077    0  135 6398.01500 4923.61077  23.0%     -   33s
     0     0 5168.31422    0  113 6398.01500 5168.31422  19.2%     -   38s
     0     0 5247.37499    0  112 6398.01500 5247.37499  18.0%     -   40s
     0     0 5252.00269    0  114 6398.01500 5252.00269  17.9%     -   40s
     0     0 5253.24214    0  116 6398.01500 5253.24214  17.9%     -   40s
     0     0 5372.27296    0  118 6398.01500 5372.27296  16.0%     -   42s
     0     0 5375.20046    0  159 6398.01500 5375.20046  16.0%     -   43s
     0     0 5424.32759    0  114 6398.01500 5424.32759  15.2%     -   44s
     0     0 5430.90302    0  137 6398.01500 5430.90302  15.1%     -   45s
     0     0 5435.24789    0  149 6398.01500 5435.24789  15.0%     -   45s
     0     0 5435.68837    0  191 6398.01500 5435.68837  15.0%     -   45s
     0     0 5436.47704    0  185 6398.01500 5436.47704  15.0%     -   45s
     0     0 5437.25983    0  182 6398.01500 5437.25983  15.0%     -   45s
     0     0 5438.95307    0  161 6398.01500 5438.95307  15.0%     -   45s
     0     0 5440.79522    0  183 6398.01500 5440.79522  15.0%     -   46s
     0     0 5440.81167    0  184 6398.01500 5440.81167  15.0%     -   46s
     0     0 5448.53055    0  148 6398.01500 5448.53055  14.8%     -   46s
     0     0 5452.04663    0  138 6398.01500 5452.04663  14.8%     -   46s
     0     0 5452.10960    0  138 6398.01500 5452.10960  14.8%     -   46s
     0     0 5456.88068    0  187 6398.01500 5456.88068  14.7%     -   47s
     0     0 5456.88068    0   94 6398.01500 5456.88068  14.7%     -   53s
     0     0 5456.88068    0   96 6398.01500 5456.88068  14.7%     -   55s
     0     0 5508.43106    0  138 6398.01500 5508.43106  13.9%     -   56s
     0     0 5517.72907    0  118 6398.01500 5517.72907  13.8%     -   56s
     0     0 5522.13158    0  182 6398.01500 5522.13158  13.7%     -   56s
     0     0 5523.91732    0  152 6398.01500 5523.91732  13.7%     -   56s
     0     0 5526.15615    0  116 6398.01500 5526.15615  13.6%     -   56s
     0     0 5526.15925    0  116 6398.01500 5526.15925  13.6%     -   57s
     0     0 5544.16787    0  156 6398.01500 5544.16787  13.3%     -   57s
     0     0 5548.27870    0  169 6398.01500 5548.27870  13.3%     -   58s
     0     0 5548.53093    0  223 6398.01500 5548.53093  13.3%     -   58s
     0     0 5549.20649    0  221 6398.01500 5549.20649  13.3%     -   58s
     0     0 5549.23854    0  183 6398.01500 5549.23854  13.3%     -   58s
     0     0 5565.83477    0  225 6398.01500 5565.83477  13.0%     -   59s
     0     0 5567.58740    0  227 6398.01500 5567.58740  13.0%     -   59s
     0     0 5567.76498    0  223 6398.01500 5567.76498  13.0%     -   59s
     0     0 5576.32651    0  144 6398.01500 5576.32651  12.8%     -   60s
     0     0 5577.14278    0  135 6398.01500 5577.14278  12.8%     -   60s
     0     0 5577.30866    0  135 6398.01500 5577.30866  12.8%     -   60s
H    0     0                    6381.6150000 5577.30866  12.6%     -   60s
     0     0 5581.04808    0  171 6381.61500 5581.04808  12.5%     -   60s
     0     0 5582.90283    0  183 6381.61500 5582.90283  12.5%     -   61s
     0     0 5583.00673    0  191 6381.61500 5583.00673  12.5%     -   61s
     0     0 5583.37845    0  191 6381.61500 5583.37845  12.5%     -   61s
     0     0 5583.40539    0  195 6381.61500 5583.40539  12.5%     -   61s
     0     0 5591.12683    0  141 6381.61500 5591.12683  12.4%     -   61s
     0     0 5592.41072    0  139 6381.61500 5592.41072  12.4%     -   62s
     0     0 5592.61586    0  137 6381.61500 5592.61586  12.4%     -   62s
     0     0 5592.87551    0  156 6381.61500 5592.87551  12.4%     -   62s
     0     0 5592.89905    0  142 6381.61500 5592.89905  12.4%     -   62s
     0     0 5600.05163    0  184 6381.61500 5600.05163  12.2%     -   62s
H    0     0                    6284.4350000 5600.05163  10.9%     -   62s
     0     0 5601.43520    0  149 6284.43500 5601.43520  10.9%     -   63s
     0     0 5602.04787    0  219 6284.43500 5602.04787  10.9%     -   63s
     0     0 5602.28370    0  228 6284.43500 5602.28370  10.9%     -   63s
     0     0 5602.28370    0  231 6284.43500 5602.28370  10.9%     -   63s
     0     0 5610.17047    0  190 6284.43500 5610.17047  10.7%     -   64s
     0     0 5610.17047    0  115 6284.43500 5610.17047  10.7%     -   68s
     0     0 5610.17047    0  130 6284.43500 5610.17047  10.7%     -   71s
     0     0 5615.63429    0  147 6284.43500 5615.63429  10.6%     -   72s
     0     0 5693.43429    0  146 6284.43500 5693.43429  9.40%     -   75s
     0     0 5742.96900    0  178 6284.43500 5742.96900  8.62%     -   76s
     0     0 5746.36827    0  161 6284.43500 5746.36827  8.56%     -   76s
     0     0 5748.71146    0  154 6284.43500 5748.71146  8.52%     -   77s
     0     0 5749.08868    0  167 6284.43500 5749.08868  8.52%     -   77s
     0     0 5749.25562    0  152 6284.43500 5749.25562  8.52%     -   77s
     0     0 5749.25754    0  152 6284.43500 5749.25754  8.52%     -   77s
     0     0 5786.69249    0  180 6284.43500 5786.69249  7.92%     -   78s
     0     0 5786.69249    0   50 6284.43500 5786.69249  7.92%     -   81s
     0     0 5821.77500    0   38 6284.43500 5821.77500  7.36%     -   82s
     0     0 5849.23628    0   46 6284.43500 5849.23628  6.93%     -   82s
     0     0 5852.83234    0   47 6284.43500 5852.83234  6.87%     -   82s
     0     0 5896.20774    0   71 6284.43500 5896.20774  6.18%     -   82s
     0     0 5896.20774    0   36 6284.43500 5896.20774  6.18%     -   83s
     0     0 5896.20774    0   31 6284.43500 5896.20774  6.18%     -   84s
     0     0 5897.42944    0   50 6284.43500 5897.42944  6.16%     -   84s
     0     0 5929.78682    0   47 6284.43500 5929.78682  5.64%     -   84s
     0     0 5939.01357    0   46 6284.43500 5939.01357  5.50%     -   84s
     0     0 5939.40548    0   43 6284.43500 5939.40548  5.49%     -   84s
     0     0 5962.19650    0   86 6284.43500 5962.19650  5.13%     -   84s
     0     0 5963.98564    0   63 6284.43500 5963.98564  5.10%     -   85s
     0     0 5964.10308    0   64 6284.43500 5964.10308  5.10%     -   85s
     0     0 5964.15503    0   64 6284.43500 5964.15503  5.10%     -   85s
     0     0 6000.17062    0   82 6284.43500 6000.17062  4.52%     -   86s
     0     0 6010.82119    0   76 6284.43500 6010.82119  4.35%     -   86s
     0     0 6012.46680    0   75 6284.43500 6012.46680  4.33%     -   86s
     0     0 6012.85174    0  111 6284.43500 6012.85174  4.32%     -   86s
     0     0 6012.88054    0  111 6284.43500 6012.88054  4.32%     -   86s
     0     0 6036.16149    0  127 6284.43500 6036.16149  3.95%     -   86s
     0     0 6036.16149    0   42 6284.43500 6036.16149  3.95%     -   87s
     0     0 6036.16149    0   51 6284.43500 6036.16149  3.95%     -   88s
     0     0 6036.16149    0   83 6284.43500 6036.16149  3.95%     -   88s
     0     0 6043.94564    0   60 6284.43500 6043.94564  3.83%     -   88s
     0     0 6044.95067    0   61 6284.43500 6044.95067  3.81%     -   88s
     0     0 6045.14786    0   71 6284.43500 6045.14786  3.81%     -   88s
     0     0 6065.83365    0   80 6284.43500 6065.83365  3.48%     -   88s
     0     0 6066.68239    0   69 6284.43500 6066.68239  3.46%     -   88s
     0     0 6066.86542    0   68 6284.43500 6066.86542  3.46%     -   88s
     0     0 6067.32429    0   75 6284.43500 6067.32429  3.45%     -   88s
     0     0 6067.36662    0   75 6284.43500 6067.36662  3.45%     -   88s
     0     0 6075.10537    0   64 6284.43500 6075.10537  3.33%     -   88s
     0     0 6083.51842    0   61 6284.43500 6083.51842  3.20%     -   88s
     0     0 6084.23529    0   70 6284.43500 6084.23529  3.19%     -   88s
     0     0 6085.02588    0   73 6284.43500 6085.02588  3.17%     -   88s
     0     0 6085.16716    0   73 6284.43500 6085.16716  3.17%     -   88s
     0     0 6093.04056    0   86 6284.43500 6093.04056  3.05%     -   88s
     0     0 6096.90224    0   89 6284.43500 6096.90224  2.98%     -   88s
     0     0 6097.32946    0   83 6284.43500 6097.32946  2.98%     -   88s
     0     0 6097.71805    0  100 6284.43500 6097.71805  2.97%     -   88s
     0     0 6099.04128    0  102 6284.43500 6099.04128  2.95%     -   88s
     0     0 6121.24000    0   89 6284.43500 6121.24000  2.60%     -   88s
     0     0 6139.96439    0   95 6284.43500 6139.96439  2.30%     -   88s
     0     0 6147.04955    0   83 6284.43500 6147.04955  2.19%     -   88s
     0     0 6147.43413    0   83 6284.43500 6147.43413  2.18%     -   88s
     0     0 6183.38318    0   99 6284.43500 6183.38318  1.61%     -   88s
     0     0 6186.28500    0   99 6284.43500 6186.28500  1.56%     -   88s
     0     0 6186.28500    0   43 6284.43500 6186.28500  1.56%     -   88s
     0     0 6186.28500    0   69 6284.43500 6186.28500  1.56%     -   88s
     0     0 6186.28500    0   54 6284.43500 6186.28500  1.56%     -   88s
     0     0 6186.28500    0   59 6284.43500 6186.28500  1.56%     -   88s
     0     0 6186.28500    0   73 6284.43500 6186.28500  1.56%     -   88s
     0     0 6186.28500    0   63 6284.43500 6186.28500  1.56%     -   88s
     0     0 6186.28500    0   97 6284.43500 6186.28500  1.56%     -   89s
     0     0 6186.28500    0   81 6284.43500 6186.28500  1.56%     -   89s
     0     0 6186.28500    0   81 6284.43500 6186.28500  1.56%     -   89s
     0     0 6186.28500    0   84 6284.43500 6186.28500  1.56%     -   89s
     0     0 6186.28500    0   85 6284.43500 6186.28500  1.56%     -   89s
     0     0 6196.74500    0   79 6284.43500 6196.74500  1.40%     -   89s
     0     0 6220.85230    0   85 6284.43500 6220.85230  1.01%     -   89s
     0     0 6255.06955    0   89 6284.43500 6255.06955  0.47%     -   89s

Cutting planes:
  Implied bound: 19
  Clique: 7
  MIR: 20
  Flow cover: 5
  RLT: 10
  Relax-and-lift: 99

Explored 1 nodes (122526 simplex iterations) in 89.25 seconds
Thread count was 20 (of 40 available processors)

Solution count 6: 6284.44 6381.62 6398.02 ... 18261.8

Optimal solution found (tolerance 1.00e-04)
Best objective 6.284435000000e+03, best bound 6.284435000000e+03, gap 0.0000%
