
Gurobi 9.0.2 (linux64, Python) logging started Fri Dec  4 22:46:49 2020

Using license file /share/apps/gurobi/9.0.2/gurobi_client.lic
Set parameter TokenServer to value 10.1.1.1
Set parameter LogFile to value /storage/users/anderhva/041220-223751/logs/O14-C2-V2-WS0.log
Set parameter LogToConsole to value 0
Changed value of parameter TimeLimit to 3600.0
   Prev: inf  Min: 0.0  Max: inf  Default: inf
Gurobi Optimizer version 9.0.2 build v9.0.2rc0 (linux64)
Optimize a model with 9352 rows, 57432 columns and 312462 nonzeros
Model fingerprint: 0xc36fa753
Variable types: 96 continuous, 57336 integer (57336 binary)
Coefficient statistics:
  Matrix range     [1e+00, 1e+02]
  Objective range  [1e+00, 1e+04]
  Bounds range     [1e+00, 1e+00]
  RHS range        [1e+00, 1e+02]
Presolve removed 791 rows and 1446 columns
Presolve time: 0.84s
Presolved: 8561 rows, 55986 columns, 249600 nonzeros
Variable types: 84 continuous, 55902 integer (55899 binary)

Root simplex log...

Iteration    Objective       Primal Inf.    Dual Inf.      Time
   10057    2.0815751e+03   1.989803e+02   0.000000e+00      5s
   16636    2.0815754e+03   1.192838e+03   0.000000e+00     10s
   27949    2.2137206e+03   4.922751e+03   0.000000e+00     15s
   31837    2.6257968e+03   0.000000e+00   0.000000e+00     17s

Root relaxation: objective 2.625797e+03, 31837 iterations, 15.33 seconds

    Nodes    |    Current Node    |     Objective Bounds      |     Work
 Expl Unexpl |  Obj  Depth IntInf | Incumbent    BestBd   Gap | It/Node Time

     0     0 2625.79682    0  195          - 2625.79682      -     -   18s
     0     0 3933.78329    0  197          - 3933.78329      -     -   26s
H    0     0                    14517.300000 3933.78329  72.9%     -   32s
H    0     0                    8133.2998159 3933.78329  51.6%     -   33s
     0     0 3979.16025    0  201 8133.29982 3979.16025  51.1%     -   37s
     0     0 4050.15857    0  225 8133.29982 4050.15857  50.2%     -   41s
H    0     0                    8133.2996258 4050.15857  50.2%     -   42s
     0     0 4060.73882    0  293 8133.29963 4060.73882  50.1%     -   44s
     0     0 4061.16410    0  304 8133.29963 4061.16410  50.1%     -   45s
     0     0 4061.31750    0  312 8133.29963 4061.31750  50.1%     -   45s
     0     0 4225.25882    0  208 8133.29963 4225.25882  48.0%     -   49s
H    0     0                    8133.2995282 4225.25882  48.0%     -   50s
     0     0 4229.30799    0  251 8133.29953 4229.30799  48.0%     -   52s
     0     0 4229.66445    0  264 8133.29953 4229.66445  48.0%     -   53s
     0     0 4229.67165    0  270 8133.29953 4229.67165  48.0%     -   53s
     0     0 4235.81426    0  265 8133.29953 4235.81426  47.9%     -   55s
     0     0 4235.95452    0  271 8133.29953 4235.95452  47.9%     -   57s
     0     0 4237.57091    0  257 8133.29953 4237.57091  47.9%     -   59s
H    0     0                    7275.8750000 4237.57091  41.8%     -   61s
H    0     0                    6903.2750000 4237.57091  38.6%     -   61s
H    0     0                    6861.8750000 4237.57091  38.2%     -   61s
H    0     0                    6772.0250000 4237.57091  37.4%     -   61s
     0     0 4237.83972    0  294 6772.02500 4237.83972  37.4%     -   61s
     0     0 4238.19094    0  314 6772.02500 4238.19094  37.4%     -   62s
     0     0 4238.21601    0  311 6772.02500 4238.21601  37.4%     -   62s
     0     0 4240.38030    0  402 6772.02500 4240.38030  37.4%     -   63s
     0     0 4240.38030    0  183 6772.02500 4240.38030  37.4%     -   84s
     0     0 4681.29559    0  217 6772.02500 4681.29559  30.9%     -   93s
H    0     0                    6634.2250000 4681.29559  29.4%     -   95s
     0     0 4753.93394    0  214 6634.22500 4753.93394  28.3%     -   96s
     0     0 4774.78872    0  269 6634.22500 4774.78872  28.0%     -   98s
     0     0 4797.97074    0  326 6634.22500 4797.97074  27.7%     -  100s
     0     0 4801.61571    0  330 6634.22500 4801.61571  27.6%     -  101s
     0     0 4801.67003    0  296 6634.22500 4801.67003  27.6%     -  101s
     0     0 4814.89849    0  388 6634.22500 4814.89849  27.4%     -  103s
     0     0 4815.50444    0  388 6634.22500 4815.50444  27.4%     -  104s
     0     0 4815.50968    0  363 6634.22500 4815.50968  27.4%     -  104s
     0     0 4817.59837    0  391 6634.22500 4817.59837  27.4%     -  105s
     0     0 4818.75104    0  408 6634.22500 4818.75104  27.4%     -  107s
     0     0 4819.09032    0  435 6634.22500 4819.09032  27.4%     -  108s
     0     0 4819.17360    0  480 6634.22500 4819.17360  27.4%     -  108s
     0     0 4822.85597    0  497 6634.22500 4822.85597  27.3%     -  110s
H    0     0                    6606.5750000 4822.85597  27.0%     -  110s
     0     0 4822.88024    0  521 6606.57500 4822.88024  27.0%     -  112s
     0     0 4824.62472    0  449 6606.57500 4824.62472  27.0%     -  114s
     0     0 4824.64762    0  478 6606.57500 4824.64762  27.0%     -  114s
H    0     0                    6412.2250000 4824.64762  24.8%     -  115s
     0     0 4826.03252    0  516 6412.22500 4826.03252  24.7%     -  115s
     0     0 4826.05851    0  510 6412.22500 4826.05851  24.7%     -  116s
     0     0 4826.96671    0  439 6412.22500 4826.96671  24.7%     -  117s
     0     0 4827.08860    0  470 6412.22500 4827.08860  24.7%     -  118s
     0     0 4828.15209    0  521 6412.22500 4828.15209  24.7%     -  119s
     0     0 4828.15209    0  521 6412.22500 4828.15209  24.7%     -  121s
     0     2 4893.29004    0  521 6412.22500 4893.29004  23.7%     -  127s
     1     4 4893.29004    1  320 6412.22500 4893.29004  23.7%  1406  137s
     3     8 4958.24684    2  253 6412.22500 4893.29004  23.7%  2651  146s
     7    16 4983.01219    3  263 6412.22500 4893.29004  23.7%  1873  154s
    15    27 4985.79847    4  239 6412.22500 4983.18503  22.3%  1959  160s
    31    41 4988.36154    5  232 6412.22500 4988.36154  22.2%  1703  166s
H   33    41                    5922.1450000 4988.38381  15.8%  1639  166s
    51    44 5198.78054    6  224 5922.14500 4988.38381  15.8%  1423  170s
    91    58 5622.43281    7  139 5922.14500 5139.06081  13.2%  1190  176s
   142    78 5794.97499    8  141 5922.14500 5139.06081  13.2%   882  180s
   251    81 5756.92485   14   87 5922.14500 5139.06081  13.2%   591  185s
   442    61 5452.79789   16  192 5922.14500 5139.06081  13.2%   453  194s
   467    61 5473.35613   17  115 5922.14500 5139.06081  13.2%   445  196s
   617    47     cutoff   17      5922.14500 5181.92815  12.5%   377  200s
   948     7 5619.31110    7  120 5922.14500 5619.31110  5.11%   293  205s

Cutting planes:
  Learned: 1
  Cover: 9
  Implied bound: 113
  Clique: 5
  MIR: 27
  StrongCG: 1
  Flow cover: 15
  Zero half: 8
  RLT: 20
  Relax-and-lift: 60

Explored 985 nodes (420246 simplex iterations) in 205.37 seconds
Thread count was 20 (of 40 available processors)

Solution count 10: 5922.15 6412.22 6606.58 ... 14517.3

Optimal solution found (tolerance 1.00e-04)
Best objective 5.922145000000e+03, best bound 5.922145000000e+03, gap 0.0000%
