
Gurobi 9.0.2 (linux64, Python) logging started Fri Dec  4 22:53:00 2020

Using license file /share/apps/gurobi/9.0.2/gurobi_client.lic
Set parameter TokenServer to value 10.1.1.1
Set parameter LogFile to value /storage/users/anderhva/041220-223751/logs/O16-C1-V3-WS0.log
Set parameter LogToConsole to value 0
Changed value of parameter TimeLimit to 3600.0
   Prev: inf  Min: 0.0  Max: inf  Default: inf
Gurobi Optimizer version 9.0.2 build v9.0.2rc0 (linux64)
Optimize a model with 14960 rows, 102612 columns and 564548 nonzeros
Model fingerprint: 0xeb63fcd4
Variable types: 144 continuous, 102468 integer (102468 binary)
Coefficient statistics:
  Matrix range     [1e+00, 1e+02]
  Objective range  [1e+00, 1e+04]
  Bounds range     [1e+00, 1e+00]
  RHS range        [1e+00, 1e+02]
Presolve removed 1260 rows and 2180 columns
Presolve time: 1.62s
Presolved: 13700 rows, 100432 columns, 453892 nonzeros
Variable types: 128 continuous, 100304 integer (100300 binary)

Deterministic concurrent LP optimizer: primal and dual simplex
Showing first log only...


Root simplex log...

Iteration    Objective       Primal Inf.    Dual Inf.      Time
   18835    1.0678478e+04   0.000000e+00   2.122108e+06      5s
   42350    3.8275401e+03   0.000000e+00   1.000429e+08     10s
   59684    2.8369621e+03   0.000000e+00   1.953558e+06     15s
   75444    2.5108439e+03   0.000000e+00   3.933032e+05     20s
   90462    2.3532516e+03   0.000000e+00   3.302670e+05     25s
Concurrent spin time: 0.00s

Solved with dual simplex

Root relaxation: objective 3.408712e+03, 34038 iterations, 25.81 seconds

    Nodes    |    Current Node    |     Objective Bounds      |     Work
 Expl Unexpl |  Obj  Depth IntInf | Incumbent    BestBd   Gap | It/Node Time

     0     0 3408.71211    0  274          - 3408.71211      -     -   29s
H    0     0                    26306.240000 3408.71211  87.0%     -   32s
     0     0 4863.08134    0  206 26306.2400 4863.08134  81.5%     -   46s
H    0     0                    8056.5400000 4863.08134  39.6%     -   48s
H    0     0                    7541.7600000 4863.08134  35.5%     -   52s
     0     0 4869.03065    0  222 7541.76000 4869.03065  35.4%     -   52s
     0     0 5038.85987    0  334 7541.76000 5038.85987  33.2%     -   59s
     0     0 5038.85987    0  295 7541.76000 5038.85987  33.2%     -   81s
     0     0 5038.85987    0  298 7541.76000 5038.85987  33.2%     -   97s
     0     0 5065.33827    0  282 7541.76000 5065.33827  32.8%     -  105s
     0     0 5095.12851    0  309 7541.76000 5095.12851  32.4%     -  110s
     0     0 5100.17639    0  290 7541.76000 5100.17639  32.4%     -  117s
     0     0 5167.31688    0  312 7541.76000 5167.31688  31.5%     -  123s
     0     0 5169.52866    0  349 7541.76000 5169.52866  31.5%     -  124s
     0     0 5170.60807    0  312 7541.76000 5170.60807  31.4%     -  125s
     0     0 5170.83590    0  381 7541.76000 5170.83590  31.4%     -  126s
     0     0 5236.76076    0  283 7541.76000 5236.76076  30.6%     -  132s
     0     0 5236.84902    0  289 7541.76000 5236.84902  30.6%     -  136s
     0     0 5296.44591    0  287 7541.76000 5296.44591  29.8%     -  140s
     0     0 5442.75238    0  239 7541.76000 5442.75238  27.8%     -  145s
     0     0 5447.54504    0  257 7541.76000 5447.54504  27.8%     -  147s
     0     0 5447.54958    0  295 7541.76000 5447.54958  27.8%     -  147s
     0     0 5494.27038    0  390 7541.76000 5494.27038  27.1%     -  152s
     0     0 5499.65812    0  329 7541.76000 5499.65812  27.1%     -  153s
     0     0 5517.68140    0  268 7541.76000 5517.68140  26.8%     -  156s
     0     0 5518.08474    0  282 7541.76000 5518.08474  26.8%     -  156s
     0     0 5527.12635    0  424 7541.76000 5527.12635  26.7%     -  160s
     0     0 5527.13945    0  386 7541.76000 5527.13945  26.7%     -  164s
     0     0 5538.89820    0  340 7541.76000 5538.89820  26.6%     -  167s
     0     0 5539.43489    0  318 7541.76000 5539.43489  26.5%     -  167s
     0     0 5549.79776    0  279 7541.76000 5549.79776  26.4%     -  170s
     0     0 5552.43686    0  288 7541.76000 5552.43686  26.4%     -  171s
     0     0 5552.45502    0  284 7541.76000 5552.45502  26.4%     -  172s
     0     0 5559.70637    0  324 7541.76000 5559.70637  26.3%     -  174s
     0     0 5559.70637    0  324 7541.76000 5559.70637  26.3%     -  178s
     0     2 5559.70637    0  324 7541.76000 5559.70637  26.3%     -  190s
     1     5 5588.83735    1  328 7541.76000 5559.74603  26.3%  1417  207s
     3     8 5596.29356    2  291 7541.76000 5588.98051  25.9%  1227  226s
     7    16 5614.37546    3  269 7541.76000 5596.45166  25.8%  1677  250s
    15    32 5671.32513    4  189 7541.76000 5614.39614  25.6%  2404  268s
H   31    52                    7541.7592415 5671.33674  24.8%  2010  294s
H   34    52                    7448.9600000 5671.33674  23.9%  1935  294s
    36    52 5744.00495    5  246 7448.96000 5671.33674  23.9%  1892  295s
H   49    52                    7016.9200000 5679.72026  19.1%  1798  295s
    51    70 5733.49644    6  366 7016.92000 5679.72026  19.1%  1797  306s
    71    88 5738.72237    6  374 7016.92000 5679.72026  19.1%  1629  315s
    91   103 5818.56023    7  336 7016.92000 5679.72026  19.1%  1641  324s
   111   120 5824.63959    7  250 7016.92000 5679.72026  19.1%  1501  330s
   138   139 5825.42328    8  306 7016.92000 5679.72026  19.1%  1405  337s
   168   155 6057.39469   10  292 7016.92000 5679.72026  19.1%  1294  344s
H  174   155                    6892.2200000 5679.72026  17.6%  1279  344s
   202   150 6558.74138   10  113 6892.22000 5679.72026  17.6%  1251  352s
   242   149 6858.56854   11  214 6892.22000 5679.72026  17.6%  1187  357s
   285   156 6188.63802   11  191 6892.22000 5679.72026  17.6%  1159  364s
   329   162 6865.92868   12  126 6892.22000 5679.72026  17.6%  1111  375s
*  376   162              21    6855.8200000 5679.72026  17.2%  1100  375s
   379   169 6460.66175   13  160 6855.82000 5679.72026  17.2%  1100  380s
   427   176 6597.80183   16  208 6855.82000 5680.66363  17.1%  1055  386s
   489   187 5819.25355    6  263 6855.82000 5738.73040  16.3%  1008  390s
   543   201 5933.66023    8  254 6855.82000 5738.73040  16.3%   974  396s
   605   205 6416.50944   10  168 6855.82000 5738.73040  16.3%   939  405s
   687   216 6569.36558   17  174 6855.82000 5738.73040  16.3%   892  412s
   762   216     cutoff   21      6855.82000 5738.75273  16.3%   877  567s
H  765   216                    6806.9200000 5738.75273  15.7%   874  568s
H  782   216                    6806.9158528 5738.75273  15.7%   872  568s
   792   224 6457.37922    8  181 6806.91585 5738.75273  15.7%   880  572s
   881   227 6582.74968    9  148 6806.91585 5738.75273  15.7%   844  581s
   935   221 6739.08886   11  130 6806.91585 5756.30577  15.4%   840  587s
  1034   228 6088.40983    8  240 6806.91585 5776.59805  15.1%   828  593s
  1151   226 6532.39645   10  181 6806.91585 5776.59805  15.1%   807  598s
  1280   195 6767.25115   16  113 6806.91585 5814.40764  14.6%   781  605s
  1429   181 6425.96738    8  288 6806.91585 5819.54560  14.5%   763  610s
  1589   157 6525.73118   11  186 6806.91585 5856.30408  14.0%   743  615s
  1803   125     cutoff   11      6806.91585 6003.64782  11.8%   708  620s
  2221    25 6540.60657   12  187 6806.91585 6347.90831  6.74%   632  628s
  2359     6 6546.89955   13  304 6806.91585 6393.67273  6.07%   608  631s
  2422     2 6626.18536   14  271 6806.91585 6431.23102  5.52%   598  635s

Cutting planes:
  Cover: 43
  Implied bound: 408
  Clique: 17
  MIR: 27
  StrongCG: 1
  Flow cover: 38
  Zero half: 22
  RLT: 158
  Relax-and-lift: 1457

Explored 2441 nodes (1560697 simplex iterations) in 636.99 seconds
Thread count was 20 (of 40 available processors)

Solution count 8: 6806.92 6855.82 6892.22 ... 26306.2
No other solutions better than 6806.92

Optimal solution found (tolerance 1.00e-04)
Best objective 6.806914693566e+03, best bound 6.806914693566e+03, gap 0.0000%
