
Gurobi 9.0.2 (linux64, Python) logging started Fri Dec  4 23:03:49 2020

Using license file /share/apps/gurobi/9.0.2/gurobi_client.lic
Set parameter TokenServer to value 10.1.1.1
Set parameter LogFile to value /storage/users/anderhva/041220-223751/logs/O16-C2-V3-WS0.log
Set parameter LogToConsole to value 0
Changed value of parameter TimeLimit to 3600.0
   Prev: inf  Min: 0.0  Max: inf  Default: inf
Gurobi Optimizer version 9.0.2 build v9.0.2rc0 (linux64)
Optimize a model with 14536 rows, 98300 columns and 540548 nonzeros
Model fingerprint: 0x0f3a63f4
Variable types: 144 continuous, 98156 integer (98156 binary)
Coefficient statistics:
  Matrix range     [1e+00, 1e+02]
  Objective range  [1e+00, 1e+04]
  Bounds range     [1e+00, 1e+00]
  RHS range        [1e+00, 1e+02]
Presolve removed 1319 rows and 2445 columns
Presolve time: 1.58s
Presolved: 13217 rows, 95855 columns, 432893 nonzeros
Variable types: 128 continuous, 95727 integer (95720 binary)

Deterministic concurrent LP optimizer: primal and dual simplex
Showing first log only...


Root simplex log...

Iteration    Objective       Primal Inf.    Dual Inf.      Time
   23436    9.8222507e+03   0.000000e+00   4.082768e+07      5s
   45349    3.3705220e+03   0.000000e+00   7.855463e+05     10s
   62450    2.7882460e+03   0.000000e+00   4.086197e+06     15s
   78239    3.0769643e+03   1.200056e+04   0.000000e+00     20s
   83735    3.3145603e+03   7.707652e+04   0.000000e+00     25s
   89178    3.9217989e+03   7.081058e+02   0.000000e+00     30s
   91574    3.9455477e+03   0.000000e+00   0.000000e+00     33s
   91574    3.9455477e+03   0.000000e+00   0.000000e+00     33s
Concurrent spin time: 6.68s

Solved with primal simplex

Root relaxation: objective 3.945548e+03, 91574 iterations, 36.87 seconds

    Nodes    |    Current Node    |     Objective Bounds      |     Work
 Expl Unexpl |  Obj  Depth IntInf | Incumbent    BestBd   Gap | It/Node Time

     0     0 3945.54769    0  247          - 3945.54769      -     -   41s
     0     0 4496.73318    0  278          - 4496.73318      -     -   61s
H    0     0                    9690.5450000 4496.73318  53.6%     -   62s
     0     0 4496.83189    0  257 9690.54500 4496.83189  53.6%     -   63s
     0     0 5404.57812    0  268 9690.54500 5404.57812  44.2%     -   75s
     0     0 5404.57812    0  245 9690.54500 5404.57812  44.2%     -  109s
     0     0 5404.57812    0  292 9690.54500 5404.57812  44.2%     -  130s
     0     0 5404.57812    0  267 9690.54500 5404.57812  44.2%     -  140s
     0     0 5412.50561    0  238 9690.54500 5412.50561  44.1%     -  143s
     0     0 5413.52100    0  301 9690.54500 5413.52100  44.1%     -  144s
     0     0 5482.24307    0  391 9690.54500 5482.24307  43.4%     -  155s
     0     0 5487.37634    0  405 9690.54500 5487.37634  43.4%     -  162s
     0     0 5487.96271    0  376 9690.54500 5487.96271  43.4%     -  163s
     0     0 5488.09083    0  374 9690.54500 5488.09083  43.4%     -  164s
     0     0 5550.08320    0  340 9690.54500 5550.08320  42.7%     -  172s
H    0     0                    8450.2950000 5550.08320  34.3%     -  181s
     0     0 5551.04079    0  275 8450.29500 5551.04079  34.3%     -  182s
     0     0 5552.88499    0  466 8450.29500 5552.88499  34.3%     -  185s
     0     0 5553.07244    0  256 8450.29500 5553.07244  34.3%     -  185s
H    0     0                    7997.8350000 5553.07244  30.6%     -  193s
     0     0 5629.74694    0  352 7997.83500 5629.74694  29.6%     -  194s
     0     0 5633.32397    0  302 7997.83500 5633.32397  29.6%     -  202s
     0     0 5633.33102    0  335 7997.83500 5633.33102  29.6%     -  202s
     0     0 5647.15213    0  408 7997.83500 5647.15213  29.4%     -  209s
H    0     0                    7351.0450000 5647.15213  23.2%     -  210s
     0     0 5647.52802    0  387 7351.04500 5647.52802  23.2%     -  211s
     0     0 5648.64625    0  380 7351.04500 5648.64625  23.2%     -  211s
     0     0 5648.65465    0  387 7351.04500 5648.65465  23.2%     -  211s
     0     0 5662.46053    0  448 7351.04500 5662.46053  23.0%     -  217s
     0     0 5671.15792    0  500 7351.04500 5671.15792  22.9%     -  231s
     0     0 5671.45764    0  499 7351.04500 5671.45764  22.8%     -  232s
     0     0 5671.49699    0  519 7351.04500 5671.49699  22.8%     -  232s
     0     0 5684.10994    0  534 7351.04500 5684.10994  22.7%     -  239s
     0     0 5686.19877    0  584 7351.04500 5686.19877  22.6%     -  243s
     0     0 5686.22639    0  550 7351.04500 5686.22639  22.6%     -  243s
     0     0 5692.91205    0  526 7351.04500 5692.91205  22.6%     -  249s
     0     0 5693.67592    0  648 7351.04500 5693.67592  22.5%     -  252s
     0     0 5693.76689    0  675 7351.04500 5693.76689  22.5%     -  253s
     0     0 5698.28897    0  645 7351.04500 5698.28897  22.5%     -  260s
     0     0 5698.34028    0  638 7351.04500 5698.34028  22.5%     -  261s
     0     0 5701.48549    0  532 7351.04500 5701.48549  22.4%     -  267s
     0     0 5702.09734    0  658 7351.04500 5702.09734  22.4%     -  271s
     0     0 5702.49875    0  647 7351.04500 5702.49875  22.4%     -  273s
     0     0 5702.54298    0  633 7351.04500 5702.54298  22.4%     -  274s
     0     0 5704.71385    0  709 7351.04500 5704.71385  22.4%     -  281s
     0     0 5704.84946    0  707 7351.04500 5704.84946  22.4%     -  296s
     0     0 5706.41815    0  523 7351.04500 5706.41815  22.4%     -  300s
     0     0 5706.41815    0  519 7351.04500 5706.41815  22.4%     -  307s
     0     2 5706.41815    0  519 7351.04500 5706.41815  22.4%     -  321s
     1     4 5731.09776    1  342 7351.04500 5706.67340  22.4%  4508  350s
     3     8 5741.54788    2  517 7351.04500 5722.06714  22.2%  3061  383s
     7    16 5771.41750    3  286 7351.04500 5741.56299  21.9%  2957  406s
    15    32 5808.24826    4  446 7351.04500 5747.62617  21.8%  2992  437s
    31    52 5816.35861    5  467 7351.04500 5808.30398  21.0%  2822  459s
H   51    70                    7215.4350000 5813.06301  19.4%  2429  494s
H   62    70                    7187.6350000 5813.06301  19.1%  2319  494s
    71    85 5961.79788    6  346 7187.63500 5813.06301  19.1%  2284  509s
    91   101 5862.54154    7  486 7187.63500 5813.06301  19.1%  2031  515s
   111   116 5959.98891    7  386 7187.63500 5862.54397  18.4%  1847  526s
   139   126 5896.82764    8  345 7187.63500 5862.55879  18.4%  1734  535s
   170   131 5946.55430    8  360 7187.63500 5896.97063  18.0%  1627  545s
   202   139 6181.48179    9  170 7187.63500 5897.02291  18.0%  1491  556s
   239   152 5942.13938    9  245 7187.63500 5942.13938  17.3%  1380  561s
   282   160 6326.01394   10  170 7187.63500 5942.17964  17.3%  1266  569s
   328   175 6906.98224   10  148 7187.63500 5946.56917  17.3%  1170  576s
   387   184 6326.03950   11  175 7187.63500 5946.56917  17.3%  1066  580s
   522   211 infeasible   15      7187.63500 5960.04151  17.1%   873  592s
   595   233 6257.08906   10  190 7187.63500 5960.04151  17.1%   830  597s
   668   258 6453.18499   11  161 7187.63500 5960.04151  17.1%   786  607s
   754   282 6693.48593   12  113 7187.63500 5960.04151  17.1%   742  612s
   864   321 6713.64169   17  100 7187.63500 5976.56951  16.8%   682  621s
   960   360 6620.47811    9  191 7187.63500 5976.56951  16.8%   667  629s
  1081   405 6805.13274   12  114 7187.63500 5976.56951  16.8%   631  634s
  1246   434 6910.88983   11  126 7187.63500 6055.64557  15.7%   576  641s
  1379   468 6306.63243    9  260 7187.63500 6055.64557  15.7%   553  646s
  1522   510 6621.42270   11  278 7187.63500 6055.64557  15.7%   532  651s
  1678   541 6701.49698   12  114 7187.63500 6055.64557  15.7%   513  657s
  1855   562 6854.90786   17   67 7187.63500 6055.64557  15.7%   491  662s
  2018   577 6979.64090   23  109 7187.63500 6055.64557  15.7%   479  667s
  2232   605 7076.72465   28   74 7187.63500 6055.64557  15.7%   459  671s
  2422   622 7094.80394   35   89 7187.63500 6055.64557  15.7%   447  676s
  2666   619 7133.94500   59   36 7187.63500 6262.36795  12.9%   434  680s
  3276   756 6881.46701   13  193 7187.63500 6271.57340  12.7%   391  689s
  3722   833 6975.69809   12  107 7187.63500 6474.67415  9.92%   360  693s
  4209   902 6704.56928   10   98 7187.63500 6667.38990  7.24%   333  696s
  5394   868 6976.95314   21   93 7187.63500 6681.43325  7.04%   281  702s
  5996   760     cutoff   24      7187.63500 6774.78543  5.74%   261  705s
  7453   213 infeasible   17      7187.63500 6947.42111  3.34%   223  710s
  8270   138 7100.20257   19   35 7187.63500 7016.52964  2.38%   205  733s
H 8333   138                    7187.6349937 7016.52964  2.38%   204  733s
  8374     5     cutoff   20      7187.63499 7016.52964  2.38%   203  735s

Cutting planes:
  Cover: 38
  Implied bound: 417
  Clique: 15
  MIR: 41
  Flow cover: 36
  GUB cover: 2
  Zero half: 21
  RLT: 59
  Relax-and-lift: 257

Explored 8577 nodes (1952180 simplex iterations) in 735.28 seconds
Thread count was 20 (of 40 available processors)

Solution count 6: 7187.63 7215.43 7351.05 ... 9690.55

Optimal solution found (tolerance 1.00e-04)
Best objective 7.187634993671e+03, best bound 7.187634993671e+03, gap 0.0000%
