
Gurobi 9.0.2 (linux64, Python) logging started Sat Dec  5 00:42:54 2020

Using license file /share/apps/gurobi/9.0.2/gurobi_client.lic
Set parameter TokenServer to value 10.1.1.1
Set parameter LogFile to value /storage/users/anderhva/041220-223751/logs/O18-C2-V3-WS0.log
Set parameter LogToConsole to value 0
Changed value of parameter TimeLimit to 3600.0
   Prev: inf  Min: 0.0  Max: inf  Default: inf
Gurobi Optimizer version 9.0.2 build v9.0.2rc0 (linux64)
Optimize a model with 16824 rows, 125308 columns and 696532 nonzeros
Model fingerprint: 0x23aea631
Variable types: 160 continuous, 125148 integer (125148 binary)
Coefficient statistics:
  Matrix range     [1e+00, 1e+02]
  Objective range  [1e+00, 1e+04]
  Bounds range     [1e+00, 1e+00]
  RHS range        [1e+00, 1e+02]
Presolve removed 1544 rows and 2866 columns
Presolve time: 2.03s
Presolved: 15280 rows, 122442 columns, 559786 nonzeros
Variable types: 144 continuous, 122298 integer (122292 binary)

Deterministic concurrent LP optimizer: primal and dual simplex
Showing first log only...


Root simplex log...

Iteration    Objective       Primal Inf.    Dual Inf.      Time
   16588    2.5366410e+04   0.000000e+00   5.663900e+06      5s
   43794    5.7032170e+03   0.000000e+00   3.618851e+06     10s
   59261    3.5549636e+03   0.000000e+00   2.579586e+06     15s
   71757    3.1838502e+03   0.000000e+00   6.098706e+05     20s
   83439    2.9846661e+03   0.000000e+00   4.166262e+05     25s
   93873    2.8493295e+03   0.000000e+00   9.558000e+07     30s
  103985    2.7825891e+03   0.000000e+00   4.890811e+04     35s
  114291    2.7613168e+03   0.000000e+00   8.200632e+02     40s
  119836    3.3692296e+03   9.298307e+04   0.000000e+00     45s
  123436    3.4277883e+03   5.381263e+04   0.000000e+00     50s
Concurrent spin time: 0.00s

Solved with dual simplex

Root relaxation: objective 4.031962e+03, 55947 iterations, 50.27 seconds
Total elapsed time = 55.53s

    Nodes    |    Current Node    |     Objective Bounds      |     Work
 Expl Unexpl |  Obj  Depth IntInf | Incumbent    BestBd   Gap | It/Node Time

     0     0 4031.96231    0  231          - 4031.96231      -     -   59s
H    0     0                    23621.175000 4031.96231  82.9%     -   86s
     0     0 4743.21277    0  323 23621.1750 4743.21277  79.9%     -   89s
     0     0 4759.19495    0  363 23621.1750 4759.19495  79.9%     -  103s
     0     0 4761.06226    0  358 23621.1750 4761.06226  79.8%     -  105s
     0     0 4761.16693    0  381 23621.1750 4761.16693  79.8%     -  106s
     0     0 5744.26301    0  351 23621.1750 5744.26301  75.7%     -  126s
     0     0 5773.09411    0  399 23621.1750 5773.09411  75.6%     -  146s
     0     0 5775.60118    0  430 23621.1750 5775.60118  75.5%     -  148s
     0     0 5776.26326    0  463 23621.1750 5776.26326  75.5%     -  151s
     0     0 5776.37228    0  463 23621.1750 5776.37228  75.5%     -  151s
     0     0 5882.68835    0  398 23621.1750 5882.68835  75.1%     -  164s
     0     0 5891.62403    0  505 23621.1750 5891.62403  75.1%     -  186s
     0     0 5892.15587    0  505 23621.1750 5892.15587  75.1%     -  189s
     0     0 5892.31872    0  618 23621.1750 5892.31872  75.1%     -  191s
     0     0 6044.19893    0  426 23621.1750 6044.19893  74.4%     -  209s
H    0     0                    9457.8400000 6044.19893  36.1%     -  216s
     0     0 6056.65544    0  379 9457.84000 6056.65544  36.0%     -  227s
     0     0 6057.63818    0  413 9457.84000 6057.63818  36.0%     -  230s
     0     0 6057.90966    0  400 9457.84000 6057.90966  35.9%     -  231s
     0     0 6060.43924    0  393 9457.84000 6060.43924  35.9%     -  233s
     0     0 6065.72985    0  363 9457.84000 6065.72985  35.9%     -  236s
     0     0 6065.84386    0  427 9457.84000 6065.84386  35.9%     -  237s
     0     0 6078.51248    0  503 9457.84000 6078.51248  35.7%     -  242s
     0     0 6078.51248    0  234 9457.84000 6078.51248  35.7%     -  286s
     0     0 6078.51248    0  446 9457.84000 6078.51248  35.7%     -  326s
     0     0 6078.51248    0  314 9457.84000 6078.51248  35.7%     -  351s
     0     0 6079.18366    0  371 9457.84000 6079.18366  35.7%     -  364s
     0     0 6083.79799    0  431 9457.84000 6083.79799  35.7%     -  369s
     0     0 6084.24388    0  387 9457.84000 6084.24388  35.7%     -  371s
     0     0 6084.29310    0  370 9457.84000 6084.29310  35.7%     -  373s
     0     0 6095.69005    0  466 9457.84000 6095.69005  35.5%     -  386s
H    0     0                    9421.7400000 6095.69005  35.3%     -  387s
     0     0 6096.35877    0  387 9421.74000 6096.35877  35.3%     -  396s
     0     0 6096.35877    0  381 9421.74000 6096.35877  35.3%     -  397s
     0     0 6099.65464    0  414 9421.74000 6099.65464  35.3%     -  406s
H    0     0                    9390.0400000 6099.65464  35.0%     -  409s
     0     0 6099.82549    0  439 9390.04000 6099.82549  35.0%     -  422s
     0     0 6104.20696    0  395 9390.04000 6104.20696  35.0%     -  430s
     0     0 6110.20821    0  376 9390.04000 6110.20821  34.9%     -  445s
     0     0 6110.96315    0  432 9390.04000 6110.96315  34.9%     -  446s
     0     0 6111.03732    0  411 9390.04000 6111.03732  34.9%     -  447s
     0     0 6112.81655    0  562 9390.04000 6112.81655  34.9%     -  453s
     0     0 6112.94875    0  624 9390.04000 6112.94875  34.9%     -  455s
     0     0 6117.24196    0  847 9390.04000 6117.24196  34.9%     -  463s
     0     0 6118.57959    0  700 9390.04000 6118.57959  34.8%     -  466s
     0     0 6118.60844    0  720 9390.04000 6118.60844  34.8%     -  467s
     0     0 6121.42561    0  810 9390.04000 6121.42561  34.8%     -  474s
     0     0 6121.80172    0  827 9390.04000 6121.80172  34.8%     -  478s
     0     0 6121.82348    0  844 9390.04000 6121.82348  34.8%     -  479s
     0     0 6123.64808    0  730 9390.04000 6123.64808  34.8%     -  486s
     0     0 6124.12496    0  818 9390.04000 6124.12496  34.8%     -  492s
     0     0 6124.13976    0  715 9390.04000 6124.13976  34.8%     -  493s
     0     0 6127.19084    0  598 9390.04000 6127.19084  34.7%     -  499s
     0     0 6127.30182    0  641 9390.04000 6127.30182  34.7%     -  501s
     0     0 6128.71927    0  644 9390.04000 6128.71927  34.7%     -  505s
     0     0 6128.80026    0  723 9390.04000 6128.80026  34.7%     -  522s
     0     0 6130.19052    0  604 9390.04000 6130.19052  34.7%     -  526s
     0     0 6130.19052    0  604 9390.04000 6130.19052  34.7%     -  534s
     0     2 6130.19052    0  603 9390.04000 6130.19052  34.7%     -  556s
     1     4 6135.71833    1  665 9390.04000 6130.19234  34.7%  1378  600s
     3     8 6168.11932    2  385 9390.04000 6135.72004  34.7%  2233  641s
     7    16 6195.50761    3  477 9390.04000 6155.50626  34.4%  2748  688s
    15    30 6302.39191    4  400 9390.04000 6194.73269  34.0%  3316  732s
    31    50 6312.50631    5  476 9390.04000 6217.91029  33.8%  2832  797s
H   39    50                    7340.6700000 6217.93696  15.3%  2748  797s
    51    70 6363.48381    6  255 7340.67000 6256.40207  14.8%  2820  813s
    71    88 6386.99169    7  195 7340.67000 6256.40207  14.8%  2618  828s
    91   106 6394.80597    8  203 7340.67000 6256.40207  14.8%  2442  839s
   111   124 6745.98363    9  237 7340.67000 6256.40207  14.8%  2297  849s
   141   137 6564.03215    9  277 7340.67000 6256.40207  14.8%  2032  856s
   171   157 6772.90866   10  230 7340.67000 6256.40207  14.8%  1843  864s
   207   172 6901.56685   10  289 7340.67000 6256.40207  14.8%  1656  873s
   248   189 6822.79344   11  155 7340.67000 6256.40207  14.8%  1561  878s
   297   204 7168.70911   13  246 7340.67000 6256.40207  14.8%  1418  885s
   345   216     cutoff   13      7340.67000 6256.40207  14.8%  1317  890s
   406   225 7185.62623   16  264 7340.67000 6256.40207  14.8%  1198  898s
   470   240 7192.84858   20  193 7340.67000 6256.40207  14.8%  1118  907s
   535   253 7193.00762   25  150 7340.67000 6256.40207  14.8%  1061  916s
   615   265 7193.18419   31  174 7340.67000 6256.40207  14.8%   974  929s
   701   281 7205.24371   38  145 7340.67000 6256.40207  14.8%   934  939s
   788   291 7217.11031   46  123 7340.67000 6256.40207  14.8%   883  948s
   869   305 7252.09741   54  127 7340.67000 6307.07646  14.1%   863  959s
   946   333 6497.14548    6  310 7340.67000 6326.89162  13.8%   857  964s
  1051   355 6518.96381    6  274 7340.67000 6326.89162  13.8%   815  969s
  1164   376 infeasible    7      7340.67000 6346.52604  13.5%   783  978s
  1279   364     cutoff    7      7340.67000 6346.52604  13.5%   768  984s
  1418   394     cutoff    9      7340.67000 6346.52604  13.5%   751  991s
  1567   382 7277.82570   10   69 7340.67000 6368.74545  13.2%   723  998s
  1715   388 6475.29628    6  230 7340.67000 6368.74545  13.2%   706 1004s
  1873   386 6619.67309    8  236 7340.67000 6368.74545  13.2%   688 1011s
  2053   395 7238.07066    9  214 7340.67000 6397.67869  12.8%   667 1018s
  2231   399 6613.26185    8  324 7340.67000 6475.58245  11.8%   653 1023s
  2495   408 6886.25538   12  217 7340.67000 6475.58245  11.8%   614 1029s
  2772   456 7166.77302   18  159 7340.67000 6630.94061  9.67%   584 1035s
  3092   505 7121.68708   20   98 7340.67000 6797.83484  7.39%   552 1041s
  3552   420 infeasible   30      7340.67000 6842.37595  6.79%   505 1046s
  4130   258 infeasible   26      7340.67000 6932.97317  5.55%   453 1050s

Cutting planes:
  Cover: 35
  Implied bound: 366
  Clique: 11
  MIR: 36
  Flow cover: 34
  Zero half: 38
  RLT: 47
  Relax-and-lift: 114

Explored 5350 nodes (2199427 simplex iterations) in 1053.56 seconds
Thread count was 20 (of 40 available processors)

Solution count 5: 7340.67 9390.04 9421.74 ... 23621.2

Optimal solution found (tolerance 1.00e-04)
Best objective 7.340670000000e+03, best bound 7.340670000000e+03, gap 0.0000%
