
Gurobi 9.0.2 (linux64, Python) logging started Sat Dec  5 01:16:46 2020

Using license file /share/apps/gurobi/9.0.2/gurobi_client.lic
Set parameter TokenServer to value 10.1.1.1
Set parameter LogFile to value /storage/users/anderhva/041220-223751/logs/O18-C4-V3-WS0.log
Set parameter LogToConsole to value 0
Changed value of parameter TimeLimit to 3600.0
   Prev: inf  Min: 0.0  Max: inf  Default: inf
Gurobi Optimizer version 9.0.2 build v9.0.2rc0 (linux64)
Optimize a model with 17080 rows, 127748 columns and 710332 nonzeros
Model fingerprint: 0x951c4e05
Variable types: 160 continuous, 127588 integer (127588 binary)
Coefficient statistics:
  Matrix range     [1e+00, 1e+02]
  Objective range  [1e+00, 1e+04]
  Bounds range     [1e+00, 1e+00]
  RHS range        [1e+00, 1e+02]
Presolve removed 1474 rows and 2592 columns
Presolve time: 2.17s
Presolved: 15606 rows, 125156 columns, 572204 nonzeros
Variable types: 144 continuous, 125012 integer (125008 binary)

Deterministic concurrent LP optimizer: primal and dual simplex
Showing first log only...


Root simplex log...

Iteration    Objective       Primal Inf.    Dual Inf.      Time
   13977    1.9614890e+04   0.000000e+00   9.187414e+06      5s
   36414    1.0768351e+04   0.000000e+00   4.383546e+06     10s
   55285    4.7259890e+03   0.000000e+00   1.180929e+06     15s
   71675    2.6454669e+03   0.000000e+00   8.141965e+05     20s
   84409    2.2839079e+03   0.000000e+00   6.406578e+05     25s
   95623    2.0696749e+03   0.000000e+00   1.208962e+05     30s
  106959    1.9233657e+03   0.000000e+00   2.675273e+06     35s
Concurrent spin time: 0.00s

Solved with dual simplex

Root relaxation: objective 2.978087e+03, 46180 iterations, 33.30 seconds

    Nodes    |    Current Node    |     Objective Bounds      |     Work
 Expl Unexpl |  Obj  Depth IntInf | Incumbent    BestBd   Gap | It/Node Time

     0     0 2978.08684    0  302          - 2978.08684      -     -   39s
H    0     0                    10676.870000 2978.08684  72.1%     -   42s
     0     0 3554.51354    0  338 10676.8700 3554.51354  66.7%     -   64s
     0     0 3569.34481    0  374 10676.8700 3569.34481  66.6%     -   73s
     0     0 3569.44081    0  365 10676.8700 3569.44081  66.6%     -   73s
     0     0 4388.64103    0  550 10676.8700 4388.64103  58.9%     -   93s
     0     0 4441.04550    0  534 10676.8700 4441.04550  58.4%     -  114s
     0     0 4450.10024    0  564 10676.8700 4450.10024  58.3%     -  117s
     0     0 4451.16177    0  545 10676.8700 4451.16177  58.3%     -  120s
     0     0 4451.64329    0  530 10676.8700 4451.64329  58.3%     -  123s
     0     0 4451.79171    0  580 10676.8700 4451.79171  58.3%     -  124s
     0     0 4590.41587    0  289 10676.8700 4590.41587  57.0%     -  137s
H    0     0                    7073.2300000 4590.41587  35.1%     -  139s
     0     0 4593.83943    0  371 7073.23000 4593.83943  35.1%     -  151s
     0     0 4692.82874    0  313 7073.23000 4692.82874  33.7%     -  161s
     0     0 4692.82874    0  322 7073.23000 4692.82874  33.7%     -  193s
     0     0 4692.82874    0  282 7073.23000 4692.82874  33.7%     -  224s
     0     0 4692.82874    0  324 7073.23000 4692.82874  33.7%     -  242s
     0     0 4693.00748    0  416 7073.23000 4693.00748  33.7%     -  250s
     0     0 4693.55004    0  411 7073.23000 4693.55004  33.6%     -  251s
     0     0 4693.58741    0  432 7073.23000 4693.58741  33.6%     -  252s
     0     0 4740.95619    0  352 7073.23000 4740.95619  33.0%     -  261s
     0     0 4741.06710    0  372 7073.23000 4741.06710  33.0%     -  272s
     0     0 4780.65493    0  555 7073.23000 4780.65493  32.4%     -  283s
H    0     0                    6997.7600000 4780.65493  31.7%     -  301s
     0     0 4792.20267    0  440 6997.76000 4792.20267  31.5%     -  302s
     0     0 4792.26194    0  489 6997.76000 4792.26194  31.5%     -  302s
     0     0 4798.51249    0  488 6997.76000 4798.51249  31.4%     -  308s
     0     0 4798.57533    0  445 6997.76000 4798.57533  31.4%     -  309s
     0     0 4805.62745    0  387 6997.76000 4805.62745  31.3%     -  314s
     0     0 4808.80660    0  441 6997.76000 4808.80660  31.3%     -  316s
     0     0 4809.68491    0  450 6997.76000 4809.68491  31.3%     -  318s
     0     0 4841.46306    0  627 6997.76000 4841.46306  30.8%     -  325s
     0     0 4855.38260    0  673 6997.76000 4855.38260  30.6%     -  329s
     0     0 4855.46257    0  667 6997.76000 4855.46257  30.6%     -  330s
     0     0 4981.76236    0  378 6997.76000 4981.76236  28.8%     -  343s
     0     0 4990.06418    0  379 6997.76000 4990.06418  28.7%     -  345s
     0     0 4991.55535    0  485 6997.76000 4991.55535  28.7%     -  346s
     0     0 4991.85305    0  448 6997.76000 4991.85305  28.7%     -  347s
     0     0 4996.76061    0  531 6997.76000 4996.76061  28.6%     -  354s
     0     0 4997.13227    0  607 6997.76000 4997.13227  28.6%     -  356s
     0     0 4997.22782    0  607 6997.76000 4997.22782  28.6%     -  356s
     0     0 4999.38152    0  669 6997.76000 4999.38152  28.6%     -  361s
     0     0 5000.07142    0  662 6997.76000 5000.07142  28.5%     -  364s
     0     0 5000.12962    0  749 6997.76000 5000.12962  28.5%     -  364s
     0     0 5002.77439    0  539 6997.76000 5002.77439  28.5%     -  368s
     0     0 5002.77439    0  539 6997.76000 5002.77439  28.5%     -  378s
     0     2 5002.77439    0  539 6997.76000 5002.77439  28.5%     -  399s
     1     4 5019.52258    1  599 6997.76000 5013.02403  28.4%  1870  451s
     3     8 5096.64504    2  509 6997.76000 5019.52760  28.3%  3713  494s
     7    16 5109.58538    3  439 6997.76000 5051.10504  27.8%  3057  527s
    15    29 5236.80372    4  613 6997.76000 5091.86281  27.2%  2715  553s
H   26    29                    6937.4300000 5157.51126  25.7%  2563  553s
    31    41 5267.58261    5  353 6937.43000 5157.51126  25.7%  2541  609s
H   46    41                    6876.6600000 5173.01132  24.8%  2348  609s
    51    55 5333.84329    6  488 6876.66000 5173.01132  24.8%  2469  629s
    71    66 6136.49556    6  300 6876.66000 5173.01132  24.8%  2177  648s
    91    80 5337.46285    7  380 6876.66000 5173.01132  24.8%  2175  659s
   111   101 5351.53815    8  390 6876.66000 5173.01132  24.8%  1974  670s
   143   118 5357.24518   10  395 6876.66000 5173.01132  24.8%  1704  687s
   174   130 5361.90388   12  314 6876.66000 5173.01132  24.8%  1548  698s
   206   150 5372.31466   14  278 6876.66000 5173.01132  24.8%  1443  706s
   248   157 6022.48441   14  353 6876.66000 5173.01132  24.8%  1293  719s
   284   174 5469.50052   15  299 6876.66000 5173.01132  24.8%  1201  726s
   329   198 5488.91220   16  181 6876.66000 5173.01132  24.8%  1100  736s
   384   222 5641.37279   17  210 6876.66000 5173.01132  24.8%  1014  744s
   432   236 5489.92890   17  163 6876.66000 5173.01132  24.8%   981  753s
   496   260 5591.28298   18  402 6876.66000 5173.01132  24.8%   919  760s
   557   295 5522.31969   19  156 6876.66000 5173.01132  24.8%   880  766s
   637   337 5600.42176   21  149 6876.66000 5173.01132  24.8%   815  775s
   723   388 5628.25897   26  163 6876.66000 5173.01132  24.8%   764  786s
   828   426 6145.10257   34  138 6876.66000 5173.01132  24.8%   722  793s
   927   462 5752.40546   39  219 6876.66000 5173.01132  24.8%   687  800s
  1022   498 5789.35529   42  182 6876.66000 5173.01132  24.8%   663  812s
  1153   536 6190.25975   53  105 6876.66000 5173.01132  24.8%   618  824s
  1288   584 6324.92042   57   94 6876.66000 5231.49618  23.9%   583  834s
H 1395   598                    6844.0100000 5231.49618  23.6%   577 1084s
H 1398   598                    6816.5100000 5231.49618  23.3%   579 1084s
  1417   664 6222.79900    7  292 6816.51000 5231.49618  23.3%   586 1092s
  1587   703 6505.75673    7  216 6816.51000 5295.46171  22.3%   558 1106s
  1755   727 5555.47286    8  381 6816.51000 5295.46777  22.3%   545 1118s
  1909   757 5576.26789    9  289 6816.51000 5295.46777  22.3%   539 1127s
  2060   773     cutoff   14      6816.51000 5390.95049  20.9%   538 1139s
  2239   806     cutoff    9      6816.51000 5390.95049  20.9%   536 1151s
  2421   824     cutoff   10      6816.51000 5411.77706  20.6%   530 1166s
  2584   872 6483.76636   11  228 6816.51000 5411.77706  20.6%   535 1174s
  2871   935     cutoff   18      6816.51000 5411.77706  20.6%   512 1182s
  3187  1032 6761.88522   31  133 6816.51000 5559.48178  18.4%   487 1197s
  3482  1108 6138.12222   14  290 6816.51000 5610.21284  17.7%   475 1208s
  3793  1208 6704.87736   17  133 6816.51000 5618.20974  17.6%   464 1220s
  4114  1317 6044.57189   14  178 6816.51000 5678.48692  16.7%   452 1231s
  4451  1343 6650.65471   18  144 6816.51000 5714.98010  16.2%   443 1241s
  4732  1395 6276.51034   10  260 6816.51000 5729.04947  16.0%   442 1253s
  5154  1542 6736.60341   13  329 6816.51000 5740.61916  15.8%   431 1261s
  5652  1660 6631.08208   27   75 6816.51000 5818.15261  14.6%   415 1274s
  6138  1829 6493.93797   27   60 6816.51000 5851.76411  14.2%   404 1285s
  6730  2174 6608.02850   23  182 6816.51000 5869.05686  13.9%   390 1296s
  7470  2175 6256.51996   37  313 6816.51000 5869.95604  13.9%   371 1415s
  7472  2176 6246.89111   35  348 6816.51000 5869.95604  13.9%   371 1478s
  7473  2177 6511.61750   36  748 6816.51000 5869.95604  13.9%   371 1520s
  7474  2178 5990.83884   14  710 6816.51000 5869.95604  13.9%   371 1547s
  7475  2178 6658.59929   27  556 6816.51000 5869.95604  13.9%   371 1567s
  7476  2179 6379.73714   23  856 6816.51000 5869.95604  13.9%   371 1576s
  7477  2180 6605.01671   30 1038 6816.51000 5869.95604  13.9%   371 1581s
  7479  2181 6443.90788   17  960 6816.51000 5869.95604  13.9%   371 1590s
  7480  2182 6064.82756   33  988 6816.51000 5869.95604  13.9%   370 1609s
  7481  2182 6228.98919   27  852 6816.51000 5869.95604  13.9%   370 1616s
  7482  2183 6330.22018   37 1021 6816.51000 5869.95604  13.9%   370 1620s
  7484  2184 6790.36109   26 1021 6816.51000 5869.95604  13.9%   370 1628s
  7485  2185 6240.76427   17  882 6816.51000 5869.95604  13.9%   370 1650s
  7487  2186 6376.52743   21 1218 6816.51000 5869.95604  13.9%   370 1660s
  7489  2188 6353.26274   43 1158 6816.51000 5869.95604  13.9%   370 1666s
  7490  2188 6482.72886   55 1265 6816.51000 5869.95604  13.9%   370 1673s
  7491  2189 6172.39891   26 1001 6816.51000 5869.95604  13.9%   370 1697s
  7492  2190 6304.80640   16 1130 6816.51000 5869.95604  13.9%   370 1701s
  7494  2191 6201.35472   26 1120 6816.51000 5869.95604  13.9%   370 1709s
  7495  2192 6319.21194   40 1296 6816.51000 5869.95604  13.9%   370 1715s
  7497  2193 6444.39828   45 1295 6816.51000 5869.95604  13.9%   370 1724s
  7498  2194 6605.01671   30 1201 6816.51000 5869.95604  13.9%   370 1725s
  7499  2194 6517.37246   32 1195 6816.51000 5869.95604  13.9%   370 1730s
  7500  2195 6461.41084   24 1260 6816.51000 5869.95604  13.9%   369 1737s
  7502  2196 6079.62400   22 1243 6816.51000 5869.95604  13.9%   369 1745s
  7503  2197 6630.03546   22 1114 6816.51000 5869.95604  13.9%   369 1751s
  7505  2198 6314.34620   52 1190 6816.51000 5869.95604  13.9%   369 1760s
  7506  2199 6089.22213   26 1161 6816.51000 5869.95604  13.9%   369 1767s
  7508  2200 6317.97191   19 1334 6816.51000 5869.95604  13.9%   369 1775s
  7509  2201 6120.77619   25 1236 6816.51000 5869.95604  13.9%   369 1780s
  7510  2202 6137.29952   24 1207 6816.51000 5869.95604  13.9%   369 1786s
  7511  2202 6340.48882   20 1113 6816.51000 5869.95604  13.9%   369 1813s
  7512  2203 6458.12743   16 1100 6816.51000 5869.95604  13.9%   369 1818s
  7513  2204 6614.68672   31 1209 6816.51000 5869.95604  13.9%   369 1823s
  7514  2204 6316.02072    9 1209 6816.51000 5869.95604  13.9%   369 1828s
  7515  2205 6586.88000   36 1209 6816.51000 5869.95604  13.9%   369 1840s
  7516  2209 5869.95604   10  891 6816.51000 5869.95604  13.9%   386 1852s
  7518  2212 5869.95604   11  893 6816.51000 5869.95604  13.9%   386 1884s
  7522  2214 5869.95604   12  889 6816.51000 5869.95604  13.9%   389 1903s
  7530  2218 5869.95604   13  801 6816.51000 5869.95604  13.9%   392 1985s
  7541  2227 5869.95604   14  789 6816.51000 5869.95604  13.9%   393 1996s
  7559  2236 5869.95604   15  919 6816.51000 5869.95604  13.9%   398 2012s
  7579  2248 5869.95604   16  692 6816.51000 5869.95604  13.9%   404 2025s
  7599  2257 5869.95604   16  290 6816.51000 5869.95604  13.9%   409 2032s
  7619  2257 5869.95604   17  515 6816.51000 5869.95604  13.9%   411 2039s
  7645  2257 5869.95604   17  575 6816.51000 5869.95604  13.9%   413 2083s
  7668  2263 5869.95604   18  528 6816.51000 5869.95604  13.9%   416 2092s
  7699  2267 5869.95604   19  402 6816.51000 5869.95604  13.9%   420 2101s
  7729  2266 5918.54392   19  289 6816.51000 5869.95604  13.9%   423 2108s
  7769  2255 5869.95604   20  338 6816.51000 5869.95604  13.9%   426 2117s
  7806  2247 infeasible   21      6816.51000 5869.95604  13.9%   432 2125s
  7842  2244 6780.80873   21  299 6816.51000 5869.95604  13.9%   437 2134s
  7883  2245 infeasible   22      6816.51000 5869.95604  13.9%   442 2142s
  7927  2257 6671.48920   19  271 6816.51000 5869.95604  13.9%   449 2153s
  7985  2251 6673.40519   20  370 6816.51000 5869.95604  13.9%   453 2164s
  8035  2260 5869.95604   16  625 6816.51000 5869.95604  13.9%   457 2173s
  8107  2271 5869.95604   17  314 6816.51000 5869.95604  13.9%   460 2181s
  8179  2278 6507.93342   18  299 6816.51000 5869.95604  13.9%   463 2193s
  8259  2270 6563.16991   19  258 6816.51000 5869.95604  13.9%   466 2205s
  8354  2252 infeasible   20      6816.51000 5869.95604  13.9%   470 2217s
  8416  2259 6551.99046   18  368 6816.51000 5869.95604  13.9%   477 2229s
  8499  2249 6556.97326   19  340 6816.51000 5869.95604  13.9%   481 2238s
  8586  2239 6651.84585   23  168 6816.51000 5869.95604  13.9%   486 2257s
  8681  2226 6418.99184   17  266 6816.51000 5869.95604  13.9%   493 2270s
  8781  2204 6500.94758   18  194 6816.51000 5869.95604  13.9%   498 2280s
  8874  2215     cutoff   22      6816.51000 5869.95604  13.9%   503 2293s
  9014  2197 5885.76401   16  307 6816.51000 5869.95604  13.9%   507 2306s
  9156  2172 5869.95604   16  384 6816.51000 5869.95604  13.9%   511 2321s
  9287  2141 6093.89510   17  361 6816.51000 5869.95604  13.9%   517 2333s
  9429  2130 5869.95604   17  485 6816.51000 5869.95604  13.9%   521 2345s
  9613  2081 infeasible   18      6816.51000 5869.95604  13.9%   522 2357s
  9852  2041 6653.79759   19  148 6816.51000 5869.95604  13.9%   521 2371s
 10091  1992 5869.95604   18  427 6816.51000 5869.95604  13.9%   521 2386s
 10381  1956 5987.43413   19  486 6816.51000 5869.95604  13.9%   517 2398s
 10733  1891 6074.17727   22  314 6816.51000 5869.95604  13.9%   511 2407s
 11100  1811     cutoff   29      6816.51000 5869.95604  13.9%   504 2423s
 11520  1731 6078.88725   21  405 6816.51000 5869.95604  13.9%   498 2434s
 11925  1629 infeasible   24      6816.51000 5869.95604  13.9%   492 2443s
 12335  1523 6786.16458   23  233 6816.51000 5869.95604  13.9%   486 2455s
H12821  1256                    6816.5099981 5869.95604  13.9%   478 2850s
H12823  1150                    6816.5091262 5869.95604  13.9%   478 2850s
H12833  1046                    6816.5088875 5869.95604  13.9%   477 2850s
 12850  1109     cutoff   26      6816.50889 5869.95604  13.9%   478 3120s
 13383   998     cutoff   29      6816.50889 5936.19410  12.9%   468 3132s
 13959  1011 6455.66692   28  200 6816.50889 5972.89472  12.4%   459 3291s
 14639   894 6416.61026   22  227 6816.50889 6039.63687  11.4%   449 3324s
 15555   668 6485.87809   27  123 6816.50889 6275.02167  7.94%   432 3367s
 16628   312     cutoff   26      6816.50889 6312.49276  7.39%   412 3379s
 17843    15 infeasible   30      6816.50889 6445.97690  5.44%   392 3390s

Cutting planes:
  Gomory: 1
  Cover: 13
  Implied bound: 154
  Projected implied bound: 13
  Clique: 3
  MIR: 46
  StrongCG: 1
  Flow cover: 58
  GUB cover: 1
  Inf proof: 7
  Zero half: 60
  Mod-K: 21
  RLT: 12
  Relax-and-lift: 309

Explored 18456 nodes (7223000 simplex iterations) in 3391.66 seconds
Thread count was 20 (of 40 available processors)

Solution count 7: 6816.51 6844.01 6876.66 ... 10676.9
No other solutions better than 6816.51

Optimal solution found (tolerance 1.00e-04)
Best objective 6.816508556551e+03, best bound 6.816508556551e+03, gap 0.0000%
