
Gurobi 9.0.2 (linux64, Python) logging started Sat Dec  5 02:13:33 2020

Using license file /share/apps/gurobi/9.0.2/gurobi_client.lic
Set parameter TokenServer to value 10.1.1.1
Set parameter LogFile to value /storage/users/anderhva/041220-223751/logs/O20-C1-V3-WS0.log
Set parameter LogToConsole to value 0
Changed value of parameter TimeLimit to 3600.0
   Prev: inf  Min: 0.0  Max: inf  Default: inf
Gurobi Optimizer version 9.0.2 build v9.0.2rc0 (linux64)
Optimize a model with 19800 rows, 163460 columns and 915932 nonzeros
Model fingerprint: 0x467cf344
Variable types: 176 continuous, 163284 integer (163284 binary)
Coefficient statistics:
  Matrix range     [1e+00, 1e+02]
  Objective range  [1e+00, 1e+04]
  Bounds range     [1e+00, 1e+00]
  RHS range        [1e+00, 1e+02]
Presolve removed 1600 rows and 2692 columns
Presolve time: 2.78s
Presolved: 18200 rows, 160768 columns, 741752 nonzeros
Variable types: 160 continuous, 160608 integer (160600 binary)

Deterministic concurrent LP optimizer: primal and dual simplex
Showing first log only...


Root simplex log...

Iteration    Objective       Primal Inf.    Dual Inf.      Time
       0    1.8042120e+04   1.600000e+02   4.887830e+07      6s
   29907    1.6057173e+04   0.000000e+00   2.432596e+07     10s
   45017    1.2194382e+04   0.000000e+00   1.752839e+07     15s
   58098    9.4614640e+03   0.000000e+00   1.417363e+07     20s
   71388    7.0322180e+03   0.000000e+00   2.613546e+06     25s
   83737    5.3965948e+03   0.000000e+00   1.046632e+07     30s
   95549    4.4084347e+03   0.000000e+00   7.752304e+06     35s
  105470    3.7266982e+03   0.000000e+00   1.487970e+07     40s
  116613    3.3620647e+03   0.000000e+00   1.115938e+06     45s
  126712    3.2121069e+03   0.000000e+00   1.815032e+05     50s
  135332    3.1021859e+03   0.000000e+00   2.826531e+06     55s
  143626    3.0115172e+03   0.000000e+00   7.241359e+05     60s
  151511    2.9408620e+03   0.000000e+00   1.680885e+05     65s
  158696    2.8926009e+03   0.000000e+00   2.921450e+05     70s
  165678    2.8557636e+03   0.000000e+00   8.413602e+04     75s
  172574    2.8296921e+03   0.000000e+00   1.258066e+05     80s
  179635    2.8170781e+03   0.000000e+00   2.429939e+02     85s
  184290    3.1584379e+03   4.044892e+03   0.000000e+00     90s
Concurrent spin time: 0.00s

Solved with dual simplex

Root relaxation: objective 3.758504e+03, 72847 iterations, 85.13 seconds

    Nodes    |    Current Node    |     Objective Bounds      |     Work
 Expl Unexpl |  Obj  Depth IntInf | Incumbent    BestBd   Gap | It/Node Time

     0     0 3758.50358    0  319          - 3758.50358      -     -   92s
H    0     0                    27726.595000 3758.50358  86.4%     -  100s
H    0     0                    24143.955000 3758.50358  84.4%     -  159s
     0     0 5759.90392    0  355 24143.9550 5759.90392  76.1%     -  162s
H    0     0                    20099.085000 5759.90392  71.3%     -  165s
     0     0 5811.75047    0  422 20099.0850 5811.75047  71.1%     -  194s
     0     0 5811.94840    0  431 20099.0850 5811.94840  71.1%     -  195s
     0     0 5925.40458    0  401 20099.0850 5925.40458  70.5%     -  214s
     0     0 5937.91521    0  377 20099.0850 5937.91521  70.5%     -  224s
     0     0 6025.87681    0  372 20099.0850 6025.87681  70.0%     -  238s
     0     0 6027.95814    0  457 20099.0850 6027.95814  70.0%     -  263s
     0     0 6028.45647    0  463 20099.0850 6028.45647  70.0%     -  265s
     0     0 6028.46956    0  451 20099.0850 6028.46956  70.0%     -  265s
     0     0 6056.03642    0  409 20099.0850 6056.03642  69.9%     -  275s
     0     0 6062.41863    0  376 20099.0850 6062.41863  69.8%     -  283s
     0     0 6064.36187    0  388 20099.0850 6064.36187  69.8%     -  285s
     0     0 6067.09728    0  353 20099.0850 6067.09728  69.8%     -  287s
     0     0 6070.17904    0  351 20099.0850 6070.17904  69.8%     -  289s
     0     0 6070.21790    0  357 20099.0850 6070.21790  69.8%     -  290s
     0     0 6125.41021    0  389 20099.0850 6125.41021  69.5%     -  299s
     0     0 6127.75778    0  385 20099.0850 6127.75778  69.5%     -  302s
     0     0 6128.89515    0  380 20099.0850 6128.89515  69.5%     -  305s
     0     0 6129.48924    0  376 20099.0850 6129.48924  69.5%     -  307s
     0     0 6129.58241    0  377 20099.0850 6129.58241  69.5%     -  308s
     0     0 6174.12952    0  390 20099.0850 6174.12952  69.3%     -  316s
H    0     0                    15441.415000 6174.12952  60.0%     -  318s
     0     0 6176.07321    0  428 15441.4150 6176.07321  60.0%     -  320s
     0     0 6176.29429    0  426 15441.4150 6176.29429  60.0%     -  321s
     0     0 6195.17840    0  315 15441.4150 6195.17840  59.9%     -  332s
     0     0 6199.05331    0  350 15441.4150 6199.05331  59.9%     -  337s
     0     0 6199.46639    0  346 15441.4150 6199.46639  59.9%     -  339s
     0     0 6218.69747    0  406 15441.4150 6218.69747  59.7%     -  347s
     0     0 6220.71865    0  457 15441.4150 6220.71865  59.7%     -  351s
     0     0 6220.88607    0  466 15441.4150 6220.88607  59.7%     -  351s
     0     0 6256.96383    0  398 15441.4150 6256.96383  59.5%     -  359s
     0     0 6257.09682    0  367 15441.4150 6257.09682  59.5%     -  360s
     0     0 6296.43603    0  394 15441.4150 6296.43603  59.2%     -  369s
     0     0 6304.89041    0  410 15441.4150 6304.89041  59.2%     -  373s
     0     0 6306.17709    0  418 15441.4150 6306.17709  59.2%     -  374s
     0     0 6306.40591    0  445 15441.4150 6306.40591  59.2%     -  375s
     0     0 6322.62134    0  547 15441.4150 6322.62134  59.1%     -  382s
     0     0 6323.29404    0  629 15441.4150 6323.29404  59.0%     -  384s
     0     0 6323.79905    0  658 15441.4150 6323.79905  59.0%     -  386s
     0     0 6323.82256    0  655 15441.4150 6323.82256  59.0%     -  386s
     0     0 6339.89302    0  441 15441.4150 6339.89302  58.9%     -  391s
H    0     0                    9187.8150000 6339.89302  31.0%     -  421s
     0     0 6342.69500    0  533 9187.81500 6342.69500  31.0%     -  424s
     0     0 6343.22276    0  524 9187.81500 6343.22276  31.0%     -  425s
     0     0 6343.45199    0  570 9187.81500 6343.45199  31.0%     -  426s
     0     0 6345.61627    0  395 9187.81500 6345.61627  30.9%     -  428s
     0     0 6345.61627    0  332 9187.81500 6345.61627  30.9%     -  510s
     0     0 6345.61627    0  321 9187.81500 6345.61627  30.9%     -  544s
     0     0 6345.61627    0  315 9187.81500 6345.61627  30.9%     -  580s
     0     0 6345.61627    0  368 9187.81500 6345.61627  30.9%     -  585s
     0     0 6345.61627    0  435 9187.81500 6345.61627  30.9%     -  588s
     0     0 6345.61627    0  390 9187.81500 6345.61627  30.9%     -  590s
     0     0 6345.61627    0  425 9187.81500 6345.61627  30.9%     -  591s
     0     0 6345.61627    0  438 9187.81500 6345.61627  30.9%     -  591s
     0     0 6348.68178    0  483 9187.81500 6348.68178  30.9%     -  598s
     0     0 6349.76760    0  402 9187.81500 6349.76760  30.9%     -  612s
     0     0 6350.03236    0  517 9187.81500 6350.03236  30.9%     -  613s
     0     0 6352.47766    0  582 9187.81500 6352.47766  30.9%     -  617s
     0     0 6352.89270    0  574 9187.81500 6352.89270  30.9%     -  635s
     0     0 6353.53307    0  528 9187.81500 6353.53307  30.8%     -  636s
     0     0 6353.78446    0  516 9187.81500 6353.78446  30.8%     -  637s
     0     0 6356.54596    0  573 9187.81500 6356.54596  30.8%     -  640s
     0     0 6357.82574    0  629 9187.81500 6357.82574  30.8%     -  642s
     0     0 6358.25024    0  612 9187.81500 6358.25024  30.8%     -  643s
     0     0 6360.37559    0  559 9187.81500 6360.37559  30.8%     -  646s
     0     0 6360.37559    0  559 9187.81500 6360.37559  30.8%     -  658s
H    0     0                    8710.2150000 6360.37559  27.0%     -  670s
     0     2 6360.37559    0  557 8710.21500 6360.37559  27.0%     -  680s
     1     4 6363.80598    1  627 8710.21500 6363.80598  26.9%   594  730s
     3     6 6375.95985    2  549 8710.21500 6375.95985  26.8%  1249  773s
     7     6 6399.54534    3  607 8710.21500 6377.59667  26.8%  2607  795s
    13     6 6775.21163    4  455 8710.21500 6404.51596  26.5%  2578  818s
    19    10 6775.53590    5  452 8710.21500 6775.21348  22.2%  1929  854s
    25    14 6798.59527    6  441 8710.21500 6798.59527  21.9%  1938  877s
H   35    24                    8478.5350000 6798.59566  19.8%  1831  926s
    49    30 6839.10130    8  624 8478.53500 6799.19415  19.8%  2016  955s
    69    46 6850.99412    9  631 8478.53500 6850.99412  19.2%  1942  976s
    89    63 6855.63499   10  596 8478.53500 6851.09139  19.2%  1850  993s
   109    86 6866.64817   11  403 8478.53500 6851.09139  19.2%  1812 1013s
   136   100 6902.79020   12  343 8478.53500 6851.09139  19.2%  1717 1040s
   167   108 6935.12081   12  400 8478.53500 6851.09139  19.2%  1661 1051s
   199   120 6942.80314   13  251 8478.53500 6851.09139  19.2%  1571 1065s
   227   140 7011.86324   13  279 8478.53500 6851.09139  19.2%  1569 1079s
   265   157 7001.28882   14  409 8478.53500 6851.09139  19.2%  1492 1094s
   306   177 7093.06749   15  256 8478.53500 6851.09139  19.2%  1375 1104s
   359   195 7304.81112   17  242 8478.53500 6851.09139  19.2%  1250 1123s
   409   225 7333.56501   18  268 8478.53500 6851.09139  19.2%  1161 1143s
   464   245 7355.94002   21  246 8478.53500 6851.09139  19.2%  1108 1155s
   509   295 7377.88929   24  245 8478.53500 6851.09139  19.2%  1080 1169s
   575   335 7411.40032   30  299 8478.53500 6851.09139  19.2%  1020 1185s
   647   377 7926.34578   31  207 8478.53500 6851.09139  19.2%   987 1196s
   717   411     cutoff   32      8478.53500 6851.09139  19.2%   951 1216s
H  785   422                    8223.3850000 6851.09139  16.7%   938 1331s
   808   445 8056.42393   39  168 8223.38500 6851.09139  16.7%   937 1350s
   886   499 8056.54334   48  172 8223.38500 6851.09139  16.7%   921 1364s
   957   533 7429.34033   18  501 8223.38500 6851.09139  16.7%   920 1375s
  1048   587 7467.68100   19  481 8223.38500 6885.16084  16.3%   896 1390s
  1165   625 6916.86539   11  542 8223.38500 6885.16184  16.3%   877 1404s
  1292   665 6939.97492   12  461 8223.38500 6885.16184  16.3%   841 1422s
  1388   714 7042.22010   14  352 8223.38500 6885.16184  16.3%   848 1437s
  1514   757 7175.55842   15  444 8223.38500 6885.16184  16.3%   836 1453s
  1617   801 7198.58615   16  479 8223.38500 6885.16184  16.3%   839 1470s
  1751   852 7269.65650   19  346 8223.38500 6885.16184  16.3%   827 1488s
  1905   878     cutoff   26      8223.38500 6911.13735  16.0%   823 1505s
  2040   947 6949.04241   12  519 8223.38500 6911.13735  16.0%   830 1522s
  2273   997 7007.40127   14  580 8223.38500 6911.13735  16.0%   793 1542s
  2407  1083 7161.80851   17  445 8223.38500 6911.13735  16.0%   806 1562s
  2554  1196 7301.53403   19  340 8223.38500 6911.13735  16.0%   814 1579s
  2796  1267     cutoff   28      8223.38500 6970.85256  15.2%   795 1601s
  3034  1327 7068.91414   11  357 8223.38500 6970.85256  15.2%   785 1621s
  3254  1438     cutoff   13      8223.38500 6970.85256  15.2%   783 1639s
  3481  1546 7466.48724   15  224 8223.38500 6970.85256  15.2%   778 1661s
  3735  1670 7873.31165   19  311 8223.38500 7007.43564  14.8%   772 1682s
  4040  1757 7118.71626   15  394 8223.38500 7072.59269  14.0%   759 1705s
  4280  1887 7405.92863   19  420 8223.38500 7072.59269  14.0%   761 1724s
  4593  1888 7879.16662   21  395 8223.38500 7072.59269  14.0%   755 1827s
  4595  1889 7297.56948   17  468 8223.38500 7072.59269  14.0%   755 1935s
  4596  1890 7381.59525   19  399 8223.38500 7072.59269  14.0%   754 2003s
  4597  1891 7874.02447   19  665 8223.38500 7072.59269  14.0%   754 2023s
  4598  1891 7982.65728   41  780 8223.38500 7072.59269  14.0%   754 2033s
  4599  1892 7938.95162   32  765 8223.38500 7072.59269  14.0%   754 2038s
  4600  1893 7505.21553   30  814 8223.38500 7072.59269  14.0%   754 2040s
  4602  1894 7352.19911   17  819 8223.38500 7072.59269  14.0%   753 2047s
  4603  1895 7633.72733   25  824 8223.38500 7072.59269  14.0%   753 2080s
  4606  1897 7329.42513   20  955 8223.38500 7072.59269  14.0%   753 2086s
  4607  1897 8111.58741   26  964 8223.38500 7072.59269  14.0%   753 2092s
  4608  1898 7827.12019   32  949 8223.38500 7072.59269  14.0%   753 2098s
  4609  1899 7416.26240   21  953 8223.38500 7072.59269  14.0%   752 2100s
  4612  1901 8171.57078   37  924 8223.38500 7072.59269  14.0%   752 2108s
  4613  1901 7818.50332   14  956 8223.38500 7072.59269  14.0%   752 2113s
  4614  1902 7858.95775   31  956 8223.38500 7072.59269  14.0%   752 2119s
  4615  1903 7220.68609   16  974 8223.38500 7072.59269  14.0%   751 2123s
  4616  1903 7211.94034   12  986 8223.38500 7072.59269  14.0%   751 2129s
  4617  1904 7251.80727   17  984 8223.38500 7072.59269  14.0%   751 2133s
  4618  1905 7979.23502   31  989 8223.38500 7072.59269  14.0%   751 2139s
  4619  1905 7148.67563   17  895 8223.38500 7072.59269  14.0%   751 2142s
  4621  1907 8035.17976   21  964 8223.38500 7072.59269  14.0%   750 2149s
  4622  1907 7749.79657   16  932 8223.38500 7072.59269  14.0%   750 2152s
  4623  1908 7509.62251   25  959 8223.38500 7072.59269  14.0%   750 2158s
  4624  1909 7842.73611   22  879 8223.38500 7072.59269  14.0%   750 2160s
  4627  1911 7850.98668   18  920 8223.38500 7072.59269  14.0%   749 2167s
  4628  1911 7571.81138   26  810 8223.38500 7072.59269  14.0%   749 2170s
  4629  1912 7826.74738   19  855 8223.38500 7072.59269  14.0%   749 2176s
  4630  1913 7692.92999   22  884 8223.38500 7072.59269  14.0%   749 2181s
  4632  1914 7966.18806   33  925 8223.38500 7072.59269  14.0%   749 2189s
  4633  1915 7989.01834   34  998 8223.38500 7072.59269  14.0%   748 2192s
  4635  1916 7775.67150   19  948 8223.38500 7072.59269  14.0%   748 2199s
  4636  1917 7463.20079   19  884 8223.38500 7072.59269  14.0%   748 2201s
  4638  1918 8165.25590   35  971 8223.38500 7072.59269  14.0%   748 2207s
  4640  1919 7724.87147   12  786 8223.38500 7072.59269  14.0%   747 2213s
  4641  1920 8134.57234   17  795 8223.38500 7072.59269  14.0%   747 2232s
  4642  1921 7273.19408   16  778 8223.38500 7072.59269  14.0%   747 2236s
  4643  1921 7430.48026   18  778 8223.38500 7072.59269  14.0%   747 2259s
  4644  1925 7072.59269   12  617 8223.38500 7072.59269  14.0%   769 2412s
  4646  1924 7072.59269   13  687 8223.38500 7072.59269  14.0%   770 2517s
  4650  1923 7072.59269   14  595 8223.38500 7072.59269  14.0%   771 2621s
  4654  1924 7072.59269   15  618 8223.38500 7072.59269  14.0%   773 2740s
  4658  1927 7072.59269   16  598 8223.38500 7072.59269  14.0%   774 2821s
  4664  1931 7072.59269   17  604 8223.38500 7072.59269  14.0%   778 2908s
  4675  1940 7072.59269   18  796 8223.38500 7072.59269  14.0%   782 3018s
  4692  1946 7072.59269   19  735 8223.38500 7072.59269  14.0%   789 3057s
  4712  1956 7072.59269   20  818 8223.38500 7072.59269  14.0%   796 3094s
  4732  1962 7591.19390   20  643 8223.38500 7072.59269  14.0%   802 3115s
  4752  1977 7072.59269   21  786 8223.38500 7072.59269  14.0%   804 3139s
  4781  1985     cutoff   21      8223.38500 7072.59269  14.0%   810 3160s
  4813  1991 7072.59269   22  615 8223.38500 7072.59269  14.0%   815 3190s
  4847  2001 7072.59269   23  720 8223.38500 7072.59269  14.0%   819 3216s
  4894  2000 7072.59269   23  690 8223.38500 7072.59269  14.0%   823 3245s
  4941  1997 7072.59269   24  818 8223.38500 7072.59269  14.0%   825 3264s
  4982  2008 7072.59269   24  488 8223.38500 7072.59269  14.0%   829 3293s
  5032  2013 7072.59269   25  767 8223.38500 7072.59269  14.0%   833 3320s
  5087  2021 7072.59269   25  761 8223.38500 7072.59269  14.0%   837 3350s
  5151  2018 7081.33671   26  607 8223.38500 7072.59269  14.0%   838 3388s
  5213  2024 7155.22397   26  297 8223.38500 7072.59269  14.0%   842 3410s
  5275  2034 7097.14514   27  601 8223.38500 7072.59269  14.0%   845 3437s
  5343  2038     cutoff   27      8223.38500 7072.59269  14.0%   848 3460s
  5420  2048 7275.23170   28  475 8223.38500 7072.59269  14.0%   854 3487s
  5486  2078 7162.88645   29  555 8223.38500 7072.59269  14.0%   862 3509s
  5575  2100 7232.56672   29  385 8223.38500 7072.59269  14.0%   867 3527s
  5668  2113 7165.66345   30  548 8223.38500 7072.59269  14.0%   870 3554s
  5788  2102 7400.10022   31  447 8223.38500 7072.59269  14.0%   873 3579s
  5877  2120 7551.76195   32  426 8223.38500 7072.59269  14.0%   875 3600s

Cutting planes:
  Cover: 11
  Implied bound: 117
  Projected implied bound: 11
  MIR: 34
  Flow cover: 61
  Inf proof: 1
  Zero half: 28
  Mod-K: 5
  RLT: 11
  Relax-and-lift: 224

Explored 5980 nodes (5482369 simplex iterations) in 3600.17 seconds
Thread count was 20 (of 40 available processors)

Solution count 8: 8223.38 8478.53 8710.21 ... 27726.6

Time limit reached
Best objective 8.223385000000e+03, best bound 7.072592692984e+03, gap 13.9941%
