
Gurobi 9.0.2 (linux64, Python) logging started Sat Dec  5 05:04:45 2020

Using license file /share/apps/gurobi/9.0.2/gurobi_client.lic
Set parameter TokenServer to value 10.1.1.1
Set parameter LogFile to value /storage/users/anderhva/041220-223751/logs/O20-C4-V3-WS0.log
Set parameter LogToConsole to value 0
Changed value of parameter TimeLimit to 3600.0
   Prev: inf  Min: 0.0  Max: inf  Default: inf
Gurobi Optimizer version 9.0.2 build v9.0.2rc0 (linux64)
Optimize a model with 19448 rows, 158512 columns and 888672 nonzeros
Model fingerprint: 0x730a75d5
Variable types: 176 continuous, 158336 integer (158336 binary)
Coefficient statistics:
  Matrix range     [1e+00, 1e+02]
  Objective range  [1e+00, 1e+04]
  Bounds range     [1e+00, 1e+00]
  RHS range        [1e+00, 1e+02]
Presolve removed 1684 rows and 3006 columns
Presolve time: 2.90s
Presolved: 17764 rows, 155506 columns, 717638 nonzeros
Variable types: 160 continuous, 155346 integer (155340 binary)

Deterministic concurrent LP optimizer: primal and dual simplex
Showing first log only...


Root simplex log...

Iteration    Objective       Primal Inf.    Dual Inf.      Time
       0    2.0385360e+04   1.600000e+02   5.232483e+07      6s
   31020    1.7514117e+04   0.000000e+00   1.069120e+08     10s
   51785    1.1686838e+04   0.000000e+00   5.502369e+08     15s
   66798    8.9597490e+03   0.000000e+00   1.038956e+07     20s
   80998    6.0744311e+03   0.000000e+00   2.916332e+07     25s
   94170    4.0492615e+03   0.000000e+00   4.001095e+06     30s
  105734    3.3793885e+03   0.000000e+00   1.121332e+07     35s
  116141    2.9260211e+03   0.000000e+00   1.143519e+07     40s
Concurrent spin time: 0.01s

Solved with dual simplex

Root relaxation: objective 3.134150e+03, 41628 iterations, 35.68 seconds

    Nodes    |    Current Node    |     Objective Bounds      |     Work
 Expl Unexpl |  Obj  Depth IntInf | Incumbent    BestBd   Gap | It/Node Time

     0     0 3134.50466    0  421          - 3134.50466      -     -   47s
H    0     0                    22751.910000 3134.50466  86.2%     -   53s
     0     0 4670.64186    0  275 22751.9100 4670.64186  79.5%     -   86s
H    0     0                    22690.880000 4670.64186  79.4%     -  108s
     0     0 4715.49681    0  317 22690.8800 4715.49681  79.2%     -  109s
     0     0 4717.72949    0  347 22690.8800 4717.72949  79.2%     -  111s
     0     0 4921.79048    0  452 22690.8800 4921.79048  78.3%     -  132s
H    0     0                    10234.959873 4921.79048  51.9%     -  145s
     0     0 4962.84205    0  462 10234.9599 4962.84205  51.5%     -  152s
     0     0 4970.22052    0  581 10234.9599 4970.22052  51.4%     -  155s
     0     0 4970.32245    0  492 10234.9599 4970.32245  51.4%     -  156s
     0     0 5096.02997    0  412 10234.9599 5096.02997  50.2%     -  178s
     0     0 5129.67262    0  609 10234.9599 5129.67262  49.9%     -  195s
     0     0 5129.67949    0  514 10234.9599 5129.67949  49.9%     -  196s
     0     0 5197.74171    0  623 10234.9599 5197.74171  49.2%     -  214s
H    0     0                    10234.959680 5197.74171  49.2%     -  241s
     0     0 5206.49296    0  665 10234.9597 5206.49296  49.1%     -  247s
     0     0 5206.65076    0  586 10234.9597 5206.65076  49.1%     -  249s
     0     0 5256.63276    0  506 10234.9597 5256.63276  48.6%     -  261s
     0     0 5279.60591    0  563 10234.9597 5279.60591  48.4%     -  267s
     0     0 5280.02925    0  644 10234.9597 5280.02925  48.4%     -  269s
     0     0 5498.70834    0  423 10234.9597 5498.70834  46.3%     -  292s
     0     0 5508.99437    0  410 10234.9597 5508.99437  46.2%     -  304s
     0     0 5509.58002    0  407 10234.9597 5509.58002  46.2%     -  304s
     0     0 5509.95565    0  333 10234.9597 5509.95565  46.2%     -  306s
     0     0 5510.77819    0  382 10234.9597 5510.77819  46.2%     -  307s
     0     0 5510.79397    0  452 10234.9597 5510.79397  46.2%     -  307s
     0     0 5526.38570    0  458 10234.9597 5526.38570  46.0%     -  316s
     0     0 5526.71935    0  390 10234.9597 5526.71935  46.0%     -  317s
     0     0 5531.15168    0  645 10234.9597 5531.15168  46.0%     -  325s
H    0     0                    9875.8150000 5531.15168  44.0%     -  326s
     0     0 5531.45901    0  645 9875.81500 5531.45901  44.0%     -  326s
     0     0 5543.93492    0  406 9875.81500 5543.93492  43.9%     -  334s
     0     0 5554.39433    0  474 9875.81500 5554.39433  43.8%     -  337s
     0     0 5555.27576    0  489 9875.81500 5555.27576  43.7%     -  338s
     0     0 5555.47723    0  448 9875.81500 5555.47723  43.7%     -  340s
     0     0 5559.63187    0  352 9875.81500 5559.63187  43.7%     -  345s
     0     0 5559.81477    0  493 9875.81500 5559.81477  43.7%     -  347s
     0     0 5562.74698    0  475 9875.81500 5562.74698  43.7%     -  352s
     0     0 5562.96366    0  419 9875.81500 5562.96366  43.7%     -  353s
     0     0 5565.68311    0  405 9875.81500 5565.68311  43.6%     -  358s
     0     0 5565.68311    0  405 9875.81500 5565.68311  43.6%     -  374s
     0     2 5565.68311    0  395 9875.81500 5565.68311  43.6%     -  401s
     1     4 5574.67712    1  534 9875.81500 5566.48513  43.6%  2419  485s
     3     8 5617.03493    2  446 9875.81500 5574.70524  43.6%  2089  536s
     7    16 6359.71629    3  307 9875.81500 5585.46563  43.4%  3359  604s
    15    30 6375.31581    4  294 9875.81500 5607.28091  43.2%  3758  676s
H   31    47                    8673.3700000 5657.38317  34.8%  4500  733s
H   35    47                    8301.5300000 5657.38317  31.9%  4556  733s
    52    47 6408.82513    6  405 8301.53000 5657.38317  31.9%  4260  860s
    54    48 6408.79626    6  542 8301.53000 5657.38317  31.9%  4103  926s
H   54    45                    8259.1700000 5657.38317  31.5%  4103  993s
    56    47 6945.24287    6  901 8259.17000 5657.38317  31.5%  3956 1021s
    57    47 6467.80373    6  723 8259.17000 5657.38317  31.5%  3887 1033s
    58    48 5751.83236    6  977 8259.17000 5657.38317  31.5%  3820 1039s
    59    49 6562.17438    6 1070 8259.17000 5657.38317  31.5%  3755 1049s
    60    49 6499.01268    6 1150 8259.17000 5657.38317  31.5%  3692 1084s
    61    50 6493.40140    5 1087 8259.17000 5657.38317  31.5%  3632 1091s
    62    51 5695.73244    6 1072 8259.17000 5657.38317  31.5%  3573 1102s
    63    51 6586.03412    5  982 8259.17000 5657.38317  31.5%  3516 1139s
    64    52 6408.79626    6 1031 8259.17000 5657.38317  31.5%  3462 1144s
    65    53 6079.57391    6 1082 8259.17000 5657.38317  31.5%  3408 1153s
    66    53 6578.74618    6 1061 8259.17000 5657.38317  31.5%  3357 1172s
    67    54 5731.89416    5 1051 8259.17000 5657.38317  31.5%  3307 1179s
    68    55 6518.92698    6 1142 8259.17000 5657.38317  31.5%  3258 1182s
    69    55 6578.74618    6 1123 8259.17000 5657.38317  31.5%  3211 1189s
    70    56 6518.94700    6 1270 8259.17000 5657.38317  31.5%  3165 1208s
    71    57 6518.94700    6 1267 8259.17000 5657.38317  31.5%  3120 1217s
H   71    54                    8259.1695929 5657.38317  31.5%  3120 1250s
    74    56 5731.89416    5 1175 8259.16959 5657.38317  31.5%  2994 1263s
    75    56 5751.80494    6 1287 8259.16959 5657.38317  31.5%  2954 1281s
    76    57 5769.75397    6 1362 8259.16959 5657.38317  31.5%  2915 1289s
    77    58 5695.77510    6 1262 8259.16959 5657.38317  31.5%  2877 1304s
    78    58 5751.83236    6 1353 8259.16959 5657.38317  31.5%  2840 1313s
    79    59 6441.81286    6 1225 8259.16959 5657.38317  31.5%  2804 1326s
    80    60 5731.89416    5 1287 8259.16959 5657.38317  31.5%  2769 1335s
    81    60 6586.03412    5 1367 8259.16959 5657.38317  31.5%  2735 1349s
    82    61 5673.82979    5 1413 8259.16959 5657.38317  31.5%  2702 1361s
    83    62 6408.79626    6 1488 8259.16959 5659.14057  31.5%  2669 1375s
    84    62 6586.03412    5 1579 8259.16959 5659.34224  31.5%  2637 1385s
    85    63 5750.36988    5 1515 8259.16959 5660.51202  31.5%  2606 1402s
    86    64 6408.79626    6 1515 8259.16959 5660.51202  31.5%  2576 1409s
H   86    60                    8259.1670414 5660.51202  31.5%  2576 1439s
    87    60 6945.24287    6 1515 8259.16704 5660.51202  31.5%  2546 1459s
    88    64 5689.39017   16 1214 8259.16704 5660.51285  31.5%  3778 1536s
    90    67 5717.20273   17 1186 8259.16704 5689.62834  31.1%  3788 1580s
    94    70 5719.44007   18 1246 8259.16704 5719.44007  30.8%  3921 1592s
   102    77 5732.38018   19 1050 8259.16704 5719.46892  30.8%  3804 1619s
   114    91 5762.28635   20  639 8259.16704 5732.38055  30.6%  3818 1675s
   134    99 5812.29037   21 1067 8259.16704 5762.28800  30.2%  3722 1694s
   154   110 5815.57522   21  484 8259.16704 5773.68429  30.1%  3624 1709s
   174   121 5831.46738   22  549 8259.16704 5773.68429  30.1%  3465 1723s
   194   135 5832.45028   23  502 8259.16704 5773.68429  30.1%  3315 1748s
   220   150 5851.78638   24  344 8259.16704 5773.68429  30.1%  3177 1758s
   250   153 5969.86673   24  351 8259.16704 5773.68429  30.1%  2961 1771s
   277   162 5929.05548   25  327 8259.16704 5773.68429  30.1%  2835 1797s
   305   179 infeasible   25      8259.16704 5773.68429  30.1%  2753 1811s
   342   201 5936.76380   27  367 8259.16704 5773.68429  30.1%  2611 1829s
   384   220 6555.29476   28  348 8259.16704 5773.68429  30.1%  2470 1844s
   424   233 7173.35927   29  583 8259.16704 5773.68429  30.1%  2373 1866s
   467   256     cutoff   29      8259.16704 5773.68429  30.1%  2301 1893s
   508   291 7309.57964   30  348 8259.16704 5773.68429  30.1%  2258 1907s
   559   310     cutoff   30      8259.16704 5773.68429  30.1%  2162 1921s
   619   329 7695.96269   31  533 8259.16704 5773.68429  30.1%  2059 1955s
   682   341 7650.31097   32  277 8259.16704 5773.68429  30.1%  1971 1973s
   740   369 7803.95351   33  245 8259.16704 5773.68429  30.1%  1927 2011s
   801   386 7677.83433   34  227 8259.16704 5773.68429  30.1%  1887 2034s
   866   410 7876.00211   35  212 8259.16704 5773.68429  30.1%  1845 2057s
   933   434 6618.09234   28  244 8259.16704 5773.68429  30.1%  1808 2081s
   990   465 7862.54706   30  307 8259.16704 5773.68429  30.1%  1824 2099s
  1072   489     cutoff   31      8259.16704 5773.68429  30.1%  1781 2128s
  1172   523     cutoff   34      8259.16704 5837.56462  29.3%  1721 2151s
  1256   554 7705.12145   22  627 8259.16704 5837.56462  29.3%  1686 2177s
  1333   583 7772.69322   25  482 8259.16704 5837.56462  29.3%  1680 2200s
  1427   617 8082.72723   31  302 8259.16704 5868.64929  28.9%  1660 2229s
  1537   639 6653.00964   23  630 8259.16704 5868.65573  28.9%  1624 2256s
* 1563   639              37    8205.6400000 5868.65573  28.5%  1606 2256s
  1657   681 5898.27825   23  653 8205.64000 5874.49272  28.4%  1578 2294s
  1773   743 6948.28794   24  261 8205.64000 5874.49272  28.4%  1548 2318s
  1873   776 7460.90191   25  321 8205.64000 5874.49272  28.4%  1534 2346s
  1981   796 7127.57754   25  219 8205.64000 5874.49272  28.4%  1529 2371s
  2095   833 7362.02544   27  277 8205.64000 5874.49272  28.4%  1525 2408s
  2252   874 infeasible   28      8205.64000 5874.49272  28.4%  1488 2441s
  2409   942     cutoff   29      8205.64000 5915.31405  27.9%  1465 2485s
H 2599   950                    8040.1900000 5915.34819  26.4%  1427 3095s
H 2610   950                    8040.1894470 5915.34819  26.4%  1433 3095s
H 2612   950                    7494.9900000 5915.34819  21.1%  1435 3095s
H 2620   950                    7284.3881332 5915.34819  18.8%  1432 3095s
  2628   954     cutoff   27      7284.38813 5915.34819  18.8%  1432 3128s
  2820  1022     cutoff   29      7284.38813 5935.91874  18.5%  1396 3159s
  3142  1085 6126.69766   28  472 7284.38813 5936.09913  18.5%  1313 3181s
  3527  1166 6992.50007   29  178 7284.38813 5936.09913  18.5%  1222 3210s
* 3834  1166              44    7201.5900000 5936.09913  17.6%  1159 3210s
  3963  1070 6564.37925   31  292 7201.59000 6065.48926  15.8%  1132 3237s
  4441  1060 6806.17529   27  469 7201.59000 6065.48926  15.8%  1052 3267s
  4999  1045 infeasible   29      7201.59000 6065.48926  15.8%   967 3320s
  5493   950 infeasible   29      7201.59000 6297.26614  12.6%   914 3374s
  6109   799     cutoff   29      7201.59000 6297.72551  12.6%   852 3600s

Cutting planes:
  Cover: 24
  Implied bound: 177
  Projected implied bound: 20
  Clique: 1
  MIR: 62
  StrongCG: 2
  Flow cover: 73
  Zero half: 52
  Mod-K: 27
  RLT: 25
  Relax-and-lift: 192

Explored 6693 nodes (5466104 simplex iterations) in 3600.33 seconds
Thread count was 20 (of 40 available processors)

Solution count 10: 7201.59 7284.39 7494.99 ... 9875.82

Time limit reached
Best objective 7.201590000000e+03, best bound 6.297725506537e+03, gap 12.5509%
