
Gurobi 9.0.2 (linux64, Python) logging started Sat Dec  5 03:13:53 2020

Using license file /share/apps/gurobi/9.0.2/gurobi_client.lic
Set parameter TokenServer to value 10.1.1.1
Set parameter LogFile to value /storage/users/anderhva/041220-223751/logs/O20-C2-V3-WS0.log
Set parameter LogToConsole to value 0
Changed value of parameter TimeLimit to 3600.0
   Prev: inf  Min: 0.0  Max: inf  Default: inf
Gurobi Optimizer version 9.0.2 build v9.0.2rc0 (linux64)
Optimize a model with 19092 rows, 154300 columns and 863888 nonzeros
Model fingerprint: 0xd5119712
Variable types: 176 continuous, 154124 integer (154124 binary)
Coefficient statistics:
  Matrix range     [1e+00, 1e+02]
  Objective range  [1e+00, 1e+04]
  Bounds range     [1e+00, 1e+00]
  RHS range        [1e+00, 1e+02]
Presolve removed 1734 rows and 3378 columns
Presolve time: 2.72s
Presolved: 17358 rows, 150922 columns, 695616 nonzeros
Variable types: 160 continuous, 150762 integer (150756 binary)

Deterministic concurrent LP optimizer: primal and dual simplex
Showing first log only...


Root simplex log...

Iteration    Objective       Primal Inf.    Dual Inf.      Time
       0    2.2425000e+04   1.600000e+02   5.342478e+07      5s
   33947    1.7436793e+04   0.000000e+00   1.707454e+07     10s
   51972    7.7893531e+03   0.000000e+00   1.462462e+07     15s
   67038    5.1282832e+03   0.000000e+00   2.475273e+06     20s
   78874    4.0899446e+03   0.000000e+00   4.960013e+06     25s
   90066    3.5628332e+03   0.000000e+00   1.957494e+06     30s
  100836    3.2231122e+03   0.000000e+00   8.395109e+06     35s
  110417    3.0037052e+03   0.000000e+00   8.729471e+05     40s
  119719    2.8293766e+03   0.000000e+00   7.094640e+06     45s
  129374    2.6857525e+03   0.000000e+00   8.144400e+04     50s
  139680    2.6338653e+03   0.000000e+00   3.566121e+03     55s
  149897    3.0868060e+03   3.722141e+03   0.000000e+00     60s
Concurrent spin time: 0.00s

Solved with dual simplex

Root relaxation: objective 4.128899e+03, 52604 iterations, 55.20 seconds

    Nodes    |    Current Node    |     Objective Bounds      |     Work
 Expl Unexpl |  Obj  Depth IntInf | Incumbent    BestBd   Gap | It/Node Time

     0     0 4128.89885    0  323          - 4128.89885      -     -   64s
H    0     0                    24565.060000 4128.89885  83.2%     -   68s
     0     0 6141.95125    0  293 24565.0600 6141.95125  75.0%     -   99s
H    0     0                    9440.7200000 6141.95125  34.9%     -  102s
     0     0 6148.25371    0  316 9440.72000 6148.25371  34.9%     -  109s
     0     0 6287.02963    0  458 9440.72000 6287.02963  33.4%     -  132s
     0     0 6287.02963    0  299 9440.72000 6287.02963  33.4%     -  189s
     0     0 6287.02963    0  280 9440.72000 6287.02963  33.4%     -  234s
     0     0 6287.02963    0  430 9440.72000 6287.02963  33.4%     -  258s
     0     0 6312.35137    0  486 9440.72000 6312.35137  33.1%     -  265s
     0     0 6314.72097    0  470 9440.72000 6314.72097  33.1%     -  269s
     0     0 6314.72097    0  463 9440.72000 6314.72097  33.1%     -  269s
     0     0 6628.40607    0  467 9440.72000 6628.40607  29.8%     -  297s
     0     0 6632.09395    0  465 9440.72000 6632.09395  29.8%     -  310s
     0     0 6632.14471    0  418 9440.72000 6632.14471  29.7%     -  310s
     0     0 6680.14797    0  508 9440.72000 6680.14797  29.2%     -  324s
     0     0 6680.15509    0  504 9440.72000 6680.15509  29.2%     -  337s
     0     0 6700.56930    0  657 9440.72000 6700.56930  29.0%     -  354s
     0     0 6701.28173    0  668 9440.72000 6701.28173  29.0%     -  371s
     0     0 6701.28173    0  672 9440.72000 6701.28173  29.0%     -  371s
     0     0 6727.75397    0  567 9440.72000 6727.75397  28.7%     -  385s
     0     0 6728.05200    0  574 9440.72000 6728.05200  28.7%     -  406s
     0     0 6733.80807    0  672 9440.72000 6733.80807  28.7%     -  417s
     0     0 6733.87180    0  705 9440.72000 6733.87180  28.7%     -  419s
     0     0 6744.09791    0  733 9440.72000 6744.09791  28.6%     -  430s
     0     0 6744.14861    0  824 9440.72000 6744.14861  28.6%     -  433s
     0     0 6746.95619    0  711 9440.72000 6746.95619  28.5%     -  442s
     0     0 6747.11852    0  715 9440.72000 6747.11852  28.5%     -  444s
     0     0 6749.95062    0  780 9440.72000 6749.95062  28.5%     -  453s
     0     0 6750.03472    0  794 9440.72000 6750.03472  28.5%     -  456s
     0     0 6754.45258    0  771 9440.72000 6754.45258  28.5%     -  466s
     0     0 6754.45258    0  771 9440.72000 6754.45258  28.5%     -  481s
H    0     2                    9024.0600000 6807.32472  24.6%     -  539s
     0     2 6807.32472    0  771 9024.06000 6807.32472  24.6%     -  539s
     1     4 6807.32472    1  571 9024.06000 6807.32472  24.6%  2773  604s
     3     8 6807.32472    2  674 9024.06000 6807.32472  24.6%  2638  657s
     7    16 6807.32472    3  640 9024.06000 6807.32472  24.6%  3311  735s
    15    28 6836.36184    4  673 9024.06000 6807.32472  24.6%  4110  797s
    31    46 6875.17340    5  674 9024.06000 6820.84146  24.4%  5391  909s
H   37    46                    9024.0599170 6820.84146  24.4%  5144  909s
H   44    46                    8995.9700000 6836.46133  24.0%  5001  909s
    51    66 6931.55759    6  641 8995.97000 6836.63555  24.0%  4933  951s
    71    86 6946.08207    7  633 8995.97000 6836.63555  24.0%  4600  972s
    91   104 6951.98468    8  476 8995.97000 6836.63555  24.0%  4115  993s
   111   132 6954.43480    9  516 8995.97000 6836.63555  24.0%  3667 1018s
   141   158 7083.79006   10  542 8995.97000 6836.63555  24.0%  3301 1054s
   169   188 7023.32572   11  547 8995.97000 6836.63555  24.0%  3155 1070s
   199   216 7213.42958   12  283 8995.97000 6836.63555  24.0%  2989 1088s
   229   245 7075.06737   13  219 8995.97000 6836.63555  24.0%  2836 1105s
   273   275 7103.74890   15  232 8995.97000 6836.63555  24.0%  2566 1122s
   322   287 7239.57131   17  244 8995.97000 6836.63555  24.0%  2335 1132s
   381   287     cutoff   18      8995.97000 6836.63555  24.0%  2112 1152s
   440   302 7532.86972   19  234 8995.97000 6836.63555  24.0%  1976 1181s
   489   319 7839.23390   22  212 8995.97000 6836.63555  24.0%  1979 1202s
   533   344     cutoff   23      8995.97000 6872.03611  23.6%  1943 1221s
   584   380 7713.54132    6  380 8995.97000 6872.03611  23.6%  1909 1235s
   652   399 7768.19166    7  453 8995.97000 6872.03611  23.6%  1818 1273s
   753   439 7951.38914    8  297 8995.97000 6872.03611  23.6%  1664 1320s
   851   448 8166.48836   10  202 8995.97000 6872.03611  23.6%  1563 1352s
   947   462 8506.48303   12  241 8995.97000 6872.03611  23.6%  1492 1379s
  1050   480 8900.55093   22  240 8995.97000 6901.47518  23.3%  1441 1406s
  1114   508 7097.86691    7  373 8995.97000 6901.47518  23.3%  1468 1426s
  1188   527 7322.22143    9  385 8995.97000 6901.47518  23.3%  1456 1454s
  1272   541     cutoff   12      8995.97000 6901.47518  23.3%  1450 1470s
  1387   569 8850.68671   14  176 8995.97000 6901.47518  23.3%  1404 1500s
  1510   593     cutoff   17      8995.97000 6931.56904  22.9%  1378 1546s
  1612   618 7339.34585    7  491 8995.97000 6959.71062  22.6%  1384 1581s
  1729   661 7436.30243    8  443 8995.97000 6959.71062  22.6%  1372 1601s
  1848   674 7561.86444   11  354 8995.97000 6959.71062  22.6%  1357 1626s
  2015   709 8007.42672   14  228 8995.97000 7071.70363  21.4%  1324 1650s
  2168   716 7933.61375   10  276 8995.97000 7071.70363  21.4%  1303 1676s
  2344   741     cutoff   12      8995.97000 7071.70363  21.4%  1279 1698s
  2565   778     cutoff   14      8995.97000 7223.84307  19.7%  1237 1721s
  2783   784     cutoff   16      8995.97000 7249.46437  19.4%  1204 2486s
H 2784   784                    8940.8160430 7249.46437  18.9%  1203 2486s
H 2785   784                    8940.8158481 7249.46437  18.9%  1203 2486s
  2816   810     cutoff   17      8940.81585 7274.58805  18.6%  1208 2511s
  3041   842 8788.74603   14  250 8940.81585 7274.58805  18.6%  1186 2536s
  3252   865 7869.76863   14  308 8940.81585 7274.58805  18.6%  1170 2573s
  3459   874 8619.80176   16  194 8940.81585 7274.58805  18.6%  1169 2602s
  3738   911 infeasible   32      8940.81585 7408.20789  17.1%  1145 2632s
  4024   930     cutoff   11      8940.81585 7496.45814  16.2%  1122 2662s
  4275   913 8871.04559   12  244 8940.81585 7558.70663  15.5%  1116 2689s
  4577   921 infeasible   12      8940.81585 7577.56792  15.2%  1105 2717s
  4868   971 8777.60094   16  239 8940.81585 7666.09865  14.3%  1096 2743s
  5252  1014 7923.83939   12  171 8940.81585 7740.50687  13.4%  1070 2773s
  5687  1074     cutoff   13      8940.81585 7822.62392  12.5%  1042 2801s
  6156  1217     cutoff   12      8940.81585 7940.79376  11.2%  1015 2828s
  6729  1235     cutoff    9      8940.81585 8032.77404  10.2%   979 2855s
  7367  1242     cutoff   16      8940.81585 8071.12020  9.73%   943 2882s
  7971  1239 8753.43723   23  218 8940.81585 8142.35907  8.93%   917 2909s
  8768  1086 8702.22856   14  224 8940.81585 8208.46394  8.19%   879 2935s
  9742   949 infeasible   21      8940.81585 8304.64898  7.12%   835 2987s
 11197   296     cutoff   17      8940.81585 8392.17913  6.14%   762 3009s
 13021     0     cutoff   20      8940.81585 8627.94848  3.50%   681 3015s

Cutting planes:
  Cover: 74
  Implied bound: 567
  Clique: 13
  MIR: 52
  StrongCG: 3
  Flow cover: 40
  Inf proof: 6
  Zero half: 52
  RLT: 75
  Relax-and-lift: 402

Explored 13576 nodes (9153265 simplex iterations) in 3015.71 seconds
Thread count was 20 (of 40 available processors)

Solution count 5: 8940.82 8995.97 9024.06 ... 24565.1
No other solutions better than 8940.82

Optimal solution found (tolerance 1.00e-04)
Best objective 8.940814871001e+03, best bound 8.940814871001e+03, gap 0.0000%
