
Gurobi 9.0.2 (linux64, Python) logging started Sat Dec  5 06:05:15 2020

Using license file /share/apps/gurobi/9.0.2/gurobi_client.lic
Set parameter TokenServer to value 10.1.1.1
Set parameter LogFile to value /storage/users/anderhva/041220-223751/logs/O6-C4-V1-WS0.log
Set parameter LogToConsole to value 0
Changed value of parameter TimeLimit to 3600.0
   Prev: inf  Min: 0.0  Max: inf  Default: inf
Gurobi Optimizer version 9.0.2 build v9.0.2rc0 (linux64)
Optimize a model with 2612 rows, 8382 columns and 40180 nonzeros
Model fingerprint: 0xb5af0448
Variable types: 32 continuous, 8350 integer (8350 binary)
Coefficient statistics:
  Matrix range     [1e+00, 1e+02]
  Objective range  [1e+00, 8e+03]
  Bounds range     [1e+00, 1e+00]
  RHS range        [1e+00, 1e+02]
Presolve removed 283 rows and 429 columns
Presolve time: 0.20s
Presolved: 2329 rows, 7953 columns, 30726 nonzeros
Variable types: 24 continuous, 7929 integer (7927 binary)

Root relaxation: objective 2.007707e+03, 3543 iterations, 0.24 seconds

    Nodes    |    Current Node    |     Objective Bounds      |     Work
 Expl Unexpl |  Obj  Depth IntInf | Incumbent    BestBd   Gap | It/Node Time

     0     0 2007.70700    0   54          - 2007.70700      -     -    0s
H    0     0                    3503.7250000 2007.70700  42.7%     -    0s
     0     0 3503.72500    0   64 3503.72500 3503.72500  0.00%     -    0s

Cutting planes:
  Cover: 3
  Implied bound: 4
  Clique: 3
  MIR: 2
  GUB cover: 1
  Zero half: 4
  RLT: 22

Explored 1 nodes (5507 simplex iterations) in 0.94 seconds
Thread count was 20 (of 40 available processors)

Solution count 1: 3503.73 

Optimal solution found (tolerance 1.00e-04)
Best objective 3.503725000000e+03, best bound 3.503725000000e+03, gap 0.0000%
