
Gurobi 9.0.2 (linux64, Python) logging started Sat Dec  5 06:05:11 2020

Using license file /share/apps/gurobi/9.0.2/gurobi_client.lic
Set parameter TokenServer to value 10.1.1.1
Set parameter LogFile to value /storage/users/anderhva/041220-223751/logs/O6-C2-V1-WS0.log
Set parameter LogToConsole to value 0
Changed value of parameter TimeLimit to 3600.0
   Prev: inf  Min: 0.0  Max: inf  Default: inf
Gurobi Optimizer version 9.0.2 build v9.0.2rc0 (linux64)
Optimize a model with 2154 rows, 6698 columns and 31674 nonzeros
Model fingerprint: 0xb5ec515d
Variable types: 32 continuous, 6666 integer (6666 binary)
Coefficient statistics:
  Matrix range     [1e+00, 1e+02]
  Objective range  [1e+00, 1e+04]
  Bounds range     [1e+00, 1e+00]
  RHS range        [1e+00, 1e+02]
Presolve removed 277 rows and 533 columns
Presolve time: 0.12s
Presolved: 1877 rows, 6165 columns, 23572 nonzeros
Variable types: 24 continuous, 6141 integer (6139 binary)

Root relaxation: objective 2.514915e+03, 2376 iterations, 0.14 seconds

    Nodes    |    Current Node    |     Objective Bounds      |     Work
 Expl Unexpl |  Obj  Depth IntInf | Incumbent    BestBd   Gap | It/Node Time

     0     0 2609.10000    0   31          - 2609.10000      -     -    0s
H    0     0                    19937.435000 2609.10000  86.9%     -    0s
H    0     0                    7651.3650000 2609.10000  65.9%     -    0s
     0     0 3327.56582    0   12 7651.36500 3327.56582  56.5%     -    0s
H    0     0                    3376.3250000 3327.56582  1.44%     -    0s
     0     0     cutoff    0      3376.32500 3376.32500  0.00%     -    0s

Cutting planes:
  Cover: 3
  Implied bound: 6
  Clique: 3
  MIR: 4
  RLT: 17

Explored 1 nodes (3006 simplex iterations) in 0.68 seconds
Thread count was 20 (of 40 available processors)

Solution count 3: 3376.32 7651.37 19937.4 

Optimal solution found (tolerance 1.00e-04)
Best objective 3.376325000000e+03, best bound 3.376325000000e+03, gap 0.0000%
