
Gurobi 9.0.2 (linux64, Python) logging started Sat Dec  5 06:05:23 2020

Using license file /share/apps/gurobi/9.0.2/gurobi_client.lic
Set parameter TokenServer to value 10.1.1.1
Set parameter LogFile to value /storage/users/anderhva/041220-223751/logs/O8-C2-V1-WS0.log
Set parameter LogToConsole to value 0
Changed value of parameter TimeLimit to 3600.0
   Prev: inf  Min: 0.0  Max: inf  Default: inf
Gurobi Optimizer version 9.0.2 build v9.0.2rc0 (linux64)
Optimize a model with 3116 rows, 12106 columns and 60986 nonzeros
Model fingerprint: 0x8cecd63d
Variable types: 40 continuous, 12066 integer (12066 binary)
Coefficient statistics:
  Matrix range     [1e+00, 1e+02]
  Objective range  [1e+00, 1e+04]
  Bounds range     [1e+00, 1e+00]
  RHS range        [1e+00, 1e+02]
Presolve removed 322 rows and 574 columns
Presolve time: 0.19s
Presolved: 2794 rows, 11532 columns, 47158 nonzeros
Variable types: 32 continuous, 11500 integer (11498 binary)

Root relaxation: objective 2.115035e+03, 3752 iterations, 0.42 seconds

    Nodes    |    Current Node    |     Objective Bounds      |     Work
 Expl Unexpl |  Obj  Depth IntInf | Incumbent    BestBd   Gap | It/Node Time

     0     0 2115.03500    0  131          - 2115.03500      -     -    0s
     0     0 3019.43390    0   67          - 3019.43390      -     -    1s
     0     0 3112.31302    0   69          - 3112.31302      -     -    1s
H    0     0                    3822.3350000 3112.31302  18.6%     -    1s
H    0     0                    3723.2850000 3112.31302  16.4%     -    1s
     0     0 3348.35541    0   58 3723.28500 3348.35541  10.1%     -    2s
     0     0 3400.61710    0   75 3723.28500 3400.61710  8.67%     -    2s
     0     0 3404.52473    0   60 3723.28500 3404.52473  8.56%     -    2s
     0     0 3405.44109    0   70 3723.28500 3405.44109  8.54%     -    2s
*    0     0               0    3644.5350000 3644.53500  0.00%     -    2s

Cutting planes:
  Gomory: 4
  Cover: 4
  Implied bound: 8
  Clique: 4
  MIR: 17
  Zero half: 29
  RLT: 9

Explored 1 nodes (7412 simplex iterations) in 2.35 seconds
Thread count was 20 (of 40 available processors)

Solution count 3: 3644.53 3723.28 3822.33 

Optimal solution found (tolerance 1.00e-04)
Best objective 3.644535000000e+03, best bound 3.644535000000e+03, gap 0.0000%
