
Gurobi 9.0.2 (linux64, Python) logging started Sat Dec  5 06:05:32 2020

Using license file /share/apps/gurobi/9.0.2/gurobi_client.lic
Set parameter TokenServer to value 10.1.1.1
Set parameter LogFile to value /storage/users/anderhva/041220-223751/logs/O8-C4-V1-WS0.log
Set parameter LogToConsole to value 0
Changed value of parameter TimeLimit to 3600.0
   Prev: inf  Min: 0.0  Max: inf  Default: inf
Gurobi Optimizer version 9.0.2 build v9.0.2rc0 (linux64)
Optimize a model with 3640 rows, 14468 columns and 73594 nonzeros
Model fingerprint: 0xde64787a
Variable types: 40 continuous, 14428 integer (14428 binary)
Coefficient statistics:
  Matrix range     [1e+00, 1e+02]
  Objective range  [1e+00, 7e+03]
  Bounds range     [1e+00, 1e+00]
  RHS range        [1e+00, 1e+02]
Presolve removed 292 rows and 400 columns
Presolve time: 0.22s
Presolved: 3348 rows, 14068 columns, 57822 nonzeros
Variable types: 32 continuous, 14036 integer (14034 binary)

Root relaxation: objective 1.597770e+03, 5736 iterations, 0.76 seconds

    Nodes    |    Current Node    |     Objective Bounds      |     Work
 Expl Unexpl |  Obj  Depth IntInf | Incumbent    BestBd   Gap | It/Node Time

     0     0 1598.12393    0  190          - 1598.12393      -     -    1s
     0     0 2929.87067    0   90          - 2929.87067      -     -    2s
H    0     0                    3818.3250000 2929.87067  23.3%     -    2s
H    0     0                    3668.0250000 2929.87067  20.1%     -    2s
     0     0 3427.27065    0   48 3668.02500 3427.27065  6.56%     -    3s
     0     0 3429.19201    0  170 3668.02500 3429.19201  6.51%     -    3s
H    0     0                    3656.9250000 3429.19201  6.23%     -    3s
H    0     0                    3649.2750000 3429.19201  6.03%     -    3s
     0     0     cutoff    0      3649.27500 3649.27500  0.00%     -    3s

Cutting planes:
  Cover: 4
  Implied bound: 3
  Clique: 4
  MIR: 7
  Zero half: 1

Explored 1 nodes (9769 simplex iterations) in 3.41 seconds
Thread count was 20 (of 40 available processors)

Solution count 4: 3649.27 3656.93 3668.02 3818.32 

Optimal solution found (tolerance 1.00e-04)
Best objective 3.649275000000e+03, best bound 3.649275000000e+03, gap 0.0000%
